
                        BEAST v2.7.3, 2002-2022
             Bayesian Evolutionary Analysis Sampling Trees
                       Designed and developed by
 Remco Bouckaert, Alexei J. Drummond, Andrew Rambaut & Marc A. Suchard
                                    
                   Centre for Computational Evolution
                         University of Auckland
                       r.bouckaert@auckland.ac.nz
                        alexei@cs.auckland.ac.nz
                                    
                   Institute of Evolutionary Biology
                        University of Edinburgh
                           a.rambaut@ed.ac.uk
                                    
                    David Geffen School of Medicine
                 University of California, Los Angeles
                           msuchard@ucla.edu
                                    
                      Downloads, Help & Resources:
                           http://beast2.org/
                                    
  Source code distributed under the GNU Lesser General Public License:
                   http://github.com/CompEvol/beast2
                                    
                           BEAST developers:
   Alex Alekseyenko, Trevor Bedford, Erik Bloomquist, Joseph Heled, 
 Sebastian Hoehna, Denise Kuehnert, Philippe Lemey, Wai Lok Sibon Li, 
Gerton Lunter, Sidney Markowitz, Vladimir Minin, Michael Defoin Platel, 
          Oliver Pybus, Tim Vaughan, Chieh-Hsi Wu, Walter Xie
                                    
                               Thanks to:
          Roald Forsberg, Beth Shapiro and Korbinian Strimmer

Random number seed: 1687028838107

File: sim.15.xml seed: 1687028838107 threads: 1
Loading package BEAST.base v2.7.3 MASTER v7.0.0 BEAST.app v2.7.3    
Assembling model...
Setting up populations... done.
Setting up reactions... Between-region speciation... Between-region speciation... Between-region speciation... Between-region speciation... Between-region speciation... Between-region speciation... Between-region speciation... Between-region speciation... Between-region speciation... Between-region speciation... Between-region speciation... Between-region speciation... Extinction... Extinction... Extinction... Dispersal... Dispersal... Dispersal... Dispersal... Dispersal... Dispersal... Dispersal... Dispersal... Dispersal... Extirpation... Extirpation... Extirpation... Extirpation... Extirpation... Extirpation... Extirpation... Extirpation... Extirpation... Within-region speciation... Within-region speciation... Within-region speciation... Within-region speciation... Within-region speciation... Within-region speciation... Within-region speciation... Within-region speciation... Within-region speciation... Within-region speciation... Within-region speciation... Within-region speciation... done.
Model assembled.
Generating inheritance trajectory 1 of 1
Simulation arrived at time 0.0
Simulation arrived at time 1.0487955014303354
Simulation arrived at time 1.3953142364063211
Simulation arrived at time 1.5523540715761155
Simulation arrived at time 1.8988597223190817
Simulation arrived at time 2.1843784305357232
Simulation arrived at time 2.742550666068431
Simulation arrived at time 2.919576160557231
Simulation arrived at time 2.9542988982200944
Simulation arrived at time 3.062808749305708
Simulation arrived at time 3.2002331289223234
Simulation arrived at time 3.26708001733188
Simulation arrived at time 3.4222644434319536
Simulation arrived at time 3.6142740260832817
Simulation arrived at time 4.088125106082351
Simulation arrived at time 4.234119117346643
Simulation arrived at time 4.484000342757659
Simulation arrived at time 4.512547575649345
Simulation arrived at time 4.637418263245686
Simulation arrived at time 4.644937525877876
Simulation arrived at time 4.683291678556726
Simulation arrived at time 4.817267664126535
Simulation arrived at time 5.11663637143093
Simulation arrived at time 5.317028068894093
Simulation arrived at time 5.415713339537659
Simulation arrived at time 5.442414763890187
Simulation arrived at time 5.495269019025896
Simulation arrived at time 5.625200604657055
Simulation arrived at time 5.739136121700238
Simulation arrived at time 5.9974660843712515
Simulation arrived at time 6.014023962934596
Simulation arrived at time 6.077902822289496
Simulation arrived at time 6.14008302460475
Simulation arrived at time 6.336243969536207
Simulation arrived at time 6.428204873683047
Simulation arrived at time 6.546660813464645
Simulation arrived at time 6.905428658750046
Simulation arrived at time 7.151073171323398
Simulation arrived at time 7.171753679316435
Simulation arrived at time 7.20341778805037
Simulation arrived at time 7.248699439602612
Simulation arrived at time 7.297138337474129
Simulation arrived at time 7.3125213796387225
Simulation arrived at time 7.337518898306053
Simulation arrived at time 7.340766406338281
Simulation arrived at time 7.369322896305103
Simulation arrived at time 7.6415122293844835
Simulation arrived at time 7.78435667645808
Simulation arrived at time 7.808154470357728
Simulation arrived at time 7.811417872938081
Simulation arrived at time 7.902443200084866
Simulation arrived at time 7.941300929390479
Simulation arrived at time 8.001236927222855
Simulation arrived at time 8.075368693798577
Simulation arrived at time 8.10622384167127
Simulation arrived at time 8.122642193047948
Simulation arrived at time 8.158584952721645
Simulation arrived at time 8.175229968020163
Simulation arrived at time 8.28194268288475
Simulation arrived at time 8.282527252861039
Simulation arrived at time 8.33032234086837
Simulation arrived at time 8.366685461721307
Simulation arrived at time 8.428039948689076
Simulation arrived at time 8.471283382772398
Simulation arrived at time 8.594412036447231
Simulation arrived at time 8.60207509772519
Simulation arrived at time 8.679355065540753
Simulation arrived at time 8.780901375376336
Simulation arrived at time 8.821105219420536
Simulation arrived at time 8.827868736976347
Simulation arrived at time 8.889679623396491
Simulation arrived at time 8.906564122394421
Simulation arrived at time 8.9661840824005
Simulation arrived at time 9.09343923904899
Simulation arrived at time 9.098227952707584
Simulation arrived at time 9.106104580485649
Simulation arrived at time 9.115554149235535
Simulation arrived at time 9.133451281472759
Simulation arrived at time 9.17498049130385
Simulation arrived at time 9.20142519477823
Simulation arrived at time 9.274050133182065
Simulation arrived at time 9.293918119490684
Simulation arrived at time 9.30030413871879
Simulation arrived at time 9.312751635867498
Simulation arrived at time 9.341108124523704
Simulation arrived at time 9.4272193020086
Simulation arrived at time 9.456705849065594
Simulation arrived at time 9.473155066598268
Simulation arrived at time 9.496222326239579
Simulation arrived at time 9.549364713688844
Simulation arrived at time 9.571869250319127
Simulation arrived at time 9.575542609790645
Simulation arrived at time 9.593232221682866
Simulation arrived at time 9.659130544124409
Simulation arrived at time 9.671798929219761
Simulation arrived at time 9.67544294276569
Simulation arrived at time 9.69141007079973
Simulation arrived at time 9.694708642358231
Simulation arrived at time 9.750017299558573
Simulation arrived at time 9.765473957928135
Simulation arrived at time 9.82609118909982
Simulation arrived at time 9.95595998215397
Simulation arrived at time 9.956279023734355
Simulation arrived at time 9.967575735715494
Simulation arrived at time 9.996214547183886
Writing Newick output...
Writing NEXUS output...
Writing JSON output...
Done.
Done!
