
                        BEAST v2.7.3, 2002-2022
             Bayesian Evolutionary Analysis Sampling Trees
                       Designed and developed by
 Remco Bouckaert, Alexei J. Drummond, Andrew Rambaut & Marc A. Suchard
                                    
                   Centre for Computational Evolution
                         University of Auckland
                       r.bouckaert@auckland.ac.nz
                        alexei@cs.auckland.ac.nz
                                    
                   Institute of Evolutionary Biology
                        University of Edinburgh
                           a.rambaut@ed.ac.uk
                                    
                    David Geffen School of Medicine
                 University of California, Los Angeles
                           msuchard@ucla.edu
                                    
                      Downloads, Help & Resources:
                           http://beast2.org/
                                    
  Source code distributed under the GNU Lesser General Public License:
                   http://github.com/CompEvol/beast2
                                    
                           BEAST developers:
   Alex Alekseyenko, Trevor Bedford, Erik Bloomquist, Joseph Heled, 
 Sebastian Hoehna, Denise Kuehnert, Philippe Lemey, Wai Lok Sibon Li, 
Gerton Lunter, Sidney Markowitz, Vladimir Minin, Michael Defoin Platel, 
          Oliver Pybus, Tim Vaughan, Chieh-Hsi Wu, Walter Xie
                                    
                               Thanks to:
          Roald Forsberg, Beth Shapiro and Korbinian Strimmer

Random number seed: 1687028835695

File: sim.4.xml seed: 1687028835695 threads: 1
Loading package BEAST.base v2.7.3 MASTER v7.0.0 BEAST.app v2.7.3    
Assembling model...
Setting up populations... done.
Setting up reactions... Extirpation... Extirpation... Extirpation... Extirpation... Extirpation... Extirpation... Extirpation... Extirpation... Extirpation... Within-region speciation... Within-region speciation... Within-region speciation... Within-region speciation... Within-region speciation... Within-region speciation... Within-region speciation... Within-region speciation... Within-region speciation... Within-region speciation... Within-region speciation... Within-region speciation... Between-region speciation... Between-region speciation... Between-region speciation... Between-region speciation... Between-region speciation... Between-region speciation... Between-region speciation... Between-region speciation... Between-region speciation... Between-region speciation... Between-region speciation... Between-region speciation... Dispersal... Dispersal... Dispersal... Dispersal... Dispersal... Dispersal... Dispersal... Dispersal... Dispersal... Extinction... Extinction... Extinction... done.
Model assembled.
Generating inheritance trajectory 1 of 1
Simulation arrived at time 0.0
Simulation arrived at time 0.5471973598684292
Simulation arrived at time 0.6776445556227291
Simulation arrived at time 0.958273039931042
Simulation arrived at time 1.0355831178000938
Simulation arrived at time 1.268511254545518
Simulation arrived at time 1.283216133411836
Simulation arrived at time 1.2970329243765129
Simulation arrived at time 1.51057554109516
Simulation arrived at time 1.6533100172203437
Simulation arrived at time 1.674890067335696
Simulation arrived at time 1.8012636433093052
Simulation arrived at time 1.9197491382624994
Simulation arrived at time 1.9871256169020055
Simulation arrived at time 2.037058470030738
Simulation arrived at time 2.0469464681701477
Simulation arrived at time 2.0491922969838416
Simulation arrived at time 2.0611543766583633
Simulation arrived at time 2.1677849413236223
Simulation arrived at time 2.198495651177482
Simulation arrived at time 2.22030498729989
Simulation arrived at time 2.2419893207925874
Simulation arrived at time 2.35965497920594
Simulation arrived at time 2.365694421598189
Simulation arrived at time 2.3697854485052976
Simulation arrived at time 2.4155727296743352
Simulation arrived at time 2.4527852724331147
Simulation arrived at time 2.4603581689525194
Simulation arrived at time 2.4814757041213293
Simulation arrived at time 2.521048188895611
Simulation arrived at time 2.584502827429893
Simulation arrived at time 2.5856810377009634
Simulation arrived at time 2.6049889377639874
Simulation arrived at time 2.6357985954941077
Simulation arrived at time 2.6889456060161416
Simulation arrived at time 2.702132098176037
Simulation arrived at time 2.7118745190181928
Simulation arrived at time 2.728121963503537
Simulation arrived at time 2.755464220915815
Simulation arrived at time 2.7563130202634305
Simulation arrived at time 2.772723666156037
Simulation arrived at time 2.7948305124690203
Simulation arrived at time 2.8076690003506384
Simulation arrived at time 2.8247353344924773
Simulation arrived at time 2.851309528499842
Simulation arrived at time 2.8588274948914436
Simulation arrived at time 2.860836430616461
Simulation arrived at time 2.861738254266617
Simulation arrived at time 2.8713284789026376
Simulation arrived at time 2.8883849464831575
Simulation arrived at time 2.9184904565611705
Simulation arrived at time 2.9326617513287525
Simulation arrived at time 2.935485280938511
Simulation arrived at time 2.951035571542746
Simulation arrived at time 2.9742620456841786
Simulation arrived at time 2.9794873359322627
Simulation arrived at time 2.9842476215594114
Simulation arrived at time 2.9877960403063795
Simulation arrived at time 2.9961149957386635
Simulation arrived at time 3.1042424402677558
Simulation arrived at time 3.110356887922213
Simulation arrived at time 3.1125745777143865
Simulation arrived at time 3.1161209098683176
Simulation arrived at time 3.124706480313704
Simulation arrived at time 3.1340412064617227
Simulation arrived at time 3.1474060898397087
Simulation arrived at time 3.1522474256313533
Simulation arrived at time 3.162601697574344
Simulation arrived at time 3.172084782247658
Simulation arrived at time 3.1800788775081426
Simulation arrived at time 3.2056764628347736
Simulation arrived at time 3.2132484017859326
Simulation arrived at time 3.2266070268817506
Simulation arrived at time 3.2332445912091665
Simulation arrived at time 3.240320077123154
Simulation arrived at time 3.240480450875369
Simulation arrived at time 3.2450318423653766
Simulation arrived at time 3.2644474775527765
Simulation arrived at time 3.2802563193569876
Simulation arrived at time 3.284517823912058
Simulation arrived at time 3.2869967656432952
Simulation arrived at time 3.296218696455764
Simulation arrived at time 3.314919859496173
Simulation arrived at time 3.321874265472188
Simulation arrived at time 3.3425385860533026
Simulation arrived at time 3.3470299686416873
Simulation arrived at time 3.402155834408445
Simulation arrived at time 3.4043802419120004
Simulation arrived at time 3.4078493048697918
Simulation arrived at time 3.4132378008847595
Simulation arrived at time 3.420037345343424
Simulation arrived at time 3.422507495835495
Simulation arrived at time 3.426909368102909
Simulation arrived at time 3.4283382471835986
Simulation arrived at time 3.441729870137343
Simulation arrived at time 3.453000285035907
Simulation arrived at time 3.4591235706907137
Simulation arrived at time 3.4847716185074016
Simulation arrived at time 3.4996781297264326
Simulation arrived at time 3.5109604676563624
Simulation arrived at time 3.519950093516076
Simulation arrived at time 3.5376158016611976
Simulation arrived at time 3.5474220558279153
Simulation arrived at time 3.5652873346728717
Simulation arrived at time 3.5704705749163836
Simulation arrived at time 3.5760029103825746
Simulation arrived at time 3.580194927830741
Simulation arrived at time 3.5892418967706203
Simulation arrived at time 3.602862632709744
Simulation arrived at time 3.6031203621935104
Simulation arrived at time 3.612022437850935
Simulation arrived at time 3.613008419105591
Simulation arrived at time 3.6176142597609315
Simulation arrived at time 3.6204337730416776
Simulation arrived at time 3.622134486009485
Simulation arrived at time 3.628640669700646
Simulation arrived at time 3.633375418483131
Simulation arrived at time 3.6441686798859947
Simulation arrived at time 3.6483554895303394
Simulation arrived at time 3.659290160455576
Simulation arrived at time 3.6593703162403037
Simulation arrived at time 3.670343168059051
Simulation arrived at time 3.6860488055576828
Simulation arrived at time 3.6863516795748583
Simulation arrived at time 3.688049252578868
Simulation arrived at time 3.6903433606654104
Simulation arrived at time 3.700729622055848
Simulation arrived at time 3.706998935139717
Simulation arrived at time 3.7143034467446165
Simulation arrived at time 3.7203756222675017
Simulation arrived at time 3.728297694491994
Simulation arrived at time 3.7308726238304035
Simulation arrived at time 3.7406225990431565
Simulation arrived at time 3.74430866064971
Simulation arrived at time 3.7488190579959566
Simulation arrived at time 3.7699197782595415
Simulation arrived at time 3.774770229176837
Simulation arrived at time 3.7767986971864187
Simulation arrived at time 3.777816712612518
Simulation arrived at time 3.7778666263784033
Simulation arrived at time 3.78548826983054
Simulation arrived at time 3.7859053592243437
Simulation arrived at time 3.789116493711845
Simulation arrived at time 3.790649094184178
Simulation arrived at time 3.793764556760106
Simulation arrived at time 3.7942871658846737
Simulation arrived at time 3.809629499981412
Simulation arrived at time 3.811145023959634
Simulation arrived at time 3.812406618559063
Simulation arrived at time 3.817234974236966
Simulation arrived at time 3.8222394079371647
Simulation arrived at time 3.8296838053516997
Simulation arrived at time 3.844459097451625
Simulation arrived at time 3.846615989932332
Simulation arrived at time 3.856134048072142
Simulation arrived at time 3.8672619688546495
Simulation arrived at time 3.8719862163921595
Simulation arrived at time 3.8747345164523592
Simulation arrived at time 3.8747777362029634
Simulation arrived at time 3.9013894722545377
Simulation arrived at time 3.913074203720553
Simulation arrived at time 3.9164524991954845
Simulation arrived at time 3.9169559911203686
Simulation arrived at time 3.922510475615568
Simulation arrived at time 3.9232066022924927
Simulation arrived at time 3.925703389042727
Simulation arrived at time 3.9325624090076743
Simulation arrived at time 3.9414098339675374
Simulation arrived at time 3.9479633428063243
Simulation arrived at time 3.954233157943908
Simulation arrived at time 3.963703768402576
Simulation arrived at time 3.9682091097511876
Simulation arrived at time 3.976449541457636
Simulation arrived at time 3.979081761763983
Simulation arrived at time 3.9810990790005287
Simulation arrived at time 3.9827091033702597
Simulation arrived at time 3.9838417516878186
Simulation arrived at time 3.987946911207543
Simulation arrived at time 3.989119768024863
Simulation arrived at time 3.9914115868673266
Simulation arrived at time 3.9934234233290202
Simulation arrived at time 3.993521351866362
Simulation arrived at time 3.9983133553208954
Simulation arrived at time 4.010003795048342
Simulation arrived at time 4.010867812324236
Simulation arrived at time 4.022328403631445
Simulation arrived at time 4.039064991603394
Simulation arrived at time 4.042348037072198
Simulation arrived at time 4.0438092256719465
Simulation arrived at time 4.048503706933427
Simulation arrived at time 4.051760050974721
Simulation arrived at time 4.05177585912744
Simulation arrived at time 4.057166097161065
Simulation arrived at time 4.0672325125546
Simulation arrived at time 4.068413558767816
Simulation arrived at time 4.069462187919164
Simulation arrived at time 4.073326948132742
Simulation arrived at time 4.076575399261901
Simulation arrived at time 4.079212640959054
Simulation arrived at time 4.0836944423068315
Simulation arrived at time 4.089513547820376
Simulation arrived at time 4.093528053584252
Simulation arrived at time 4.095937933958031
Simulation arrived at time 4.097040268294034
Simulation arrived at time 4.101485941647953
Simulation arrived at time 4.105776590392248
Simulation arrived at time 4.106947964628045
Simulation arrived at time 4.114164339815517
Simulation arrived at time 4.135338113705108
Simulation arrived at time 4.140744520027644
Simulation arrived at time 4.144527190615261
Simulation arrived at time 4.157340774471832
Simulation arrived at time 4.158714314484069
Simulation arrived at time 4.16175520163506
Simulation arrived at time 4.162349863095316
Simulation arrived at time 4.1645286011333065
Simulation arrived at time 4.173431610184305
Simulation arrived at time 4.176216173828997
Simulation arrived at time 4.1777771316903225
Simulation arrived at time 4.182879120787124
Simulation arrived at time 4.1927136635869475
Simulation arrived at time 4.194573681706824
Simulation arrived at time 4.201538767094988
Simulation arrived at time 4.202318718351352
Simulation arrived at time 4.211540380888108
Simulation arrived at time 4.214890649955604
Simulation arrived at time 4.218789879732356
Simulation arrived at time 4.219587669707679
Simulation arrived at time 4.22086466959171
Simulation arrived at time 4.223558050641479
Simulation arrived at time 4.227399767287859
Simulation arrived at time 4.231903083390501
Simulation arrived at time 4.238062361084472
Simulation arrived at time 4.238523601515639
Simulation arrived at time 4.239816021081474
Simulation arrived at time 4.241396507769388
Simulation arrived at time 4.249722997428075
Simulation arrived at time 4.262836037680374
Simulation arrived at time 4.268669678361612
Simulation arrived at time 4.269427442741935
Simulation arrived at time 4.270998558816838
Simulation arrived at time 4.27190273517757
Simulation arrived at time 4.273949456939695
Simulation arrived at time 4.274397181759934
Simulation arrived at time 4.274901492739928
Simulation arrived at time 4.2811645447802915
Simulation arrived at time 4.283965366624743
Simulation arrived at time 4.286322465215195
Simulation arrived at time 4.300276282522971
Simulation arrived at time 4.300882051704412
Simulation arrived at time 4.308155575706162
Simulation arrived at time 4.31119539102531
Simulation arrived at time 4.312124376026381
Simulation arrived at time 4.313073853058112
Simulation arrived at time 4.3132665027628105
Simulation arrived at time 4.31522548979844
Simulation arrived at time 4.317365702869749
Simulation arrived at time 4.323309191735046
Simulation arrived at time 4.323786723223457
Simulation arrived at time 4.324517214622761
Simulation arrived at time 4.3274521416873055
Simulation arrived at time 4.327951818078906
Simulation arrived at time 4.328591129791056
Simulation arrived at time 4.332303800795358
Simulation arrived at time 4.3338523625184395
Simulation arrived at time 4.334467728367382
Simulation arrived at time 4.3473241557532365
Simulation arrived at time 4.352065647415852
Simulation arrived at time 4.3549507369630005
Simulation arrived at time 4.356298171704893
Simulation arrived at time 4.36182756166265
Simulation arrived at time 4.3677549504870345
Simulation arrived at time 4.37061866184308
Simulation arrived at time 4.374989140982128
Simulation arrived at time 4.376956948734616
Simulation arrived at time 4.379837563663355
Simulation arrived at time 4.381990970982837
Simulation arrived at time 4.3829289978596995
Simulation arrived at time 4.383289736225984
Simulation arrived at time 4.3841766428443885
Simulation arrived at time 4.386193674328539
Simulation arrived at time 4.386288867388447
Simulation arrived at time 4.389924091363283
Simulation arrived at time 4.390087268929964
Simulation arrived at time 4.3911320389304365
Simulation arrived at time 4.399141430828853
Simulation arrived at time 4.401197605512533
Simulation arrived at time 4.401858048653259
Simulation arrived at time 4.402130836237082
Simulation arrived at time 4.404018635739596
Simulation arrived at time 4.405594016957464
Simulation arrived at time 4.410084352831151
Simulation arrived at time 4.4198349005841635
Simulation arrived at time 4.420594246080276
Simulation arrived at time 4.431764045190989
Simulation arrived at time 4.44148328248099
Simulation arrived at time 4.4444959317823
Simulation arrived at time 4.445553861905063
Simulation arrived at time 4.4522065674095375
Simulation arrived at time 4.452414202930436
Simulation arrived at time 4.454306539460577
Simulation arrived at time 4.460221707609856
Simulation arrived at time 4.464540734319738
Simulation arrived at time 4.468780041576099
Simulation arrived at time 4.485162912963587
Simulation arrived at time 4.485838888965925
Simulation arrived at time 4.487434256227919
Simulation arrived at time 4.487534770678436
Simulation arrived at time 4.50220973929362
Simulation arrived at time 4.502317794441382
Simulation arrived at time 4.5024041325367605
Simulation arrived at time 4.508971917300993
Simulation arrived at time 4.513421175138753
Simulation arrived at time 4.515980006351821
Simulation arrived at time 4.5185547623378906
Simulation arrived at time 4.526531204797821
Simulation arrived at time 4.532004452134706
Simulation arrived at time 4.532445515136615
Simulation arrived at time 4.534087147797154
Simulation arrived at time 4.537051141085764
Simulation arrived at time 4.540708459374081
Simulation arrived at time 4.5431669487800805
Simulation arrived at time 4.55077979166782
Simulation arrived at time 4.551487014714796
Simulation arrived at time 4.5572428312784075
Simulation arrived at time 4.560575088491988
Simulation arrived at time 4.563149730625563
Simulation arrived at time 4.5633756710357885
Simulation arrived at time 4.566517997612019
Simulation arrived at time 4.5698124975551275
Simulation arrived at time 4.570638222060701
Simulation arrived at time 4.570977813023902
Simulation arrived at time 4.571102697492752
Simulation arrived at time 4.581014810818679
Simulation arrived at time 4.5813970292987936
Simulation arrived at time 4.582900484085796
Simulation arrived at time 4.58470222875145
Simulation arrived at time 4.586842300801295
Simulation arrived at time 4.587115719770809
Simulation arrived at time 4.595145398066199
Simulation arrived at time 4.595292872759553
Simulation arrived at time 4.598636377568733
Simulation arrived at time 4.604908249230647
Simulation arrived at time 4.604945996065582
Simulation arrived at time 4.607002094591944
Simulation arrived at time 4.61480956347615
Simulation arrived at time 4.61645670882061
Simulation arrived at time 4.624516891331546
Simulation arrived at time 4.6321526198242475
Simulation arrived at time 4.633539339571901
Simulation arrived at time 4.6338654193880515
Simulation arrived at time 4.63477379101466
Simulation arrived at time 4.640952389247312
Simulation arrived at time 4.643061757097421
Simulation arrived at time 4.645115796855049
Simulation arrived at time 4.6515266810685825
Simulation arrived at time 4.653311932060799
Simulation arrived at time 4.655486582761757
Simulation arrived at time 4.65761148652184
Simulation arrived at time 4.661994876360028
Simulation arrived at time 4.6649309508598344
Simulation arrived at time 4.667544338327017
Simulation arrived at time 4.670631941307408
Simulation arrived at time 4.67518471125014
Simulation arrived at time 4.6775280094724625
Simulation arrived at time 4.677924353934532
Simulation arrived at time 4.67868041664051
Simulation arrived at time 4.682111477988984
Simulation arrived at time 4.684127132763399
Simulation arrived at time 4.689566430983106
Simulation arrived at time 4.689905141607128
Simulation arrived at time 4.691642776815917
Simulation arrived at time 4.692901991431341
Simulation arrived at time 4.695795480198394
Simulation arrived at time 4.695936805811892
Simulation arrived at time 4.696000726143292
Simulation arrived at time 4.696440124928546
Simulation arrived at time 4.698574552396305
Simulation arrived at time 4.698611677385714
Simulation arrived at time 4.699899545649488
Simulation arrived at time 4.700383988699941
Simulation arrived at time 4.701895546960016
Simulation arrived at time 4.706982210040919
Simulation arrived at time 4.708941423196631
Simulation arrived at time 4.717541575257952
Simulation arrived at time 4.718396309288879
Simulation arrived at time 4.720189161819282
Simulation arrived at time 4.720502914295822
Simulation arrived at time 4.7245602434203
Simulation arrived at time 4.724769630366596
Simulation arrived at time 4.7256734766933075
Simulation arrived at time 4.725820238510105
Simulation arrived at time 4.725821191888818
Simulation arrived at time 4.728676952559814
Simulation arrived at time 4.7291426349673165
Simulation arrived at time 4.731613785760848
Simulation arrived at time 4.734068824858169
Simulation arrived at time 4.735410243144341
Simulation arrived at time 4.740676301101232
Simulation arrived at time 4.752014804235104
Simulation arrived at time 4.75271833892433
Simulation arrived at time 4.752944677203427
Simulation arrived at time 4.754817647288607
Simulation arrived at time 4.756526428741678
Simulation arrived at time 4.757823527654389
Simulation arrived at time 4.7579973863152345
Simulation arrived at time 4.759592596912566
Simulation arrived at time 4.759939723364072
Simulation arrived at time 4.762155863283066
Simulation arrived at time 4.764024805524091
Simulation arrived at time 4.7651683322634995
Simulation arrived at time 4.765224455900339
Simulation arrived at time 4.766686853139502
Simulation arrived at time 4.767552561468622
Simulation arrived at time 4.767576074169163
Simulation arrived at time 4.770668308908675
Simulation arrived at time 4.7709691938872805
Simulation arrived at time 4.771559454607569
Simulation arrived at time 4.773080581604053
Simulation arrived at time 4.773289308595755
Simulation arrived at time 4.777590344656357
Simulation arrived at time 4.779032502176786
Simulation arrived at time 4.77919444664146
Simulation arrived at time 4.780448286277659
Simulation arrived at time 4.781592060658208
Simulation arrived at time 4.7858715269259715
Simulation arrived at time 4.788358025465849
Simulation arrived at time 4.792720407000989
Simulation arrived at time 4.793770002571446
Simulation arrived at time 4.795615690107173
Simulation arrived at time 4.796284692333113
Simulation arrived at time 4.800173094631338
Simulation arrived at time 4.8006066813838455
Simulation arrived at time 4.804973690564822
Simulation arrived at time 4.809068658555946
Simulation arrived at time 4.809276787338441
Simulation arrived at time 4.809689644945659
Simulation arrived at time 4.817285248278336
Simulation arrived at time 4.817361344520496
Simulation arrived at time 4.818858094394551
Simulation arrived at time 4.821564902063452
Simulation arrived at time 4.8241545924192994
Simulation arrived at time 4.824387710204206
Simulation arrived at time 4.8244288753331075
Simulation arrived at time 4.8258503977007665
Simulation arrived at time 4.826196035664152
Simulation arrived at time 4.826690541772371
Simulation arrived at time 4.827101162202514
Simulation arrived at time 4.827978289886125
Simulation arrived at time 4.832780403673919
Simulation arrived at time 4.833974537122304
Simulation arrived at time 4.835422786022719
Simulation arrived at time 4.835629747493382
Simulation arrived at time 4.839198916920496
Simulation arrived at time 4.839490975062682
Simulation arrived at time 4.841547852707606
Simulation arrived at time 4.845704467886047
Simulation arrived at time 4.849964246456633
Simulation arrived at time 4.857916384098906
Simulation arrived at time 4.861428957959538
Simulation arrived at time 4.862744067237722
Simulation arrived at time 4.864061134617782
Simulation arrived at time 4.865895763331279
Simulation arrived at time 4.868145367708464
Simulation arrived at time 4.876042848932881
Simulation arrived at time 4.876483996440725
Simulation arrived at time 4.876698189576412
Simulation arrived at time 4.879245444839571
Simulation arrived at time 4.880443209755443
Simulation arrived at time 4.881909027906734
Simulation arrived at time 4.883918503663857
Simulation arrived at time 4.885579378754736
Simulation arrived at time 4.8862944551737995
Simulation arrived at time 4.887867313589351
Simulation arrived at time 4.887932955914604
Simulation arrived at time 4.888846806406823
Simulation arrived at time 4.8915091111352025
Simulation arrived at time 4.891623014943534
Simulation arrived at time 4.8934206025688125
Simulation arrived at time 4.893554571358215
Simulation arrived at time 4.896708117054919
Simulation arrived at time 4.898046186902029
Simulation arrived at time 4.8984800786345595
Simulation arrived at time 4.8998728847012805
Simulation arrived at time 4.903271132745505
Simulation arrived at time 4.906649119885548
Simulation arrived at time 4.908717750398758
Simulation arrived at time 4.909225284338974
Simulation arrived at time 4.910621080549309
Simulation arrived at time 4.91146430972531
Simulation arrived at time 4.911607191154924
Simulation arrived at time 4.912919930089564
Simulation arrived at time 4.914926295087785
Simulation arrived at time 4.917357728921847
Simulation arrived at time 4.923005811850361
Simulation arrived at time 4.923287904999653
Simulation arrived at time 4.923674703703203
Simulation arrived at time 4.924521779439072
Simulation arrived at time 4.924622919897139
Simulation arrived at time 4.926077736273261
Simulation arrived at time 4.926453710302632
Simulation arrived at time 4.927225733102256
Simulation arrived at time 4.92793980285821
Simulation arrived at time 4.928778715840476
Simulation arrived at time 4.929311100735183
Simulation arrived at time 4.935875347708922
Simulation arrived at time 4.93762210291217
Simulation arrived at time 4.938635865836632
Simulation arrived at time 4.939592916860487
Simulation arrived at time 4.942915671452027
Simulation arrived at time 4.944615962624984
Simulation arrived at time 4.946705496765107
Simulation arrived at time 4.9476264733210185
Simulation arrived at time 4.948129650037534
Simulation arrived at time 4.948557329115271
Simulation arrived at time 4.9529903658751895
Simulation arrived at time 4.9568319871569875
Simulation arrived at time 4.957907747530663
Simulation arrived at time 4.95835090479073
Simulation arrived at time 4.958542703776568
Simulation arrived at time 4.959563042311893
Simulation arrived at time 4.965531736336797
Simulation arrived at time 4.96747592430877
Simulation arrived at time 4.968438182873895
Simulation arrived at time 4.976280378390036
Simulation arrived at time 4.978587718369416
Simulation arrived at time 4.97993910235119
Simulation arrived at time 4.981565262740139
Simulation arrived at time 4.982349463696375
Simulation arrived at time 4.982971400700101
Simulation arrived at time 4.984033274964762
Simulation arrived at time 4.984261122692668
Simulation arrived at time 4.98824915008174
Simulation arrived at time 4.993830366994246
Simulation arrived at time 4.994113004127438
Simulation arrived at time 4.995401124805369
Simulation arrived at time 4.997392766339716
Simulation arrived at time 4.997423889857626
Simulation arrived at time 4.998866740284424
Simulation arrived at time 4.999486170733727
Simulation arrived at time 4.999657327622888
Simulation arrived at time 4.9999770754690935
Simulation arrived at time 5.001391579316661
Simulation arrived at time 5.001915272276367
Simulation arrived at time 5.002851490129293
Simulation arrived at time 5.005025179970132
Simulation arrived at time 5.0058237662929175
Simulation arrived at time 5.012836117635708
Simulation arrived at time 5.0135836895796775
Simulation arrived at time 5.013855028763781
Simulation arrived at time 5.017114774554123
Simulation arrived at time 5.01712308668993
Simulation arrived at time 5.017725077500782
Simulation arrived at time 5.0194363229279855
Simulation arrived at time 5.020420566274361
Simulation arrived at time 5.0216716992473245
Simulation arrived at time 5.022202670881798
Simulation arrived at time 5.0228823066830435
Simulation arrived at time 5.023504127097239
Simulation arrived at time 5.026440638310009
Simulation arrived at time 5.028290220397774
Simulation arrived at time 5.031087984327979
Simulation arrived at time 5.031489124090975
Simulation arrived at time 5.0316234025644
Simulation arrived at time 5.032434728646522
Simulation arrived at time 5.0335739550766245
Simulation arrived at time 5.033780859387763
Simulation arrived at time 5.035930511943068
Simulation arrived at time 5.03949161461782
Simulation arrived at time 5.042191663457108
Simulation arrived at time 5.042448287615529
Simulation arrived at time 5.045616619652657
Simulation arrived at time 5.047015835797731
Simulation arrived at time 5.047519308193703
Simulation arrived at time 5.0530749515960025
Simulation arrived at time 5.0533372523575055
Simulation arrived at time 5.055431669161373
Simulation arrived at time 5.05864830943253
Simulation arrived at time 5.062585800044966
Simulation arrived at time 5.063904747122894
Simulation arrived at time 5.067043410192646
Simulation arrived at time 5.067308165341299
Simulation arrived at time 5.067891607409652
Simulation arrived at time 5.069450624164942
Simulation arrived at time 5.070574341907971
Simulation arrived at time 5.0715311886357215
Simulation arrived at time 5.072188311088027
Simulation arrived at time 5.072206179805672
Simulation arrived at time 5.072417333383109
Simulation arrived at time 5.074963064819323
Simulation arrived at time 5.075878468951663
Simulation arrived at time 5.0766331383807275
Simulation arrived at time 5.0773079509383425
Simulation arrived at time 5.078408142057821
Simulation arrived at time 5.078470215524089
Simulation arrived at time 5.080136077321075
Simulation arrived at time 5.080364114706423
Simulation arrived at time 5.081344033964476
Simulation arrived at time 5.083621431377138
Simulation arrived at time 5.084289401957112
Simulation arrived at time 5.084357787675036
Simulation arrived at time 5.088400036364512
Simulation arrived at time 5.088693869653265
Simulation arrived at time 5.089137794181432
Simulation arrived at time 5.091894224518552
Simulation arrived at time 5.097378504832492
Simulation arrived at time 5.099595209225201
Simulation arrived at time 5.10071393667782
Simulation arrived at time 5.1008040415811555
Simulation arrived at time 5.102250292060037
Simulation arrived at time 5.107108723877586
Simulation arrived at time 5.108371330034186
Simulation arrived at time 5.110309812506369
Simulation arrived at time 5.110684828458941
Simulation arrived at time 5.111659904534764
Simulation arrived at time 5.112878883359084
Simulation arrived at time 5.115504362008085
Simulation arrived at time 5.119806126396281
Simulation arrived at time 5.121045973267156
Simulation arrived at time 5.121892600384731
Simulation arrived at time 5.12224391659133
Simulation arrived at time 5.123089747250772
Simulation arrived at time 5.12377357350979
Simulation arrived at time 5.124564176303052
Simulation arrived at time 5.125065987179884
Simulation arrived at time 5.126898076933779
Simulation arrived at time 5.127098750328754
Simulation arrived at time 5.128487743296066
Simulation arrived at time 5.133043930465757
Simulation arrived at time 5.133656949242032
Simulation arrived at time 5.134929831139554
Simulation arrived at time 5.136194204330598
Simulation arrived at time 5.136809820926759
Simulation arrived at time 5.140987718550755
Simulation arrived at time 5.141701448850726
Simulation arrived at time 5.141889738750713
Simulation arrived at time 5.1431219797401955
Simulation arrived at time 5.144560689372306
Simulation arrived at time 5.144697005111957
Simulation arrived at time 5.146366382130719
Simulation arrived at time 5.147008738706087
Simulation arrived at time 5.148812221464963
Simulation arrived at time 5.153797750800736
Simulation arrived at time 5.154440992766253
Simulation arrived at time 5.1544857476700425
Simulation arrived at time 5.155397853821948
Simulation arrived at time 5.158403543676329
Simulation arrived at time 5.159161597780891
Simulation arrived at time 5.160784049997996
Simulation arrived at time 5.164025565504167
Simulation arrived at time 5.164424209757107
Simulation arrived at time 5.1651863365526305
Simulation arrived at time 5.165917443887955
Simulation arrived at time 5.165979961292515
Simulation arrived at time 5.166319021977252
Simulation arrived at time 5.166867327105978
Simulation arrived at time 5.167545329605596
Simulation arrived at time 5.170871057427406
Simulation arrived at time 5.1721141077003265
Simulation arrived at time 5.176748005667933
Simulation arrived at time 5.1780391643325565
Simulation arrived at time 5.181066379479259
Simulation arrived at time 5.183583319121955
Simulation arrived at time 5.183622710699978
Simulation arrived at time 5.183994050854481
Simulation arrived at time 5.184134874731476
Simulation arrived at time 5.184793875013579
Simulation arrived at time 5.185196810795084
Simulation arrived at time 5.186136677790861
Simulation arrived at time 5.186205093103167
Simulation arrived at time 5.18655325722794
Simulation arrived at time 5.186795381153538
Simulation arrived at time 5.187705878331015
Simulation arrived at time 5.1881590438172305
Simulation arrived at time 5.188562767608146
Simulation arrived at time 5.189586268495661
Simulation arrived at time 5.1896849403141845
Simulation arrived at time 5.1901336423045885
Simulation arrived at time 5.190329838973984
Simulation arrived at time 5.19067170269299
Simulation arrived at time 5.192114817386344
Simulation arrived at time 5.193123944464856
Simulation arrived at time 5.193878641566451
Simulation arrived at time 5.194018759450493
Simulation arrived at time 5.194247338606092
Simulation arrived at time 5.195814770472142
Simulation arrived at time 5.19904538693895
Simulation arrived at time 5.199635696257951
Simulation arrived at time 5.199663009915922
Simulation arrived at time 5.202284067878454
Simulation arrived at time 5.202287274332527
Simulation arrived at time 5.202355065338358
Simulation arrived at time 5.20270381965637
Simulation arrived at time 5.203382051042729
Simulation arrived at time 5.205694130226168
Simulation arrived at time 5.206573011890894
Simulation arrived at time 5.2074996215071705
Simulation arrived at time 5.2094838915402235
Simulation arrived at time 5.210800545562751
Simulation arrived at time 5.210976842748489
Simulation arrived at time 5.212951741624053
Simulation arrived at time 5.215263988376442
Simulation arrived at time 5.217255346084606
Simulation arrived at time 5.222209669298627
Simulation arrived at time 5.222252405692567
Simulation arrived at time 5.222605987428086
Simulation arrived at time 5.223184252344448
Simulation arrived at time 5.224283271753226
Simulation arrived at time 5.226693893080252
Simulation arrived at time 5.228914099561559
Simulation arrived at time 5.230116622713199
Simulation arrived at time 5.230896967235203
Simulation arrived at time 5.232703245020953
Simulation arrived at time 5.234422932018339
Simulation arrived at time 5.235429587536055
Simulation arrived at time 5.236134408387798
Simulation arrived at time 5.236631644954366
Simulation arrived at time 5.238052695680296
Simulation arrived at time 5.239573798026108
Simulation arrived at time 5.239920351024755
Simulation arrived at time 5.242443880890888
Simulation arrived at time 5.246706082963305
Simulation arrived at time 5.2473112837183296
Simulation arrived at time 5.247654074907858
Simulation arrived at time 5.248654650414533
Simulation arrived at time 5.251180044973699
Simulation arrived at time 5.25255722286339
Simulation arrived at time 5.25371521848539
Simulation arrived at time 5.255264981357029
Simulation arrived at time 5.2558128318798305
Simulation arrived at time 5.255888964465704
Simulation arrived at time 5.255919139885037
Simulation arrived at time 5.259448590393649
Simulation arrived at time 5.261783974310393
Simulation arrived at time 5.262450236757583
Simulation arrived at time 5.262633900400266
Simulation arrived at time 5.263704053160163
Simulation arrived at time 5.265776871826168
Simulation arrived at time 5.266485623254982
Simulation arrived at time 5.268944951223893
Simulation arrived at time 5.26973962854436
Simulation arrived at time 5.270261099962109
Simulation arrived at time 5.270409577221433
Simulation arrived at time 5.271674009532039
Simulation arrived at time 5.275396884268258
Simulation arrived at time 5.275515147375287
Simulation arrived at time 5.275811246860482
Simulation arrived at time 5.278912290076419
Simulation arrived at time 5.281335542571193
Simulation arrived at time 5.281546511695741
Simulation arrived at time 5.281818159093782
Simulation arrived at time 5.28380317873777
Simulation arrived at time 5.2849494013016916
Simulation arrived at time 5.285943433752184
Simulation arrived at time 5.2864443346303895
Simulation arrived at time 5.286994880724219
Simulation arrived at time 5.288708372320998
Simulation arrived at time 5.2892298242816045
Simulation arrived at time 5.293119039013035
Simulation arrived at time 5.293478098072987
Simulation arrived at time 5.293592757528469
Simulation arrived at time 5.294223841558812
Simulation arrived at time 5.294930495858469
Simulation arrived at time 5.295404556306415
Simulation arrived at time 5.298330054136034
Simulation arrived at time 5.2997684702416406
Simulation arrived at time 5.300713009486618
Simulation arrived at time 5.300959979999611
Simulation arrived at time 5.301894427398068
Simulation arrived at time 5.304410864493426
Simulation arrived at time 5.304885349633952
Truncation end condition met at time 5.305069853863164
Writing Newick output...
Writing NEXUS output...
Writing JSON output...
Done.
Done!
