
                        BEAST v2.7.3, 2002-2022
             Bayesian Evolutionary Analysis Sampling Trees
                       Designed and developed by
 Remco Bouckaert, Alexei J. Drummond, Andrew Rambaut & Marc A. Suchard
                                    
                   Centre for Computational Evolution
                         University of Auckland
                       r.bouckaert@auckland.ac.nz
                        alexei@cs.auckland.ac.nz
                                    
                   Institute of Evolutionary Biology
                        University of Edinburgh
                           a.rambaut@ed.ac.uk
                                    
                    David Geffen School of Medicine
                 University of California, Los Angeles
                           msuchard@ucla.edu
                                    
                      Downloads, Help & Resources:
                           http://beast2.org/
                                    
  Source code distributed under the GNU Lesser General Public License:
                   http://github.com/CompEvol/beast2
                                    
                           BEAST developers:
   Alex Alekseyenko, Trevor Bedford, Erik Bloomquist, Joseph Heled, 
 Sebastian Hoehna, Denise Kuehnert, Philippe Lemey, Wai Lok Sibon Li, 
Gerton Lunter, Sidney Markowitz, Vladimir Minin, Michael Defoin Platel, 
          Oliver Pybus, Tim Vaughan, Chieh-Hsi Wu, Walter Xie
                                    
                               Thanks to:
          Roald Forsberg, Beth Shapiro and Korbinian Strimmer

Random number seed: 1687028835679

File: sim.5.xml seed: 1687028835679 threads: 1
Loading package BEAST.base v2.7.3 MASTER v7.0.0 BEAST.app v2.7.3    
Assembling model...
Setting up populations... done.
Setting up reactions... Within-region speciation... Within-region speciation... Within-region speciation... Within-region speciation... Within-region speciation... Within-region speciation... Within-region speciation... Within-region speciation... Within-region speciation... Within-region speciation... Within-region speciation... Within-region speciation... Extinction... Extinction... Extinction... Dispersal... Dispersal... Dispersal... Dispersal... Dispersal... Dispersal... Dispersal... Dispersal... Dispersal... Extirpation... Extirpation... Extirpation... Extirpation... Extirpation... Extirpation... Extirpation... Extirpation... Extirpation... Between-region speciation... Between-region speciation... Between-region speciation... Between-region speciation... Between-region speciation... Between-region speciation... Between-region speciation... Between-region speciation... Between-region speciation... Between-region speciation... Between-region speciation... Between-region speciation... done.
Model assembled.
Generating inheritance trajectory 1 of 1
Simulation arrived at time 0.0
Simulation arrived at time 0.6393318689045842
Simulation arrived at time 0.9442677730869755
Simulation arrived at time 1.0348521362316763
Simulation arrived at time 1.0870834501725366
Simulation arrived at time 1.527561534783673
Simulation arrived at time 2.0629492103264537
Simulation arrived at time 2.187246988594821
Simulation arrived at time 2.273809363821799
Simulation arrived at time 2.2790153180534074
Simulation arrived at time 2.2834914524728003
Simulation arrived at time 2.464367348649473
Simulation arrived at time 2.522626265216975
Simulation arrived at time 2.5856434206827874
Simulation arrived at time 2.5941843301420167
Simulation arrived at time 2.7483886700307165
Simulation arrived at time 3.016244092729513
Simulation arrived at time 3.057846694904003
Simulation arrived at time 3.068089645084965
Simulation arrived at time 3.0687554030127937
Simulation arrived at time 3.093287238325435
Simulation arrived at time 3.141673024955933
Simulation arrived at time 3.1483650295987977
Simulation arrived at time 3.3738842672820906
Simulation arrived at time 3.4111967882928536
Simulation arrived at time 3.5171968568979146
Simulation arrived at time 3.5820137243459342
Simulation arrived at time 3.645256973022403
Simulation arrived at time 3.677839293673318
Simulation arrived at time 3.7373446475490777
Simulation arrived at time 3.7487087350469386
Simulation arrived at time 3.9083397858399778
Simulation arrived at time 3.992180637044627
Simulation arrived at time 4.065359136329625
Simulation arrived at time 4.108203428381105
Simulation arrived at time 4.181806244472066
Simulation arrived at time 4.23945767703323
Simulation arrived at time 4.493390906358906
Simulation arrived at time 4.549112983163364
Simulation arrived at time 4.555612726535467
Simulation arrived at time 4.644386423002024
Simulation arrived at time 4.646073601892892
Simulation arrived at time 4.71919016483318
Simulation arrived at time 4.833233368907578
Simulation arrived at time 4.879354268174567
Simulation arrived at time 4.899457351242651
Simulation arrived at time 4.932395849779118
Simulation arrived at time 4.960305953654693
Simulation arrived at time 5.02800376552922
Simulation arrived at time 5.042596963040485
Simulation arrived at time 5.098179165871831
Simulation arrived at time 5.1091802472864964
Simulation arrived at time 5.1293661242120665
Simulation arrived at time 5.167500512843955
Simulation arrived at time 5.168875882143553
Simulation arrived at time 5.18022830801737
Simulation arrived at time 5.202237712359861
Simulation arrived at time 5.242680783139487
Simulation arrived at time 5.258898441824546
Simulation arrived at time 5.307674786061251
Simulation arrived at time 5.359634393076768
Simulation arrived at time 5.441315334136942
Simulation arrived at time 5.4618768531988895
Simulation arrived at time 5.4801734849980175
Simulation arrived at time 5.493842274898876
Simulation arrived at time 5.517480313134524
Simulation arrived at time 5.539336021392747
Simulation arrived at time 5.5641652241144515
Simulation arrived at time 5.565707065554072
Simulation arrived at time 5.613878502566902
Simulation arrived at time 5.618847771249929
Simulation arrived at time 5.626733585827261
Simulation arrived at time 5.629799936254495
Simulation arrived at time 5.6644252082756745
Simulation arrived at time 5.667038295344542
Simulation arrived at time 5.687804066247638
Simulation arrived at time 5.688290137598004
Simulation arrived at time 5.697710812904198
Simulation arrived at time 5.7073747208036
Simulation arrived at time 5.709048478481967
Simulation arrived at time 5.773246325333395
Simulation arrived at time 5.803203502190166
Simulation arrived at time 5.813682248410155
Simulation arrived at time 5.828684718324532
Simulation arrived at time 5.905784749254471
Simulation arrived at time 5.938797906551679
Simulation arrived at time 5.978097366399941
Simulation arrived at time 5.996187209628131
Simulation arrived at time 6.022027911183424
Simulation arrived at time 6.024247975323686
Simulation arrived at time 6.02785836801626
Simulation arrived at time 6.031145755869617
Simulation arrived at time 6.083446294518132
Simulation arrived at time 6.119896934859458
Simulation arrived at time 6.1230038189471205
Simulation arrived at time 6.130098951605745
Simulation arrived at time 6.134187869751201
Simulation arrived at time 6.1391346725944125
Simulation arrived at time 6.158573775756782
Simulation arrived at time 6.159976520664938
Simulation arrived at time 6.167303259638462
Simulation arrived at time 6.215133275423388
Simulation arrived at time 6.246528894762499
Simulation arrived at time 6.248375640577292
Simulation arrived at time 6.274155719472617
Simulation arrived at time 6.276475154855235
Simulation arrived at time 6.298980480692361
Simulation arrived at time 6.357634753127374
Simulation arrived at time 6.364458646106042
Simulation arrived at time 6.393923429045749
Simulation arrived at time 6.4241556439170076
Simulation arrived at time 6.442728647338329
Simulation arrived at time 6.465802891638146
Simulation arrived at time 6.48172932018512
Simulation arrived at time 6.497646855072391
Simulation arrived at time 6.498780813927052
Simulation arrived at time 6.50410306770094
Simulation arrived at time 6.527600465330494
Simulation arrived at time 6.603855698951473
Simulation arrived at time 6.606367022757844
Simulation arrived at time 6.612340471590439
Simulation arrived at time 6.619970019329529
Simulation arrived at time 6.620990996209293
Simulation arrived at time 6.634601248877194
Simulation arrived at time 6.648664334005303
Simulation arrived at time 6.651104077675611
Simulation arrived at time 6.65628388725241
Simulation arrived at time 6.68224118686469
Simulation arrived at time 6.682676328265679
Simulation arrived at time 6.713928374067381
Simulation arrived at time 6.723898617077425
Simulation arrived at time 6.726852929449063
Simulation arrived at time 6.730910497399434
Simulation arrived at time 6.737929321411033
Simulation arrived at time 6.750257844264144
Simulation arrived at time 6.75199632420504
Simulation arrived at time 6.772725284829107
Simulation arrived at time 6.77888974162708
Simulation arrived at time 6.7982346989583
Simulation arrived at time 6.810315172917083
Simulation arrived at time 6.832702755585334
Simulation arrived at time 6.845054074296393
Simulation arrived at time 6.848465214805785
Simulation arrived at time 6.858997323122234
Simulation arrived at time 6.874771747548357
Simulation arrived at time 6.927379512003533
Simulation arrived at time 6.937389091178535
Simulation arrived at time 6.954307121409533
Simulation arrived at time 6.95473778572919
Simulation arrived at time 6.956624710417218
Simulation arrived at time 6.962584681251848
Simulation arrived at time 6.977910922258489
Simulation arrived at time 6.982779795177328
Simulation arrived at time 6.990679958774316
Simulation arrived at time 7.000115932869712
Simulation arrived at time 7.017918773266335
Simulation arrived at time 7.021272265415017
Simulation arrived at time 7.058868384254056
Simulation arrived at time 7.072081741825736
Simulation arrived at time 7.104366016327665
Simulation arrived at time 7.114593030657027
Simulation arrived at time 7.115818155677523
Simulation arrived at time 7.116387155324959
Simulation arrived at time 7.119538001319697
Simulation arrived at time 7.131601832423775
Simulation arrived at time 7.13959615858325
Simulation arrived at time 7.145389400333274
Simulation arrived at time 7.152687395076061
Simulation arrived at time 7.1564494218203505
Simulation arrived at time 7.158571193039653
Simulation arrived at time 7.1620838554489765
Simulation arrived at time 7.199371842149282
Simulation arrived at time 7.22725743599078
Simulation arrived at time 7.242091999068162
Simulation arrived at time 7.247359286239418
Simulation arrived at time 7.249390485569026
Simulation arrived at time 7.254677762874883
Simulation arrived at time 7.262506122836025
Simulation arrived at time 7.262762254620967
Simulation arrived at time 7.264679514369063
Simulation arrived at time 7.274732502763777
Simulation arrived at time 7.280006492131815
Simulation arrived at time 7.300680249189829
Simulation arrived at time 7.307118178047039
Simulation arrived at time 7.3124277945681255
Simulation arrived at time 7.318571861113739
Simulation arrived at time 7.3201693089568325
Simulation arrived at time 7.324710764520818
Simulation arrived at time 7.325368863157467
Simulation arrived at time 7.326078826618763
Simulation arrived at time 7.331710006121305
Simulation arrived at time 7.352888578479036
Simulation arrived at time 7.390849163147022
Simulation arrived at time 7.397728741215408
Simulation arrived at time 7.405060310574887
Simulation arrived at time 7.423800299394743
Simulation arrived at time 7.443622698854225
Simulation arrived at time 7.449947799273394
Simulation arrived at time 7.455667756359325
Simulation arrived at time 7.457345920508518
Simulation arrived at time 7.459375727059939
Simulation arrived at time 7.471424022062952
Simulation arrived at time 7.480248795937598
Simulation arrived at time 7.498960686703334
Simulation arrived at time 7.523744214477041
Simulation arrived at time 7.524954328557128
Simulation arrived at time 7.525147322950598
Simulation arrived at time 7.533519285741924
Simulation arrived at time 7.535890271399627
Simulation arrived at time 7.5402406175253445
Simulation arrived at time 7.5417290102265895
Simulation arrived at time 7.547915098770718
Simulation arrived at time 7.5713322398738185
Simulation arrived at time 7.575571236786687
Simulation arrived at time 7.581262621345875
Simulation arrived at time 7.585608841616498
Simulation arrived at time 7.593054216280788
Simulation arrived at time 7.615244933495546
Simulation arrived at time 7.616309233752253
Simulation arrived at time 7.625163494926541
Simulation arrived at time 7.628553827499178
Simulation arrived at time 7.630539992457666
Simulation arrived at time 7.637069263441395
Simulation arrived at time 7.63854905661265
Simulation arrived at time 7.647490966536843
Simulation arrived at time 7.6672311515629
Simulation arrived at time 7.671969722157048
Simulation arrived at time 7.672509018943835
Simulation arrived at time 7.684989358483178
Simulation arrived at time 7.68853472237166
Simulation arrived at time 7.6946228249856725
Simulation arrived at time 7.713646814322563
Simulation arrived at time 7.727334320425674
Simulation arrived at time 7.7396519030264646
Simulation arrived at time 7.742646738365665
Simulation arrived at time 7.748001668221318
Simulation arrived at time 7.753486631722918
Simulation arrived at time 7.754007689331938
Simulation arrived at time 7.761478905786816
Simulation arrived at time 7.782735691813131
Simulation arrived at time 7.784669564934022
Simulation arrived at time 7.7977309544022
Simulation arrived at time 7.798285061528726
Simulation arrived at time 7.8032375842782065
Simulation arrived at time 7.8203554012604295
Simulation arrived at time 7.827485712034755
Simulation arrived at time 7.828321632687267
Simulation arrived at time 7.841734132111652
Simulation arrived at time 7.871100240323376
Simulation arrived at time 7.878222336947116
Simulation arrived at time 7.8858342451411065
Simulation arrived at time 7.890330621304312
Simulation arrived at time 7.924893186333432
Simulation arrived at time 7.9478479466596506
Simulation arrived at time 7.955982369147626
Simulation arrived at time 7.959270557502128
Simulation arrived at time 7.960616550509825
Simulation arrived at time 7.962358470476537
Simulation arrived at time 7.969346619697553
Simulation arrived at time 7.984900303346378
Simulation arrived at time 7.995728047807791
Simulation arrived at time 7.997959156922221
Simulation arrived at time 8.019453501069362
Simulation arrived at time 8.0211623149667
Simulation arrived at time 8.02501884499392
Simulation arrived at time 8.034246917780697
Simulation arrived at time 8.044088936264533
Simulation arrived at time 8.050386959279942
Simulation arrived at time 8.05271251103688
Simulation arrived at time 8.055533677697044
Simulation arrived at time 8.056409213532888
Simulation arrived at time 8.061328351623445
Simulation arrived at time 8.062747601310319
Simulation arrived at time 8.077535526787473
Simulation arrived at time 8.085682584748835
Simulation arrived at time 8.086006247767521
Simulation arrived at time 8.09078018241689
Simulation arrived at time 8.092179010495858
Simulation arrived at time 8.094037739201184
Simulation arrived at time 8.10068623678232
Simulation arrived at time 8.104428900360608
Simulation arrived at time 8.107203333217146
Simulation arrived at time 8.108923071884101
Simulation arrived at time 8.109646890278944
Simulation arrived at time 8.129940026875474
Simulation arrived at time 8.133214898828871
Simulation arrived at time 8.13538069908778
Simulation arrived at time 8.154061766956284
Simulation arrived at time 8.176114470783814
Simulation arrived at time 8.18455939629648
Simulation arrived at time 8.185019691158884
Simulation arrived at time 8.186384499851025
Simulation arrived at time 8.190075033376639
Simulation arrived at time 8.19122682843445
Simulation arrived at time 8.200743475788379
Simulation arrived at time 8.20697282921317
Simulation arrived at time 8.217506176954558
Simulation arrived at time 8.218866152784418
Simulation arrived at time 8.220729603928492
Simulation arrived at time 8.244927160135646
Simulation arrived at time 8.245502741235365
Simulation arrived at time 8.245977881180517
Simulation arrived at time 8.255193841273593
Simulation arrived at time 8.257696971571406
Simulation arrived at time 8.258567062290432
Simulation arrived at time 8.268992500016218
Simulation arrived at time 8.280610291140073
Simulation arrived at time 8.29933464283977
Simulation arrived at time 8.305282869052284
Simulation arrived at time 8.30723802768432
Simulation arrived at time 8.310522747215773
Simulation arrived at time 8.311355931958374
Simulation arrived at time 8.318881190539072
Simulation arrived at time 8.323328267485333
Simulation arrived at time 8.331123149039923
Simulation arrived at time 8.333325806773727
Simulation arrived at time 8.33672592070494
Simulation arrived at time 8.344339898982161
Simulation arrived at time 8.348002358973638
Simulation arrived at time 8.356725611623348
Simulation arrived at time 8.357621803415789
Simulation arrived at time 8.36900247154061
Simulation arrived at time 8.375874863813356
Simulation arrived at time 8.377821648399454
Simulation arrived at time 8.385312679675339
Simulation arrived at time 8.390790873554435
Simulation arrived at time 8.392938686856773
Simulation arrived at time 8.3995404751623
Simulation arrived at time 8.399727977386618
Simulation arrived at time 8.400306311144584
Simulation arrived at time 8.40862570031525
Simulation arrived at time 8.416324193186343
Simulation arrived at time 8.419412996145065
Simulation arrived at time 8.42419761874899
Simulation arrived at time 8.426593296487994
Simulation arrived at time 8.427549284947261
Simulation arrived at time 8.431358519702721
Simulation arrived at time 8.43253288191756
Simulation arrived at time 8.441674228459169
Simulation arrived at time 8.446049820940747
Simulation arrived at time 8.448653639422522
Simulation arrived at time 8.44954369396096
Simulation arrived at time 8.45162623862626
Simulation arrived at time 8.464942113226291
Simulation arrived at time 8.473397846804682
Simulation arrived at time 8.47853070819206
Simulation arrived at time 8.478940712794369
Simulation arrived at time 8.4789451665707
Simulation arrived at time 8.499305510522335
Simulation arrived at time 8.506757467976437
Simulation arrived at time 8.508570688069995
Simulation arrived at time 8.524925456905933
Simulation arrived at time 8.525616585126382
Simulation arrived at time 8.531015914477534
Simulation arrived at time 8.533944345784874
Simulation arrived at time 8.53463512896581
Simulation arrived at time 8.538424206432808
Simulation arrived at time 8.538903070666276
Simulation arrived at time 8.539028004993684
Simulation arrived at time 8.545460287918441
Simulation arrived at time 8.548312467098029
Simulation arrived at time 8.555745588507286
Simulation arrived at time 8.55724515225214
Simulation arrived at time 8.562587907265396
Simulation arrived at time 8.56280311953701
Simulation arrived at time 8.566004301712173
Simulation arrived at time 8.566516616539362
Simulation arrived at time 8.571460438193494
Simulation arrived at time 8.578474231626924
Simulation arrived at time 8.581444875432624
Simulation arrived at time 8.581520434487995
Simulation arrived at time 8.583513386917101
Simulation arrived at time 8.589052095441144
Simulation arrived at time 8.603891818192595
Simulation arrived at time 8.615760427159241
Simulation arrived at time 8.616050939056237
Simulation arrived at time 8.619145678052572
Simulation arrived at time 8.639837987541698
Simulation arrived at time 8.640882124698377
Simulation arrived at time 8.654087353946457
Simulation arrived at time 8.654756620508286
Simulation arrived at time 8.65999484542065
Simulation arrived at time 8.660211195693593
Simulation arrived at time 8.661170434998544
Simulation arrived at time 8.665080158368031
Simulation arrived at time 8.672660999844004
Simulation arrived at time 8.680131125424248
Simulation arrived at time 8.693602155533336
Simulation arrived at time 8.69366442107092
Simulation arrived at time 8.69404685146194
Simulation arrived at time 8.695415555337076
Simulation arrived at time 8.70092156173041
Simulation arrived at time 8.704382340890138
Simulation arrived at time 8.706741735882071
Simulation arrived at time 8.708017830891412
Simulation arrived at time 8.710106243258924
Simulation arrived at time 8.71730102718778
Simulation arrived at time 8.721703719848543
Simulation arrived at time 8.723010560575101
Simulation arrived at time 8.725462770447786
Simulation arrived at time 8.725675532635421
Simulation arrived at time 8.737900560001751
Simulation arrived at time 8.738401222460004
Simulation arrived at time 8.746435218731568
Simulation arrived at time 8.753454872481502
Simulation arrived at time 8.775151806229958
Simulation arrived at time 8.779976784503042
Simulation arrived at time 8.781156312323528
Simulation arrived at time 8.782692272694364
Simulation arrived at time 8.788520582765848
Simulation arrived at time 8.797272679595663
Simulation arrived at time 8.803985020209499
Simulation arrived at time 8.830134794861905
Simulation arrived at time 8.832894106512422
Simulation arrived at time 8.834903925097041
Simulation arrived at time 8.835227894311565
Simulation arrived at time 8.839831430616032
Simulation arrived at time 8.843074893198015
Simulation arrived at time 8.843535734121229
Simulation arrived at time 8.846301102794257
Simulation arrived at time 8.849792684791504
Simulation arrived at time 8.850251683133356
Simulation arrived at time 8.855632960419507
Simulation arrived at time 8.858813172121705
Simulation arrived at time 8.8656096567933
Simulation arrived at time 8.865780246411127
Simulation arrived at time 8.868633619720681
Simulation arrived at time 8.871790077473504
Simulation arrived at time 8.876045050378346
Simulation arrived at time 8.87610614241989
Simulation arrived at time 8.88394615245226
Simulation arrived at time 8.884279709158301
Simulation arrived at time 8.884301629843934
Simulation arrived at time 8.88490122587232
Simulation arrived at time 8.88503684340016
Simulation arrived at time 8.885727474630567
Simulation arrived at time 8.886220910327085
Simulation arrived at time 8.889390529143956
Simulation arrived at time 8.889872640322455
Simulation arrived at time 8.89125666727255
Simulation arrived at time 8.891269185549545
Simulation arrived at time 8.894706207823198
Simulation arrived at time 8.89653084645363
Simulation arrived at time 8.897143095117702
Simulation arrived at time 8.899503962557196
Simulation arrived at time 8.904352964125719
Simulation arrived at time 8.9057792490958
Simulation arrived at time 8.907313757091336
Simulation arrived at time 8.908708784431507
Simulation arrived at time 8.910427385824093
Simulation arrived at time 8.913010981271697
Simulation arrived at time 8.921184209100264
Simulation arrived at time 8.924651473828575
Simulation arrived at time 8.934063779363356
Simulation arrived at time 8.945807449057826
Simulation arrived at time 8.951887259526664
Simulation arrived at time 8.951900698728366
Simulation arrived at time 8.953571490705517
Simulation arrived at time 8.959944874446085
Simulation arrived at time 8.96036990577432
Simulation arrived at time 8.963993114894098
Simulation arrived at time 8.967264119234699
Simulation arrived at time 8.969615574826223
Simulation arrived at time 8.980850922092925
Simulation arrived at time 8.988851428041114
Simulation arrived at time 8.98892743294185
Simulation arrived at time 8.989724459714312
Simulation arrived at time 8.994820785443949
Simulation arrived at time 8.996803512376028
Simulation arrived at time 8.999309614723265
Simulation arrived at time 8.999422057817442
Simulation arrived at time 9.005113157187694
Simulation arrived at time 9.005339405448586
Simulation arrived at time 9.00807087334849
Simulation arrived at time 9.013838724131077
Simulation arrived at time 9.015250528866343
Simulation arrived at time 9.016842232547933
Simulation arrived at time 9.021114778707487
Simulation arrived at time 9.02235850736196
Simulation arrived at time 9.028093397051055
Simulation arrived at time 9.030209686535908
Simulation arrived at time 9.03047371749309
Simulation arrived at time 9.030589486335801
Simulation arrived at time 9.035080891323638
Simulation arrived at time 9.040346035555523
Simulation arrived at time 9.046142782430252
Simulation arrived at time 9.047596777687957
Simulation arrived at time 9.051289416856267
Simulation arrived at time 9.051402857442879
Simulation arrived at time 9.052619811115342
Simulation arrived at time 9.064416740935291
Simulation arrived at time 9.067809046930202
Simulation arrived at time 9.077785180873382
Simulation arrived at time 9.085009866580727
Simulation arrived at time 9.088017880930954
Simulation arrived at time 9.089323331693315
Simulation arrived at time 9.092689353671663
Simulation arrived at time 9.100987281333234
Simulation arrived at time 9.102813615338476
Simulation arrived at time 9.105354352769131
Simulation arrived at time 9.106837655424826
Simulation arrived at time 9.108774735252425
Simulation arrived at time 9.11519614299371
Simulation arrived at time 9.120323891070475
Simulation arrived at time 9.12038770522944
Simulation arrived at time 9.12433455521063
Simulation arrived at time 9.125217156491097
Simulation arrived at time 9.129191613975244
Simulation arrived at time 9.132778059724904
Simulation arrived at time 9.135096687104902
Simulation arrived at time 9.13769011031248
Simulation arrived at time 9.145557199859129
Simulation arrived at time 9.147692792709224
Simulation arrived at time 9.151507393154795
Simulation arrived at time 9.152628203880683
Simulation arrived at time 9.154644970472589
Simulation arrived at time 9.15714462183374
Simulation arrived at time 9.168493757906878
Simulation arrived at time 9.170657910984406
Simulation arrived at time 9.178532181488183
Simulation arrived at time 9.183686593376978
Simulation arrived at time 9.18746419867035
Simulation arrived at time 9.188295889293984
Simulation arrived at time 9.192471537901943
Simulation arrived at time 9.198428671164809
Simulation arrived at time 9.198696674672295
Simulation arrived at time 9.199049930330993
Simulation arrived at time 9.200715088049519
Simulation arrived at time 9.20111157333434
Simulation arrived at time 9.22111365302359
Simulation arrived at time 9.225550470809434
Simulation arrived at time 9.227227840993358
Simulation arrived at time 9.2293195552424
Simulation arrived at time 9.232481146823796
Simulation arrived at time 9.24124611974292
Simulation arrived at time 9.244482254080259
Simulation arrived at time 9.24535730263131
Simulation arrived at time 9.248774863561243
Simulation arrived at time 9.254342688298683
Simulation arrived at time 9.264959663491142
Simulation arrived at time 9.269576875829966
Simulation arrived at time 9.272773410589462
Simulation arrived at time 9.275812455958167
Simulation arrived at time 9.276833911557087
Simulation arrived at time 9.28440641026379
Simulation arrived at time 9.288248066925545
Simulation arrived at time 9.2903677327625
Simulation arrived at time 9.294466730115905
Simulation arrived at time 9.29510152350875
Simulation arrived at time 9.295949782299271
Simulation arrived at time 9.300877361195509
Simulation arrived at time 9.30233344793609
Simulation arrived at time 9.307615504826186
Simulation arrived at time 9.313663861679974
Simulation arrived at time 9.314738359134358
Simulation arrived at time 9.31534609185184
Simulation arrived at time 9.319730701385778
Simulation arrived at time 9.321265598819311
Simulation arrived at time 9.321401977487438
Simulation arrived at time 9.326002761495936
Simulation arrived at time 9.326477938186816
Simulation arrived at time 9.333859139313665
Simulation arrived at time 9.333887071546174
Simulation arrived at time 9.33703960775677
Simulation arrived at time 9.33855194939548
Simulation arrived at time 9.34036925892784
Simulation arrived at time 9.345733888589317
Simulation arrived at time 9.352909392709284
Simulation arrived at time 9.364433307321558
Simulation arrived at time 9.36454061127542
Simulation arrived at time 9.36910198024358
Simulation arrived at time 9.375777875189518
Simulation arrived at time 9.37593576052675
Simulation arrived at time 9.381321941811214
Simulation arrived at time 9.382301387005956
Simulation arrived at time 9.38253187147621
Simulation arrived at time 9.38380395475048
Simulation arrived at time 9.386505965254408
Simulation arrived at time 9.389121103775695
Simulation arrived at time 9.38984347925868
Simulation arrived at time 9.397059721373921
Simulation arrived at time 9.402980640426815
Simulation arrived at time 9.407351334422152
Simulation arrived at time 9.412314833863602
Simulation arrived at time 9.416971659142506
Simulation arrived at time 9.418508343460951
Simulation arrived at time 9.421840608108244
Simulation arrived at time 9.432101018733768
Simulation arrived at time 9.433025814597153
Simulation arrived at time 9.436661548859599
Simulation arrived at time 9.43701383041205
Simulation arrived at time 9.443968356988265
Simulation arrived at time 9.444573233205698
Simulation arrived at time 9.445065301311878
Simulation arrived at time 9.446516218980628
Simulation arrived at time 9.446828134615282
Simulation arrived at time 9.45337230168523
Simulation arrived at time 9.4549001789578
Simulation arrived at time 9.459330243499116
Simulation arrived at time 9.459428529615005
Simulation arrived at time 9.459865914772202
Simulation arrived at time 9.461712976166222
Simulation arrived at time 9.466592259478407
Simulation arrived at time 9.468559594885198
Simulation arrived at time 9.468888175992701
Simulation arrived at time 9.472760588260059
Simulation arrived at time 9.481472459383738
Simulation arrived at time 9.485197535663957
Simulation arrived at time 9.485491235477083
Simulation arrived at time 9.491742494334867
Simulation arrived at time 9.491923237810584
Simulation arrived at time 9.493531708841015
Simulation arrived at time 9.495736082762535
Simulation arrived at time 9.499747383937372
Simulation arrived at time 9.501572748213713
Simulation arrived at time 9.50287661730827
Simulation arrived at time 9.507098293276323
Simulation arrived at time 9.509760478810646
Simulation arrived at time 9.510010528751181
Simulation arrived at time 9.510340066161993
Simulation arrived at time 9.516315017571996
Simulation arrived at time 9.519321600507206
Simulation arrived at time 9.522987558313217
Simulation arrived at time 9.527658445777462
Simulation arrived at time 9.536964787916864
Simulation arrived at time 9.539168584287964
Simulation arrived at time 9.544765281596883
Simulation arrived at time 9.544898966623803
Simulation arrived at time 9.551867009804438
Simulation arrived at time 9.55225664860941
Simulation arrived at time 9.55323214001069
Simulation arrived at time 9.555080639389404
Simulation arrived at time 9.561120734283916
Simulation arrived at time 9.561623946121147
Simulation arrived at time 9.56818857605168
Simulation arrived at time 9.568907314433185
Simulation arrived at time 9.574766971260564
Simulation arrived at time 9.579777500927328
Simulation arrived at time 9.584227938202519
Simulation arrived at time 9.585111832229758
Simulation arrived at time 9.58592417476885
Simulation arrived at time 9.593835542230522
Simulation arrived at time 9.597426304483498
Simulation arrived at time 9.601199492210077
Simulation arrived at time 9.60127981532703
Simulation arrived at time 9.60524812380377
Simulation arrived at time 9.605489805281149
Simulation arrived at time 9.610087048539647
Simulation arrived at time 9.613762252655029
Simulation arrived at time 9.614360895345634
Simulation arrived at time 9.618472140367468
Simulation arrived at time 9.623003550008697
Simulation arrived at time 9.628730688025204
Simulation arrived at time 9.633624011637751
Simulation arrived at time 9.63423346764979
Simulation arrived at time 9.639595060573509
Simulation arrived at time 9.649608519709764
Simulation arrived at time 9.652892003365288
Simulation arrived at time 9.653572924237917
Simulation arrived at time 9.654618217081325
Simulation arrived at time 9.654767787076942
Simulation arrived at time 9.657456677672899
Simulation arrived at time 9.662365762474835
Simulation arrived at time 9.670654190537043
Simulation arrived at time 9.674178648628272
Simulation arrived at time 9.674224063170266
Simulation arrived at time 9.678661491249729
Simulation arrived at time 9.681200946229685
Simulation arrived at time 9.68564443900061
Simulation arrived at time 9.687969408892082
Simulation arrived at time 9.690674401991059
Simulation arrived at time 9.691782229320404
Simulation arrived at time 9.701208257853912
Simulation arrived at time 9.703437389132501
Simulation arrived at time 9.703731615494563
Simulation arrived at time 9.705564894903816
Simulation arrived at time 9.710372764196096
Simulation arrived at time 9.71131333692511
Simulation arrived at time 9.712193082818409
Simulation arrived at time 9.713080044019778
Simulation arrived at time 9.713100173307456
Simulation arrived at time 9.714239076555163
Simulation arrived at time 9.715847783018651
Simulation arrived at time 9.718723709228934
Simulation arrived at time 9.721962489328615
Simulation arrived at time 9.722464287567432
Simulation arrived at time 9.724422250787905
Simulation arrived at time 9.725618922420118
Simulation arrived at time 9.72578157457614
Simulation arrived at time 9.727857440652015
Simulation arrived at time 9.729545179388817
Simulation arrived at time 9.730819121948269
Simulation arrived at time 9.731407660399855
Simulation arrived at time 9.735422169327743
Simulation arrived at time 9.735750682412787
Simulation arrived at time 9.736781110654652
Simulation arrived at time 9.737210103156219
Simulation arrived at time 9.738495453359702
Simulation arrived at time 9.738748504941332
Simulation arrived at time 9.747119635910579
Simulation arrived at time 9.74833509500291
Simulation arrived at time 9.750042220696184
Simulation arrived at time 9.756115738813143
Simulation arrived at time 9.75930212604544
Simulation arrived at time 9.761906922236571
Simulation arrived at time 9.763473335015146
Simulation arrived at time 9.765432252122615
Simulation arrived at time 9.765811909745375
Simulation arrived at time 9.767148451061356
Simulation arrived at time 9.768521319052136
Simulation arrived at time 9.770521076483677
Simulation arrived at time 9.770564638346752
Simulation arrived at time 9.772139098171305
Simulation arrived at time 9.772737214913192
Simulation arrived at time 9.774885663458196
Simulation arrived at time 9.777005980963756
Simulation arrived at time 9.779461445488927
Simulation arrived at time 9.780696316558554
Simulation arrived at time 9.788066302991531
Simulation arrived at time 9.7902379635318
Simulation arrived at time 9.79261862844123
Simulation arrived at time 9.794031779534839
Simulation arrived at time 9.798662728022954
Simulation arrived at time 9.799830146347517
Simulation arrived at time 9.801203374315062
Simulation arrived at time 9.801767266814286
Simulation arrived at time 9.802521514954952
Simulation arrived at time 9.804711532661974
Simulation arrived at time 9.808877062628165
Simulation arrived at time 9.811593106820773
Simulation arrived at time 9.813217217416273
Simulation arrived at time 9.814888548651561
Simulation arrived at time 9.82483495494025
Simulation arrived at time 9.830746108281025
Simulation arrived at time 9.83291682093909
Simulation arrived at time 9.83388238750045
Simulation arrived at time 9.83467186913994
Simulation arrived at time 9.835976757810204
Simulation arrived at time 9.843889753915477
Simulation arrived at time 9.84928845910227
Simulation arrived at time 9.849353789376867
Simulation arrived at time 9.850342215678232
Simulation arrived at time 9.852620502514279
Simulation arrived at time 9.853744399885922
Simulation arrived at time 9.853906901122896
Simulation arrived at time 9.855118315445802
Simulation arrived at time 9.855748153906642
Simulation arrived at time 9.860032125467134
Simulation arrived at time 9.862212513122152
Simulation arrived at time 9.862402287317657
Simulation arrived at time 9.862693195287754
Simulation arrived at time 9.863946580149303
Simulation arrived at time 9.866071496928832
Simulation arrived at time 9.866136302645636
Simulation arrived at time 9.869593189758566
Simulation arrived at time 9.873655249196766
Truncation end condition met at time 9.874520796773163
Writing Newick output...
Writing NEXUS output...
Writing JSON output...
Done.
Done!
