
                        BEAST v2.7.3, 2002-2022
             Bayesian Evolutionary Analysis Sampling Trees
                       Designed and developed by
 Remco Bouckaert, Alexei J. Drummond, Andrew Rambaut & Marc A. Suchard
                                    
                   Centre for Computational Evolution
                         University of Auckland
                       r.bouckaert@auckland.ac.nz
                        alexei@cs.auckland.ac.nz
                                    
                   Institute of Evolutionary Biology
                        University of Edinburgh
                           a.rambaut@ed.ac.uk
                                    
                    David Geffen School of Medicine
                 University of California, Los Angeles
                           msuchard@ucla.edu
                                    
                      Downloads, Help & Resources:
                           http://beast2.org/
                                    
  Source code distributed under the GNU Lesser General Public License:
                   http://github.com/CompEvol/beast2
                                    
                           BEAST developers:
   Alex Alekseyenko, Trevor Bedford, Erik Bloomquist, Joseph Heled, 
 Sebastian Hoehna, Denise Kuehnert, Philippe Lemey, Wai Lok Sibon Li, 
Gerton Lunter, Sidney Markowitz, Vladimir Minin, Michael Defoin Platel, 
          Oliver Pybus, Tim Vaughan, Chieh-Hsi Wu, Walter Xie
                                    
                               Thanks to:
          Roald Forsberg, Beth Shapiro and Korbinian Strimmer

Random number seed: 1687028835720

File: sim.14.xml seed: 1687028835720 threads: 1
Loading package BEAST.base v2.7.3 MASTER v7.0.0 BEAST.app v2.7.3    
Assembling model...
Setting up populations... done.
Setting up reactions... Extinction... Extinction... Extinction... Dispersal... Dispersal... Dispersal... Dispersal... Dispersal... Dispersal... Dispersal... Dispersal... Dispersal... Extirpation... Extirpation... Extirpation... Extirpation... Extirpation... Extirpation... Extirpation... Extirpation... Extirpation... Within-region speciation... Within-region speciation... Within-region speciation... Within-region speciation... Within-region speciation... Within-region speciation... Within-region speciation... Within-region speciation... Within-region speciation... Within-region speciation... Within-region speciation... Within-region speciation... Between-region speciation... Between-region speciation... Between-region speciation... Between-region speciation... Between-region speciation... Between-region speciation... Between-region speciation... Between-region speciation... Between-region speciation... Between-region speciation... Between-region speciation... Between-region speciation... done.
Model assembled.
Generating inheritance trajectory 1 of 1
Simulation arrived at time 0.0
Simulation arrived at time 1.0302261639356907
Simulation arrived at time 1.2509519062057552
Simulation arrived at time 1.74773027446775
Simulation arrived at time 1.970745849208495
Simulation arrived at time 1.9721932791773145
Simulation arrived at time 2.0452563613729304
Simulation arrived at time 2.2522811296451346
Simulation arrived at time 2.37069772156702
Simulation arrived at time 2.3945300957855586
Simulation arrived at time 2.619113538997838
Simulation arrived at time 2.7279477192101758
Simulation arrived at time 2.9246775612147373
Simulation arrived at time 2.9887580547065435
Simulation arrived at time 3.0560054063686204
Simulation arrived at time 3.0903210513811694
Simulation arrived at time 3.1807755548366736
Simulation arrived at time 3.2027674446508456
Simulation arrived at time 3.223330877211679
Simulation arrived at time 3.2406881301082495
Simulation arrived at time 3.282671219974442
Simulation arrived at time 3.291022787881194
Simulation arrived at time 3.3064984624684426
Simulation arrived at time 3.3969743611296104
Simulation arrived at time 3.4589689824681464
Simulation arrived at time 3.5042292507694395
Simulation arrived at time 3.537446183160776
Simulation arrived at time 3.626220008591964
Simulation arrived at time 3.6324894589644425
Simulation arrived at time 3.7150817975633412
Simulation arrived at time 3.783482103741025
Simulation arrived at time 3.7863410740753247
Simulation arrived at time 3.819896303101081
Simulation arrived at time 3.8443793505257076
Simulation arrived at time 3.856367745076353
Simulation arrived at time 3.8950947222868155
Simulation arrived at time 3.9034887716900637
Simulation arrived at time 3.907816528720236
Simulation arrived at time 3.974688371488576
Simulation arrived at time 4.008386054923393
Simulation arrived at time 4.0354547152491245
Simulation arrived at time 4.069965864573682
Simulation arrived at time 4.071259215028923
Simulation arrived at time 4.0971566781447954
Simulation arrived at time 4.099893682842894
Simulation arrived at time 4.2781712346716825
Simulation arrived at time 4.557293709967507
Simulation arrived at time 4.573406818481646
Simulation arrived at time 4.7097176277171
Simulation arrived at time 4.712952261099289
Simulation arrived at time 4.770321140116285
Simulation arrived at time 4.774747423521438
Simulation arrived at time 4.786273353052113
Simulation arrived at time 4.787603192746535
Simulation arrived at time 4.824723107839164
Simulation arrived at time 4.837293638994245
Simulation arrived at time 4.886735984408583
Simulation arrived at time 4.889217426441471
Simulation arrived at time 4.938282638434437
Simulation arrived at time 4.96547578369873
Simulation arrived at time 4.977386523608358
Simulation arrived at time 5.013161279347431
Simulation arrived at time 5.084603516167895
Simulation arrived at time 5.084642198041802
Simulation arrived at time 5.14039901364575
Simulation arrived at time 5.163819201350082
Simulation arrived at time 5.209609021833105
Simulation arrived at time 5.229487167789767
Simulation arrived at time 5.2460838391124485
Simulation arrived at time 5.250189379724828
Simulation arrived at time 5.257057124105246
Simulation arrived at time 5.270517326806594
Simulation arrived at time 5.277690347072498
Simulation arrived at time 5.314187697424981
Simulation arrived at time 5.383228047493468
Simulation arrived at time 5.391691785110425
Simulation arrived at time 5.3990654128816855
Simulation arrived at time 5.400666304346287
Simulation arrived at time 5.411346385460112
Simulation arrived at time 5.437213414221309
Simulation arrived at time 5.474481019937041
Simulation arrived at time 5.478432503943841
Simulation arrived at time 5.492463940981965
Simulation arrived at time 5.522485292271346
Simulation arrived at time 5.523569485000287
Simulation arrived at time 5.552857765626477
Simulation arrived at time 5.55794423067065
Simulation arrived at time 5.60222839244606
Simulation arrived at time 5.606188467829292
Simulation arrived at time 5.64086423340692
Simulation arrived at time 5.691081424332444
Simulation arrived at time 5.706343909739978
Simulation arrived at time 5.7377411122823325
Simulation arrived at time 5.738725819021409
Simulation arrived at time 5.761152391677512
Simulation arrived at time 5.819814438423727
Simulation arrived at time 5.8347575973608565
Simulation arrived at time 5.858732917979122
Simulation arrived at time 5.861445570811451
Simulation arrived at time 5.88763838508507
Simulation arrived at time 5.981786485248173
Simulation arrived at time 5.982787356680057
Simulation arrived at time 5.985948946506999
Simulation arrived at time 6.0023404062697505
Simulation arrived at time 6.033202793698448
Simulation arrived at time 6.036263995009796
Simulation arrived at time 6.040129010284852
Simulation arrived at time 6.042584677271981
Simulation arrived at time 6.047791235953705
Simulation arrived at time 6.053877432201874
Simulation arrived at time 6.0556528813460275
Simulation arrived at time 6.066396089345898
Simulation arrived at time 6.068680869801172
Simulation arrived at time 6.1427739929697625
Simulation arrived at time 6.213186808374102
Simulation arrived at time 6.217278827910291
Simulation arrived at time 6.234910560962741
Simulation arrived at time 6.235949854280645
Simulation arrived at time 6.251627663555918
Simulation arrived at time 6.266210986388724
Simulation arrived at time 6.276508305972305
Simulation arrived at time 6.295928016315467
Simulation arrived at time 6.333430616503159
Simulation arrived at time 6.3476143287832185
Simulation arrived at time 6.356373221733083
Simulation arrived at time 6.374795624965007
Simulation arrived at time 6.386672384423468
Simulation arrived at time 6.390102197833374
Simulation arrived at time 6.393099280863657
Simulation arrived at time 6.39440890561054
Simulation arrived at time 6.398108208505441
Simulation arrived at time 6.400676143309252
Simulation arrived at time 6.4181146742745705
Simulation arrived at time 6.42538719518249
Simulation arrived at time 6.510863619066097
Simulation arrived at time 6.526261867342978
Simulation arrived at time 6.5663754572669015
Simulation arrived at time 6.582985844116339
Simulation arrived at time 6.603445127191869
Simulation arrived at time 6.62620007659155
Simulation arrived at time 6.6329766514550155
Simulation arrived at time 6.640954028463592
Simulation arrived at time 6.644353852344538
Simulation arrived at time 6.693594167777352
Simulation arrived at time 6.709336902101493
Simulation arrived at time 6.752801611728124
Simulation arrived at time 6.753091029344331
Simulation arrived at time 6.766628611189867
Simulation arrived at time 6.793406754270157
Simulation arrived at time 6.794505901471931
Simulation arrived at time 6.795591100124488
Simulation arrived at time 6.800922517066081
Simulation arrived at time 6.805342870847939
Simulation arrived at time 6.8075521312542335
Simulation arrived at time 6.824582865288941
Simulation arrived at time 6.827151406367319
Simulation arrived at time 6.832809132535196
Simulation arrived at time 6.83910959371543
Simulation arrived at time 6.861383163098579
Simulation arrived at time 6.864883311344463
Simulation arrived at time 6.867506805821026
Simulation arrived at time 6.880967727336548
Simulation arrived at time 6.904756447957352
Simulation arrived at time 6.908174153746047
Simulation arrived at time 6.92333137054656
Simulation arrived at time 6.9379657872595955
Simulation arrived at time 6.939264635470688
Simulation arrived at time 6.9419418911755155
Simulation arrived at time 6.947180138308188
Simulation arrived at time 6.955941820917189
Simulation arrived at time 6.956769006979384
Simulation arrived at time 6.964509201637006
Simulation arrived at time 6.977087930059142
Simulation arrived at time 6.996754880615041
Simulation arrived at time 7.0085370940789495
Simulation arrived at time 7.020469272457155
Simulation arrived at time 7.024167308176547
Simulation arrived at time 7.026292183509074
Simulation arrived at time 7.027039515236968
Simulation arrived at time 7.032256864220344
Simulation arrived at time 7.048653748015236
Simulation arrived at time 7.048942830134265
Simulation arrived at time 7.050319709654295
Simulation arrived at time 7.07029612870686
Simulation arrived at time 7.0800128819175265
Simulation arrived at time 7.081316257900408
Simulation arrived at time 7.082154157291292
Simulation arrived at time 7.084966599400369
Simulation arrived at time 7.097873850689739
Simulation arrived at time 7.132067362252925
Simulation arrived at time 7.148104250346981
Simulation arrived at time 7.1497273605176614
Simulation arrived at time 7.158128860875412
Simulation arrived at time 7.17941611207275
Simulation arrived at time 7.188357299606329
Simulation arrived at time 7.190114684075587
Simulation arrived at time 7.207795493184381
Simulation arrived at time 7.211669560181461
Simulation arrived at time 7.213475848065593
Simulation arrived at time 7.219172021600578
Simulation arrived at time 7.220113221044423
Simulation arrived at time 7.232363720034591
Simulation arrived at time 7.242726282503741
Simulation arrived at time 7.249526041986259
Simulation arrived at time 7.270686769271507
Simulation arrived at time 7.295437737050599
Simulation arrived at time 7.337956786236415
Simulation arrived at time 7.342110531651032
Simulation arrived at time 7.348665142887651
Simulation arrived at time 7.3606936920985815
Simulation arrived at time 7.365845670927723
Simulation arrived at time 7.367276339926823
Simulation arrived at time 7.376321328811605
Simulation arrived at time 7.384310278173456
Simulation arrived at time 7.394891899252058
Simulation arrived at time 7.399658122351558
Simulation arrived at time 7.404618967689042
Simulation arrived at time 7.405020093614428
Simulation arrived at time 7.409578743094151
Simulation arrived at time 7.415110391136668
Simulation arrived at time 7.4171526714770755
Simulation arrived at time 7.418384802704604
Simulation arrived at time 7.419327775755545
Simulation arrived at time 7.431586916526321
Simulation arrived at time 7.4329431252932014
Simulation arrived at time 7.436756674951567
Simulation arrived at time 7.4424462191981755
Simulation arrived at time 7.469496994571102
Simulation arrived at time 7.470113239227688
Simulation arrived at time 7.472325203234098
Simulation arrived at time 7.497709139647929
Simulation arrived at time 7.499060497791126
Simulation arrived at time 7.501429060538938
Simulation arrived at time 7.504511438414219
Simulation arrived at time 7.508117405711123
Simulation arrived at time 7.511881541015761
Simulation arrived at time 7.5212331635587955
Simulation arrived at time 7.522923377141969
Simulation arrived at time 7.53184970826662
Simulation arrived at time 7.542105453179868
Simulation arrived at time 7.544309219766402
Simulation arrived at time 7.557815017821711
Simulation arrived at time 7.562431696661592
Simulation arrived at time 7.5636099750977825
Simulation arrived at time 7.566717294694176
Simulation arrived at time 7.572171610911456
Simulation arrived at time 7.574198260653714
Simulation arrived at time 7.580719981050184
Simulation arrived at time 7.604752109804267
Simulation arrived at time 7.6177167960853
Simulation arrived at time 7.624504820971427
Simulation arrived at time 7.626026669177891
Simulation arrived at time 7.643396866750335
Simulation arrived at time 7.647219185773036
Simulation arrived at time 7.648209053675773
Simulation arrived at time 7.653042676421093
Simulation arrived at time 7.674512829900129
Simulation arrived at time 7.679379493315291
Simulation arrived at time 7.6838951355516105
Simulation arrived at time 7.685796750539006
Simulation arrived at time 7.6939918841258494
Simulation arrived at time 7.70895043144944
Simulation arrived at time 7.715162852169791
Simulation arrived at time 7.718318423755803
Simulation arrived at time 7.722329659706845
Simulation arrived at time 7.73014881903342
Simulation arrived at time 7.74295673503392
Simulation arrived at time 7.747863551710541
Simulation arrived at time 7.753547091739725
Simulation arrived at time 7.7593971446027
Simulation arrived at time 7.759984829159926
Simulation arrived at time 7.7606505823497525
Simulation arrived at time 7.764843170718045
Simulation arrived at time 7.772881266721327
Simulation arrived at time 7.784558977895955
Simulation arrived at time 7.788453693743782
Simulation arrived at time 7.788552925152326
Simulation arrived at time 7.795485580190245
Simulation arrived at time 7.796812271912576
Simulation arrived at time 7.804806516713244
Simulation arrived at time 7.807561131466289
Simulation arrived at time 7.818967331923796
Simulation arrived at time 7.819770656521833
Simulation arrived at time 7.824381148853376
Simulation arrived at time 7.832376600415176
Simulation arrived at time 7.846068575819206
Simulation arrived at time 7.8650235949963925
Simulation arrived at time 7.865495729047255
Simulation arrived at time 7.8734784015199955
Simulation arrived at time 7.8853716384446315
Simulation arrived at time 7.889377610104855
Simulation arrived at time 7.889655357817839
Simulation arrived at time 7.905819735831633
Simulation arrived at time 7.9077653804379375
Simulation arrived at time 7.910203143559352
Simulation arrived at time 7.913358779402712
Simulation arrived at time 7.913819133122244
Simulation arrived at time 7.91790702377044
Simulation arrived at time 7.9187922115278
Simulation arrived at time 7.919162190522286
Simulation arrived at time 7.920215320812087
Simulation arrived at time 7.922133922654731
Simulation arrived at time 7.926376488083322
Simulation arrived at time 7.926483120708221
Simulation arrived at time 7.931916069871742
Simulation arrived at time 7.939489647612869
Simulation arrived at time 7.948945059487321
Simulation arrived at time 7.954124719931849
Simulation arrived at time 7.966641474269545
Simulation arrived at time 7.973170543174865
Simulation arrived at time 7.975150379002253
Simulation arrived at time 7.975464012090133
Simulation arrived at time 7.976643290952527
Simulation arrived at time 7.978740178387418
Simulation arrived at time 7.978954869370902
Simulation arrived at time 7.9801700633246515
Simulation arrived at time 7.98298183107685
Simulation arrived at time 7.986790713379601
Simulation arrived at time 7.987088452093779
Simulation arrived at time 7.992840793283347
Simulation arrived at time 8.006991663719667
Simulation arrived at time 8.016056501261216
Simulation arrived at time 8.02424417598493
Simulation arrived at time 8.03878886054815
Simulation arrived at time 8.0457199234629
Simulation arrived at time 8.047003881231024
Simulation arrived at time 8.047227678200572
Simulation arrived at time 8.057689212942705
Simulation arrived at time 8.05899754010669
Simulation arrived at time 8.07426024759995
Simulation arrived at time 8.074263917020238
Simulation arrived at time 8.07596384742965
Simulation arrived at time 8.083835236736814
Simulation arrived at time 8.092762570960076
Simulation arrived at time 8.096395622695862
Simulation arrived at time 8.097944232704595
Simulation arrived at time 8.098320178107924
Simulation arrived at time 8.099216113024582
Simulation arrived at time 8.105263034975021
Simulation arrived at time 8.105670896753328
Simulation arrived at time 8.110049088996078
Simulation arrived at time 8.110876060165584
Simulation arrived at time 8.120949479225494
Simulation arrived at time 8.121588229472637
Simulation arrived at time 8.123340415288512
Simulation arrived at time 8.125084283576282
Simulation arrived at time 8.125267841336788
Simulation arrived at time 8.12853337200997
Simulation arrived at time 8.129412235290594
Simulation arrived at time 8.12988226917887
Simulation arrived at time 8.130565064789424
Simulation arrived at time 8.133199308999753
Simulation arrived at time 8.135830070283323
Simulation arrived at time 8.146446050346949
Simulation arrived at time 8.16043655061817
Simulation arrived at time 8.171635921117794
Simulation arrived at time 8.17907862252129
Simulation arrived at time 8.186306078404312
Simulation arrived at time 8.193283081313792
Simulation arrived at time 8.227830951873834
Simulation arrived at time 8.229490292348098
Simulation arrived at time 8.234363315154424
Simulation arrived at time 8.23627359694739
Simulation arrived at time 8.239542050009376
Simulation arrived at time 8.25361369776762
Simulation arrived at time 8.256358210252152
Simulation arrived at time 8.26846389875623
Simulation arrived at time 8.273140326146148
Simulation arrived at time 8.274725516736948
Simulation arrived at time 8.281376225100782
Simulation arrived at time 8.281792240047762
Simulation arrived at time 8.291088543453508
Simulation arrived at time 8.292001598548177
Simulation arrived at time 8.29498617420391
Simulation arrived at time 8.302297183388179
Simulation arrived at time 8.302727336649276
Simulation arrived at time 8.307506691163438
Simulation arrived at time 8.314676821116137
Simulation arrived at time 8.318679748652801
Simulation arrived at time 8.331261656646285
Simulation arrived at time 8.340575037537853
Simulation arrived at time 8.340813999790463
Simulation arrived at time 8.349262854151496
Simulation arrived at time 8.350742198493938
Simulation arrived at time 8.354936116972251
Simulation arrived at time 8.355027245328149
Simulation arrived at time 8.355302592460005
Simulation arrived at time 8.359429228361636
Simulation arrived at time 8.361167310635752
Simulation arrived at time 8.365542081064945
Simulation arrived at time 8.394755238772143
Simulation arrived at time 8.39838279753616
Simulation arrived at time 8.405276567037143
Simulation arrived at time 8.409171617473834
Simulation arrived at time 8.412962933954638
Simulation arrived at time 8.41950368638743
Simulation arrived at time 8.419713792999014
Simulation arrived at time 8.441745629084357
Simulation arrived at time 8.44844704743572
Simulation arrived at time 8.455764652496347
Simulation arrived at time 8.459112821571864
Simulation arrived at time 8.460057546227185
Simulation arrived at time 8.466636711148327
Simulation arrived at time 8.46727953353808
Simulation arrived at time 8.468131945866283
Simulation arrived at time 8.476210854188123
Simulation arrived at time 8.48390303680432
Simulation arrived at time 8.48513338792877
Simulation arrived at time 8.485312596790092
Simulation arrived at time 8.488062060179903
Simulation arrived at time 8.489665964984423
Simulation arrived at time 8.495883973916891
Simulation arrived at time 8.497582943971512
Simulation arrived at time 8.502425099739014
Simulation arrived at time 8.51461062180756
Simulation arrived at time 8.515060155394691
Simulation arrived at time 8.51552414097068
Simulation arrived at time 8.516928134707062
Simulation arrived at time 8.52941926479814
Simulation arrived at time 8.533369857886871
Simulation arrived at time 8.536371017202432
Simulation arrived at time 8.540282607592914
Simulation arrived at time 8.543784287269911
Simulation arrived at time 8.54903634734734
Simulation arrived at time 8.5517568920431
Simulation arrived at time 8.554729108172904
Simulation arrived at time 8.555717171385092
Simulation arrived at time 8.561510361696996
Simulation arrived at time 8.563925207766347
Simulation arrived at time 8.5675423791574
Simulation arrived at time 8.570158972398538
Simulation arrived at time 8.571177407601715
Simulation arrived at time 8.574603176097014
Simulation arrived at time 8.57506188692104
Simulation arrived at time 8.578363578294079
Simulation arrived at time 8.580377346121717
Simulation arrived at time 8.581183988472766
Simulation arrived at time 8.581449717714356
Simulation arrived at time 8.581794489634765
Simulation arrived at time 8.583613226407449
Simulation arrived at time 8.594821623501822
Simulation arrived at time 8.595158553435441
Simulation arrived at time 8.596097315446904
Simulation arrived at time 8.603084185067136
Simulation arrived at time 8.608862467000494
Simulation arrived at time 8.609844435692168
Simulation arrived at time 8.610381126332864
Simulation arrived at time 8.61110165174036
Simulation arrived at time 8.613312985073545
Simulation arrived at time 8.614341928007244
Simulation arrived at time 8.61652213750979
Simulation arrived at time 8.6211217246189
Simulation arrived at time 8.622765691758518
Simulation arrived at time 8.627703558159745
Simulation arrived at time 8.63070719258141
Simulation arrived at time 8.635649211048856
Simulation arrived at time 8.635795462076294
Simulation arrived at time 8.637874889059484
Simulation arrived at time 8.639236456929693
Simulation arrived at time 8.645805316121765
Simulation arrived at time 8.6508247918869
Simulation arrived at time 8.657456697592465
Simulation arrived at time 8.65827985224556
Simulation arrived at time 8.658583812032749
Simulation arrived at time 8.659383463616992
Simulation arrived at time 8.663227335452424
Simulation arrived at time 8.664498213268589
Simulation arrived at time 8.667673235725484
Simulation arrived at time 8.668808326545065
Simulation arrived at time 8.671109015669185
Simulation arrived at time 8.67353740448335
Simulation arrived at time 8.679069731650989
Simulation arrived at time 8.679308988110012
Simulation arrived at time 8.679565438668938
Simulation arrived at time 8.68647429888984
Simulation arrived at time 8.68696445123549
Simulation arrived at time 8.694163875643074
Simulation arrived at time 8.695287357222535
Simulation arrived at time 8.716272437006385
Simulation arrived at time 8.71677964291021
Simulation arrived at time 8.723048923852978
Simulation arrived at time 8.725020461286663
Simulation arrived at time 8.726977935327211
Simulation arrived at time 8.735274361515549
Simulation arrived at time 8.735546414872596
Simulation arrived at time 8.738572495672901
Simulation arrived at time 8.742704767811658
Simulation arrived at time 8.745883136959238
Simulation arrived at time 8.746837845506699
Simulation arrived at time 8.751202475215056
Simulation arrived at time 8.751780459241935
Simulation arrived at time 8.761177434490063
Simulation arrived at time 8.766986039623058
Simulation arrived at time 8.769132918003477
Simulation arrived at time 8.774671194276827
Simulation arrived at time 8.782841258908425
Simulation arrived at time 8.800834690389506
Simulation arrived at time 8.806948301207365
Simulation arrived at time 8.809337499709399
Simulation arrived at time 8.809495941513571
Simulation arrived at time 8.822897015888783
Simulation arrived at time 8.822991312504044
Simulation arrived at time 8.824613617071357
Simulation arrived at time 8.82510505961054
Simulation arrived at time 8.825537648690513
Simulation arrived at time 8.826091006461768
Simulation arrived at time 8.835401121326642
Simulation arrived at time 8.837457656865165
Simulation arrived at time 8.842205273525682
Simulation arrived at time 8.84632164188775
Simulation arrived at time 8.84728359818559
Simulation arrived at time 8.85600821842267
Simulation arrived at time 8.859153004728178
Simulation arrived at time 8.868112617163288
Simulation arrived at time 8.876078223145276
Simulation arrived at time 8.881004018731709
Simulation arrived at time 8.881564984732357
Simulation arrived at time 8.883578778084425
Simulation arrived at time 8.886739157694345
Simulation arrived at time 8.888113086119104
Simulation arrived at time 8.890562131298859
Simulation arrived at time 8.891463669652861
Simulation arrived at time 8.891739403554485
Simulation arrived at time 8.892328794239537
Simulation arrived at time 8.89279228977473
Simulation arrived at time 8.901876910716654
Simulation arrived at time 8.90267517575221
Simulation arrived at time 8.903929097779422
Simulation arrived at time 8.906365131950993
Simulation arrived at time 8.909753320056565
Simulation arrived at time 8.910126004978336
Simulation arrived at time 8.914054916539461
Simulation arrived at time 8.914266249276434
Simulation arrived at time 8.916318924517705
Simulation arrived at time 8.918962164993884
Simulation arrived at time 8.919317410470448
Simulation arrived at time 8.92009408182417
Simulation arrived at time 8.923461669883212
Simulation arrived at time 8.926449455736956
Simulation arrived at time 8.926857720098269
Simulation arrived at time 8.92694771533496
Simulation arrived at time 8.935500824990005
Simulation arrived at time 8.944288978842941
Simulation arrived at time 8.958177046026247
Simulation arrived at time 8.95901160898646
Simulation arrived at time 8.9681525816467
Simulation arrived at time 8.968784582977177
Simulation arrived at time 8.974324775836092
Simulation arrived at time 8.978730257075394
Simulation arrived at time 8.984831009687053
Simulation arrived at time 8.985664571106282
Simulation arrived at time 8.988552421611503
Simulation arrived at time 8.990642182425912
Simulation arrived at time 8.994843394411228
Simulation arrived at time 8.996412012148184
Simulation arrived at time 8.996769604161239
Simulation arrived at time 9.000269759224832
Simulation arrived at time 9.001486914607566
Simulation arrived at time 9.00203937807036
Simulation arrived at time 9.00648128562991
Simulation arrived at time 9.031252744973495
Simulation arrived at time 9.031696244103259
Simulation arrived at time 9.033601115337952
Simulation arrived at time 9.03387379383246
Simulation arrived at time 9.040885091671049
Simulation arrived at time 9.04641074124559
Simulation arrived at time 9.06129194106636
Simulation arrived at time 9.063299354373129
Simulation arrived at time 9.066316827413116
Simulation arrived at time 9.06648863277478
Simulation arrived at time 9.06819648362123
Simulation arrived at time 9.068736298057953
Simulation arrived at time 9.068896558479338
Simulation arrived at time 9.078428113224668
Simulation arrived at time 9.081842873436363
Simulation arrived at time 9.091356264935179
Simulation arrived at time 9.093136285813825
Simulation arrived at time 9.09672807592093
Simulation arrived at time 9.100449520094207
Simulation arrived at time 9.103702815422897
Simulation arrived at time 9.105636781549201
Simulation arrived at time 9.122884736300612
Simulation arrived at time 9.130689969592678
Simulation arrived at time 9.131058488198354
Simulation arrived at time 9.131269446964975
Simulation arrived at time 9.137207180175288
Simulation arrived at time 9.138255519377841
Simulation arrived at time 9.138449036488442
Simulation arrived at time 9.13949851257136
Simulation arrived at time 9.14154620102599
Simulation arrived at time 9.141711005726632
Simulation arrived at time 9.143955510627556
Simulation arrived at time 9.14462040111741
Simulation arrived at time 9.14730650821989
Simulation arrived at time 9.149930485107252
Simulation arrived at time 9.153371226109003
Simulation arrived at time 9.153649422815475
Simulation arrived at time 9.155472995104256
Simulation arrived at time 9.161339201902264
Simulation arrived at time 9.163100832813134
Simulation arrived at time 9.166652911509296
Simulation arrived at time 9.171807654857385
Simulation arrived at time 9.173474669554615
Simulation arrived at time 9.174971837769046
Simulation arrived at time 9.176645998358708
Simulation arrived at time 9.177438599742306
Simulation arrived at time 9.179132830428378
Simulation arrived at time 9.183791557950066
Simulation arrived at time 9.184944701258143
Simulation arrived at time 9.185548858350982
Simulation arrived at time 9.18981623254995
Simulation arrived at time 9.192976000094399
Simulation arrived at time 9.195655347512396
Simulation arrived at time 9.196543337717376
Simulation arrived at time 9.196621070555548
Simulation arrived at time 9.196989178047527
Simulation arrived at time 9.201731740025622
Simulation arrived at time 9.204715224087288
Simulation arrived at time 9.210142618806623
Simulation arrived at time 9.211622209957124
Simulation arrived at time 9.213912516146886
Simulation arrived at time 9.2190370689554
Simulation arrived at time 9.222927050283175
Simulation arrived at time 9.22445259919186
Simulation arrived at time 9.229237612550982
Simulation arrived at time 9.231102786020074
Simulation arrived at time 9.232764630838295
Simulation arrived at time 9.23353939843902
Simulation arrived at time 9.2341817421374
Simulation arrived at time 9.237350477053496
Simulation arrived at time 9.239076326261145
Simulation arrived at time 9.239416711222317
Simulation arrived at time 9.239638890795522
Simulation arrived at time 9.241144734141246
Simulation arrived at time 9.245067871261227
Simulation arrived at time 9.246343467273453
Simulation arrived at time 9.25144738242616
Simulation arrived at time 9.253705607069849
Truncation end condition met at time 9.254541474657108
Writing Newick output...
Writing NEXUS output...
Writing JSON output...
Done.
Done!
