
                        BEAST v2.7.3, 2002-2022
             Bayesian Evolutionary Analysis Sampling Trees
                       Designed and developed by
 Remco Bouckaert, Alexei J. Drummond, Andrew Rambaut & Marc A. Suchard
                                    
                   Centre for Computational Evolution
                         University of Auckland
                       r.bouckaert@auckland.ac.nz
                        alexei@cs.auckland.ac.nz
                                    
                   Institute of Evolutionary Biology
                        University of Edinburgh
                           a.rambaut@ed.ac.uk
                                    
                    David Geffen School of Medicine
                 University of California, Los Angeles
                           msuchard@ucla.edu
                                    
                      Downloads, Help & Resources:
                           http://beast2.org/
                                    
  Source code distributed under the GNU Lesser General Public License:
                   http://github.com/CompEvol/beast2
                                    
                           BEAST developers:
   Alex Alekseyenko, Trevor Bedford, Erik Bloomquist, Joseph Heled, 
 Sebastian Hoehna, Denise Kuehnert, Philippe Lemey, Wai Lok Sibon Li, 
Gerton Lunter, Sidney Markowitz, Vladimir Minin, Michael Defoin Platel, 
          Oliver Pybus, Tim Vaughan, Chieh-Hsi Wu, Walter Xie
                                    
                               Thanks to:
          Roald Forsberg, Beth Shapiro and Korbinian Strimmer

Random number seed: 1687028835742

File: sim.9.xml seed: 1687028835742 threads: 1
Loading package BEAST.base v2.7.3 MASTER v7.0.0 BEAST.app v2.7.3    
Assembling model...
Setting up populations... done.
Setting up reactions... Between-region speciation... Between-region speciation... Between-region speciation... Between-region speciation... Between-region speciation... Between-region speciation... Between-region speciation... Between-region speciation... Between-region speciation... Between-region speciation... Between-region speciation... Between-region speciation... Dispersal... Dispersal... Dispersal... Dispersal... Dispersal... Dispersal... Dispersal... Dispersal... Dispersal... Extinction... Extinction... Extinction... Extirpation... Extirpation... Extirpation... Extirpation... Extirpation... Extirpation... Extirpation... Extirpation... Extirpation... Within-region speciation... Within-region speciation... Within-region speciation... Within-region speciation... Within-region speciation... Within-region speciation... Within-region speciation... Within-region speciation... Within-region speciation... Within-region speciation... Within-region speciation... Within-region speciation... done.
Model assembled.
Generating inheritance trajectory 1 of 1
Simulation arrived at time 0.0
Simulation arrived at time 0.09954497219708788
Simulation arrived at time 0.19472351575682684
Simulation arrived at time 0.31569995464629075
Simulation arrived at time 0.7267966471907961
Simulation arrived at time 0.8606438601662513
Simulation arrived at time 0.9203566619596304
Simulation arrived at time 1.0270947445048393
Simulation arrived at time 1.2867432374959298
Simulation arrived at time 1.4548654100717102
Simulation arrived at time 1.5377462034492873
Simulation arrived at time 1.6049795402345552
Simulation arrived at time 1.661148517693944
Simulation arrived at time 2.005845216001516
Simulation arrived at time 2.103139106957049
Simulation arrived at time 2.1724925428868547
Simulation arrived at time 2.2192682345638155
Simulation arrived at time 2.283288937989443
Simulation arrived at time 2.364815359264585
Simulation arrived at time 2.428758498637319
Simulation arrived at time 2.5015015948311223
Simulation arrived at time 2.510097947460961
Simulation arrived at time 2.5414381003427646
Simulation arrived at time 2.5469223366573384
Simulation arrived at time 2.6409601046798885
Simulation arrived at time 2.6476417989539325
Simulation arrived at time 2.6797540396608377
Simulation arrived at time 2.7384384104388255
Simulation arrived at time 2.7930038572640226
Simulation arrived at time 2.8960524195509056
Simulation arrived at time 2.9157793198453414
Simulation arrived at time 2.9206066813271856
Simulation arrived at time 2.93012484819807
Simulation arrived at time 2.9414917069668634
Simulation arrived at time 2.9607906058069235
Simulation arrived at time 2.961018294284235
Simulation arrived at time 2.9773410531632605
Simulation arrived at time 2.9779145016994244
Simulation arrived at time 2.9814969190715273
Simulation arrived at time 2.9978865195624196
Simulation arrived at time 3.029475410975278
Simulation arrived at time 3.0364824172853724
Simulation arrived at time 3.0668021497098863
Simulation arrived at time 3.072532163495279
Simulation arrived at time 3.1181031152640517
Simulation arrived at time 3.129350169115613
Simulation arrived at time 3.1803540145297022
Simulation arrived at time 3.2020917325059544
Simulation arrived at time 3.23086114430967
Simulation arrived at time 3.2621997263198343
Simulation arrived at time 3.2629497410483537
Simulation arrived at time 3.2773994675985194
Simulation arrived at time 3.306743782487605
Simulation arrived at time 3.324243818285623
Simulation arrived at time 3.368461054295434
Simulation arrived at time 3.374502466195916
Simulation arrived at time 3.3835194433340745
Simulation arrived at time 3.4888520294283873
Simulation arrived at time 3.4960779963191086
Simulation arrived at time 3.5067799568949245
Simulation arrived at time 3.5109309696877546
Simulation arrived at time 3.512147010822238
Simulation arrived at time 3.540466617201601
Simulation arrived at time 3.5425190150339887
Simulation arrived at time 3.5673155244379195
Simulation arrived at time 3.596572729798567
Simulation arrived at time 3.6184307410796706
Simulation arrived at time 3.6308892467746254
Simulation arrived at time 3.6408884628945444
Simulation arrived at time 3.659553070357575
Simulation arrived at time 3.674829992858049
Simulation arrived at time 3.6833398559451536
Simulation arrived at time 3.693407828751343
Simulation arrived at time 3.7676693645641404
Simulation arrived at time 3.7698089586686847
Simulation arrived at time 3.782146682373983
Simulation arrived at time 3.8130388492812077
Simulation arrived at time 3.834850911696645
Simulation arrived at time 3.8385362699998256
Simulation arrived at time 3.8796537555343966
Simulation arrived at time 3.8929463825894435
Simulation arrived at time 3.914967242366818
Simulation arrived at time 3.9182887553822145
Simulation arrived at time 3.9326497110453307
Simulation arrived at time 3.944380188762695
Simulation arrived at time 3.9630052999850527
Simulation arrived at time 3.965323311108735
Simulation arrived at time 3.9710425279009094
Simulation arrived at time 3.9772895969053708
Simulation arrived at time 3.9781256675863554
Simulation arrived at time 3.9799966539935454
Simulation arrived at time 3.984790734765086
Simulation arrived at time 4.015163526420726
Simulation arrived at time 4.0296501965159175
Simulation arrived at time 4.035898637784699
Simulation arrived at time 4.046723631819875
Simulation arrived at time 4.054272824349554
Simulation arrived at time 4.060224312638035
Simulation arrived at time 4.074151222231033
Simulation arrived at time 4.08309852633051
Simulation arrived at time 4.086244891901974
Simulation arrived at time 4.090044703531894
Simulation arrived at time 4.096073748618169
Simulation arrived at time 4.104006211599665
Simulation arrived at time 4.121241796983359
Simulation arrived at time 4.130813644210409
Simulation arrived at time 4.134496714123709
Simulation arrived at time 4.148454888839585
Simulation arrived at time 4.155525193288368
Simulation arrived at time 4.161182919281189
Simulation arrived at time 4.166393092511044
Simulation arrived at time 4.209656125039136
Simulation arrived at time 4.211897405768416
Simulation arrived at time 4.242004212966609
Simulation arrived at time 4.2449090475235725
Simulation arrived at time 4.256585306260657
Simulation arrived at time 4.26143356801315
Simulation arrived at time 4.269071250066288
Simulation arrived at time 4.286848333030447
Simulation arrived at time 4.293609127417785
Simulation arrived at time 4.3145056916170805
Simulation arrived at time 4.317154956105587
Simulation arrived at time 4.324570884846013
Simulation arrived at time 4.328961604754041
Simulation arrived at time 4.341201634881276
Simulation arrived at time 4.344235055746058
Simulation arrived at time 4.345465659878134
Simulation arrived at time 4.350544987495956
Simulation arrived at time 4.364715628221378
Simulation arrived at time 4.369964565426524
Simulation arrived at time 4.377712272887754
Simulation arrived at time 4.382339676704924
Simulation arrived at time 4.3836942917839
Simulation arrived at time 4.385380757498449
Simulation arrived at time 4.4024687113750645
Simulation arrived at time 4.403297011635009
Simulation arrived at time 4.418162941500549
Simulation arrived at time 4.438833368015466
Simulation arrived at time 4.440822112142439
Simulation arrived at time 4.442466735073777
Simulation arrived at time 4.444063935831116
Simulation arrived at time 4.446044336887568
Simulation arrived at time 4.455338736379445
Simulation arrived at time 4.456214952914922
Simulation arrived at time 4.458301464689384
Simulation arrived at time 4.466223019896854
Simulation arrived at time 4.471522787629626
Simulation arrived at time 4.476401119564193
Simulation arrived at time 4.484097135355262
Simulation arrived at time 4.491794854209491
Simulation arrived at time 4.498176276054863
Simulation arrived at time 4.507091225079277
Simulation arrived at time 4.510163018557208
Simulation arrived at time 4.5236275948473885
Simulation arrived at time 4.5469333768657485
Simulation arrived at time 4.553312709826996
Simulation arrived at time 4.574906521628867
Simulation arrived at time 4.5802071604164425
Simulation arrived at time 4.595411119266271
Simulation arrived at time 4.604004898413712
Simulation arrived at time 4.608043887376081
Simulation arrived at time 4.614787024531198
Simulation arrived at time 4.623769067371107
Simulation arrived at time 4.625766504026963
Simulation arrived at time 4.631714420725198
Simulation arrived at time 4.6332552568639604
Simulation arrived at time 4.636439858734759
Simulation arrived at time 4.663268484419789
Simulation arrived at time 4.671289800484085
Simulation arrived at time 4.679420237367685
Simulation arrived at time 4.682253681179044
Simulation arrived at time 4.688454193171057
Simulation arrived at time 4.689143681493384
Simulation arrived at time 4.69976121319248
Simulation arrived at time 4.703253218029178
Simulation arrived at time 4.714727828542959
Simulation arrived at time 4.723416622851749
Simulation arrived at time 4.72439077608246
Simulation arrived at time 4.729938767181913
Simulation arrived at time 4.736295999782957
Simulation arrived at time 4.73658486419948
Simulation arrived at time 4.761704773106924
Simulation arrived at time 4.762375161890884
Simulation arrived at time 4.773409466402981
Simulation arrived at time 4.7756717648949625
Simulation arrived at time 4.781835556785332
Simulation arrived at time 4.790908964006343
Simulation arrived at time 4.799170448131403
Simulation arrived at time 4.808928025482039
Simulation arrived at time 4.811212893611307
Simulation arrived at time 4.815874481927913
Simulation arrived at time 4.8263098157473925
Simulation arrived at time 4.829598832351248
Simulation arrived at time 4.837066330381821
Simulation arrived at time 4.853117824550703
Simulation arrived at time 4.864736396314025
Simulation arrived at time 4.882011988346871
Simulation arrived at time 4.883048173762878
Simulation arrived at time 4.930648877826426
Simulation arrived at time 4.934269183066453
Simulation arrived at time 4.950371296295413
Simulation arrived at time 4.95392532525119
Simulation arrived at time 4.96482832443034
Simulation arrived at time 4.970532844583469
Simulation arrived at time 4.970655232857175
Simulation arrived at time 4.970982988834224
Simulation arrived at time 4.975041181950196
Simulation arrived at time 4.985447894230687
Simulation arrived at time 4.993501012217595
Simulation arrived at time 5.001906622100469
Simulation arrived at time 5.0278514636338985
Simulation arrived at time 5.033074206752122
Simulation arrived at time 5.05014071531248
Simulation arrived at time 5.057465949665634
Simulation arrived at time 5.058252755852093
Simulation arrived at time 5.059794458670346
Simulation arrived at time 5.065383914251702
Simulation arrived at time 5.0814177334322785
Simulation arrived at time 5.082186111548038
Simulation arrived at time 5.095905961625476
Simulation arrived at time 5.100976626787025
Simulation arrived at time 5.11029892341751
Simulation arrived at time 5.12406266536929
Simulation arrived at time 5.126339629325551
Simulation arrived at time 5.129873611921289
Simulation arrived at time 5.1510195110080375
Simulation arrived at time 5.151349029895896
Simulation arrived at time 5.151529892818594
Simulation arrived at time 5.155055031591598
Simulation arrived at time 5.159393357632415
Simulation arrived at time 5.159696926770498
Simulation arrived at time 5.161617485043516
Simulation arrived at time 5.165131674453686
Simulation arrived at time 5.175962728427516
Simulation arrived at time 5.178299724068123
Simulation arrived at time 5.178665711059988
Simulation arrived at time 5.179134374404469
Simulation arrived at time 5.192776695346671
Simulation arrived at time 5.195691064057607
Simulation arrived at time 5.195808125638309
Simulation arrived at time 5.211248215928185
Simulation arrived at time 5.216186235828211
Simulation arrived at time 5.218052793986183
Simulation arrived at time 5.219377038713394
Simulation arrived at time 5.22014736117259
Simulation arrived at time 5.223607333454175
Simulation arrived at time 5.226879916781192
Simulation arrived at time 5.2278344686176395
Simulation arrived at time 5.232209243953221
Simulation arrived at time 5.233200385283358
Simulation arrived at time 5.240553345007329
Simulation arrived at time 5.245601828942924
Simulation arrived at time 5.247804448903947
Simulation arrived at time 5.2482951202884705
Simulation arrived at time 5.251072894324453
Simulation arrived at time 5.252561028456282
Simulation arrived at time 5.258333739456907
Simulation arrived at time 5.260418966792641
Simulation arrived at time 5.283277673345649
Simulation arrived at time 5.290658333546226
Simulation arrived at time 5.290808077632128
Simulation arrived at time 5.300980696865728
Simulation arrived at time 5.306232388960144
Simulation arrived at time 5.3073087459091255
Simulation arrived at time 5.325342748176241
Simulation arrived at time 5.3283258306261825
Simulation arrived at time 5.330159607045993
Simulation arrived at time 5.331271448040902
Simulation arrived at time 5.331977019283281
Simulation arrived at time 5.331996255439923
Simulation arrived at time 5.338828589187001
Simulation arrived at time 5.342824498719736
Simulation arrived at time 5.347734168371646
Simulation arrived at time 5.34994165636574
Simulation arrived at time 5.368379438000107
Simulation arrived at time 5.369839090591098
Simulation arrived at time 5.380602099666914
Simulation arrived at time 5.388548435205964
Simulation arrived at time 5.391435652956131
Simulation arrived at time 5.403525684317242
Simulation arrived at time 5.4105575252945535
Simulation arrived at time 5.4106505750091305
Simulation arrived at time 5.412061075202852
Simulation arrived at time 5.41764866780056
Simulation arrived at time 5.419441435790472
Simulation arrived at time 5.421696655374893
Simulation arrived at time 5.425219288613174
Simulation arrived at time 5.425428016123184
Simulation arrived at time 5.426410650513281
Simulation arrived at time 5.433104946014153
Simulation arrived at time 5.4334268212368
Simulation arrived at time 5.4463074657114605
Simulation arrived at time 5.453669566869722
Simulation arrived at time 5.454416385143078
Simulation arrived at time 5.45461109860452
Simulation arrived at time 5.45659775943783
Simulation arrived at time 5.458869888254985
Simulation arrived at time 5.4686396191971225
Simulation arrived at time 5.471751542485913
Simulation arrived at time 5.477261493553877
Simulation arrived at time 5.490677579638503
Simulation arrived at time 5.496579052652968
Simulation arrived at time 5.5075498976520025
Simulation arrived at time 5.508194350047024
Simulation arrived at time 5.511292727910522
Simulation arrived at time 5.515915391483896
Simulation arrived at time 5.520629312855371
Simulation arrived at time 5.525416435211097
Simulation arrived at time 5.530789250544293
Simulation arrived at time 5.532088277588288
Simulation arrived at time 5.533699505303667
Simulation arrived at time 5.534069992939135
Simulation arrived at time 5.541187725750706
Simulation arrived at time 5.542741229709745
Simulation arrived at time 5.557316812198009
Simulation arrived at time 5.557523859188947
Simulation arrived at time 5.570930672777344
Simulation arrived at time 5.572252498247706
Simulation arrived at time 5.581127948116181
Simulation arrived at time 5.581856929085472
Simulation arrived at time 5.5883866481694655
Simulation arrived at time 5.589295271602223
Simulation arrived at time 5.590867460203883
Simulation arrived at time 5.59264245650055
Simulation arrived at time 5.596119415750294
Simulation arrived at time 5.596215251992044
Simulation arrived at time 5.5979842472078785
Simulation arrived at time 5.600475973345498
Simulation arrived at time 5.6007232047337645
Simulation arrived at time 5.601949003462243
Simulation arrived at time 5.6124486072069875
Simulation arrived at time 5.6221179203729355
Simulation arrived at time 5.627581890114333
Simulation arrived at time 5.62872405065798
Simulation arrived at time 5.629882448650328
Simulation arrived at time 5.638042034665491
Simulation arrived at time 5.638690031462067
Simulation arrived at time 5.643441520236581
Simulation arrived at time 5.646198101763826
Simulation arrived at time 5.657664013033463
Simulation arrived at time 5.6616612461207545
Simulation arrived at time 5.664822463748192
Simulation arrived at time 5.677633844885935
Simulation arrived at time 5.682381350126894
Simulation arrived at time 5.682991349868889
Simulation arrived at time 5.684974892088329
Simulation arrived at time 5.699596994974929
Simulation arrived at time 5.702768673826959
Simulation arrived at time 5.704651232321836
Simulation arrived at time 5.711366201872199
Simulation arrived at time 5.720640240765196
Simulation arrived at time 5.722478943482512
Simulation arrived at time 5.736493523018259
Simulation arrived at time 5.73877105651181
Simulation arrived at time 5.748126933770622
Simulation arrived at time 5.750109946508936
Simulation arrived at time 5.755084636940259
Simulation arrived at time 5.765830616754718
Simulation arrived at time 5.769176231740118
Simulation arrived at time 5.7707094228126845
Simulation arrived at time 5.775621008082136
Simulation arrived at time 5.779012610927909
Simulation arrived at time 5.78742051618185
Simulation arrived at time 5.787979548484512
Simulation arrived at time 5.802385494113699
Simulation arrived at time 5.804236363315051
Simulation arrived at time 5.805914183823357
Simulation arrived at time 5.806414618688774
Simulation arrived at time 5.809253181337153
Simulation arrived at time 5.822510323137137
Simulation arrived at time 5.824264919323457
Simulation arrived at time 5.824424068410567
Simulation arrived at time 5.827507349771876
Simulation arrived at time 5.831232767192957
Simulation arrived at time 5.833151663245756
Simulation arrived at time 5.834856076786882
Simulation arrived at time 5.839088794096723
Simulation arrived at time 5.844103109155249
Simulation arrived at time 5.84499446463048
Simulation arrived at time 5.846278495327524
Simulation arrived at time 5.851692180553376
Simulation arrived at time 5.8555236122573735
Simulation arrived at time 5.858602281773528
Simulation arrived at time 5.861246767028234
Simulation arrived at time 5.864139327619506
Simulation arrived at time 5.866001052473374
Simulation arrived at time 5.875071410543687
Simulation arrived at time 5.877656400584067
Simulation arrived at time 5.8848352485712105
Simulation arrived at time 5.884935489127708
Simulation arrived at time 5.885396114680167
Simulation arrived at time 5.885514959427494
Simulation arrived at time 5.886301136821946
Simulation arrived at time 5.887717221248377
Simulation arrived at time 5.8887709933252905
Simulation arrived at time 5.89057603904613
Simulation arrived at time 5.89160747428997
Simulation arrived at time 5.893832392132681
Simulation arrived at time 5.901513965729824
Simulation arrived at time 5.9018720897394035
Simulation arrived at time 5.903014246094537
Simulation arrived at time 5.904212444794803
Simulation arrived at time 5.904909919868859
Simulation arrived at time 5.905269306603597
Simulation arrived at time 5.915202770214668
Simulation arrived at time 5.919566414435428
Simulation arrived at time 5.919709189748254
Simulation arrived at time 5.921389109401724
Simulation arrived at time 5.922621909314002
Simulation arrived at time 5.926344693336084
Simulation arrived at time 5.926430009768238
Simulation arrived at time 5.930907024073488
Simulation arrived at time 5.933849095821856
Simulation arrived at time 5.933900434088896
Simulation arrived at time 5.935034534803462
Simulation arrived at time 5.9371961810896385
Simulation arrived at time 5.93950238795144
Simulation arrived at time 5.940068600328684
Simulation arrived at time 5.941738096495386
Simulation arrived at time 5.943827957384421
Simulation arrived at time 5.949365184703846
Simulation arrived at time 5.955122990860159
Simulation arrived at time 5.957088640057037
Simulation arrived at time 5.96151280443323
Simulation arrived at time 5.964707939006462
Simulation arrived at time 5.965561086967698
Simulation arrived at time 5.967552928980355
Simulation arrived at time 5.9682365859267374
Simulation arrived at time 5.970371781538936
Simulation arrived at time 5.970694378913908
Simulation arrived at time 5.978615625491481
Simulation arrived at time 5.985293889630604
Simulation arrived at time 5.994620259033129
Simulation arrived at time 5.994632284489114
Simulation arrived at time 5.9967270019809655
Simulation arrived at time 6.003146275038103
Simulation arrived at time 6.003941057841655
Simulation arrived at time 6.0061521495734755
Simulation arrived at time 6.009235890276699
Simulation arrived at time 6.011015909652328
Simulation arrived at time 6.01120953480624
Simulation arrived at time 6.013031339605591
Simulation arrived at time 6.013552051506465
Simulation arrived at time 6.014905649914667
Simulation arrived at time 6.0161469023275425
Simulation arrived at time 6.01756300572267
Simulation arrived at time 6.0206493756166894
Simulation arrived at time 6.021614787844095
Simulation arrived at time 6.0253891317889865
Simulation arrived at time 6.027180708526524
Simulation arrived at time 6.027637448043315
Simulation arrived at time 6.034190428096714
Simulation arrived at time 6.035029335529217
Simulation arrived at time 6.036817964283676
Simulation arrived at time 6.0409236550872425
Simulation arrived at time 6.044777191732615
Simulation arrived at time 6.0513285983307075
Simulation arrived at time 6.054095995687056
Simulation arrived at time 6.057369860328039
Simulation arrived at time 6.057845224935398
Simulation arrived at time 6.05833991444656
Simulation arrived at time 6.071713922384002
Simulation arrived at time 6.076575985555807
Simulation arrived at time 6.076899167190967
Simulation arrived at time 6.077070272196249
Simulation arrived at time 6.07793249299475
Simulation arrived at time 6.0808734163992835
Simulation arrived at time 6.082073636589882
Simulation arrived at time 6.083473566652658
Simulation arrived at time 6.083998978928631
Simulation arrived at time 6.0868574268884
Simulation arrived at time 6.087367732971077
Simulation arrived at time 6.088986348128479
Simulation arrived at time 6.092280271886765
Simulation arrived at time 6.093394130330327
Simulation arrived at time 6.09561826549147
Simulation arrived at time 6.096454614575384
Simulation arrived at time 6.098457291820687
Simulation arrived at time 6.100467123530993
Simulation arrived at time 6.10449686763602
Simulation arrived at time 6.105115849318913
Simulation arrived at time 6.106418227635569
Simulation arrived at time 6.107496386516602
Simulation arrived at time 6.116885849475657
Simulation arrived at time 6.117433714215705
Simulation arrived at time 6.119195180569116
Simulation arrived at time 6.123693155179309
Simulation arrived at time 6.12497096912088
Simulation arrived at time 6.126594627471141
Simulation arrived at time 6.128785217083829
Simulation arrived at time 6.13108269069783
Simulation arrived at time 6.13318489016988
Simulation arrived at time 6.134132922158493
Simulation arrived at time 6.138474668734922
Simulation arrived at time 6.1401901330081134
Simulation arrived at time 6.140430424381873
Simulation arrived at time 6.141490306898486
Simulation arrived at time 6.142531299320141
Simulation arrived at time 6.143008438801211
Simulation arrived at time 6.143083171657359
Simulation arrived at time 6.1470649861656295
Simulation arrived at time 6.149163254180703
Simulation arrived at time 6.149252646157424
Simulation arrived at time 6.1519060455998975
Simulation arrived at time 6.153364896655749
Simulation arrived at time 6.154091458405603
Simulation arrived at time 6.15522172408527
Simulation arrived at time 6.1572921545674975
Simulation arrived at time 6.161014039356307
Simulation arrived at time 6.16206267120318
Simulation arrived at time 6.169285323702149
Simulation arrived at time 6.170703518307893
Simulation arrived at time 6.1728644208298
Simulation arrived at time 6.173887382312155
Simulation arrived at time 6.176188536169502
Simulation arrived at time 6.176591092837337
Simulation arrived at time 6.179080449760926
Simulation arrived at time 6.182382151024368
Simulation arrived at time 6.187178037580733
Simulation arrived at time 6.188329634255152
Simulation arrived at time 6.192853736579821
Simulation arrived at time 6.1928581448090325
Simulation arrived at time 6.193122671906387
Simulation arrived at time 6.194119679824
Simulation arrived at time 6.194730484472129
Simulation arrived at time 6.196305608907808
Simulation arrived at time 6.196311865999012
Simulation arrived at time 6.196390390185829
Simulation arrived at time 6.198291590627521
Simulation arrived at time 6.199033355228293
Simulation arrived at time 6.199035516875757
Simulation arrived at time 6.206329760073999
Simulation arrived at time 6.216434599622713
Simulation arrived at time 6.21685514889724
Simulation arrived at time 6.224783715016984
Simulation arrived at time 6.225482976609774
Simulation arrived at time 6.22764728804092
Simulation arrived at time 6.228313828554703
Simulation arrived at time 6.2310086194751575
Simulation arrived at time 6.232969848067356
Simulation arrived at time 6.233021441076071
Simulation arrived at time 6.235413832590997
Simulation arrived at time 6.236697742216847
Simulation arrived at time 6.243478763404485
Simulation arrived at time 6.245036029324257
Simulation arrived at time 6.249966864603413
Simulation arrived at time 6.252022116197927
Simulation arrived at time 6.2555014572549545
Simulation arrived at time 6.2576827821850864
Simulation arrived at time 6.263152957107322
Simulation arrived at time 6.263421926987602
Simulation arrived at time 6.264146044414298
Simulation arrived at time 6.267038029625426
Simulation arrived at time 6.269799217841142
Simulation arrived at time 6.270614543506359
Simulation arrived at time 6.271199380816917
Simulation arrived at time 6.274273175043077
Simulation arrived at time 6.275154807551935
Simulation arrived at time 6.276009480860552
Simulation arrived at time 6.279728239619738
Simulation arrived at time 6.280288525727704
Simulation arrived at time 6.281820490165972
Simulation arrived at time 6.2842982402796554
Simulation arrived at time 6.284770057660782
Simulation arrived at time 6.286296457195329
Simulation arrived at time 6.292388438648753
Simulation arrived at time 6.293991182013564
Simulation arrived at time 6.295170184874488
Simulation arrived at time 6.301364455713562
Simulation arrived at time 6.303439927607409
Simulation arrived at time 6.304784167159731
Simulation arrived at time 6.305973692303562
Simulation arrived at time 6.3060856911839025
Simulation arrived at time 6.312108532369899
Simulation arrived at time 6.312156063230146
Simulation arrived at time 6.313464863770545
Simulation arrived at time 6.315393454616176
Simulation arrived at time 6.317079317796332
Simulation arrived at time 6.31827518874128
Simulation arrived at time 6.318538044201376
Simulation arrived at time 6.325390942644509
Simulation arrived at time 6.3262723759244865
Simulation arrived at time 6.326641761782033
Simulation arrived at time 6.328167520490835
Simulation arrived at time 6.32825072580009
Simulation arrived at time 6.329013834608094
Simulation arrived at time 6.333292611120704
Simulation arrived at time 6.334979475381395
Simulation arrived at time 6.340146460295334
Simulation arrived at time 6.341700354139893
Simulation arrived at time 6.341815584376263
Simulation arrived at time 6.344008992519177
Simulation arrived at time 6.349685389940292
Simulation arrived at time 6.350276892499233
Simulation arrived at time 6.358277925394002
Simulation arrived at time 6.367294374211824
Simulation arrived at time 6.369411731529014
Simulation arrived at time 6.374421494209878
Simulation arrived at time 6.377496409896819
Simulation arrived at time 6.377806002772031
Simulation arrived at time 6.382063437355727
Simulation arrived at time 6.3822745844567335
Simulation arrived at time 6.386061039869096
Simulation arrived at time 6.387115334863647
Simulation arrived at time 6.387424485902623
Simulation arrived at time 6.38975907690699
Simulation arrived at time 6.393647057541188
Simulation arrived at time 6.394169811737952
Simulation arrived at time 6.395535792615769
Simulation arrived at time 6.395911908939203
Simulation arrived at time 6.397719287921237
Simulation arrived at time 6.398479379123667
Simulation arrived at time 6.402051551753075
Simulation arrived at time 6.403510089269228
Simulation arrived at time 6.406515460527212
Simulation arrived at time 6.408081558204417
Simulation arrived at time 6.411578020061606
Simulation arrived at time 6.416276700320804
Simulation arrived at time 6.418110238541592
Simulation arrived at time 6.4212991525422405
Simulation arrived at time 6.421483671883381
Simulation arrived at time 6.42241545559744
Simulation arrived at time 6.426529341771013
Simulation arrived at time 6.429445376491307
Simulation arrived at time 6.433546505461473
Simulation arrived at time 6.435446997847768
Simulation arrived at time 6.435976336517997
Simulation arrived at time 6.43770364675708
Simulation arrived at time 6.438310953048143
Simulation arrived at time 6.439848004905982
Simulation arrived at time 6.441087440209245
Simulation arrived at time 6.441596409579182
Simulation arrived at time 6.444621425037685
Simulation arrived at time 6.445280900968637
Simulation arrived at time 6.448053447250076
Simulation arrived at time 6.450164173286884
Simulation arrived at time 6.450191678052925
Simulation arrived at time 6.4506002026083955
Simulation arrived at time 6.451896361120344
Simulation arrived at time 6.452262050606731
Simulation arrived at time 6.4553459609642
Simulation arrived at time 6.461491213275475
Simulation arrived at time 6.461823995403827
Truncation end condition met at time 6.462730010360402
Writing Newick output...
Writing NEXUS output...
Writing JSON output...
Done.
Done!
