
                        BEAST v2.7.3, 2002-2022
             Bayesian Evolutionary Analysis Sampling Trees
                       Designed and developed by
 Remco Bouckaert, Alexei J. Drummond, Andrew Rambaut & Marc A. Suchard
                                    
                   Centre for Computational Evolution
                         University of Auckland
                       r.bouckaert@auckland.ac.nz
                        alexei@cs.auckland.ac.nz
                                    
                   Institute of Evolutionary Biology
                        University of Edinburgh
                           a.rambaut@ed.ac.uk
                                    
                    David Geffen School of Medicine
                 University of California, Los Angeles
                           msuchard@ucla.edu
                                    
                      Downloads, Help & Resources:
                           http://beast2.org/
                                    
  Source code distributed under the GNU Lesser General Public License:
                   http://github.com/CompEvol/beast2
                                    
                           BEAST developers:
   Alex Alekseyenko, Trevor Bedford, Erik Bloomquist, Joseph Heled, 
 Sebastian Hoehna, Denise Kuehnert, Philippe Lemey, Wai Lok Sibon Li, 
Gerton Lunter, Sidney Markowitz, Vladimir Minin, Michael Defoin Platel, 
          Oliver Pybus, Tim Vaughan, Chieh-Hsi Wu, Walter Xie
                                    
                               Thanks to:
          Roald Forsberg, Beth Shapiro and Korbinian Strimmer

Random number seed: 1687028835669

File: sim.3.xml seed: 1687028835669 threads: 1
Loading package BEAST.base v2.7.3 MASTER v7.0.0 BEAST.app v2.7.3    
Assembling model...
Setting up populations... done.
Setting up reactions... Between-region speciation... Between-region speciation... Between-region speciation... Between-region speciation... Between-region speciation... Between-region speciation... Between-region speciation... Between-region speciation... Between-region speciation... Between-region speciation... Between-region speciation... Between-region speciation... Extinction... Extinction... Extinction... Dispersal... Dispersal... Dispersal... Dispersal... Dispersal... Dispersal... Dispersal... Dispersal... Dispersal... Extirpation... Extirpation... Extirpation... Extirpation... Extirpation... Extirpation... Extirpation... Extirpation... Extirpation... Within-region speciation... Within-region speciation... Within-region speciation... Within-region speciation... Within-region speciation... Within-region speciation... Within-region speciation... Within-region speciation... Within-region speciation... Within-region speciation... Within-region speciation... Within-region speciation... done.
Model assembled.
Generating inheritance trajectory 1 of 1
Simulation arrived at time 0.0
Simulation arrived at time 0.4059461080904227
Simulation arrived at time 1.0356340961820698
Simulation arrived at time 2.0733011403360027
Simulation arrived at time 2.2841764285388018
Simulation arrived at time 2.4277677960841775
Simulation arrived at time 2.595034296873511
Simulation arrived at time 7.4737700213376606
Simulation arrived at time 7.644999629570716
Simulation arrived at time 8.185249712305652
Simulation arrived at time 8.250100374074135
Simulation arrived at time 8.418943165089907
Simulation arrived at time 8.923398291655964
Simulation arrived at time 9.243568016013814
Simulation arrived at time 9.362954008384332
Simulation arrived at time 9.416943006372064
Simulation arrived at time 9.640053085134987
Writing Newick output...
Writing NEXUS output...
Writing JSON output...
Done.
Done!
