
                        BEAST v2.7.3, 2002-2022
             Bayesian Evolutionary Analysis Sampling Trees
                       Designed and developed by
 Remco Bouckaert, Alexei J. Drummond, Andrew Rambaut & Marc A. Suchard
                                    
                   Centre for Computational Evolution
                         University of Auckland
                       r.bouckaert@auckland.ac.nz
                        alexei@cs.auckland.ac.nz
                                    
                   Institute of Evolutionary Biology
                        University of Edinburgh
                           a.rambaut@ed.ac.uk
                                    
                    David Geffen School of Medicine
                 University of California, Los Angeles
                           msuchard@ucla.edu
                                    
                      Downloads, Help & Resources:
                           http://beast2.org/
                                    
  Source code distributed under the GNU Lesser General Public License:
                   http://github.com/CompEvol/beast2
                                    
                           BEAST developers:
   Alex Alekseyenko, Trevor Bedford, Erik Bloomquist, Joseph Heled, 
 Sebastian Hoehna, Denise Kuehnert, Philippe Lemey, Wai Lok Sibon Li, 
Gerton Lunter, Sidney Markowitz, Vladimir Minin, Michael Defoin Platel, 
          Oliver Pybus, Tim Vaughan, Chieh-Hsi Wu, Walter Xie
                                    
                               Thanks to:
          Roald Forsberg, Beth Shapiro and Korbinian Strimmer

Random number seed: 1687028835656

File: sim.1.xml seed: 1687028835656 threads: 1
Loading package BEAST.base v2.7.3 MASTER v7.0.0 BEAST.app v2.7.3    
Assembling model...
Setting up populations... done.
Setting up reactions... Within-region speciation... Within-region speciation... Within-region speciation... Within-region speciation... Within-region speciation... Within-region speciation... Within-region speciation... Within-region speciation... Within-region speciation... Within-region speciation... Within-region speciation... Within-region speciation... Extirpation... Extirpation... Extirpation... Extirpation... Extirpation... Extirpation... Extirpation... Extirpation... Extirpation... Extinction... Extinction... Extinction... Dispersal... Dispersal... Dispersal... Dispersal... Dispersal... Dispersal... Dispersal... Dispersal... Dispersal... Between-region speciation... Between-region speciation... Between-region speciation... Between-region speciation... Between-region speciation... Between-region speciation... Between-region speciation... Between-region speciation... Between-region speciation... Between-region speciation... Between-region speciation... Between-region speciation... done.
Model assembled.
Generating inheritance trajectory 1 of 1
Simulation arrived at time 0.0
Simulation arrived at time 0.4051481946971012
Simulation arrived at time 0.4498270012807908
Simulation arrived at time 0.7314254915769967
Simulation arrived at time 0.8780687555176209
Simulation arrived at time 1.0292950146420157
Simulation arrived at time 1.1477417755769705
Simulation arrived at time 1.4477812540010233
Simulation arrived at time 1.5732571714765107
Simulation arrived at time 2.3738969868307818
Simulation arrived at time 2.3867274334424105
Simulation arrived at time 2.555647156528529
Simulation arrived at time 2.6853108028644255
Simulation arrived at time 2.803810441673891
Simulation arrived at time 2.973947742273855
Simulation arrived at time 3.077260312828235
Simulation arrived at time 3.126525499788424
Simulation arrived at time 3.1371249209293515
Simulation arrived at time 3.1890787301655132
Simulation arrived at time 3.2106796672719358
Simulation arrived at time 3.238716399205874
Simulation arrived at time 3.2644675614757763
Simulation arrived at time 3.292551198902777
Simulation arrived at time 3.366817661942606
Simulation arrived at time 3.3930472168998267
Simulation arrived at time 3.402675509771642
Simulation arrived at time 3.420265319138741
Simulation arrived at time 3.5081693564542613
Simulation arrived at time 3.5235730824085194
Simulation arrived at time 3.808139010886035
Simulation arrived at time 3.8205582161008316
Simulation arrived at time 3.8684768667891936
Simulation arrived at time 3.9047225980202005
Simulation arrived at time 3.9212904770651713
Simulation arrived at time 3.9483363866494163
Simulation arrived at time 4.055480494297226
Simulation arrived at time 4.096284428668816
Simulation arrived at time 4.173893788581822
Simulation arrived at time 4.201116798872543
Simulation arrived at time 4.206444214077389
Simulation arrived at time 4.211017659040684
Simulation arrived at time 4.224881486184322
Simulation arrived at time 4.2268374124105295
Simulation arrived at time 4.253084969623594
Simulation arrived at time 4.254994020511315
Simulation arrived at time 4.393405680961572
Simulation arrived at time 4.408351285024432
Simulation arrived at time 4.502147503833879
Simulation arrived at time 4.5025294273673495
Simulation arrived at time 4.5336790035629795
Simulation arrived at time 4.547105086201815
Simulation arrived at time 4.58072648135944
Simulation arrived at time 4.6487553372340376
Simulation arrived at time 4.720839014270495
Simulation arrived at time 4.801919657741818
Simulation arrived at time 4.827149223173021
Simulation arrived at time 4.830679824304857
Simulation arrived at time 4.836723511796738
Simulation arrived at time 4.840723623069096
Simulation arrived at time 4.842277482207938
Simulation arrived at time 4.851836774706797
Simulation arrived at time 4.866591262544998
Simulation arrived at time 4.868094050155895
Simulation arrived at time 4.873403228980926
Simulation arrived at time 4.879729009074668
Simulation arrived at time 4.912891673988186
Simulation arrived at time 4.912919921293321
Simulation arrived at time 4.917378299688737
Simulation arrived at time 4.9768175605745295
Simulation arrived at time 4.98400858892482
Simulation arrived at time 5.005442320314187
Simulation arrived at time 5.015007106317851
Simulation arrived at time 5.043402454909108
Simulation arrived at time 5.055804739816261
Simulation arrived at time 5.12484064877056
Simulation arrived at time 5.159378530645661
Simulation arrived at time 5.181294698649803
Simulation arrived at time 5.196216024455501
Simulation arrived at time 5.210911413539393
Simulation arrived at time 5.225078057878226
Simulation arrived at time 5.2364503143244345
Simulation arrived at time 5.237367391904343
Simulation arrived at time 5.256801942406855
Simulation arrived at time 5.262334020763714
Simulation arrived at time 5.293648049997437
Simulation arrived at time 5.303528268791125
Simulation arrived at time 5.305979843138477
Simulation arrived at time 5.314021648016725
Simulation arrived at time 5.332633430129527
Simulation arrived at time 5.350369906502084
Simulation arrived at time 5.371725853391072
Simulation arrived at time 5.382636852447507
Simulation arrived at time 5.382649696644975
Simulation arrived at time 5.427274802566826
Simulation arrived at time 5.450465607271485
Simulation arrived at time 5.5168480869074425
Simulation arrived at time 5.518833082679923
Simulation arrived at time 5.535922615148204
Simulation arrived at time 5.553229692940358
Simulation arrived at time 5.561470019336027
Simulation arrived at time 5.563829927187724
Simulation arrived at time 5.565735358396378
Simulation arrived at time 5.583843631728005
Simulation arrived at time 5.5885612951346015
Simulation arrived at time 5.594972123505942
Simulation arrived at time 5.5983976422078
Simulation arrived at time 5.618370445195726
Simulation arrived at time 5.677883126375007
Simulation arrived at time 5.692634241105861
Simulation arrived at time 5.724691725310019
Simulation arrived at time 5.7591603053225535
Simulation arrived at time 5.7810287775444635
Simulation arrived at time 5.789845286938163
Simulation arrived at time 5.803530158569233
Simulation arrived at time 5.839415948112602
Simulation arrived at time 5.907855466613079
Simulation arrived at time 5.908285258075433
Simulation arrived at time 5.911468607997572
Simulation arrived at time 5.919181141965129
Simulation arrived at time 5.937522105161341
Simulation arrived at time 5.949856351831467
Simulation arrived at time 5.951583729219945
Simulation arrived at time 5.958482855850785
Simulation arrived at time 5.986609551881491
Simulation arrived at time 6.005462192090552
Simulation arrived at time 6.0110018356131505
Simulation arrived at time 6.016730535148365
Simulation arrived at time 6.024034453097692
Simulation arrived at time 6.038773118521431
Simulation arrived at time 6.039558879946891
Simulation arrived at time 6.043352403158487
Simulation arrived at time 6.049507034344856
Simulation arrived at time 6.061189414006965
Simulation arrived at time 6.067467714603836
Simulation arrived at time 6.079865105686916
Simulation arrived at time 6.080207419395843
Simulation arrived at time 6.081523649162229
Simulation arrived at time 6.089718208482054
Simulation arrived at time 6.091667542668526
Simulation arrived at time 6.117056496892821
Simulation arrived at time 6.1176129841875975
Simulation arrived at time 6.120216295306467
Simulation arrived at time 6.122642526122133
Simulation arrived at time 6.127425990224988
Simulation arrived at time 6.142153949917875
Simulation arrived at time 6.149786100400882
Simulation arrived at time 6.154696575091044
Simulation arrived at time 6.169250445552971
Simulation arrived at time 6.1885602449351165
Simulation arrived at time 6.188580393624267
Simulation arrived at time 6.188920770282129
Simulation arrived at time 6.189732499726997
Simulation arrived at time 6.2239970808587515
Simulation arrived at time 6.224231631856001
Simulation arrived at time 6.229004979695582
Simulation arrived at time 6.232693401926292
Simulation arrived at time 6.233902279842695
Simulation arrived at time 6.239938016486236
Simulation arrived at time 6.241329668652233
Simulation arrived at time 6.2435214391119125
Simulation arrived at time 6.257646582614671
Simulation arrived at time 6.266322638994594
Simulation arrived at time 6.281269586511947
Simulation arrived at time 6.282430861861702
Simulation arrived at time 6.292941204587902
Simulation arrived at time 6.298288208314454
Simulation arrived at time 6.311434835247897
Simulation arrived at time 6.312926518765718
Simulation arrived at time 6.330457052585341
Simulation arrived at time 6.364701186162671
Simulation arrived at time 6.376400219888638
Simulation arrived at time 6.3782718727965415
Simulation arrived at time 6.380275790522948
Simulation arrived at time 6.388864751775221
Simulation arrived at time 6.389483064066974
Simulation arrived at time 6.40120163323575
Simulation arrived at time 6.405900010504653
Simulation arrived at time 6.434659800657225
Simulation arrived at time 6.44893144548312
Simulation arrived at time 6.451102823412719
Simulation arrived at time 6.453316099529677
Simulation arrived at time 6.45862973164198
Simulation arrived at time 6.467353523335522
Simulation arrived at time 6.468868792373881
Simulation arrived at time 6.474802662307576
Simulation arrived at time 6.475949143149972
Simulation arrived at time 6.491000404775957
Simulation arrived at time 6.49750545033316
Simulation arrived at time 6.509687972382019
Simulation arrived at time 6.5376287035389336
Simulation arrived at time 6.537741927183803
Simulation arrived at time 6.545209878071026
Simulation arrived at time 6.551396154670642
Simulation arrived at time 6.553209422265836
Simulation arrived at time 6.566869402002627
Simulation arrived at time 6.57154724416464
Simulation arrived at time 6.572327364483677
Simulation arrived at time 6.574435106238257
Simulation arrived at time 6.580942693691662
Simulation arrived at time 6.5944900414057495
Simulation arrived at time 6.605216162375234
Simulation arrived at time 6.6177061358797395
Simulation arrived at time 6.619397906654725
Simulation arrived at time 6.638800935567589
Simulation arrived at time 6.640029994485346
Simulation arrived at time 6.669909420440887
Simulation arrived at time 6.670105546932589
Simulation arrived at time 6.67680581769356
Simulation arrived at time 6.699909404542768
Simulation arrived at time 6.708954036558418
Simulation arrived at time 6.730025809814879
Simulation arrived at time 6.761109765332915
Simulation arrived at time 6.774349858664983
Simulation arrived at time 6.77628442665306
Simulation arrived at time 6.79034681583447
Simulation arrived at time 6.794269523504694
Simulation arrived at time 6.79962382830037
Simulation arrived at time 6.810566846924229
Simulation arrived at time 6.811003737248563
Simulation arrived at time 6.821364052757753
Simulation arrived at time 6.822454151245414
Simulation arrived at time 6.839871281850076
Simulation arrived at time 6.851464879062427
Simulation arrived at time 6.868190776562906
Simulation arrived at time 6.869564846870845
Simulation arrived at time 6.873341415590134
Simulation arrived at time 6.87676572932015
Simulation arrived at time 6.8896057364336585
Simulation arrived at time 6.898592821747017
Simulation arrived at time 6.910807366667442
Simulation arrived at time 6.911876439635472
Simulation arrived at time 6.916405531960406
Simulation arrived at time 6.9187034275493735
Simulation arrived at time 6.926610942012328
Simulation arrived at time 6.933468264886139
Simulation arrived at time 6.936408890221659
Simulation arrived at time 6.939240677084748
Simulation arrived at time 6.94591735127986
Simulation arrived at time 6.9590345339859345
Simulation arrived at time 6.976088211483576
Simulation arrived at time 6.979215074933985
Simulation arrived at time 6.984180361426714
Simulation arrived at time 6.997917644057773
Simulation arrived at time 6.999554661683779
Simulation arrived at time 7.001018008526873
Simulation arrived at time 7.029066403563701
Simulation arrived at time 7.034870950183034
Simulation arrived at time 7.037427944180631
Simulation arrived at time 7.041561674490817
Simulation arrived at time 7.053858619960633
Simulation arrived at time 7.062231046035059
Simulation arrived at time 7.070107368907103
Simulation arrived at time 7.073944272339035
Simulation arrived at time 7.074024756249866
Simulation arrived at time 7.085820925980493
Simulation arrived at time 7.086804292361621
Simulation arrived at time 7.1053165933661155
Simulation arrived at time 7.109758783745222
Simulation arrived at time 7.115078137620528
Simulation arrived at time 7.121419897532468
Simulation arrived at time 7.125838806997877
Simulation arrived at time 7.133764320663875
Simulation arrived at time 7.133807037193626
Simulation arrived at time 7.136255619917378
Simulation arrived at time 7.145118096565398
Simulation arrived at time 7.159566810786861
Simulation arrived at time 7.160988412833181
Simulation arrived at time 7.166199975551019
Simulation arrived at time 7.167220266357867
Simulation arrived at time 7.17924841900815
Simulation arrived at time 7.183898027318155
Simulation arrived at time 7.184852340571694
Simulation arrived at time 7.19982388060467
Simulation arrived at time 7.203234531239882
Simulation arrived at time 7.208151239987835
Simulation arrived at time 7.21269005211596
Simulation arrived at time 7.223057922199366
Simulation arrived at time 7.230653138369597
Simulation arrived at time 7.231407013244389
Simulation arrived at time 7.238571651699443
Simulation arrived at time 7.243821759740745
Simulation arrived at time 7.250008502077819
Simulation arrived at time 7.250093602259917
Simulation arrived at time 7.252704350995363
Simulation arrived at time 7.261741800116277
Simulation arrived at time 7.264678242922158
Simulation arrived at time 7.265978710069132
Simulation arrived at time 7.272035348676536
Simulation arrived at time 7.273691835253842
Simulation arrived at time 7.289298376530681
Simulation arrived at time 7.291660935784434
Simulation arrived at time 7.305158037575333
Simulation arrived at time 7.312728932963488
Simulation arrived at time 7.334589863935219
Simulation arrived at time 7.341150155791104
Simulation arrived at time 7.360511448192701
Simulation arrived at time 7.369863689210425
Simulation arrived at time 7.378441168759281
Simulation arrived at time 7.393142112058731
Simulation arrived at time 7.40169943401954
Simulation arrived at time 7.4057814208754404
Simulation arrived at time 7.413422207018139
Simulation arrived at time 7.415735724026503
Simulation arrived at time 7.415792716495717
Simulation arrived at time 7.423451473589211
Simulation arrived at time 7.425724887091903
Simulation arrived at time 7.427962025511924
Simulation arrived at time 7.434977316495875
Simulation arrived at time 7.439625934555271
Simulation arrived at time 7.444932385165478
Simulation arrived at time 7.445284854022517
Simulation arrived at time 7.465653906881268
Simulation arrived at time 7.466019406291012
Simulation arrived at time 7.472877476163441
Simulation arrived at time 7.479796720382474
Simulation arrived at time 7.482824813957272
Simulation arrived at time 7.4888394313087625
Simulation arrived at time 7.489338263928668
Simulation arrived at time 7.490440677982951
Simulation arrived at time 7.514119309486874
Simulation arrived at time 7.514707550745029
Simulation arrived at time 7.52054013723262
Simulation arrived at time 7.524718477301679
Simulation arrived at time 7.525177690744936
Simulation arrived at time 7.535026740053356
Simulation arrived at time 7.535037379159196
Simulation arrived at time 7.5368476345296145
Simulation arrived at time 7.540827908010636
Simulation arrived at time 7.546512912001342
Simulation arrived at time 7.547800169298382
Simulation arrived at time 7.550421064359904
Simulation arrived at time 7.554799913541662
Simulation arrived at time 7.563314611733136
Simulation arrived at time 7.5687365054807625
Simulation arrived at time 7.571525429539693
Simulation arrived at time 7.582454089455725
Simulation arrived at time 7.583150336807656
Simulation arrived at time 7.583312863559371
Simulation arrived at time 7.583718818849018
Simulation arrived at time 7.587568992186968
Simulation arrived at time 7.589639929480916
Simulation arrived at time 7.590417684630752
Simulation arrived at time 7.591111489817172
Simulation arrived at time 7.594907562937788
Simulation arrived at time 7.595342519498065
Simulation arrived at time 7.60939236099511
Simulation arrived at time 7.613057629729316
Simulation arrived at time 7.615582510626438
Simulation arrived at time 7.619888032769021
Simulation arrived at time 7.620893101169833
Simulation arrived at time 7.622896082537327
Simulation arrived at time 7.631887312549079
Simulation arrived at time 7.632447188314987
Simulation arrived at time 7.634216774219671
Simulation arrived at time 7.64267796061909
Simulation arrived at time 7.644250510436586
Simulation arrived at time 7.647138495896832
Simulation arrived at time 7.659003271815924
Simulation arrived at time 7.66322160904321
Simulation arrived at time 7.676167246655449
Simulation arrived at time 7.678256449331172
Simulation arrived at time 7.682644723826366
Simulation arrived at time 7.683428372245711
Simulation arrived at time 7.68821771299463
Simulation arrived at time 7.694127344360459
Simulation arrived at time 7.694548974583762
Simulation arrived at time 7.695304576502534
Simulation arrived at time 7.705037514692033
Simulation arrived at time 7.709248842419446
Simulation arrived at time 7.7097703481213875
Simulation arrived at time 7.7113759160739015
Simulation arrived at time 7.713720358750213
Simulation arrived at time 7.715133533694942
Simulation arrived at time 7.715182813055882
Simulation arrived at time 7.715306097400116
Simulation arrived at time 7.723524448674747
Simulation arrived at time 7.726226118358984
Simulation arrived at time 7.727735985996405
Simulation arrived at time 7.729781977013998
Simulation arrived at time 7.732086485453576
Simulation arrived at time 7.732772899526589
Simulation arrived at time 7.737000578609066
Simulation arrived at time 7.742952873489757
Simulation arrived at time 7.743447819109052
Simulation arrived at time 7.750303451396245
Simulation arrived at time 7.753061903734223
Simulation arrived at time 7.758735771704094
Simulation arrived at time 7.763329528433549
Simulation arrived at time 7.764048228735056
Simulation arrived at time 7.765582356916533
Simulation arrived at time 7.766849205889422
Simulation arrived at time 7.773350345719032
Simulation arrived at time 7.784009355337919
Simulation arrived at time 7.78602624899443
Simulation arrived at time 7.791903870279934
Simulation arrived at time 7.7939857282490435
Simulation arrived at time 7.794964386648406
Simulation arrived at time 7.7950832534705246
Simulation arrived at time 7.795585519678236
Simulation arrived at time 7.807667294989853
Simulation arrived at time 7.809217733822331
Simulation arrived at time 7.817562097035378
Simulation arrived at time 7.818021318869909
Simulation arrived at time 7.818825514563777
Simulation arrived at time 7.827022996038448
Simulation arrived at time 7.827940719152403
Simulation arrived at time 7.833614943516259
Simulation arrived at time 7.833893853662394
Simulation arrived at time 7.8353851722456
Simulation arrived at time 7.836932639531112
Simulation arrived at time 7.840410022522567
Simulation arrived at time 7.840661295921585
Simulation arrived at time 7.848558551941162
Simulation arrived at time 7.855733239632079
Simulation arrived at time 7.856704155214185
Simulation arrived at time 7.857709154477372
Simulation arrived at time 7.86363690402992
Simulation arrived at time 7.8652184014643955
Simulation arrived at time 7.8663029107448255
Simulation arrived at time 7.8675204334184325
Simulation arrived at time 7.867524092611532
Simulation arrived at time 7.871714838647235
Simulation arrived at time 7.872441880429862
Simulation arrived at time 7.872945912668355
Simulation arrived at time 7.876341405971976
Simulation arrived at time 7.878059762402045
Simulation arrived at time 7.878273781604557
Simulation arrived at time 7.878282712461441
Simulation arrived at time 7.878590202652931
Simulation arrived at time 7.8800825903684295
Simulation arrived at time 7.881046214586662
Simulation arrived at time 7.882399936565504
Simulation arrived at time 7.883387087540255
Simulation arrived at time 7.891502128942526
Simulation arrived at time 7.891719061964028
Simulation arrived at time 7.894304570622943
Simulation arrived at time 7.895361935955399
Simulation arrived at time 7.898131921574773
Simulation arrived at time 7.898376016560557
Simulation arrived at time 7.89841058878814
Simulation arrived at time 7.912657091195011
Simulation arrived at time 7.91375581195744
Simulation arrived at time 7.917059103994015
Simulation arrived at time 7.9186248651518065
Simulation arrived at time 7.9207369032849595
Simulation arrived at time 7.925412719820392
Simulation arrived at time 7.92575946678699
Simulation arrived at time 7.931690958949399
Simulation arrived at time 7.93202067327046
Simulation arrived at time 7.932690109617845
Simulation arrived at time 7.933805326588665
Simulation arrived at time 7.934610943941034
Simulation arrived at time 7.936905322033285
Simulation arrived at time 7.938759985574556
Simulation arrived at time 7.939382053169623
Simulation arrived at time 7.940156037958019
Simulation arrived at time 7.945409576648096
Simulation arrived at time 7.947966932858537
Simulation arrived at time 7.951122942116881
Simulation arrived at time 7.952347889829358
Simulation arrived at time 7.959117528256386
Simulation arrived at time 7.9592771140826875
Simulation arrived at time 7.963129627096528
Simulation arrived at time 7.967019247208827
Simulation arrived at time 7.9726039656336
Simulation arrived at time 7.974041376315718
Simulation arrived at time 7.976252682417579
Simulation arrived at time 7.994365083148289
Simulation arrived at time 7.995558920283492
Simulation arrived at time 8.00669304894761
Simulation arrived at time 8.008799702030716
Simulation arrived at time 8.009093983869239
Simulation arrived at time 8.009975799875594
Simulation arrived at time 8.010815501614115
Simulation arrived at time 8.01863777968304
Simulation arrived at time 8.025610994986987
Simulation arrived at time 8.02586476387916
Simulation arrived at time 8.028463760605407
Simulation arrived at time 8.03141306154338
Simulation arrived at time 8.031976244702651
Simulation arrived at time 8.033605632705427
Simulation arrived at time 8.033718489127903
Simulation arrived at time 8.036835504948279
Simulation arrived at time 8.037661871250087
Simulation arrived at time 8.040318846373852
Simulation arrived at time 8.041832660080646
Simulation arrived at time 8.042195426644817
Simulation arrived at time 8.043536537192097
Simulation arrived at time 8.043877502466792
Simulation arrived at time 8.050850578068852
Simulation arrived at time 8.051749228646697
Simulation arrived at time 8.05405583495272
Simulation arrived at time 8.054117575140655
Simulation arrived at time 8.057248374997837
Simulation arrived at time 8.05786634474218
Simulation arrived at time 8.064453408900977
Simulation arrived at time 8.065912893518536
Simulation arrived at time 8.06944043588446
Simulation arrived at time 8.074831709910985
Simulation arrived at time 8.079387733910918
Simulation arrived at time 8.082940208265738
Simulation arrived at time 8.0830438044689
Simulation arrived at time 8.084725415860957
Simulation arrived at time 8.093197148202117
Simulation arrived at time 8.09560856604333
Simulation arrived at time 8.103374899927662
Simulation arrived at time 8.103448505559552
Simulation arrived at time 8.105341224238707
Simulation arrived at time 8.110645240807013
Simulation arrived at time 8.11077929837035
Simulation arrived at time 8.11106979380058
Simulation arrived at time 8.114903896016385
Simulation arrived at time 8.115126131050284
Simulation arrived at time 8.120376767400684
Simulation arrived at time 8.12097046578581
Simulation arrived at time 8.121447088277586
Simulation arrived at time 8.121860979083175
Simulation arrived at time 8.124176605736823
Simulation arrived at time 8.124833345399308
Simulation arrived at time 8.126775151679643
Simulation arrived at time 8.131627518588004
Simulation arrived at time 8.132224776962733
Simulation arrived at time 8.132849990455696
Simulation arrived at time 8.134313654065556
Simulation arrived at time 8.134900062577191
Simulation arrived at time 8.13778299000412
Simulation arrived at time 8.13861551624592
Simulation arrived at time 8.140416368323418
Simulation arrived at time 8.141193335984928
Simulation arrived at time 8.14155289220961
Simulation arrived at time 8.147673100005877
Simulation arrived at time 8.147826557013325
Simulation arrived at time 8.148785851897394
Simulation arrived at time 8.151912323857118
Simulation arrived at time 8.155115514522066
Simulation arrived at time 8.158178870802141
Simulation arrived at time 8.158877238573835
Simulation arrived at time 8.159424536766847
Simulation arrived at time 8.159907492814998
Simulation arrived at time 8.166836751602037
Simulation arrived at time 8.167608672454985
Simulation arrived at time 8.167645945380844
Simulation arrived at time 8.168215807452578
Simulation arrived at time 8.1684697749619
Simulation arrived at time 8.16928911226544
Simulation arrived at time 8.170329369469904
Simulation arrived at time 8.176728823457916
Simulation arrived at time 8.182233878567493
Simulation arrived at time 8.183280311412826
Simulation arrived at time 8.18463427247417
Simulation arrived at time 8.194389876509371
Simulation arrived at time 8.197295349604584
Simulation arrived at time 8.200537938872671
Simulation arrived at time 8.201599385797838
Simulation arrived at time 8.202077304677083
Simulation arrived at time 8.206725776470291
Simulation arrived at time 8.208153832678619
Simulation arrived at time 8.212574899898364
Simulation arrived at time 8.215858228338785
Simulation arrived at time 8.216663441600051
Simulation arrived at time 8.21884098411906
Simulation arrived at time 8.218965528199963
Simulation arrived at time 8.219417031711604
Simulation arrived at time 8.22516898078648
Simulation arrived at time 8.226229689677224
Simulation arrived at time 8.227034234329158
Simulation arrived at time 8.230055798708948
Simulation arrived at time 8.23476779236205
Simulation arrived at time 8.23929990911886
Simulation arrived at time 8.240780429556132
Simulation arrived at time 8.241595285486953
Simulation arrived at time 8.24260446731045
Simulation arrived at time 8.247245833251561
Simulation arrived at time 8.251803249053696
Simulation arrived at time 8.252667574252731
Simulation arrived at time 8.253077783721615
Simulation arrived at time 8.253090887964198
Simulation arrived at time 8.253238800035591
Simulation arrived at time 8.25368780410789
Simulation arrived at time 8.254871835949123
Simulation arrived at time 8.255179600352077
Simulation arrived at time 8.255695545402574
Simulation arrived at time 8.25578365922025
Simulation arrived at time 8.256151365641337
Simulation arrived at time 8.26002262441772
Simulation arrived at time 8.261310067168571
Simulation arrived at time 8.261872649333304
Simulation arrived at time 8.262726539652508
Simulation arrived at time 8.263246568420863
Simulation arrived at time 8.26481592206335
Simulation arrived at time 8.265471177811087
Simulation arrived at time 8.267085476217481
Simulation arrived at time 8.26738900882773
Simulation arrived at time 8.270805744521656
Simulation arrived at time 8.27349548194426
Simulation arrived at time 8.275713555976745
Simulation arrived at time 8.278979388364151
Simulation arrived at time 8.282645453776944
Simulation arrived at time 8.282750687713786
Simulation arrived at time 8.285676363733904
Simulation arrived at time 8.292429650409138
Simulation arrived at time 8.293861023835191
Simulation arrived at time 8.295275886256587
Simulation arrived at time 8.300152447720748
Simulation arrived at time 8.301996995408508
Simulation arrived at time 8.30258069639529
Simulation arrived at time 8.30533314742956
Simulation arrived at time 8.30743343509926
Simulation arrived at time 8.309549779395523
Simulation arrived at time 8.309878971067276
Simulation arrived at time 8.30996288123538
Simulation arrived at time 8.311167325640167
Simulation arrived at time 8.311285893101669
Simulation arrived at time 8.311569552752465
Simulation arrived at time 8.315817157209798
Simulation arrived at time 8.31807696604328
Simulation arrived at time 8.318191829168926
Simulation arrived at time 8.320636686933947
Simulation arrived at time 8.332237499235495
Simulation arrived at time 8.337115137604737
Simulation arrived at time 8.341261882486823
Simulation arrived at time 8.342569743887154
Simulation arrived at time 8.348027632034482
Simulation arrived at time 8.351765063268571
Simulation arrived at time 8.355792668486528
Simulation arrived at time 8.360280530324495
Simulation arrived at time 8.364607415139304
Simulation arrived at time 8.36467660910406
Simulation arrived at time 8.364817130700176
Simulation arrived at time 8.372767631278318
Simulation arrived at time 8.374340024587408
Simulation arrived at time 8.37496474827341
Simulation arrived at time 8.3769851569804
Simulation arrived at time 8.378939921226227
Simulation arrived at time 8.381237707240405
Simulation arrived at time 8.38610023872825
Simulation arrived at time 8.386295816709959
Simulation arrived at time 8.388501567543022
Simulation arrived at time 8.38889213506545
Simulation arrived at time 8.389803759518857
Simulation arrived at time 8.389902315902882
Simulation arrived at time 8.39072786852391
Simulation arrived at time 8.401169171926423
Simulation arrived at time 8.40121910441749
Simulation arrived at time 8.402599353179772
Simulation arrived at time 8.403004652179881
Simulation arrived at time 8.406619344239768
Simulation arrived at time 8.414276289866464
Simulation arrived at time 8.417350095981016
Simulation arrived at time 8.417584347242284
Simulation arrived at time 8.42216677386772
Simulation arrived at time 8.422525635538413
Simulation arrived at time 8.423669571537326
Simulation arrived at time 8.423968106141807
Simulation arrived at time 8.424361882819142
Simulation arrived at time 8.425121362258102
Simulation arrived at time 8.428353925992777
Simulation arrived at time 8.429561308320425
Simulation arrived at time 8.430427155843063
Simulation arrived at time 8.431080209480994
Simulation arrived at time 8.432702096722977
Simulation arrived at time 8.434544216214762
Simulation arrived at time 8.435843360112
Simulation arrived at time 8.43797616409458
Simulation arrived at time 8.438505358651351
Simulation arrived at time 8.440697847177539
Simulation arrived at time 8.44150591721016
Simulation arrived at time 8.44151161614327
Simulation arrived at time 8.441673877524307
Simulation arrived at time 8.444764622601205
Simulation arrived at time 8.445025071268322
Simulation arrived at time 8.446384853709937
Simulation arrived at time 8.448327308750569
Simulation arrived at time 8.448523820471724
Simulation arrived at time 8.453226837473878
Simulation arrived at time 8.453411588205872
Simulation arrived at time 8.457189408472525
Simulation arrived at time 8.460032055448421
Simulation arrived at time 8.463980418707251
Simulation arrived at time 8.466490363618608
Simulation arrived at time 8.466823547093188
Simulation arrived at time 8.4670112989859
Simulation arrived at time 8.468274674140288
Simulation arrived at time 8.47673821037504
Simulation arrived at time 8.47791772421797
Simulation arrived at time 8.478577208480145
Simulation arrived at time 8.47972809725777
Simulation arrived at time 8.484225728347575
Simulation arrived at time 8.487465091606953
Simulation arrived at time 8.487875813610122
Simulation arrived at time 8.488765767319814
Simulation arrived at time 8.490002190614348
Simulation arrived at time 8.490398085834764
Simulation arrived at time 8.491593931638478
Simulation arrived at time 8.492606923267013
Simulation arrived at time 8.494168112495192
Simulation arrived at time 8.494574041122606
Simulation arrived at time 8.49663860111
Simulation arrived at time 8.500528306496788
Simulation arrived at time 8.505509774832735
Simulation arrived at time 8.509616124480331
Simulation arrived at time 8.514422563835003
Simulation arrived at time 8.514668365876226
Simulation arrived at time 8.517669901218843
Simulation arrived at time 8.51805571911453
Simulation arrived at time 8.518439881508872
Simulation arrived at time 8.520217357762933
Simulation arrived at time 8.520911760934274
Simulation arrived at time 8.52300234837993
Simulation arrived at time 8.523531014816866
Simulation arrived at time 8.523872875365601
Simulation arrived at time 8.524382782529809
Simulation arrived at time 8.525439550881943
Simulation arrived at time 8.527851411947328
Simulation arrived at time 8.537169538272858
Simulation arrived at time 8.539012341986982
Simulation arrived at time 8.540409329289153
Simulation arrived at time 8.545406644450956
Simulation arrived at time 8.546620303304334
Simulation arrived at time 8.548106828730637
Simulation arrived at time 8.548806734304423
Simulation arrived at time 8.549514930494755
Simulation arrived at time 8.553747255466776
Simulation arrived at time 8.553756512260307
Simulation arrived at time 8.554250357296848
Simulation arrived at time 8.554979529173659
Simulation arrived at time 8.555609346566136
Simulation arrived at time 8.556598384509993
Simulation arrived at time 8.557268885118672
Simulation arrived at time 8.558096499364531
Simulation arrived at time 8.559735917283986
Simulation arrived at time 8.561583208277122
Simulation arrived at time 8.564046549123907
Simulation arrived at time 8.564123300825663
Simulation arrived at time 8.56494618190127
Simulation arrived at time 8.565115507372541
Simulation arrived at time 8.56607666693926
Simulation arrived at time 8.567664617099897
Simulation arrived at time 8.567849529961698
Simulation arrived at time 8.569134782534467
Simulation arrived at time 8.578137220520302
Simulation arrived at time 8.581705233532256
Simulation arrived at time 8.582961806988417
Simulation arrived at time 8.58382138091142
Simulation arrived at time 8.58429650811124
Simulation arrived at time 8.584785228532827
Simulation arrived at time 8.590704353781412
Simulation arrived at time 8.591502734647616
Simulation arrived at time 8.594155288403329
Simulation arrived at time 8.595106885717701
Simulation arrived at time 8.595517463365276
Simulation arrived at time 8.59717394575764
Simulation arrived at time 8.599885686477695
Simulation arrived at time 8.600083616393542
Simulation arrived at time 8.603104181921902
Simulation arrived at time 8.606656170365568
Simulation arrived at time 8.609104775213664
Simulation arrived at time 8.610129313129267
Simulation arrived at time 8.614727208792207
Simulation arrived at time 8.616465822744583
Simulation arrived at time 8.618812710931666
Simulation arrived at time 8.61934681747647
Simulation arrived at time 8.620047388369688
Simulation arrived at time 8.62128628964919
Simulation arrived at time 8.624899538430455
Simulation arrived at time 8.627613287249876
Simulation arrived at time 8.627891664163991
Simulation arrived at time 8.628446272599986
Simulation arrived at time 8.633410497191079
Simulation arrived at time 8.633470626993159
Simulation arrived at time 8.634809874808802
Simulation arrived at time 8.636361017788277
Simulation arrived at time 8.63666725651301
Simulation arrived at time 8.639579331256307
Simulation arrived at time 8.641412334820593
Simulation arrived at time 8.64174661254346
Simulation arrived at time 8.643567919552295
Simulation arrived at time 8.648696817366634
Simulation arrived at time 8.649457225351808
Simulation arrived at time 8.66049942117573
Simulation arrived at time 8.663532783342735
Simulation arrived at time 8.66435970026632
Simulation arrived at time 8.66650319667556
Simulation arrived at time 8.666782070982912
Simulation arrived at time 8.668782603202516
Simulation arrived at time 8.669541810925292
Simulation arrived at time 8.669898130591204
Simulation arrived at time 8.672633616016192
Simulation arrived at time 8.676518967696262
Simulation arrived at time 8.681029089885632
Simulation arrived at time 8.682036495576003
Simulation arrived at time 8.682218521578635
Simulation arrived at time 8.686995840357449
Simulation arrived at time 8.69081372831798
Simulation arrived at time 8.692558066942205
Simulation arrived at time 8.69383923904689
Simulation arrived at time 8.69806528446559
Simulation arrived at time 8.698697470184095
Simulation arrived at time 8.699747197306072
Simulation arrived at time 8.701167261248521
Simulation arrived at time 8.702148129559637
Simulation arrived at time 8.706743589231742
Simulation arrived at time 8.710885945714036
Simulation arrived at time 8.711439498204568
Simulation arrived at time 8.714588962956343
Simulation arrived at time 8.714688495804578
Simulation arrived at time 8.715865906357507
Simulation arrived at time 8.716816371901654
Simulation arrived at time 8.71805363918016
Simulation arrived at time 8.721006574028324
Simulation arrived at time 8.722400386054362
Simulation arrived at time 8.725241447630175
Simulation arrived at time 8.73227383026515
Simulation arrived at time 8.735047284739066
Simulation arrived at time 8.73518219645844
Simulation arrived at time 8.736059664750659
Simulation arrived at time 8.736247868022295
Simulation arrived at time 8.737494375788671
Simulation arrived at time 8.741156704746425
Simulation arrived at time 8.741397488970149
Simulation arrived at time 8.742547178197636
Simulation arrived at time 8.742936804857196
Simulation arrived at time 8.744354162271815
Simulation arrived at time 8.747773839799843
Simulation arrived at time 8.748407628421774
Simulation arrived at time 8.74919960892327
Simulation arrived at time 8.75018451781024
Simulation arrived at time 8.751435669926357
Simulation arrived at time 8.753025138828304
Simulation arrived at time 8.753153191903575
Simulation arrived at time 8.753312734143945
Simulation arrived at time 8.754843303087801
Simulation arrived at time 8.757235358824413
Simulation arrived at time 8.75775394799665
Simulation arrived at time 8.759495539150183
Simulation arrived at time 8.762133753336917
Simulation arrived at time 8.762422016400794
Simulation arrived at time 8.762688844897895
Simulation arrived at time 8.764619184632478
Simulation arrived at time 8.765149279442848
Simulation arrived at time 8.767300041090188
Simulation arrived at time 8.772861939588603
Simulation arrived at time 8.77308407578449
Simulation arrived at time 8.77465694052624
Simulation arrived at time 8.775374757252354
Simulation arrived at time 8.77541632033845
Simulation arrived at time 8.776583447356353
Simulation arrived at time 8.77928974382004
Simulation arrived at time 8.782741880933544
Simulation arrived at time 8.783780898139547
Simulation arrived at time 8.784367840984508
Simulation arrived at time 8.788122496768677
Simulation arrived at time 8.791655920763697
Simulation arrived at time 8.793247676106349
Simulation arrived at time 8.793840455874772
Simulation arrived at time 8.794133057890699
Simulation arrived at time 8.79583209376172
Simulation arrived at time 8.799850615473044
Simulation arrived at time 8.800856973009813
Simulation arrived at time 8.800959827892134
Simulation arrived at time 8.804440583405528
Simulation arrived at time 8.80601839206715
Simulation arrived at time 8.807018413656065
Simulation arrived at time 8.809574739647257
Simulation arrived at time 8.809606968917498
Simulation arrived at time 8.810504530235482
Simulation arrived at time 8.810598676110207
Simulation arrived at time 8.811498944571452
Simulation arrived at time 8.813475692202347
Simulation arrived at time 8.8144203435111
Simulation arrived at time 8.820201623451844
Simulation arrived at time 8.822126404146584
Simulation arrived at time 8.823480191490553
Simulation arrived at time 8.82379532173014
Simulation arrived at time 8.82432730787694
Simulation arrived at time 8.825325887360307
Simulation arrived at time 8.825885627821933
Simulation arrived at time 8.829271324422267
Simulation arrived at time 8.82931307752353
Simulation arrived at time 8.83018868101976
Simulation arrived at time 8.832805074286775
Simulation arrived at time 8.833775998980832
Simulation arrived at time 8.83568223860401
Simulation arrived at time 8.837551148904915
Simulation arrived at time 8.838549592201488
Simulation arrived at time 8.840540644058509
Simulation arrived at time 8.843679728735397
Simulation arrived at time 8.846123885313565
Simulation arrived at time 8.846204549230487
Simulation arrived at time 8.847761165789871
Simulation arrived at time 8.849638331038703
Simulation arrived at time 8.85089053901218
Simulation arrived at time 8.851163064783444
Simulation arrived at time 8.851536001594091
Simulation arrived at time 8.854280347614695
Simulation arrived at time 8.857204243899336
Simulation arrived at time 8.85750030359237
Simulation arrived at time 8.857752202965928
Simulation arrived at time 8.857803421773397
Simulation arrived at time 8.862673111847132
Simulation arrived at time 8.863170490434072
Simulation arrived at time 8.863777126700189
Simulation arrived at time 8.865657555985116
Simulation arrived at time 8.866106186004918
Simulation arrived at time 8.868079846096714
Simulation arrived at time 8.870161572618123
Simulation arrived at time 8.875453031300601
Simulation arrived at time 8.875592196486354
Simulation arrived at time 8.875610541976258
Simulation arrived at time 8.876273524802572
Simulation arrived at time 8.877679800362875
Simulation arrived at time 8.877880464537625
Simulation arrived at time 8.879182921991342
Simulation arrived at time 8.883895613757026
Simulation arrived at time 8.884502060777791
Simulation arrived at time 8.885831603542874
Simulation arrived at time 8.887926157391984
Simulation arrived at time 8.88859746667879
Simulation arrived at time 8.889742944281531
Simulation arrived at time 8.889914932028367
Simulation arrived at time 8.892480684695379
Simulation arrived at time 8.892661117104442
Simulation arrived at time 8.894161883410282
Simulation arrived at time 8.89544129580068
Simulation arrived at time 8.895994452558801
Simulation arrived at time 8.897106453317837
Simulation arrived at time 8.899258324762808
Simulation arrived at time 8.900152291900081
Simulation arrived at time 8.902984353480601
Simulation arrived at time 8.905279723904744
Simulation arrived at time 8.906800890147885
Simulation arrived at time 8.907490051461895
Simulation arrived at time 8.91075930912617
Simulation arrived at time 8.915057821911125
Simulation arrived at time 8.916706564617474
Simulation arrived at time 8.916888468192832
Simulation arrived at time 8.923770327306581
Simulation arrived at time 8.924372548210764
Simulation arrived at time 8.924689977265244
Simulation arrived at time 8.92509300186342
Simulation arrived at time 8.925678467312444
Simulation arrived at time 8.927591214006982
Simulation arrived at time 8.930156109110287
Simulation arrived at time 8.93139632573693
Simulation arrived at time 8.931832060344767
Simulation arrived at time 8.933935776241492
Simulation arrived at time 8.935504528564659
Simulation arrived at time 8.936983305026043
Simulation arrived at time 8.938273002715393
Simulation arrived at time 8.93856920116605
Simulation arrived at time 8.940567980817784
Simulation arrived at time 8.940722024891762
Simulation arrived at time 8.941840622391998
Simulation arrived at time 8.943977961238529
Simulation arrived at time 8.944331593828142
Simulation arrived at time 8.949492932644391
Simulation arrived at time 8.951344976186258
Simulation arrived at time 8.952347137031005
Simulation arrived at time 8.957500841334353
Simulation arrived at time 8.958348397811287
Simulation arrived at time 8.959731701962854
Simulation arrived at time 8.960177796119265
Simulation arrived at time 8.960617463651904
Simulation arrived at time 8.961758121034949
Simulation arrived at time 8.967527497855748
Simulation arrived at time 8.968920688888804
Simulation arrived at time 8.97129160042419
Simulation arrived at time 8.974251424957684
Simulation arrived at time 8.974617526048707
Simulation arrived at time 8.975228335959875
Simulation arrived at time 8.977113797899188
Simulation arrived at time 8.9778050367253
Simulation arrived at time 8.978331624676184
Simulation arrived at time 8.978575751579912
Simulation arrived at time 8.978895214396873
Simulation arrived at time 8.9802046666699
Simulation arrived at time 8.980386183639917
Simulation arrived at time 8.981671117117175
Simulation arrived at time 8.982928020465803
Simulation arrived at time 8.983887993787864
Simulation arrived at time 8.984532086587075
Simulation arrived at time 8.985675378781448
Simulation arrived at time 8.990147154698768
Simulation arrived at time 8.991687806659383
Simulation arrived at time 8.99336618340437
Simulation arrived at time 8.996266338729576
Simulation arrived at time 8.999200094423008
Simulation arrived at time 9.000522538542452
Simulation arrived at time 9.002506398435864
Simulation arrived at time 9.002642911082084
Simulation arrived at time 9.006235540746987
Simulation arrived at time 9.007320779335023
Simulation arrived at time 9.007723746979178
Simulation arrived at time 9.010203064976555
Simulation arrived at time 9.012538482255259
Simulation arrived at time 9.014941593502384
Simulation arrived at time 9.01664773099321
Simulation arrived at time 9.019958231811875
Simulation arrived at time 9.021115058672867
Simulation arrived at time 9.021800212361669
Simulation arrived at time 9.02229303546791
Simulation arrived at time 9.026694950923691
Simulation arrived at time 9.029639537450985
Simulation arrived at time 9.029917470764987
Simulation arrived at time 9.035515461501522
Simulation arrived at time 9.035982320484703
Simulation arrived at time 9.037541805269257
Simulation arrived at time 9.038047849708823
Simulation arrived at time 9.0400179019482
Simulation arrived at time 9.041006568995673
Simulation arrived at time 9.042758677935632
Simulation arrived at time 9.045234125715735
Simulation arrived at time 9.047739507347265
Simulation arrived at time 9.05088230260289
Simulation arrived at time 9.053309721412353
Simulation arrived at time 9.054226047707855
Simulation arrived at time 9.056082825284841
Simulation arrived at time 9.05646665283716
Simulation arrived at time 9.056698552808514
Simulation arrived at time 9.058708657313597
Simulation arrived at time 9.061409201705766
Simulation arrived at time 9.061917033817233
Simulation arrived at time 9.062527342060061
Simulation arrived at time 9.063370802872209
Simulation arrived at time 9.063896108408253
Simulation arrived at time 9.065980542283153
Simulation arrived at time 9.066163583438867
Simulation arrived at time 9.067181840910154
Simulation arrived at time 9.068940825813593
Simulation arrived at time 9.069668297012058
Simulation arrived at time 9.070089084784668
Simulation arrived at time 9.071012118969676
Simulation arrived at time 9.071891204025526
Simulation arrived at time 9.071940662212715
Simulation arrived at time 9.074836738663832
Simulation arrived at time 9.076068990295061
Simulation arrived at time 9.076233079133397
Simulation arrived at time 9.077377099007458
Simulation arrived at time 9.078343703833532
Simulation arrived at time 9.078528926430268
Simulation arrived at time 9.078739497258576
Simulation arrived at time 9.079213703217361
Simulation arrived at time 9.079396285527773
Simulation arrived at time 9.079567563756116
Simulation arrived at time 9.079841983546812
Simulation arrived at time 9.081603253180791
Simulation arrived at time 9.085948421847815
Simulation arrived at time 9.08779894427118
Simulation arrived at time 9.087995345668284
Simulation arrived at time 9.090464936118769
Simulation arrived at time 9.09232105304965
Simulation arrived at time 9.09241307791623
Simulation arrived at time 9.095241487667366
Simulation arrived at time 9.095716742308504
Simulation arrived at time 9.09639647497664
Simulation arrived at time 9.09716499970738
Simulation arrived at time 9.098184401800733
Simulation arrived at time 9.099082561099857
Simulation arrived at time 9.102578796918497
Simulation arrived at time 9.103431090580235
Simulation arrived at time 9.103987501495608
Simulation arrived at time 9.104753132647843
Simulation arrived at time 9.106458468016369
Simulation arrived at time 9.108990130031524
Simulation arrived at time 9.111059571944782
Simulation arrived at time 9.112691679370743
Simulation arrived at time 9.116377699431839
Simulation arrived at time 9.120500322132276
Simulation arrived at time 9.12244500068649
Simulation arrived at time 9.125320776866214
Simulation arrived at time 9.12736218917687
Simulation arrived at time 9.130414242915624
Simulation arrived at time 9.131650200259672
Simulation arrived at time 9.132842137385197
Simulation arrived at time 9.13553452691573
Simulation arrived at time 9.135676087779892
Simulation arrived at time 9.137082850427344
Simulation arrived at time 9.13918884480388
Simulation arrived at time 9.139730352570329
Simulation arrived at time 9.13997900712354
Simulation arrived at time 9.141310960180927
Simulation arrived at time 9.142806441001111
Simulation arrived at time 9.148895450047009
Simulation arrived at time 9.149560395492776
Simulation arrived at time 9.149605121948175
Simulation arrived at time 9.150608909638377
Simulation arrived at time 9.150956294388735
Simulation arrived at time 9.15340999995235
Simulation arrived at time 9.154205224532088
Simulation arrived at time 9.154392288019848
Simulation arrived at time 9.154763080655197
Simulation arrived at time 9.155985068020714
Simulation arrived at time 9.156191123882218
Simulation arrived at time 9.15641632640859
Simulation arrived at time 9.158445182579532
Simulation arrived at time 9.158873108098277
Simulation arrived at time 9.160131287084626
Simulation arrived at time 9.160262188722198
Simulation arrived at time 9.162246392732953
Simulation arrived at time 9.162972054832187
Simulation arrived at time 9.163072164240813
Simulation arrived at time 9.165388433486681
Simulation arrived at time 9.166262789359937
Simulation arrived at time 9.166757412155507
Simulation arrived at time 9.167607678478582
Simulation arrived at time 9.167851686254263
Simulation arrived at time 9.170243279910132
Simulation arrived at time 9.174886142468932
Simulation arrived at time 9.175995366893382
Simulation arrived at time 9.176741580083702
Simulation arrived at time 9.17736964121222
Simulation arrived at time 9.17750883706174
Simulation arrived at time 9.180542430084659
Simulation arrived at time 9.180596551018239
Simulation arrived at time 9.181114777672128
Simulation arrived at time 9.18722869396081
Simulation arrived at time 9.18776290543764
Simulation arrived at time 9.188933373712176
Simulation arrived at time 9.190674218269422
Simulation arrived at time 9.19089454857223
Simulation arrived at time 9.191533227812341
Simulation arrived at time 9.192215377080629
Simulation arrived at time 9.192575715410165
Simulation arrived at time 9.195775654111694
Simulation arrived at time 9.197729940935428
Simulation arrived at time 9.199392089536648
Simulation arrived at time 9.201270561857461
Simulation arrived at time 9.20174439366234
Simulation arrived at time 9.202608818237692
Simulation arrived at time 9.204326271708728
Simulation arrived at time 9.204589773993167
Simulation arrived at time 9.205076455155776
Simulation arrived at time 9.205463023453522
Simulation arrived at time 9.205471938166028
Simulation arrived at time 9.207003002034797
Simulation arrived at time 9.207004937307794
Simulation arrived at time 9.207254257040457
Simulation arrived at time 9.210329682976688
Simulation arrived at time 9.210574018282465
Simulation arrived at time 9.212796533444655
Simulation arrived at time 9.212846817356102
Simulation arrived at time 9.213187895682523
Simulation arrived at time 9.215039517418866
Simulation arrived at time 9.21640357014778
Simulation arrived at time 9.21663390228775
Simulation arrived at time 9.21703496943638
Simulation arrived at time 9.218133493330619
Simulation arrived at time 9.218803736221368
Simulation arrived at time 9.22361790388766
Simulation arrived at time 9.22580547030037
Simulation arrived at time 9.22650623668886
Simulation arrived at time 9.227756346843465
Simulation arrived at time 9.22851865902918
Simulation arrived at time 9.22940459704176
Simulation arrived at time 9.229687475107742
Simulation arrived at time 9.232123186975697
Simulation arrived at time 9.234037868231798
Simulation arrived at time 9.234757058847052
Simulation arrived at time 9.237544264520183
Simulation arrived at time 9.239841276640359
Simulation arrived at time 9.239983787920291
Simulation arrived at time 9.243721641583157
Truncation end condition met at time 9.244079412991825
Writing Newick output...
Writing NEXUS output...
Writing JSON output...
Done.
Done!
