
                        BEAST v2.7.3, 2002-2022
             Bayesian Evolutionary Analysis Sampling Trees
                       Designed and developed by
 Remco Bouckaert, Alexei J. Drummond, Andrew Rambaut & Marc A. Suchard
                                    
                   Centre for Computational Evolution
                         University of Auckland
                       r.bouckaert@auckland.ac.nz
                        alexei@cs.auckland.ac.nz
                                    
                   Institute of Evolutionary Biology
                        University of Edinburgh
                           a.rambaut@ed.ac.uk
                                    
                    David Geffen School of Medicine
                 University of California, Los Angeles
                           msuchard@ucla.edu
                                    
                      Downloads, Help & Resources:
                           http://beast2.org/
                                    
  Source code distributed under the GNU Lesser General Public License:
                   http://github.com/CompEvol/beast2
                                    
                           BEAST developers:
   Alex Alekseyenko, Trevor Bedford, Erik Bloomquist, Joseph Heled, 
 Sebastian Hoehna, Denise Kuehnert, Philippe Lemey, Wai Lok Sibon Li, 
Gerton Lunter, Sidney Markowitz, Vladimir Minin, Michael Defoin Platel, 
          Oliver Pybus, Tim Vaughan, Chieh-Hsi Wu, Walter Xie
                                    
                               Thanks to:
          Roald Forsberg, Beth Shapiro and Korbinian Strimmer

Random number seed: 1678999118533

File: sim.94.xml seed: 1678999118533 threads: 1
Loading package BEAST.base v2.7.3 MASTER v7.0.0 BEAST.app v2.7.3    
Assembling model...
Setting up populations... done.
Setting up reactions... Extinction... Extinction... Extinction... Extirpation... Extirpation... Extirpation... Extirpation... Extirpation... Extirpation... Extirpation... Extirpation... Extirpation... WithinRegionSpeciation... WithinRegionSpeciation... WithinRegionSpeciation... WithinRegionSpeciation... WithinRegionSpeciation... WithinRegionSpeciation... WithinRegionSpeciation... WithinRegionSpeciation... WithinRegionSpeciation... WithinRegionSpeciation... WithinRegionSpeciation... WithinRegionSpeciation... Dispersal... Dispersal... Dispersal... Dispersal... Dispersal... Dispersal... Dispersal... Dispersal... Dispersal... BetweenRegionSpeciation... BetweenRegionSpeciation... BetweenRegionSpeciation... BetweenRegionSpeciation... BetweenRegionSpeciation... BetweenRegionSpeciation... done.
Model assembled.
Generating inheritance trajectory 1 of 1
Simulation arrived at time 0.0
Simulation arrived at time 0.0633861004934798
Simulation arrived at time 0.0723722860176857
Simulation arrived at time 0.2834717725892584
Simulation arrived at time 0.3701277591571083
Simulation arrived at time 0.42174882459179414
Simulation arrived at time 0.8644242956571091
Simulation arrived at time 1.1652702658670353
Simulation arrived at time 2.020335396911076
Simulation arrived at time 2.0231339565027278
Simulation arrived at time 2.5830733686082237
Simulation arrived at time 2.6172138189816265
Simulation arrived at time 2.680108181819833
Simulation arrived at time 2.829736300515677
Simulation arrived at time 2.836606184245908
Simulation arrived at time 2.853081072081045
Simulation arrived at time 2.863265404072195
Simulation arrived at time 3.1447270115154535
Simulation arrived at time 3.2363634684067417
Simulation arrived at time 3.3350259496924886
Simulation arrived at time 3.3616982811186684
Simulation arrived at time 3.424996918261665
Simulation arrived at time 3.4823673872055823
Simulation arrived at time 3.6332184216697194
Simulation arrived at time 3.802171394088164
Simulation arrived at time 3.9466827891896834
Simulation arrived at time 4.060387102985341
Simulation arrived at time 4.079448046759445
Simulation arrived at time 4.193562308654066
Simulation arrived at time 4.239700936381649
Simulation arrived at time 4.247027126890489
Simulation arrived at time 4.317278907924955
Simulation arrived at time 4.324012237244614
Simulation arrived at time 4.400025224340231
Simulation arrived at time 4.414824656313784
Simulation arrived at time 4.440910150247386
Simulation arrived at time 4.441842652942094
Simulation arrived at time 4.457683986986784
Simulation arrived at time 4.553231940518178
Simulation arrived at time 4.6086276219365745
Simulation arrived at time 4.648672861380277
Simulation arrived at time 4.748011201044861
Simulation arrived at time 4.837439997224554
Simulation arrived at time 4.8578393593284686
Simulation arrived at time 4.906175452038641
Simulation arrived at time 4.964244708410756
Simulation arrived at time 5.054980291658758
Simulation arrived at time 5.124751126277396
Simulation arrived at time 5.248395635857831
Simulation arrived at time 5.282756228443118
Simulation arrived at time 5.289536818862176
Simulation arrived at time 5.4197411301627545
Simulation arrived at time 5.469517269264637
Simulation arrived at time 5.472705512959008
Simulation arrived at time 5.4946033678110995
Simulation arrived at time 5.575027633726552
Simulation arrived at time 5.586738730456914
Simulation arrived at time 5.596470942911166
Simulation arrived at time 5.6406028655899245
Simulation arrived at time 5.654811117426609
Simulation arrived at time 5.765244740685331
Simulation arrived at time 5.780162771927568
Simulation arrived at time 5.794195465135695
Simulation arrived at time 5.812549593073253
Simulation arrived at time 5.854422211877159
Simulation arrived at time 5.8677392468433345
Simulation arrived at time 5.882745868167673
Simulation arrived at time 5.985067681155117
Simulation arrived at time 5.986725726330678
Simulation arrived at time 6.087852182411337
Simulation arrived at time 6.135982183770233
Simulation arrived at time 6.174566519609018
Simulation arrived at time 6.177605251095934
Simulation arrived at time 6.184661766284142
Simulation arrived at time 6.209872897941529
Simulation arrived at time 6.246568679596916
Simulation arrived at time 6.271016481397724
Simulation arrived at time 6.339573056497786
Simulation arrived at time 6.371389871358044
Simulation arrived at time 6.436020300618443
Simulation arrived at time 6.453622355363133
Simulation arrived at time 6.477557267519132
Simulation arrived at time 6.4998522480039576
Simulation arrived at time 6.505289199297192
Simulation arrived at time 6.517778225022216
Simulation arrived at time 6.539966156178157
Simulation arrived at time 6.566953408869065
Simulation arrived at time 6.610425425391497
Simulation arrived at time 6.646860075314202
Simulation arrived at time 6.663758735059155
Simulation arrived at time 6.674640806543993
Simulation arrived at time 6.6890165682276
Simulation arrived at time 6.716427413591062
Simulation arrived at time 6.716721297671104
Simulation arrived at time 6.738261192636662
Simulation arrived at time 6.750721761241622
Simulation arrived at time 6.757474340861736
Simulation arrived at time 6.757920027654852
Simulation arrived at time 6.767882015898383
Simulation arrived at time 6.786663444441479
Simulation arrived at time 6.826757682682235
Simulation arrived at time 6.829634067035557
Simulation arrived at time 6.842047695005873
Simulation arrived at time 6.873359024577955
Simulation arrived at time 6.883137250519501
Simulation arrived at time 6.936411295903943
Simulation arrived at time 6.9739473990977485
Simulation arrived at time 6.9756768845569095
Simulation arrived at time 6.995645409039386
Simulation arrived at time 7.006538439073413
Simulation arrived at time 7.008944069328667
Simulation arrived at time 7.044135791345801
Simulation arrived at time 7.10852490350082
Simulation arrived at time 7.149336654276803
Simulation arrived at time 7.150881157626304
Simulation arrived at time 7.156583059530043
Simulation arrived at time 7.168655726744845
Simulation arrived at time 7.18149278586414
Simulation arrived at time 7.195090671005717
Simulation arrived at time 7.2383943782436635
Simulation arrived at time 7.2621552826499265
Simulation arrived at time 7.265684177936708
Simulation arrived at time 7.2681917228471
Simulation arrived at time 7.269455393076592
Simulation arrived at time 7.26957073818422
Simulation arrived at time 7.307680155345964
Simulation arrived at time 7.311881945671567
Simulation arrived at time 7.315583927438376
Simulation arrived at time 7.3271349317852685
Simulation arrived at time 7.337305893338067
Simulation arrived at time 7.3670668768782095
Simulation arrived at time 7.395910795045147
Simulation arrived at time 7.412666539444817
Simulation arrived at time 7.413492080443987
Simulation arrived at time 7.45042495294908
Simulation arrived at time 7.46451517369507
Simulation arrived at time 7.536266196941652
Simulation arrived at time 7.556899936862618
Simulation arrived at time 7.583864171359635
Simulation arrived at time 7.586669038342729
Simulation arrived at time 7.615052274486217
Simulation arrived at time 7.623652800714326
Simulation arrived at time 7.652673523801698
Simulation arrived at time 7.684635832448158
Simulation arrived at time 7.701770528165408
Simulation arrived at time 7.702787709663143
Simulation arrived at time 7.71365126736245
Simulation arrived at time 7.71593785122503
Simulation arrived at time 7.7187741832039505
Simulation arrived at time 7.729344512764305
Simulation arrived at time 7.734509491695969
Simulation arrived at time 7.7379418357992416
Simulation arrived at time 7.80626231765489
Simulation arrived at time 7.809334121445407
Simulation arrived at time 7.8137125113658845
Simulation arrived at time 7.8196527668098685
Simulation arrived at time 7.825467020972504
Simulation arrived at time 7.860067979903961
Simulation arrived at time 7.8902130020792995
Simulation arrived at time 7.9165041585751785
Simulation arrived at time 7.925872566921448
Simulation arrived at time 7.957287807477185
Simulation arrived at time 8.006636666067822
Simulation arrived at time 8.018248563918128
Simulation arrived at time 8.030293732838537
Simulation arrived at time 8.034758625503972
Simulation arrived at time 8.055617587812558
Simulation arrived at time 8.063341642339301
Simulation arrived at time 8.066090974270486
Simulation arrived at time 8.07378814962316
Simulation arrived at time 8.082287739075808
Simulation arrived at time 8.093398958220437
Simulation arrived at time 8.109812527564765
Simulation arrived at time 8.110815916690258
Simulation arrived at time 8.119015346518566
Simulation arrived at time 8.155825090157016
Simulation arrived at time 8.164392440447685
Simulation arrived at time 8.165441718573582
Simulation arrived at time 8.16882542671565
Simulation arrived at time 8.173652257279706
Simulation arrived at time 8.203673216096716
Simulation arrived at time 8.234268877290788
Simulation arrived at time 8.237692393203842
Simulation arrived at time 8.294679717379388
Simulation arrived at time 8.340552317938963
Simulation arrived at time 8.34958830730373
Simulation arrived at time 8.349599115560617
Simulation arrived at time 8.354544225310942
Simulation arrived at time 8.411905690728156
Simulation arrived at time 8.430197626467326
Simulation arrived at time 8.46411866185801
Simulation arrived at time 8.472834827589917
Simulation arrived at time 8.481958511224573
Simulation arrived at time 8.488626278519742
Simulation arrived at time 8.547894050074227
Simulation arrived at time 8.548814270187245
Simulation arrived at time 8.550108834747776
Simulation arrived at time 8.555434430646336
Simulation arrived at time 8.56052244743074
Simulation arrived at time 8.576816557554192
Simulation arrived at time 8.594278439514694
Simulation arrived at time 8.614609119730911
Simulation arrived at time 8.627147375648411
Simulation arrived at time 8.63753093803543
Simulation arrived at time 8.721611419792897
Simulation arrived at time 8.727233307142914
Simulation arrived at time 8.733935626627352
Simulation arrived at time 8.739110053720296
Simulation arrived at time 8.774548568259414
Simulation arrived at time 8.788727103407055
Simulation arrived at time 8.792794682152183
Simulation arrived at time 8.79463913406194
Simulation arrived at time 8.799550576024698
Simulation arrived at time 8.816220446066579
Simulation arrived at time 8.82250670381502
Simulation arrived at time 8.82413095851269
Simulation arrived at time 8.838743257487568
Simulation arrived at time 8.855172835277811
Simulation arrived at time 8.856670117249635
Simulation arrived at time 8.859102694272467
Simulation arrived at time 8.870722550846768
Simulation arrived at time 8.896400621149384
Simulation arrived at time 8.900180443956454
Simulation arrived at time 8.902217436760456
Simulation arrived at time 8.905030064299691
Simulation arrived at time 8.918080457983868
Simulation arrived at time 8.93350217463251
Simulation arrived at time 8.938253180582494
Simulation arrived at time 8.944285672088373
Simulation arrived at time 8.981890678820161
Simulation arrived at time 8.987368871044684
Simulation arrived at time 9.001893322345902
Simulation arrived at time 9.01125581455689
Simulation arrived at time 9.012678035888186
Simulation arrived at time 9.01498619202876
Simulation arrived at time 9.015892533407314
Simulation arrived at time 9.02385895568724
Simulation arrived at time 9.041783338680498
Simulation arrived at time 9.0630695794168
Simulation arrived at time 9.063750466910015
Simulation arrived at time 9.065246470804624
Simulation arrived at time 9.076067888344094
Simulation arrived at time 9.078811947657188
Simulation arrived at time 9.085565771470169
Simulation arrived at time 9.10095720550598
Simulation arrived at time 9.106140648573858
Simulation arrived at time 9.111927643946999
Simulation arrived at time 9.115261905599509
Simulation arrived at time 9.115518154495149
Simulation arrived at time 9.11592803149128
Simulation arrived at time 9.117162513479558
Simulation arrived at time 9.126076628326363
Simulation arrived at time 9.131024988364862
Simulation arrived at time 9.133670542946405
Simulation arrived at time 9.143598535832774
Simulation arrived at time 9.201316384881968
Simulation arrived at time 9.212974048358113
Simulation arrived at time 9.257679224257132
Simulation arrived at time 9.258094302966418
Simulation arrived at time 9.264044384818733
Simulation arrived at time 9.264621674819313
Simulation arrived at time 9.264860097371471
Simulation arrived at time 9.273225320328455
Simulation arrived at time 9.288954650314476
Simulation arrived at time 9.289182253956321
Simulation arrived at time 9.299053609891514
Simulation arrived at time 9.31777574108623
Simulation arrived at time 9.318610888504105
Simulation arrived at time 9.329756809822761
Simulation arrived at time 9.368619939460373
Simulation arrived at time 9.383062009306718
Simulation arrived at time 9.384290503678418
Simulation arrived at time 9.395253121280565
Simulation arrived at time 9.39733998078539
Simulation arrived at time 9.401113899256545
Simulation arrived at time 9.410568861934484
Simulation arrived at time 9.449923647770273
Simulation arrived at time 9.449991737413452
Simulation arrived at time 9.450262290555198
Simulation arrived at time 9.453165482076939
Simulation arrived at time 9.462652018881311
Simulation arrived at time 9.465487579820685
Simulation arrived at time 9.471180328567252
Simulation arrived at time 9.493416378173379
Simulation arrived at time 9.499239785085875
Simulation arrived at time 9.527317327940526
Simulation arrived at time 9.533868427679682
Simulation arrived at time 9.536292046503105
Simulation arrived at time 9.547001843503146
Simulation arrived at time 9.547954208735334
Simulation arrived at time 9.550653987234977
Simulation arrived at time 9.558902571568938
Simulation arrived at time 9.559473832646901
Simulation arrived at time 9.55983645127072
Simulation arrived at time 9.567199852052783
Simulation arrived at time 9.575381537713778
Simulation arrived at time 9.578943680450545
Simulation arrived at time 9.584906353572343
Simulation arrived at time 9.588187364132299
Simulation arrived at time 9.592374327421558
Simulation arrived at time 9.597758452889165
Simulation arrived at time 9.611852120371225
Simulation arrived at time 9.64749654092081
Simulation arrived at time 9.648099695383362
Simulation arrived at time 9.655493657519601
Simulation arrived at time 9.655602187508483
Simulation arrived at time 9.66549375859043
Simulation arrived at time 9.666143807749608
Simulation arrived at time 9.666957167217042
Simulation arrived at time 9.672665826775372
Simulation arrived at time 9.673144028169627
Simulation arrived at time 9.688141547686476
Simulation arrived at time 9.695416906652792
Simulation arrived at time 9.714885537298109
Simulation arrived at time 9.71854940428421
Simulation arrived at time 9.719633500256203
Simulation arrived at time 9.72450935974219
Simulation arrived at time 9.733531030817412
Simulation arrived at time 9.734980743038951
Simulation arrived at time 9.765346897630252
Simulation arrived at time 9.768084546440424
Simulation arrived at time 9.777063567227849
Simulation arrived at time 9.780475904289553
Simulation arrived at time 9.78369946560479
Simulation arrived at time 9.78538172459685
Simulation arrived at time 9.796493519827928
Simulation arrived at time 9.80124703928838
Simulation arrived at time 9.825760158508517
Simulation arrived at time 9.826656093891604
Simulation arrived at time 9.82876953227607
Simulation arrived at time 9.84615688409847
Simulation arrived at time 9.85803253868621
Simulation arrived at time 9.8704359726875
Simulation arrived at time 9.881594626436272
Simulation arrived at time 9.884612968784609
Simulation arrived at time 9.886271307532452
Simulation arrived at time 9.887495758924075
Simulation arrived at time 9.896857048638642
Simulation arrived at time 9.899809040130497
Simulation arrived at time 9.900453412842324
Simulation arrived at time 9.906546676057511
Simulation arrived at time 9.907222805876632
Simulation arrived at time 9.908954298534322
Simulation arrived at time 9.916920571066465
Simulation arrived at time 9.918831913362308
Simulation arrived at time 9.921759626069672
Simulation arrived at time 9.921925307817704
Simulation arrived at time 9.923977617171392
Simulation arrived at time 9.926970103679096
Simulation arrived at time 9.929822078569847
Simulation arrived at time 9.931448909741933
Simulation arrived at time 9.93215675383624
Simulation arrived at time 9.95062259289087
Simulation arrived at time 9.962635989116512
Simulation arrived at time 9.964269776091134
Simulation arrived at time 9.96697722619278
Simulation arrived at time 9.96724478799481
Simulation arrived at time 9.969328240648139
Simulation arrived at time 9.988504126870216
Writing Newick output...
Writing NEXUS output...
Writing JSON output...
Done.
Done!
