
                        BEAST v2.7.3, 2002-2022
             Bayesian Evolutionary Analysis Sampling Trees
                       Designed and developed by
 Remco Bouckaert, Alexei J. Drummond, Andrew Rambaut & Marc A. Suchard
                                    
                   Centre for Computational Evolution
                         University of Auckland
                       r.bouckaert@auckland.ac.nz
                        alexei@cs.auckland.ac.nz
                                    
                   Institute of Evolutionary Biology
                        University of Edinburgh
                           a.rambaut@ed.ac.uk
                                    
                    David Geffen School of Medicine
                 University of California, Los Angeles
                           msuchard@ucla.edu
                                    
                      Downloads, Help & Resources:
                           http://beast2.org/
                                    
  Source code distributed under the GNU Lesser General Public License:
                   http://github.com/CompEvol/beast2
                                    
                           BEAST developers:
   Alex Alekseyenko, Trevor Bedford, Erik Bloomquist, Joseph Heled, 
 Sebastian Hoehna, Denise Kuehnert, Philippe Lemey, Wai Lok Sibon Li, 
Gerton Lunter, Sidney Markowitz, Vladimir Minin, Michael Defoin Platel, 
          Oliver Pybus, Tim Vaughan, Chieh-Hsi Wu, Walter Xie
                                    
                               Thanks to:
          Roald Forsberg, Beth Shapiro and Korbinian Strimmer

Random number seed: 1678999083926

File: sim.35.xml seed: 1678999083926 threads: 1
Loading package BEAST.base v2.7.3 MASTER v7.0.0 BEAST.app v2.7.3    
Assembling model...
Setting up populations... done.
Setting up reactions... Extinction... Extinction... Extinction... Extirpation... Extirpation... Extirpation... Extirpation... Extirpation... Extirpation... Extirpation... Extirpation... Extirpation... WithinRegionSpeciation... WithinRegionSpeciation... WithinRegionSpeciation... WithinRegionSpeciation... WithinRegionSpeciation... WithinRegionSpeciation... WithinRegionSpeciation... WithinRegionSpeciation... WithinRegionSpeciation... WithinRegionSpeciation... WithinRegionSpeciation... WithinRegionSpeciation... Dispersal... Dispersal... Dispersal... Dispersal... Dispersal... Dispersal... Dispersal... Dispersal... Dispersal... BetweenRegionSpeciation... BetweenRegionSpeciation... BetweenRegionSpeciation... BetweenRegionSpeciation... BetweenRegionSpeciation... BetweenRegionSpeciation... done.
Model assembled.
Generating inheritance trajectory 1 of 1
Simulation arrived at time 0.0
Simulation arrived at time 0.03132150828107978
Simulation arrived at time 1.038558698801975
Simulation arrived at time 1.0532195144109253
Simulation arrived at time 2.118705564646259
Simulation arrived at time 2.540096561173314
Simulation arrived at time 2.541240845107909
Simulation arrived at time 2.988825073398759
Simulation arrived at time 3.191633015059507
Simulation arrived at time 3.217112070286095
Simulation arrived at time 3.4498680811312767
Simulation arrived at time 3.8310594344241014
Simulation arrived at time 4.462703048281712
Simulation arrived at time 4.681325625872797
Simulation arrived at time 4.933404081820655
Simulation arrived at time 4.956862553481947
Simulation arrived at time 4.998669680067434
Simulation arrived at time 5.036902924173957
Simulation arrived at time 5.05250602879927
Simulation arrived at time 5.213902476648273
Simulation arrived at time 5.2421232111845715
Simulation arrived at time 5.452751717581527
Simulation arrived at time 5.52237051280046
Simulation arrived at time 5.700381019812664
Simulation arrived at time 5.700549006896512
Simulation arrived at time 5.794647463044381
Simulation arrived at time 5.891639912509849
Simulation arrived at time 5.985765406408222
Simulation arrived at time 6.021102334926161
Simulation arrived at time 6.058496353712434
Simulation arrived at time 6.065449070303767
Simulation arrived at time 6.278126146391106
Simulation arrived at time 6.32695336980528
Simulation arrived at time 6.357807196373999
Simulation arrived at time 6.399417966744241
Simulation arrived at time 6.881688200270116
Simulation arrived at time 7.03346104939125
Simulation arrived at time 7.072238741273524
Simulation arrived at time 7.123516168314678
Simulation arrived at time 7.15661878282951
Simulation arrived at time 7.2682874026807305
Simulation arrived at time 7.2936663439848655
Simulation arrived at time 7.394171885118069
Simulation arrived at time 7.395666467944624
Simulation arrived at time 7.466107767974135
Simulation arrived at time 7.479788068400412
Simulation arrived at time 7.611506839019643
Simulation arrived at time 7.679440410279128
Simulation arrived at time 7.682754875461262
Simulation arrived at time 7.712224290057476
Simulation arrived at time 7.781579937891013
Simulation arrived at time 7.793449085309429
Simulation arrived at time 7.820872558278689
Simulation arrived at time 7.835756464795547
Simulation arrived at time 7.858381903781538
Simulation arrived at time 7.858779591470433
Simulation arrived at time 7.891930408354452
Simulation arrived at time 8.066157407976645
Simulation arrived at time 8.095711379930789
Simulation arrived at time 8.104570946499662
Simulation arrived at time 8.108938058533077
Simulation arrived at time 8.208726804268847
Simulation arrived at time 8.225087416546659
Simulation arrived at time 8.301694292740052
Simulation arrived at time 8.52189667758728
Simulation arrived at time 8.538742160343919
Simulation arrived at time 8.544981623470001
Simulation arrived at time 8.564399668716009
Simulation arrived at time 8.571163369129486
Simulation arrived at time 8.59850493496148
Simulation arrived at time 8.617453689440515
Simulation arrived at time 8.688989935610905
Simulation arrived at time 8.742377804489152
Simulation arrived at time 8.776421904823577
Simulation arrived at time 8.83248482554895
Simulation arrived at time 8.857382577721586
Simulation arrived at time 8.935952624862692
Simulation arrived at time 8.977502063584074
Simulation arrived at time 8.982305518960393
Simulation arrived at time 8.984942111366244
Simulation arrived at time 9.010702453232536
Simulation arrived at time 9.029032288647944
Simulation arrived at time 9.059294877696573
Simulation arrived at time 9.08109443793825
Simulation arrived at time 9.082298323077463
Simulation arrived at time 9.091733667618595
Simulation arrived at time 9.099502191141786
Simulation arrived at time 9.126480739549685
Simulation arrived at time 9.143424106140492
Simulation arrived at time 9.157996238556606
Simulation arrived at time 9.161779869535085
Simulation arrived at time 9.18178873688564
Simulation arrived at time 9.203192969233436
Simulation arrived at time 9.241349833450494
Simulation arrived at time 9.280315210790526
Simulation arrived at time 9.2961543397538
Simulation arrived at time 9.30667605161602
Simulation arrived at time 9.317547193627684
Simulation arrived at time 9.318612448298026
Simulation arrived at time 9.331686854329298
Simulation arrived at time 9.369937658826796
Simulation arrived at time 9.377172022040861
Simulation arrived at time 9.398670442736735
Simulation arrived at time 9.456209905030658
Simulation arrived at time 9.518444647366362
Simulation arrived at time 9.537595635927127
Simulation arrived at time 9.57240301320497
Simulation arrived at time 9.60167016376259
Simulation arrived at time 9.62185996611356
Simulation arrived at time 9.625088075118947
Simulation arrived at time 9.666884715047997
Simulation arrived at time 9.669651566128818
Simulation arrived at time 9.692874836016838
Simulation arrived at time 9.697241475933327
Simulation arrived at time 9.705197951568515
Simulation arrived at time 9.707752210481384
Simulation arrived at time 9.750552260282271
Simulation arrived at time 9.75136789680402
Simulation arrived at time 9.798986199588672
Simulation arrived at time 9.803462209684591
Simulation arrived at time 9.84432652027519
Simulation arrived at time 9.864782425305652
Simulation arrived at time 9.90567356509452
Simulation arrived at time 9.907742113309942
Simulation arrived at time 9.917915125717782
Writing Newick output...
Writing NEXUS output...
Writing JSON output...
Done.
Done!
