
                        BEAST v2.7.3, 2002-2022
             Bayesian Evolutionary Analysis Sampling Trees
                       Designed and developed by
 Remco Bouckaert, Alexei J. Drummond, Andrew Rambaut & Marc A. Suchard
                                    
                   Centre for Computational Evolution
                         University of Auckland
                       r.bouckaert@auckland.ac.nz
                        alexei@cs.auckland.ac.nz
                                    
                   Institute of Evolutionary Biology
                        University of Edinburgh
                           a.rambaut@ed.ac.uk
                                    
                    David Geffen School of Medicine
                 University of California, Los Angeles
                           msuchard@ucla.edu
                                    
                      Downloads, Help & Resources:
                           http://beast2.org/
                                    
  Source code distributed under the GNU Lesser General Public License:
                   http://github.com/CompEvol/beast2
                                    
                           BEAST developers:
   Alex Alekseyenko, Trevor Bedford, Erik Bloomquist, Joseph Heled, 
 Sebastian Hoehna, Denise Kuehnert, Philippe Lemey, Wai Lok Sibon Li, 
Gerton Lunter, Sidney Markowitz, Vladimir Minin, Michael Defoin Platel, 
          Oliver Pybus, Tim Vaughan, Chieh-Hsi Wu, Walter Xie
                                    
                               Thanks to:
          Roald Forsberg, Beth Shapiro and Korbinian Strimmer

Random number seed: 1678999116816

File: sim.91.xml seed: 1678999116816 threads: 1
Loading package BEAST.base v2.7.3 MASTER v7.0.0 BEAST.app v2.7.3    
Assembling model...
Setting up populations... done.
Setting up reactions... Extinction... Extinction... Extinction... Extirpation... Extirpation... Extirpation... Extirpation... Extirpation... Extirpation... Extirpation... Extirpation... Extirpation... WithinRegionSpeciation... WithinRegionSpeciation... WithinRegionSpeciation... WithinRegionSpeciation... WithinRegionSpeciation... WithinRegionSpeciation... WithinRegionSpeciation... WithinRegionSpeciation... WithinRegionSpeciation... WithinRegionSpeciation... WithinRegionSpeciation... WithinRegionSpeciation... Dispersal... Dispersal... Dispersal... Dispersal... Dispersal... Dispersal... Dispersal... Dispersal... Dispersal... BetweenRegionSpeciation... BetweenRegionSpeciation... BetweenRegionSpeciation... BetweenRegionSpeciation... BetweenRegionSpeciation... BetweenRegionSpeciation... done.
Model assembled.
Generating inheritance trajectory 1 of 1
Simulation arrived at time 0.0
Simulation arrived at time 1.9211174805694524
Simulation arrived at time 8.057392354945472
Post-simulation rejection condition met.
Simulation arrived at time 0.0
Simulation arrived at time 1.68176957124
Simulation arrived at time 3.7807478237797776
Simulation arrived at time 4.4708839036012735
Simulation arrived at time 4.535298537340308
Simulation arrived at time 5.041829780334311
Simulation arrived at time 5.3846659388718985
Simulation arrived at time 5.619585804713357
Simulation arrived at time 5.712963722739258
Simulation arrived at time 6.581155790248148
Simulation arrived at time 6.827088570536598
Simulation arrived at time 9.724931811358
Simulation arrived at time 9.866803077552905
Post-simulation rejection condition met.
Maximum number of post-simulation condition rejections exceeded.  Skipping simulation.
Writing Newick output...
Writing NEXUS output...
Writing JSON output...
Done.
Done!
