
                        BEAST v2.7.3, 2002-2022
             Bayesian Evolutionary Analysis Sampling Trees
                       Designed and developed by
 Remco Bouckaert, Alexei J. Drummond, Andrew Rambaut & Marc A. Suchard
                                    
                   Centre for Computational Evolution
                         University of Auckland
                       r.bouckaert@auckland.ac.nz
                        alexei@cs.auckland.ac.nz
                                    
                   Institute of Evolutionary Biology
                        University of Edinburgh
                           a.rambaut@ed.ac.uk
                                    
                    David Geffen School of Medicine
                 University of California, Los Angeles
                           msuchard@ucla.edu
                                    
                      Downloads, Help & Resources:
                           http://beast2.org/
                                    
  Source code distributed under the GNU Lesser General Public License:
                   http://github.com/CompEvol/beast2
                                    
                           BEAST developers:
   Alex Alekseyenko, Trevor Bedford, Erik Bloomquist, Joseph Heled, 
 Sebastian Hoehna, Denise Kuehnert, Philippe Lemey, Wai Lok Sibon Li, 
Gerton Lunter, Sidney Markowitz, Vladimir Minin, Michael Defoin Platel, 
          Oliver Pybus, Tim Vaughan, Chieh-Hsi Wu, Walter Xie
                                    
                               Thanks to:
          Roald Forsberg, Beth Shapiro and Korbinian Strimmer

Random number seed: 1678999102207

File: sim.66.xml seed: 1678999102207 threads: 1
Loading package BEAST.base v2.7.3 MASTER v7.0.0 BEAST.app v2.7.3    
Assembling model...
Setting up populations... done.
Setting up reactions... Extinction... Extinction... Extinction... Extirpation... Extirpation... Extirpation... Extirpation... Extirpation... Extirpation... Extirpation... Extirpation... Extirpation... WithinRegionSpeciation... WithinRegionSpeciation... WithinRegionSpeciation... WithinRegionSpeciation... WithinRegionSpeciation... WithinRegionSpeciation... WithinRegionSpeciation... WithinRegionSpeciation... WithinRegionSpeciation... WithinRegionSpeciation... WithinRegionSpeciation... WithinRegionSpeciation... Dispersal... Dispersal... Dispersal... Dispersal... Dispersal... Dispersal... Dispersal... Dispersal... Dispersal... BetweenRegionSpeciation... BetweenRegionSpeciation... BetweenRegionSpeciation... BetweenRegionSpeciation... BetweenRegionSpeciation... BetweenRegionSpeciation... done.
Model assembled.
Generating inheritance trajectory 1 of 1
Simulation arrived at time 0.0
Simulation arrived at time 1.9005982559295247
Simulation arrived at time 1.9432599859778918
Simulation arrived at time 2.959533554945457
Simulation arrived at time 7.807493591163354
Simulation arrived at time 8.53137084275084
Post-simulation rejection condition met.
Simulation arrived at time 0.0
Simulation arrived at time 0.23708448352455727
Simulation arrived at time 5.0252885531978135
Simulation arrived at time 5.428420872593234
Simulation arrived at time 6.068369606111123
Simulation arrived at time 6.421265869988826
Simulation arrived at time 6.5185499573828976
Simulation arrived at time 6.646858249830372
Simulation arrived at time 6.705759504108062
Simulation arrived at time 6.921598516601594
Simulation arrived at time 7.221405560196266
Simulation arrived at time 7.227952951021422
Simulation arrived at time 8.055755386307391
Simulation arrived at time 8.265759658051362
Simulation arrived at time 8.64200492930101
Simulation arrived at time 8.760115392266098
Simulation arrived at time 9.090795363467654
Simulation arrived at time 9.477640983016363
Simulation arrived at time 9.588212751091065
Simulation arrived at time 9.6173070573617
Simulation arrived at time 9.665955440470047
Writing Newick output...
Writing NEXUS output...
Writing JSON output...
Done.
Done!
