
                        BEAST v2.7.3, 2002-2022
             Bayesian Evolutionary Analysis Sampling Trees
                       Designed and developed by
 Remco Bouckaert, Alexei J. Drummond, Andrew Rambaut & Marc A. Suchard
                                    
                   Centre for Computational Evolution
                         University of Auckland
                       r.bouckaert@auckland.ac.nz
                        alexei@cs.auckland.ac.nz
                                    
                   Institute of Evolutionary Biology
                        University of Edinburgh
                           a.rambaut@ed.ac.uk
                                    
                    David Geffen School of Medicine
                 University of California, Los Angeles
                           msuchard@ucla.edu
                                    
                      Downloads, Help & Resources:
                           http://beast2.org/
                                    
  Source code distributed under the GNU Lesser General Public License:
                   http://github.com/CompEvol/beast2
                                    
                           BEAST developers:
   Alex Alekseyenko, Trevor Bedford, Erik Bloomquist, Joseph Heled, 
 Sebastian Hoehna, Denise Kuehnert, Philippe Lemey, Wai Lok Sibon Li, 
Gerton Lunter, Sidney Markowitz, Vladimir Minin, Michael Defoin Platel, 
          Oliver Pybus, Tim Vaughan, Chieh-Hsi Wu, Walter Xie
                                    
                               Thanks to:
          Roald Forsberg, Beth Shapiro and Korbinian Strimmer

Random number seed: 1678999099378

File: sim.61.xml seed: 1678999099378 threads: 1
Loading package BEAST.base v2.7.3 MASTER v7.0.0 BEAST.app v2.7.3    
Assembling model...
Setting up populations... done.
Setting up reactions... Extinction... Extinction... Extinction... Extirpation... Extirpation... Extirpation... Extirpation... Extirpation... Extirpation... Extirpation... Extirpation... Extirpation... WithinRegionSpeciation... WithinRegionSpeciation... WithinRegionSpeciation... WithinRegionSpeciation... WithinRegionSpeciation... WithinRegionSpeciation... WithinRegionSpeciation... WithinRegionSpeciation... WithinRegionSpeciation... WithinRegionSpeciation... WithinRegionSpeciation... WithinRegionSpeciation... Dispersal... Dispersal... Dispersal... Dispersal... Dispersal... Dispersal... Dispersal... Dispersal... Dispersal... BetweenRegionSpeciation... BetweenRegionSpeciation... BetweenRegionSpeciation... BetweenRegionSpeciation... BetweenRegionSpeciation... BetweenRegionSpeciation... done.
Model assembled.
Generating inheritance trajectory 1 of 1
Simulation arrived at time 0.0
Truncation end condition met at time 7.457531476405609
Post-simulation rejection condition met.
Simulation arrived at time 0.0
Simulation arrived at time 3.047326407689297
Simulation arrived at time 6.478726033845953
Simulation arrived at time 7.902158253479867
Simulation arrived at time 8.219016243670742
Simulation arrived at time 8.303218397637695
Simulation arrived at time 8.374157701100021
Simulation arrived at time 8.409990381680187
Simulation arrived at time 8.763542452627593
Simulation arrived at time 8.770583833666903
Simulation arrived at time 8.859610123537779
Simulation arrived at time 8.868684824123505
Simulation arrived at time 8.91395001795316
Simulation arrived at time 8.93907621513516
Simulation arrived at time 9.015505702117471
Simulation arrived at time 9.033478740011736
Simulation arrived at time 9.128876604695774
Simulation arrived at time 9.160373661373159
Simulation arrived at time 9.301763116870822
Simulation arrived at time 9.467148538691283
Simulation arrived at time 9.557771268467002
Simulation arrived at time 9.7235369466742
Simulation arrived at time 9.763387056965897
Simulation arrived at time 9.77865438873176
Simulation arrived at time 9.8900207415387
Simulation arrived at time 9.927678204376724
Simulation arrived at time 9.96124490675829
Writing Newick output...
Writing NEXUS output...
Writing JSON output...
Done.
Done!
