
                        BEAST v2.7.3, 2002-2022
             Bayesian Evolutionary Analysis Sampling Trees
                       Designed and developed by
 Remco Bouckaert, Alexei J. Drummond, Andrew Rambaut & Marc A. Suchard
                                    
                   Centre for Computational Evolution
                         University of Auckland
                       r.bouckaert@auckland.ac.nz
                        alexei@cs.auckland.ac.nz
                                    
                   Institute of Evolutionary Biology
                        University of Edinburgh
                           a.rambaut@ed.ac.uk
                                    
                    David Geffen School of Medicine
                 University of California, Los Angeles
                           msuchard@ucla.edu
                                    
                      Downloads, Help & Resources:
                           http://beast2.org/
                                    
  Source code distributed under the GNU Lesser General Public License:
                   http://github.com/CompEvol/beast2
                                    
                           BEAST developers:
   Alex Alekseyenko, Trevor Bedford, Erik Bloomquist, Joseph Heled, 
 Sebastian Hoehna, Denise Kuehnert, Philippe Lemey, Wai Lok Sibon Li, 
Gerton Lunter, Sidney Markowitz, Vladimir Minin, Michael Defoin Platel, 
          Oliver Pybus, Tim Vaughan, Chieh-Hsi Wu, Walter Xie
                                    
                               Thanks to:
          Roald Forsberg, Beth Shapiro and Korbinian Strimmer

Random number seed: 1678999068057

File: sim.8.xml seed: 1678999068057 threads: 1
Loading package BEAST.base v2.7.3 MASTER v7.0.0 BEAST.app v2.7.3    
Assembling model...
Setting up populations... done.
Setting up reactions... Extinction... Extinction... Extinction... Extirpation... Extirpation... Extirpation... Extirpation... Extirpation... Extirpation... Extirpation... Extirpation... Extirpation... WithinRegionSpeciation... WithinRegionSpeciation... WithinRegionSpeciation... WithinRegionSpeciation... WithinRegionSpeciation... WithinRegionSpeciation... WithinRegionSpeciation... WithinRegionSpeciation... WithinRegionSpeciation... WithinRegionSpeciation... WithinRegionSpeciation... WithinRegionSpeciation... Dispersal... Dispersal... Dispersal... Dispersal... Dispersal... Dispersal... Dispersal... Dispersal... Dispersal... BetweenRegionSpeciation... BetweenRegionSpeciation... BetweenRegionSpeciation... BetweenRegionSpeciation... BetweenRegionSpeciation... BetweenRegionSpeciation... done.
Model assembled.
Generating inheritance trajectory 1 of 1
Simulation arrived at time 0.0
Simulation arrived at time 2.315983096702381
Simulation arrived at time 2.3945747622125335
Simulation arrived at time 2.714460010282847
Simulation arrived at time 2.8101354048489275
Simulation arrived at time 2.8760307146386466
Simulation arrived at time 2.990017030214797
Simulation arrived at time 3.36653639898194
Simulation arrived at time 3.4775197380084664
Simulation arrived at time 3.7841633107626538
Simulation arrived at time 4.228904644610709
Simulation arrived at time 4.917759070217928
Simulation arrived at time 4.93187078817494
Simulation arrived at time 5.004889094801628
Simulation arrived at time 5.08194621489289
Simulation arrived at time 5.2428363841690215
Simulation arrived at time 5.322677857021772
Simulation arrived at time 5.323835605537073
Simulation arrived at time 5.361379653933144
Simulation arrived at time 5.611188912836385
Simulation arrived at time 5.657127655028796
Simulation arrived at time 5.744259962025052
Simulation arrived at time 5.764467980908853
Simulation arrived at time 5.821655301417476
Simulation arrived at time 5.9294124006343045
Simulation arrived at time 6.234648500750131
Simulation arrived at time 6.2437591710066735
Simulation arrived at time 6.269471921572815
Simulation arrived at time 6.27613013496543
Simulation arrived at time 6.3281389685026435
Simulation arrived at time 6.390943000667295
Simulation arrived at time 6.483691615846686
Simulation arrived at time 6.615060021243553
Simulation arrived at time 6.739696235741084
Simulation arrived at time 6.753982404455135
Simulation arrived at time 7.002300494084034
Simulation arrived at time 7.126317370079738
Simulation arrived at time 7.177428713434415
Simulation arrived at time 7.2033055117454055
Simulation arrived at time 7.229388276717905
Simulation arrived at time 7.3181948451520915
Simulation arrived at time 7.462044145418892
Simulation arrived at time 7.483116092070039
Simulation arrived at time 7.486066944961548
Simulation arrived at time 7.525722482591971
Simulation arrived at time 7.530260105284637
Simulation arrived at time 7.636385130556357
Simulation arrived at time 7.724817323225328
Simulation arrived at time 7.736917380851502
Simulation arrived at time 7.781913271243437
Simulation arrived at time 7.787548072008937
Simulation arrived at time 7.827152720579876
Simulation arrived at time 8.04687340803391
Simulation arrived at time 8.147870258421413
Simulation arrived at time 8.180641744982891
Simulation arrived at time 8.193606248541435
Simulation arrived at time 8.36943581655607
Simulation arrived at time 8.425544032032006
Simulation arrived at time 8.549263992863548
Simulation arrived at time 8.668896846556212
Simulation arrived at time 8.67165667791107
Simulation arrived at time 8.677532949012514
Simulation arrived at time 8.691937503216687
Simulation arrived at time 8.69761188337991
Simulation arrived at time 8.702660078184767
Simulation arrived at time 8.749422389059278
Simulation arrived at time 8.762182568089129
Simulation arrived at time 8.785709761753786
Simulation arrived at time 8.966449404967705
Simulation arrived at time 8.97668110403333
Simulation arrived at time 9.0040652310825
Simulation arrived at time 9.035439873436278
Simulation arrived at time 9.077457678142956
Simulation arrived at time 9.206779720590621
Simulation arrived at time 9.232554737550261
Simulation arrived at time 9.240458861418071
Simulation arrived at time 9.296925592891371
Simulation arrived at time 9.296962226720703
Simulation arrived at time 9.312832516634982
Simulation arrived at time 9.316300200323587
Simulation arrived at time 9.353149045541057
Simulation arrived at time 9.361440001616202
Simulation arrived at time 9.365570511855225
Simulation arrived at time 9.389642304227158
Simulation arrived at time 9.454187963084253
Simulation arrived at time 9.468647227421066
Simulation arrived at time 9.476220737421228
Simulation arrived at time 9.500153746987497
Simulation arrived at time 9.506216124368756
Simulation arrived at time 9.525515158820816
Simulation arrived at time 9.542297448661062
Simulation arrived at time 9.554250627938819
Simulation arrived at time 9.555115778692002
Simulation arrived at time 9.562508466027367
Simulation arrived at time 9.594465516895562
Simulation arrived at time 9.659963142211138
Simulation arrived at time 9.698058536815934
Simulation arrived at time 9.714250553515072
Simulation arrived at time 9.734834854430161
Simulation arrived at time 9.739516519674764
Simulation arrived at time 9.767982551271428
Simulation arrived at time 9.79284694984125
Simulation arrived at time 9.794602416485693
Simulation arrived at time 9.806000690016788
Simulation arrived at time 9.854760401451118
Simulation arrived at time 9.873769150721929
Simulation arrived at time 9.919875928037838
Simulation arrived at time 9.928097294009513
Simulation arrived at time 9.935876213300737
Simulation arrived at time 9.957406005047844
Simulation arrived at time 9.97129812528378
Writing Newick output...
Writing NEXUS output...
Writing JSON output...
Done.
Done!
