
                        BEAST v2.7.3, 2002-2022
             Bayesian Evolutionary Analysis Sampling Trees
                       Designed and developed by
 Remco Bouckaert, Alexei J. Drummond, Andrew Rambaut & Marc A. Suchard
                                    
                   Centre for Computational Evolution
                         University of Auckland
                       r.bouckaert@auckland.ac.nz
                        alexei@cs.auckland.ac.nz
                                    
                   Institute of Evolutionary Biology
                        University of Edinburgh
                           a.rambaut@ed.ac.uk
                                    
                    David Geffen School of Medicine
                 University of California, Los Angeles
                           msuchard@ucla.edu
                                    
                      Downloads, Help & Resources:
                           http://beast2.org/
                                    
  Source code distributed under the GNU Lesser General Public License:
                   http://github.com/CompEvol/beast2
                                    
                           BEAST developers:
   Alex Alekseyenko, Trevor Bedford, Erik Bloomquist, Joseph Heled, 
 Sebastian Hoehna, Denise Kuehnert, Philippe Lemey, Wai Lok Sibon Li, 
Gerton Lunter, Sidney Markowitz, Vladimir Minin, Michael Defoin Platel, 
          Oliver Pybus, Tim Vaughan, Chieh-Hsi Wu, Walter Xie
                                    
                               Thanks to:
          Roald Forsberg, Beth Shapiro and Korbinian Strimmer

Random number seed: 1678999088260

File: sim.42.xml seed: 1678999088260 threads: 1
Loading package BEAST.base v2.7.3 MASTER v7.0.0 BEAST.app v2.7.3    
Assembling model...
Setting up populations... done.
Setting up reactions... Extinction... Extinction... Extinction... Extirpation... Extirpation... Extirpation... Extirpation... Extirpation... Extirpation... Extirpation... Extirpation... Extirpation... WithinRegionSpeciation... WithinRegionSpeciation... WithinRegionSpeciation... WithinRegionSpeciation... WithinRegionSpeciation... WithinRegionSpeciation... WithinRegionSpeciation... WithinRegionSpeciation... WithinRegionSpeciation... WithinRegionSpeciation... WithinRegionSpeciation... WithinRegionSpeciation... Dispersal... Dispersal... Dispersal... Dispersal... Dispersal... Dispersal... Dispersal... Dispersal... Dispersal... BetweenRegionSpeciation... BetweenRegionSpeciation... BetweenRegionSpeciation... BetweenRegionSpeciation... BetweenRegionSpeciation... BetweenRegionSpeciation... done.
Model assembled.
Generating inheritance trajectory 1 of 1
Simulation arrived at time 0.0
Simulation arrived at time 1.581531731671245
Simulation arrived at time 2.062189535337766
Simulation arrived at time 2.7412202612445635
Simulation arrived at time 2.777391943124352
Simulation arrived at time 3.07174688390025
Simulation arrived at time 4.12529174262407
Simulation arrived at time 4.239476204388369
Simulation arrived at time 4.6442580010691765
Simulation arrived at time 4.849086699895455
Simulation arrived at time 4.850722518895841
Simulation arrived at time 5.132954405844253
Simulation arrived at time 5.174852410278352
Simulation arrived at time 5.939808380977393
Simulation arrived at time 6.113781133970141
Simulation arrived at time 6.451487790665429
Simulation arrived at time 6.6502838317549235
Simulation arrived at time 6.899850017234444
Simulation arrived at time 6.940934800748636
Simulation arrived at time 7.0126501051174435
Simulation arrived at time 7.0862329188020174
Simulation arrived at time 7.111896628051438
Simulation arrived at time 7.1177302125730675
Simulation arrived at time 7.180299341444082
Simulation arrived at time 7.309361180537686
Simulation arrived at time 7.56947583689566
Simulation arrived at time 7.733186339709115
Simulation arrived at time 8.588197025965494
Simulation arrived at time 8.652224479924556
Simulation arrived at time 9.179981334535599
Simulation arrived at time 9.206850948434575
Simulation arrived at time 9.244674498187157
Simulation arrived at time 9.27127984321846
Simulation arrived at time 9.40630459790734
Simulation arrived at time 9.469060258395151
Simulation arrived at time 9.570854376468027
Simulation arrived at time 9.686430777820531
Simulation arrived at time 9.780750436246755
Simulation arrived at time 9.876571942365109
Simulation arrived at time 9.89643688873402
Simulation arrived at time 9.901369123325532
Simulation arrived at time 9.979012758628475
Writing Newick output...
Writing NEXUS output...
Writing JSON output...
Done.
Done!
