
                        BEAST v2.7.3, 2002-2022
             Bayesian Evolutionary Analysis Sampling Trees
                       Designed and developed by
 Remco Bouckaert, Alexei J. Drummond, Andrew Rambaut & Marc A. Suchard
                                    
                   Centre for Computational Evolution
                         University of Auckland
                       r.bouckaert@auckland.ac.nz
                        alexei@cs.auckland.ac.nz
                                    
                   Institute of Evolutionary Biology
                        University of Edinburgh
                           a.rambaut@ed.ac.uk
                                    
                    David Geffen School of Medicine
                 University of California, Los Angeles
                           msuchard@ucla.edu
                                    
                      Downloads, Help & Resources:
                           http://beast2.org/
                                    
  Source code distributed under the GNU Lesser General Public License:
                   http://github.com/CompEvol/beast2
                                    
                           BEAST developers:
   Alex Alekseyenko, Trevor Bedford, Erik Bloomquist, Joseph Heled, 
 Sebastian Hoehna, Denise Kuehnert, Philippe Lemey, Wai Lok Sibon Li, 
Gerton Lunter, Sidney Markowitz, Vladimir Minin, Michael Defoin Platel, 
          Oliver Pybus, Tim Vaughan, Chieh-Hsi Wu, Walter Xie
                                    
                               Thanks to:
          Roald Forsberg, Beth Shapiro and Korbinian Strimmer

Random number seed: 1678999114507

File: sim.87.xml seed: 1678999114507 threads: 1
Loading package BEAST.base v2.7.3 MASTER v7.0.0 BEAST.app v2.7.3    
Assembling model...
Setting up populations... done.
Setting up reactions... Extinction... Extinction... Extinction... Extirpation... Extirpation... Extirpation... Extirpation... Extirpation... Extirpation... Extirpation... Extirpation... Extirpation... WithinRegionSpeciation... WithinRegionSpeciation... WithinRegionSpeciation... WithinRegionSpeciation... WithinRegionSpeciation... WithinRegionSpeciation... WithinRegionSpeciation... WithinRegionSpeciation... WithinRegionSpeciation... WithinRegionSpeciation... WithinRegionSpeciation... WithinRegionSpeciation... Dispersal... Dispersal... Dispersal... Dispersal... Dispersal... Dispersal... Dispersal... Dispersal... Dispersal... BetweenRegionSpeciation... BetweenRegionSpeciation... BetweenRegionSpeciation... BetweenRegionSpeciation... BetweenRegionSpeciation... BetweenRegionSpeciation... done.
Model assembled.
Generating inheritance trajectory 1 of 1
Simulation arrived at time 0.0
Simulation arrived at time 1.316585080860755
Post-simulation rejection condition met.
Simulation arrived at time 0.0
Simulation arrived at time 0.1006888744394249
Simulation arrived at time 1.214787869878175
Simulation arrived at time 4.219738716132521
Simulation arrived at time 4.495770875555466
Simulation arrived at time 5.595148364912553
Simulation arrived at time 5.8504441318804075
Simulation arrived at time 5.88085445005882
Simulation arrived at time 5.9135510354986645
Simulation arrived at time 6.051433635024643
Simulation arrived at time 6.267310587225679
Simulation arrived at time 6.523148182227101
Simulation arrived at time 7.012404574071857
Simulation arrived at time 7.0472728333141985
Simulation arrived at time 7.523188369791207
Simulation arrived at time 7.646260382975429
Simulation arrived at time 7.9076157810192615
Simulation arrived at time 7.953793228833852
Simulation arrived at time 8.389691253855753
Simulation arrived at time 8.72998224420532
Simulation arrived at time 8.851698781377038
Simulation arrived at time 9.13803721974687
Simulation arrived at time 9.317388369064037
Simulation arrived at time 9.48173769338681
Simulation arrived at time 9.608669131317003
Simulation arrived at time 9.8671635515237
Writing Newick output...
Writing NEXUS output...
Writing JSON output...
Done.
Done!
