
                        BEAST v2.7.3, 2002-2022
             Bayesian Evolutionary Analysis Sampling Trees
                       Designed and developed by
 Remco Bouckaert, Alexei J. Drummond, Andrew Rambaut & Marc A. Suchard
                                    
                   Centre for Computational Evolution
                         University of Auckland
                       r.bouckaert@auckland.ac.nz
                        alexei@cs.auckland.ac.nz
                                    
                   Institute of Evolutionary Biology
                        University of Edinburgh
                           a.rambaut@ed.ac.uk
                                    
                    David Geffen School of Medicine
                 University of California, Los Angeles
                           msuchard@ucla.edu
                                    
                      Downloads, Help & Resources:
                           http://beast2.org/
                                    
  Source code distributed under the GNU Lesser General Public License:
                   http://github.com/CompEvol/beast2
                                    
                           BEAST developers:
   Alex Alekseyenko, Trevor Bedford, Erik Bloomquist, Joseph Heled, 
 Sebastian Hoehna, Denise Kuehnert, Philippe Lemey, Wai Lok Sibon Li, 
Gerton Lunter, Sidney Markowitz, Vladimir Minin, Michael Defoin Platel, 
          Oliver Pybus, Tim Vaughan, Chieh-Hsi Wu, Walter Xie
                                    
                               Thanks to:
          Roald Forsberg, Beth Shapiro and Korbinian Strimmer

Random number seed: 1678999113081

File: sim.85.xml seed: 1678999113081 threads: 1
Loading package BEAST.base v2.7.3 MASTER v7.0.0 BEAST.app v2.7.3    
Assembling model...
Setting up populations... done.
Setting up reactions... Extinction... Extinction... Extinction... Extirpation... Extirpation... Extirpation... Extirpation... Extirpation... Extirpation... Extirpation... Extirpation... Extirpation... WithinRegionSpeciation... WithinRegionSpeciation... WithinRegionSpeciation... WithinRegionSpeciation... WithinRegionSpeciation... WithinRegionSpeciation... WithinRegionSpeciation... WithinRegionSpeciation... WithinRegionSpeciation... WithinRegionSpeciation... WithinRegionSpeciation... WithinRegionSpeciation... Dispersal... Dispersal... Dispersal... Dispersal... Dispersal... Dispersal... Dispersal... Dispersal... Dispersal... BetweenRegionSpeciation... BetweenRegionSpeciation... BetweenRegionSpeciation... BetweenRegionSpeciation... BetweenRegionSpeciation... BetweenRegionSpeciation... done.
Model assembled.
Generating inheritance trajectory 1 of 1
Simulation arrived at time 0.0
Simulation arrived at time 0.29682834666089747
Simulation arrived at time 0.643233012611786
Simulation arrived at time 0.9621569432377961
Simulation arrived at time 1.626943999426968
Simulation arrived at time 1.9616045155649338
Simulation arrived at time 2.189953022922306
Simulation arrived at time 2.372982127332399
Simulation arrived at time 2.4393059067289937
Simulation arrived at time 2.51762723041449
Simulation arrived at time 2.539366228761649
Simulation arrived at time 2.557108056434571
Simulation arrived at time 2.6250680225183975
Simulation arrived at time 2.636987634709978
Simulation arrived at time 2.866210734161404
Simulation arrived at time 2.961703245409618
Simulation arrived at time 2.9995109226814276
Simulation arrived at time 3.1844183905871075
Simulation arrived at time 3.2308500334866563
Simulation arrived at time 3.359656972717979
Simulation arrived at time 3.4714017718093544
Simulation arrived at time 3.494324528785408
Simulation arrived at time 3.552679074712921
Simulation arrived at time 3.625338895274901
Simulation arrived at time 3.662945242224414
Simulation arrived at time 3.7120986287699957
Simulation arrived at time 3.765632990374777
Simulation arrived at time 3.76790668424067
Simulation arrived at time 3.815717790176104
Simulation arrived at time 4.094515169707112
Simulation arrived at time 4.198587765160923
Simulation arrived at time 4.275155752947907
Simulation arrived at time 4.304105126329073
Simulation arrived at time 4.403263693166457
Simulation arrived at time 4.435685226027601
Simulation arrived at time 4.468124013673504
Simulation arrived at time 4.522827343861243
Simulation arrived at time 4.6240878480192045
Simulation arrived at time 4.699196650044595
Simulation arrived at time 4.754843027960498
Simulation arrived at time 4.763409609442801
Simulation arrived at time 4.830600468362158
Simulation arrived at time 4.850015985238229
Simulation arrived at time 4.9295050234125375
Simulation arrived at time 4.934549315545527
Simulation arrived at time 4.967731919239469
Simulation arrived at time 4.986241592581212
Simulation arrived at time 5.016619852397743
Simulation arrived at time 5.1115264626268715
Simulation arrived at time 5.176516043216416
Simulation arrived at time 5.1776967256874045
Simulation arrived at time 5.264796937916547
Simulation arrived at time 5.276469148319478
Simulation arrived at time 5.283681284450186
Simulation arrived at time 5.3269918099380495
Simulation arrived at time 5.3280942508429305
Simulation arrived at time 5.391232835861342
Simulation arrived at time 5.418562002909045
Simulation arrived at time 5.429456381661895
Simulation arrived at time 5.487904261728299
Simulation arrived at time 5.552829545080843
Simulation arrived at time 5.56039722686483
Simulation arrived at time 5.658550061569979
Simulation arrived at time 5.788890200140251
Simulation arrived at time 5.792314865359538
Simulation arrived at time 5.833743977289878
Simulation arrived at time 5.837843370558817
Simulation arrived at time 5.856117287008353
Simulation arrived at time 5.857398907442068
Simulation arrived at time 5.889114199262564
Simulation arrived at time 5.895634071384946
Simulation arrived at time 5.930837988824941
Simulation arrived at time 5.9310175935104
Simulation arrived at time 5.971657943473919
Simulation arrived at time 5.987847322918797
Simulation arrived at time 5.995161241496039
Simulation arrived at time 6.003594158233022
Simulation arrived at time 6.029372226627901
Simulation arrived at time 6.084256707932276
Simulation arrived at time 6.1086905000727185
Simulation arrived at time 6.114022118276122
Simulation arrived at time 6.1721285302408075
Simulation arrived at time 6.192115642276557
Simulation arrived at time 6.226547457311014
Simulation arrived at time 6.234406747061293
Simulation arrived at time 6.238388858253173
Simulation arrived at time 6.254809868865394
Simulation arrived at time 6.260698005678968
Simulation arrived at time 6.262443682543145
Simulation arrived at time 6.274021834535577
Simulation arrived at time 6.2953654067752565
Simulation arrived at time 6.303820635653487
Simulation arrived at time 6.3056621285910355
Simulation arrived at time 6.332187927566047
Simulation arrived at time 6.35248593174789
Simulation arrived at time 6.374459943109179
Simulation arrived at time 6.382328475041813
Simulation arrived at time 6.41535234823502
Simulation arrived at time 6.421225307685545
Simulation arrived at time 6.432485696024331
Simulation arrived at time 6.446177207979057
Simulation arrived at time 6.473478768831449
Simulation arrived at time 6.481966692329578
Simulation arrived at time 6.536828141783323
Simulation arrived at time 6.5617257312219905
Simulation arrived at time 6.56953055452815
Simulation arrived at time 6.586252613925146
Simulation arrived at time 6.589660816803036
Simulation arrived at time 6.590950395710679
Simulation arrived at time 6.5933064167619095
Simulation arrived at time 6.621927638203072
Simulation arrived at time 6.632833257495434
Simulation arrived at time 6.637079067249337
Simulation arrived at time 6.6393295444869445
Simulation arrived at time 6.647501549412416
Simulation arrived at time 6.662078261626424
Simulation arrived at time 6.667336481461685
Simulation arrived at time 6.700729086250538
Simulation arrived at time 6.716418683550432
Simulation arrived at time 6.757266559297313
Simulation arrived at time 6.7955747013390395
Simulation arrived at time 6.814580010378076
Simulation arrived at time 6.832889953361089
Simulation arrived at time 6.867448035481014
Simulation arrived at time 6.894915342363681
Simulation arrived at time 6.928377796547557
Simulation arrived at time 6.9498606491205805
Simulation arrived at time 7.000502623359324
Simulation arrived at time 7.028533351760869
Simulation arrived at time 7.042101331052674
Simulation arrived at time 7.082220446782846
Simulation arrived at time 7.14283778783361
Simulation arrived at time 7.146083055510086
Simulation arrived at time 7.225669699910644
Simulation arrived at time 7.229934905580046
Simulation arrived at time 7.245201491418009
Simulation arrived at time 7.260775797523374
Simulation arrived at time 7.284265882993012
Simulation arrived at time 7.2972188486830385
Simulation arrived at time 7.338020736697376
Simulation arrived at time 7.338763558842591
Simulation arrived at time 7.34123226739171
Simulation arrived at time 7.365278491030443
Simulation arrived at time 7.372934447413936
Simulation arrived at time 7.40233830878205
Simulation arrived at time 7.446019745291486
Simulation arrived at time 7.470542530676435
Simulation arrived at time 7.475404343999377
Simulation arrived at time 7.480556933111263
Simulation arrived at time 7.490652816928767
Simulation arrived at time 7.516158107501945
Simulation arrived at time 7.533794481703786
Simulation arrived at time 7.539433954886106
Simulation arrived at time 7.546665268105241
Simulation arrived at time 7.559269248414616
Simulation arrived at time 7.567481029627771
Simulation arrived at time 7.590022019871959
Simulation arrived at time 7.635590563032801
Simulation arrived at time 7.646937977293205
Simulation arrived at time 7.6601196534742275
Simulation arrived at time 7.661217688222916
Simulation arrived at time 7.675142128882842
Simulation arrived at time 7.678346800367381
Simulation arrived at time 7.710919863987476
Simulation arrived at time 7.72215247782181
Simulation arrived at time 7.723298909299754
Simulation arrived at time 7.757886828670714
Simulation arrived at time 7.787607724712772
Simulation arrived at time 7.795274793674771
Simulation arrived at time 7.7996949654513275
Simulation arrived at time 7.804889412995826
Simulation arrived at time 7.816666950594854
Simulation arrived at time 7.821934983716266
Simulation arrived at time 7.822826768156826
Simulation arrived at time 7.837653189045593
Simulation arrived at time 7.857050849085342
Simulation arrived at time 7.862676326265128
Simulation arrived at time 7.864344566099832
Simulation arrived at time 7.866690229393397
Simulation arrived at time 7.876251529710603
Simulation arrived at time 7.892550315425795
Simulation arrived at time 7.895204025217078
Simulation arrived at time 7.903226653255925
Simulation arrived at time 7.926496309219185
Simulation arrived at time 7.926785938320446
Simulation arrived at time 7.927588188433422
Simulation arrived at time 7.929039352520007
Simulation arrived at time 7.932380212942198
Simulation arrived at time 7.940481478909165
Simulation arrived at time 7.941364575115308
Simulation arrived at time 7.947258710138203
Simulation arrived at time 7.954540964236258
Simulation arrived at time 7.957081823703029
Simulation arrived at time 7.997833598648662
Simulation arrived at time 8.003915369918596
Simulation arrived at time 8.030011328574503
Simulation arrived at time 8.030089958687324
Simulation arrived at time 8.03115063425992
Simulation arrived at time 8.039897445946403
Simulation arrived at time 8.054079403928272
Simulation arrived at time 8.056722447184342
Simulation arrived at time 8.065921894920708
Simulation arrived at time 8.074434625696039
Simulation arrived at time 8.078375568185335
Simulation arrived at time 8.081949017053843
Simulation arrived at time 8.08747439123481
Simulation arrived at time 8.087570765783623
Simulation arrived at time 8.091787007417082
Simulation arrived at time 8.094256970039925
Simulation arrived at time 8.09606487914745
Simulation arrived at time 8.110559079465716
Simulation arrived at time 8.137697338781319
Simulation arrived at time 8.14684743897571
Simulation arrived at time 8.147626813203507
Simulation arrived at time 8.148937589768654
Simulation arrived at time 8.151907211586629
Simulation arrived at time 8.170345975146365
Simulation arrived at time 8.176002615388947
Simulation arrived at time 8.184478987218885
Simulation arrived at time 8.193834418508189
Simulation arrived at time 8.194357600755124
Simulation arrived at time 8.216104494386824
Simulation arrived at time 8.22044896087526
Simulation arrived at time 8.229532843144678
Simulation arrived at time 8.2390383508555
Simulation arrived at time 8.259084947215923
Simulation arrived at time 8.26597562563976
Simulation arrived at time 8.273415858186285
Simulation arrived at time 8.281950747253573
Simulation arrived at time 8.293447950905659
Simulation arrived at time 8.294972481809838
Simulation arrived at time 8.303356553679702
Simulation arrived at time 8.318802506089323
Simulation arrived at time 8.31886193000782
Simulation arrived at time 8.327629957149357
Simulation arrived at time 8.329218276417699
Simulation arrived at time 8.329306024559775
Simulation arrived at time 8.352380452823192
Simulation arrived at time 8.359044009462849
Simulation arrived at time 8.39622476201977
Simulation arrived at time 8.399269707455836
Simulation arrived at time 8.41789881745575
Simulation arrived at time 8.433033460174098
Simulation arrived at time 8.436959647989415
Simulation arrived at time 8.44497420296962
Simulation arrived at time 8.445482768471111
Simulation arrived at time 8.450238241310677
Simulation arrived at time 8.452159096871526
Simulation arrived at time 8.456194603088147
Simulation arrived at time 8.465562216579631
Simulation arrived at time 8.467947762874507
Simulation arrived at time 8.468609769380446
Simulation arrived at time 8.471891556281228
Simulation arrived at time 8.472940995228281
Simulation arrived at time 8.483002836442825
Simulation arrived at time 8.495317743979658
Simulation arrived at time 8.501161099714524
Simulation arrived at time 8.506654951862306
Simulation arrived at time 8.512731549645501
Simulation arrived at time 8.514988949010373
Simulation arrived at time 8.51568380735426
Simulation arrived at time 8.529992841259592
Simulation arrived at time 8.549542993965979
Simulation arrived at time 8.564467803018255
Simulation arrived at time 8.565492757573526
Simulation arrived at time 8.5753914840121
Simulation arrived at time 8.586818420783246
Simulation arrived at time 8.588449540806206
Simulation arrived at time 8.612910497196456
Simulation arrived at time 8.618511435668468
Simulation arrived at time 8.61989745165823
Simulation arrived at time 8.624460970222593
Simulation arrived at time 8.62985857928119
Simulation arrived at time 8.635826800165887
Simulation arrived at time 8.637903919291494
Simulation arrived at time 8.642815213513726
Simulation arrived at time 8.646869117315015
Simulation arrived at time 8.6513686816398
Simulation arrived at time 8.662965097369158
Simulation arrived at time 8.673139878824715
Simulation arrived at time 8.688105425958778
Simulation arrived at time 8.705555541757498
Simulation arrived at time 8.712403718787396
Simulation arrived at time 8.71517426641264
Simulation arrived at time 8.71887940201003
Simulation arrived at time 8.728137420453972
Simulation arrived at time 8.731426225076515
Simulation arrived at time 8.736883379239076
Simulation arrived at time 8.741358959317653
Simulation arrived at time 8.741483428776757
Simulation arrived at time 8.744540287679051
Simulation arrived at time 8.751664271963458
Simulation arrived at time 8.754704784506949
Simulation arrived at time 8.803986612199969
Simulation arrived at time 8.808019547688293
Simulation arrived at time 8.821777869847605
Simulation arrived at time 8.82231928305858
Simulation arrived at time 8.824095673848865
Simulation arrived at time 8.833407403006012
Simulation arrived at time 8.837843876962257
Simulation arrived at time 8.841561191717132
Simulation arrived at time 8.85371528291586
Simulation arrived at time 8.856412111384497
Simulation arrived at time 8.862614190976132
Simulation arrived at time 8.86265361416987
Simulation arrived at time 8.870146555704295
Simulation arrived at time 8.876209379097315
Simulation arrived at time 8.876335623885227
Simulation arrived at time 8.883623445989665
Simulation arrived at time 8.886592168970227
Simulation arrived at time 8.91091960399702
Simulation arrived at time 8.919070334020034
Simulation arrived at time 8.927391553146201
Simulation arrived at time 8.938728742852893
Simulation arrived at time 8.940848023683097
Simulation arrived at time 8.946853792640876
Simulation arrived at time 8.957030661210467
Simulation arrived at time 8.97083795925217
Simulation arrived at time 8.978131276757962
Simulation arrived at time 8.996891816380227
Simulation arrived at time 8.998350532534452
Simulation arrived at time 9.008073678251188
Simulation arrived at time 9.031618136413709
Simulation arrived at time 9.032571974583593
Simulation arrived at time 9.033535301719304
Simulation arrived at time 9.03648107183581
Simulation arrived at time 9.04014670928799
Simulation arrived at time 9.043867039355975
Simulation arrived at time 9.048595299227449
Simulation arrived at time 9.052456986301298
Simulation arrived at time 9.052923081231205
Simulation arrived at time 9.05436302436262
Simulation arrived at time 9.057854469461937
Simulation arrived at time 9.062006649378517
Simulation arrived at time 9.071491178869381
Simulation arrived at time 9.093123328298418
Simulation arrived at time 9.095138379235587
Simulation arrived at time 9.095786136025684
Simulation arrived at time 9.106509157015921
Simulation arrived at time 9.117037712594627
Simulation arrived at time 9.1295879820347
Simulation arrived at time 9.130345735014464
Simulation arrived at time 9.132464720387418
Simulation arrived at time 9.132789906355951
Simulation arrived at time 9.14083979567417
Simulation arrived at time 9.14553443268339
Simulation arrived at time 9.156586774986009
Simulation arrived at time 9.168418138337163
Simulation arrived at time 9.175799171608244
Simulation arrived at time 9.184933837188273
Simulation arrived at time 9.190156246942886
Simulation arrived at time 9.192285462281653
Simulation arrived at time 9.198306994811778
Simulation arrived at time 9.20611108324457
Simulation arrived at time 9.213292850218483
Simulation arrived at time 9.218056086354116
Simulation arrived at time 9.219233880068156
Simulation arrived at time 9.224449042569324
Simulation arrived at time 9.229523464797202
Simulation arrived at time 9.233978865305891
Simulation arrived at time 9.245119046901745
Simulation arrived at time 9.254690329640937
Simulation arrived at time 9.268719616791321
Simulation arrived at time 9.269428321599646
Simulation arrived at time 9.270578459064577
Simulation arrived at time 9.270737191794325
Simulation arrived at time 9.277225919972189
Simulation arrived at time 9.279880423064407
Simulation arrived at time 9.290975221841014
Simulation arrived at time 9.291173853863896
Simulation arrived at time 9.310386001126421
Simulation arrived at time 9.31057325705981
Simulation arrived at time 9.314679532109164
Simulation arrived at time 9.315144566749018
Simulation arrived at time 9.31753120980573
Simulation arrived at time 9.318818259258713
Simulation arrived at time 9.32230874385415
Simulation arrived at time 9.328681106312656
Simulation arrived at time 9.335487059466264
Simulation arrived at time 9.338725985578556
Simulation arrived at time 9.34423489352163
Simulation arrived at time 9.35112879753117
Simulation arrived at time 9.353994189757561
Simulation arrived at time 9.362154233720782
Simulation arrived at time 9.365232555272456
Simulation arrived at time 9.374212421624337
Simulation arrived at time 9.375840408169786
Simulation arrived at time 9.383882441670899
Simulation arrived at time 9.393786546359994
Simulation arrived at time 9.396273083081255
Simulation arrived at time 9.402729121131573
Simulation arrived at time 9.405961143629803
Simulation arrived at time 9.409361826749034
Simulation arrived at time 9.412175071836089
Simulation arrived at time 9.414130825316693
Simulation arrived at time 9.415283872194697
Simulation arrived at time 9.422429587046876
Simulation arrived at time 9.431179678912063
Simulation arrived at time 9.432616457025938
Simulation arrived at time 9.445401079680595
Simulation arrived at time 9.445706019141856
Simulation arrived at time 9.446132434401195
Simulation arrived at time 9.447261596049442
Simulation arrived at time 9.448685080299416
Simulation arrived at time 9.463865396169648
Simulation arrived at time 9.47631424196953
Simulation arrived at time 9.49613982211806
Simulation arrived at time 9.500953286929278
Simulation arrived at time 9.507912154063854
Simulation arrived at time 9.510070539665167
Simulation arrived at time 9.51247670468887
Simulation arrived at time 9.514725267137832
Simulation arrived at time 9.516017148841033
Simulation arrived at time 9.520897029483862
Simulation arrived at time 9.527492412292618
Simulation arrived at time 9.5301483464661
Simulation arrived at time 9.536337509573196
Simulation arrived at time 9.544219483088785
Simulation arrived at time 9.544518352123744
Simulation arrived at time 9.566116318963493
Simulation arrived at time 9.571757925239735
Simulation arrived at time 9.572644492786258
Simulation arrived at time 9.57343142375368
Simulation arrived at time 9.575379166057735
Simulation arrived at time 9.577007833823105
Simulation arrived at time 9.578386202121456
Simulation arrived at time 9.578793028550754
Simulation arrived at time 9.5851278347603
Simulation arrived at time 9.586100691108767
Simulation arrived at time 9.591211101718908
Simulation arrived at time 9.593586191941192
Simulation arrived at time 9.604799344627951
Simulation arrived at time 9.612097109939127
Simulation arrived at time 9.614224185142287
Simulation arrived at time 9.616550915635647
Simulation arrived at time 9.6233776887447
Simulation arrived at time 9.624628933913018
Simulation arrived at time 9.630456215586094
Simulation arrived at time 9.638855166958987
Simulation arrived at time 9.642327635615137
Simulation arrived at time 9.644622502246659
Simulation arrived at time 9.648273796477891
Simulation arrived at time 9.659182438914232
Simulation arrived at time 9.660849252494971
Simulation arrived at time 9.666954605991974
Simulation arrived at time 9.670509300873414
Simulation arrived at time 9.67920787531777
Simulation arrived at time 9.686357798326213
Simulation arrived at time 9.691822536567132
Simulation arrived at time 9.705326897753253
Simulation arrived at time 9.713181853615838
Simulation arrived at time 9.713610017971126
Simulation arrived at time 9.716886055023188
Simulation arrived at time 9.717787624933319
Simulation arrived at time 9.718432775873156
Simulation arrived at time 9.723648874706603
Simulation arrived at time 9.725519967458286
Simulation arrived at time 9.726186343218664
Simulation arrived at time 9.731003034061525
Simulation arrived at time 9.732443027843539
Simulation arrived at time 9.74196881779599
Simulation arrived at time 9.744184799689464
Simulation arrived at time 9.74449496101766
Simulation arrived at time 9.74509315937244
Simulation arrived at time 9.746410689827512
Simulation arrived at time 9.746781091168028
Simulation arrived at time 9.748015980828363
Simulation arrived at time 9.74954848034332
Simulation arrived at time 9.753673732460284
Simulation arrived at time 9.767956231560833
Simulation arrived at time 9.773361366317543
Simulation arrived at time 9.774447533707766
Simulation arrived at time 9.774590638052956
Simulation arrived at time 9.778047724353625
Simulation arrived at time 9.778475404288939
Simulation arrived at time 9.784312981268673
Simulation arrived at time 9.787373833973
Simulation arrived at time 9.797106307678758
Simulation arrived at time 9.800905582672081
Simulation arrived at time 9.802111375546552
Simulation arrived at time 9.805663491373222
Simulation arrived at time 9.811881830350623
Simulation arrived at time 9.817259332213865
Simulation arrived at time 9.81740783895402
Simulation arrived at time 9.8240200629428
Simulation arrived at time 9.826385129397917
Simulation arrived at time 9.83126625954282
Simulation arrived at time 9.833933888744937
Simulation arrived at time 9.836050202780285
Simulation arrived at time 9.838669189454649
Simulation arrived at time 9.844022077087162
Simulation arrived at time 9.849946223583766
Simulation arrived at time 9.850039901934892
Simulation arrived at time 9.858120149792548
Simulation arrived at time 9.874758871611661
Simulation arrived at time 9.884258021111066
Simulation arrived at time 9.886490677757525
Simulation arrived at time 9.890358680427594
Simulation arrived at time 9.891629325812636
Simulation arrived at time 9.895420183815293
Simulation arrived at time 9.897876495367878
Simulation arrived at time 9.906763503937391
Simulation arrived at time 9.907233671707662
Simulation arrived at time 9.907846088846137
Simulation arrived at time 9.909665826509992
Simulation arrived at time 9.910461707484783
Simulation arrived at time 9.91494019297953
Simulation arrived at time 9.916502134397165
Simulation arrived at time 9.924111785549055
Simulation arrived at time 9.925095686547106
Simulation arrived at time 9.927103018337132
Simulation arrived at time 9.929714845743838
Simulation arrived at time 9.937942483524264
Simulation arrived at time 9.948694546810046
Simulation arrived at time 9.949366359516238
Simulation arrived at time 9.950130804725585
Simulation arrived at time 9.951314463132526
Simulation arrived at time 9.97478241822126
Simulation arrived at time 9.975352407143811
Simulation arrived at time 9.979492403807752
Simulation arrived at time 9.982034460396063
Simulation arrived at time 9.982240772744206
Simulation arrived at time 9.992576472832603
Simulation arrived at time 9.993251839193226
Simulation arrived at time 9.99903365981716
Writing Newick output...
Writing NEXUS output...
Writing JSON output...
Done.
Done!
