
                        BEAST v2.7.3, 2002-2022
             Bayesian Evolutionary Analysis Sampling Trees
                       Designed and developed by
 Remco Bouckaert, Alexei J. Drummond, Andrew Rambaut & Marc A. Suchard
                                    
                   Centre for Computational Evolution
                         University of Auckland
                       r.bouckaert@auckland.ac.nz
                        alexei@cs.auckland.ac.nz
                                    
                   Institute of Evolutionary Biology
                        University of Edinburgh
                           a.rambaut@ed.ac.uk
                                    
                    David Geffen School of Medicine
                 University of California, Los Angeles
                           msuchard@ucla.edu
                                    
                      Downloads, Help & Resources:
                           http://beast2.org/
                                    
  Source code distributed under the GNU Lesser General Public License:
                   http://github.com/CompEvol/beast2
                                    
                           BEAST developers:
   Alex Alekseyenko, Trevor Bedford, Erik Bloomquist, Joseph Heled, 
 Sebastian Hoehna, Denise Kuehnert, Philippe Lemey, Wai Lok Sibon Li, 
Gerton Lunter, Sidney Markowitz, Vladimir Minin, Michael Defoin Platel, 
          Oliver Pybus, Tim Vaughan, Chieh-Hsi Wu, Walter Xie
                                    
                               Thanks to:
          Roald Forsberg, Beth Shapiro and Korbinian Strimmer

Random number seed: 1678999082748

File: sim.33.xml seed: 1678999082748 threads: 1
Loading package BEAST.base v2.7.3 MASTER v7.0.0 BEAST.app v2.7.3    
Assembling model...
Setting up populations... done.
Setting up reactions... Extinction... Extinction... Extinction... Extirpation... Extirpation... Extirpation... Extirpation... Extirpation... Extirpation... Extirpation... Extirpation... Extirpation... WithinRegionSpeciation... WithinRegionSpeciation... WithinRegionSpeciation... WithinRegionSpeciation... WithinRegionSpeciation... WithinRegionSpeciation... WithinRegionSpeciation... WithinRegionSpeciation... WithinRegionSpeciation... WithinRegionSpeciation... WithinRegionSpeciation... WithinRegionSpeciation... Dispersal... Dispersal... Dispersal... Dispersal... Dispersal... Dispersal... Dispersal... Dispersal... Dispersal... BetweenRegionSpeciation... BetweenRegionSpeciation... BetweenRegionSpeciation... BetweenRegionSpeciation... BetweenRegionSpeciation... BetweenRegionSpeciation... done.
Model assembled.
Generating inheritance trajectory 1 of 1
Simulation arrived at time 0.0
Truncation end condition met at time 0.13165558036835315
Post-simulation rejection condition met.
Simulation arrived at time 0.0
Simulation arrived at time 3.2651784947225724
Simulation arrived at time 3.4206655349583204
Simulation arrived at time 3.5107410886083716
Simulation arrived at time 3.5485541464925725
Simulation arrived at time 3.7851126277613734
Simulation arrived at time 5.907592478428377
Simulation arrived at time 6.355874066496171
Simulation arrived at time 6.539409232306225
Simulation arrived at time 7.213188472643798
Simulation arrived at time 7.498458603809155
Simulation arrived at time 7.8364162798069845
Simulation arrived at time 7.868680125235639
Simulation arrived at time 8.333603143991507
Simulation arrived at time 8.356086251413574
Simulation arrived at time 8.375227838565829
Simulation arrived at time 9.099296217371835
Simulation arrived at time 9.138901593038089
Simulation arrived at time 9.283288840677852
Simulation arrived at time 9.423050379926394
Simulation arrived at time 9.941342541872679
Writing Newick output...
Writing NEXUS output...
Writing JSON output...
Done.
Done!
