
                        BEAST v2.7.3, 2002-2022
             Bayesian Evolutionary Analysis Sampling Trees
                       Designed and developed by
 Remco Bouckaert, Alexei J. Drummond, Andrew Rambaut & Marc A. Suchard
                                    
                   Centre for Computational Evolution
                         University of Auckland
                       r.bouckaert@auckland.ac.nz
                        alexei@cs.auckland.ac.nz
                                    
                   Institute of Evolutionary Biology
                        University of Edinburgh
                           a.rambaut@ed.ac.uk
                                    
                    David Geffen School of Medicine
                 University of California, Los Angeles
                           msuchard@ucla.edu
                                    
                      Downloads, Help & Resources:
                           http://beast2.org/
                                    
  Source code distributed under the GNU Lesser General Public License:
                   http://github.com/CompEvol/beast2
                                    
                           BEAST developers:
   Alex Alekseyenko, Trevor Bedford, Erik Bloomquist, Joseph Heled, 
 Sebastian Hoehna, Denise Kuehnert, Philippe Lemey, Wai Lok Sibon Li, 
Gerton Lunter, Sidney Markowitz, Vladimir Minin, Michael Defoin Platel, 
          Oliver Pybus, Tim Vaughan, Chieh-Hsi Wu, Walter Xie
                                    
                               Thanks to:
          Roald Forsberg, Beth Shapiro and Korbinian Strimmer

Random number seed: 1678999108470

File: sim.77.xml seed: 1678999108470 threads: 1
Loading package BEAST.base v2.7.3 MASTER v7.0.0 BEAST.app v2.7.3    
Assembling model...
Setting up populations... done.
Setting up reactions... Extinction... Extinction... Extinction... Extirpation... Extirpation... Extirpation... Extirpation... Extirpation... Extirpation... Extirpation... Extirpation... Extirpation... WithinRegionSpeciation... WithinRegionSpeciation... WithinRegionSpeciation... WithinRegionSpeciation... WithinRegionSpeciation... WithinRegionSpeciation... WithinRegionSpeciation... WithinRegionSpeciation... WithinRegionSpeciation... WithinRegionSpeciation... WithinRegionSpeciation... WithinRegionSpeciation... Dispersal... Dispersal... Dispersal... Dispersal... Dispersal... Dispersal... Dispersal... Dispersal... Dispersal... BetweenRegionSpeciation... BetweenRegionSpeciation... BetweenRegionSpeciation... BetweenRegionSpeciation... BetweenRegionSpeciation... BetweenRegionSpeciation... done.
Model assembled.
Generating inheritance trajectory 1 of 1
Simulation arrived at time 0.0
Simulation arrived at time 0.3987893941477168
Simulation arrived at time 1.420684275282602
Simulation arrived at time 1.5310676508361156
Simulation arrived at time 1.9669953977653374
Simulation arrived at time 3.138831674578005
Simulation arrived at time 3.3630457190760366
Simulation arrived at time 3.7217146255829863
Simulation arrived at time 4.1273481506288885
Simulation arrived at time 6.414877081448654
Simulation arrived at time 6.54070815707068
Simulation arrived at time 7.264068029273701
Simulation arrived at time 7.5010535381383345
Simulation arrived at time 7.73371096662739
Simulation arrived at time 7.754572482940889
Simulation arrived at time 7.821015841506262
Simulation arrived at time 8.254739732628359
Simulation arrived at time 8.4046661320666
Simulation arrived at time 8.409435983287441
Simulation arrived at time 8.928432252698851
Simulation arrived at time 9.892486593093059
Post-simulation rejection condition met.
Simulation arrived at time 0.0
Simulation arrived at time 0.8038248642290282
Simulation arrived at time 2.2539663389598674
Simulation arrived at time 2.449494837595946
Simulation arrived at time 2.7428180872727896
Simulation arrived at time 3.3301638086504353
Simulation arrived at time 3.573059612120107
Simulation arrived at time 5.009497906801137
Simulation arrived at time 5.827137679533424
Simulation arrived at time 6.073035660472364
Simulation arrived at time 6.341547783743579
Simulation arrived at time 7.363995198124318
Simulation arrived at time 7.378165542557191
Simulation arrived at time 7.690609298270964
Simulation arrived at time 7.783307945889467
Simulation arrived at time 8.139687791169807
Simulation arrived at time 8.227535302611651
Simulation arrived at time 8.33226925717681
Simulation arrived at time 8.587083973457798
Simulation arrived at time 8.747109962934
Simulation arrived at time 8.797645327759911
Simulation arrived at time 8.993708430714845
Simulation arrived at time 9.27476780909395
Simulation arrived at time 9.275792976102368
Simulation arrived at time 9.326999938954131
Simulation arrived at time 9.343252485240667
Simulation arrived at time 9.381898116799052
Simulation arrived at time 9.490972858407012
Simulation arrived at time 9.579557610078831
Simulation arrived at time 9.601696135712128
Simulation arrived at time 9.623855630401486
Simulation arrived at time 9.706824783569555
Simulation arrived at time 9.862050166463977
Simulation arrived at time 9.915087011342695
Simulation arrived at time 9.922381172297012
Writing Newick output...
Writing NEXUS output...
Writing JSON output...
Done.
Done!
