
                        BEAST v2.7.3, 2002-2022
             Bayesian Evolutionary Analysis Sampling Trees
                       Designed and developed by
 Remco Bouckaert, Alexei J. Drummond, Andrew Rambaut & Marc A. Suchard
                                    
                   Centre for Computational Evolution
                         University of Auckland
                       r.bouckaert@auckland.ac.nz
                        alexei@cs.auckland.ac.nz
                                    
                   Institute of Evolutionary Biology
                        University of Edinburgh
                           a.rambaut@ed.ac.uk
                                    
                    David Geffen School of Medicine
                 University of California, Los Angeles
                           msuchard@ucla.edu
                                    
                      Downloads, Help & Resources:
                           http://beast2.org/
                                    
  Source code distributed under the GNU Lesser General Public License:
                   http://github.com/CompEvol/beast2
                                    
                           BEAST developers:
   Alex Alekseyenko, Trevor Bedford, Erik Bloomquist, Joseph Heled, 
 Sebastian Hoehna, Denise Kuehnert, Philippe Lemey, Wai Lok Sibon Li, 
Gerton Lunter, Sidney Markowitz, Vladimir Minin, Michael Defoin Platel, 
          Oliver Pybus, Tim Vaughan, Chieh-Hsi Wu, Walter Xie
                                    
                               Thanks to:
          Roald Forsberg, Beth Shapiro and Korbinian Strimmer

Random number seed: 1678999075623

File: sim.21.xml seed: 1678999075623 threads: 1
Loading package BEAST.base v2.7.3 MASTER v7.0.0 BEAST.app v2.7.3    
Assembling model...
Setting up populations... done.
Setting up reactions... Extinction... Extinction... Extinction... Extirpation... Extirpation... Extirpation... Extirpation... Extirpation... Extirpation... Extirpation... Extirpation... Extirpation... WithinRegionSpeciation... WithinRegionSpeciation... WithinRegionSpeciation... WithinRegionSpeciation... WithinRegionSpeciation... WithinRegionSpeciation... WithinRegionSpeciation... WithinRegionSpeciation... WithinRegionSpeciation... WithinRegionSpeciation... WithinRegionSpeciation... WithinRegionSpeciation... Dispersal... Dispersal... Dispersal... Dispersal... Dispersal... Dispersal... Dispersal... Dispersal... Dispersal... BetweenRegionSpeciation... BetweenRegionSpeciation... BetweenRegionSpeciation... BetweenRegionSpeciation... BetweenRegionSpeciation... BetweenRegionSpeciation... done.
Model assembled.
Generating inheritance trajectory 1 of 1
Simulation arrived at time 0.0
Truncation end condition met at time 1.1082113121495252
Post-simulation rejection condition met.
Simulation arrived at time 0.0
Simulation arrived at time 1.1728485044502734
Simulation arrived at time 1.4715101386416585
Simulation arrived at time 1.6204065993048777
Simulation arrived at time 1.6383827942271785
Simulation arrived at time 1.729325101334362
Simulation arrived at time 2.0543957373870274
Simulation arrived at time 2.1522436857228704
Simulation arrived at time 2.2758218740023874
Simulation arrived at time 2.4440365719735717
Simulation arrived at time 2.7387320288474384
Simulation arrived at time 3.162332256197333
Simulation arrived at time 3.3145836516005196
Simulation arrived at time 4.476774899169085
Simulation arrived at time 4.623270928709804
Simulation arrived at time 4.951539563515942
Simulation arrived at time 4.978413074887069
Simulation arrived at time 5.424094611685742
Simulation arrived at time 5.882311641637005
Simulation arrived at time 6.103613223339477
Simulation arrived at time 6.705441344240173
Simulation arrived at time 6.783866590926804
Simulation arrived at time 7.011998154865177
Simulation arrived at time 8.02532143150418
Simulation arrived at time 8.199203528543254
Simulation arrived at time 8.266208881661237
Simulation arrived at time 8.470127137674734
Simulation arrived at time 8.921290961851074
Simulation arrived at time 9.255779742914235
Simulation arrived at time 9.290891409439972
Simulation arrived at time 9.617764070924173
Simulation arrived at time 9.965625715352203
Writing Newick output...
Writing NEXUS output...
Writing JSON output...
Done.
Done!
