
                        BEAST v2.7.3, 2002-2022
             Bayesian Evolutionary Analysis Sampling Trees
                       Designed and developed by
 Remco Bouckaert, Alexei J. Drummond, Andrew Rambaut & Marc A. Suchard
                                    
                   Centre for Computational Evolution
                         University of Auckland
                       r.bouckaert@auckland.ac.nz
                        alexei@cs.auckland.ac.nz
                                    
                   Institute of Evolutionary Biology
                        University of Edinburgh
                           a.rambaut@ed.ac.uk
                                    
                    David Geffen School of Medicine
                 University of California, Los Angeles
                           msuchard@ucla.edu
                                    
                      Downloads, Help & Resources:
                           http://beast2.org/
                                    
  Source code distributed under the GNU Lesser General Public License:
                   http://github.com/CompEvol/beast2
                                    
                           BEAST developers:
   Alex Alekseyenko, Trevor Bedford, Erik Bloomquist, Joseph Heled, 
 Sebastian Hoehna, Denise Kuehnert, Philippe Lemey, Wai Lok Sibon Li, 
Gerton Lunter, Sidney Markowitz, Vladimir Minin, Michael Defoin Platel, 
          Oliver Pybus, Tim Vaughan, Chieh-Hsi Wu, Walter Xie
                                    
                               Thanks to:
          Roald Forsberg, Beth Shapiro and Korbinian Strimmer

Random number seed: 1678999117924

File: sim.93.xml seed: 1678999117924 threads: 1
Loading package BEAST.base v2.7.3 MASTER v7.0.0 BEAST.app v2.7.3    
Assembling model...
Setting up populations... done.
Setting up reactions... Extinction... Extinction... Extinction... Extirpation... Extirpation... Extirpation... Extirpation... Extirpation... Extirpation... Extirpation... Extirpation... Extirpation... WithinRegionSpeciation... WithinRegionSpeciation... WithinRegionSpeciation... WithinRegionSpeciation... WithinRegionSpeciation... WithinRegionSpeciation... WithinRegionSpeciation... WithinRegionSpeciation... WithinRegionSpeciation... WithinRegionSpeciation... WithinRegionSpeciation... WithinRegionSpeciation... Dispersal... Dispersal... Dispersal... Dispersal... Dispersal... Dispersal... Dispersal... Dispersal... Dispersal... BetweenRegionSpeciation... BetweenRegionSpeciation... BetweenRegionSpeciation... BetweenRegionSpeciation... BetweenRegionSpeciation... BetweenRegionSpeciation... done.
Model assembled.
Generating inheritance trajectory 1 of 1
Simulation arrived at time 0.0
Simulation arrived at time 1.6699534048094309
Simulation arrived at time 1.9680872258090483
Simulation arrived at time 2.1251109890075703
Simulation arrived at time 2.284400466289951
Simulation arrived at time 2.3002887716982094
Simulation arrived at time 2.3432175720819832
Simulation arrived at time 2.78537798644574
Simulation arrived at time 3.3146548653147896
Simulation arrived at time 3.445972485035115
Simulation arrived at time 3.630390468925104
Simulation arrived at time 3.669359425272941
Simulation arrived at time 3.973555958223194
Simulation arrived at time 4.169847982660887
Simulation arrived at time 4.386751168615516
Simulation arrived at time 4.879045180784214
Simulation arrived at time 5.051994208592186
Simulation arrived at time 5.345886753146609
Simulation arrived at time 5.609950159919451
Simulation arrived at time 5.7123927586684635
Simulation arrived at time 6.110676127358388
Simulation arrived at time 6.25485460777816
Simulation arrived at time 6.530062959624011
Simulation arrived at time 6.661204533736788
Simulation arrived at time 6.798274791694954
Simulation arrived at time 6.922143210324116
Simulation arrived at time 7.054433648245577
Simulation arrived at time 7.075938094471797
Simulation arrived at time 7.143025039142868
Simulation arrived at time 7.239694939543349
Simulation arrived at time 7.2563862014562215
Simulation arrived at time 7.53139435756946
Simulation arrived at time 7.764902171106513
Simulation arrived at time 7.901965195656019
Simulation arrived at time 7.970296560658549
Simulation arrived at time 8.006269178610554
Simulation arrived at time 8.223517253571824
Simulation arrived at time 8.353539039564915
Simulation arrived at time 8.35890254627502
Simulation arrived at time 8.549642027580045
Simulation arrived at time 8.744916441623376
Simulation arrived at time 8.778665204902177
Simulation arrived at time 8.825940500355669
Simulation arrived at time 9.11224762213027
Simulation arrived at time 9.132143073926
Simulation arrived at time 9.15646704620525
Simulation arrived at time 9.183278005498908
Simulation arrived at time 9.19443129241323
Simulation arrived at time 9.31538993602156
Simulation arrived at time 9.425236681068174
Simulation arrived at time 9.516795158819296
Simulation arrived at time 9.5542393727615
Simulation arrived at time 9.637194073309907
Simulation arrived at time 9.653142470449787
Simulation arrived at time 9.729366891245736
Simulation arrived at time 9.78909654913688
Simulation arrived at time 9.899691143843071
Simulation arrived at time 9.901717281832207
Writing Newick output...
Writing NEXUS output...
Writing JSON output...
Done.
Done!
