
                        BEAST v2.7.3, 2002-2022
             Bayesian Evolutionary Analysis Sampling Trees
                       Designed and developed by
 Remco Bouckaert, Alexei J. Drummond, Andrew Rambaut & Marc A. Suchard
                                    
                   Centre for Computational Evolution
                         University of Auckland
                       r.bouckaert@auckland.ac.nz
                        alexei@cs.auckland.ac.nz
                                    
                   Institute of Evolutionary Biology
                        University of Edinburgh
                           a.rambaut@ed.ac.uk
                                    
                    David Geffen School of Medicine
                 University of California, Los Angeles
                           msuchard@ucla.edu
                                    
                      Downloads, Help & Resources:
                           http://beast2.org/
                                    
  Source code distributed under the GNU Lesser General Public License:
                   http://github.com/CompEvol/beast2
                                    
                           BEAST developers:
   Alex Alekseyenko, Trevor Bedford, Erik Bloomquist, Joseph Heled, 
 Sebastian Hoehna, Denise Kuehnert, Philippe Lemey, Wai Lok Sibon Li, 
Gerton Lunter, Sidney Markowitz, Vladimir Minin, Michael Defoin Platel, 
          Oliver Pybus, Tim Vaughan, Chieh-Hsi Wu, Walter Xie
                                    
                               Thanks to:
          Roald Forsberg, Beth Shapiro and Korbinian Strimmer

Random number seed: 1678999077403

File: sim.24.xml seed: 1678999077403 threads: 1
Loading package BEAST.base v2.7.3 MASTER v7.0.0 BEAST.app v2.7.3    
Assembling model...
Setting up populations... done.
Setting up reactions... Extinction... Extinction... Extinction... Extirpation... Extirpation... Extirpation... Extirpation... Extirpation... Extirpation... Extirpation... Extirpation... Extirpation... WithinRegionSpeciation... WithinRegionSpeciation... WithinRegionSpeciation... WithinRegionSpeciation... WithinRegionSpeciation... WithinRegionSpeciation... WithinRegionSpeciation... WithinRegionSpeciation... WithinRegionSpeciation... WithinRegionSpeciation... WithinRegionSpeciation... WithinRegionSpeciation... Dispersal... Dispersal... Dispersal... Dispersal... Dispersal... Dispersal... Dispersal... Dispersal... Dispersal... BetweenRegionSpeciation... BetweenRegionSpeciation... BetweenRegionSpeciation... BetweenRegionSpeciation... BetweenRegionSpeciation... BetweenRegionSpeciation... done.
Model assembled.
Generating inheritance trajectory 1 of 1
Simulation arrived at time 0.0
Simulation arrived at time 1.2405531105621357
Simulation arrived at time 2.122602633475793
Simulation arrived at time 4.122574728120907
Simulation arrived at time 6.3577771003580565
Simulation arrived at time 7.735385690208104
Simulation arrived at time 9.601371157618171
Post-simulation rejection condition met.
Simulation arrived at time 0.0
Simulation arrived at time 1.6399451571535273
Simulation arrived at time 1.6978605443399797
Simulation arrived at time 1.8461201649646823
Simulation arrived at time 2.174475892987954
Simulation arrived at time 3.136130352640329
Simulation arrived at time 3.21096444157962
Simulation arrived at time 5.731570032183347
Simulation arrived at time 5.899565846394683
Simulation arrived at time 6.2011951864227655
Simulation arrived at time 6.472105911472313
Simulation arrived at time 7.281397566434741
Simulation arrived at time 8.223956581180039
Simulation arrived at time 9.054609740303032
Simulation arrived at time 9.152861926114022
Simulation arrived at time 9.238828096412506
Writing Newick output...
Writing NEXUS output...
Writing JSON output...
Done.
Done!
