
                        BEAST v2.7.3, 2002-2022
             Bayesian Evolutionary Analysis Sampling Trees
                       Designed and developed by
 Remco Bouckaert, Alexei J. Drummond, Andrew Rambaut & Marc A. Suchard
                                    
                   Centre for Computational Evolution
                         University of Auckland
                       r.bouckaert@auckland.ac.nz
                        alexei@cs.auckland.ac.nz
                                    
                   Institute of Evolutionary Biology
                        University of Edinburgh
                           a.rambaut@ed.ac.uk
                                    
                    David Geffen School of Medicine
                 University of California, Los Angeles
                           msuchard@ucla.edu
                                    
                      Downloads, Help & Resources:
                           http://beast2.org/
                                    
  Source code distributed under the GNU Lesser General Public License:
                   http://github.com/CompEvol/beast2
                                    
                           BEAST developers:
   Alex Alekseyenko, Trevor Bedford, Erik Bloomquist, Joseph Heled, 
 Sebastian Hoehna, Denise Kuehnert, Philippe Lemey, Wai Lok Sibon Li, 
Gerton Lunter, Sidney Markowitz, Vladimir Minin, Michael Defoin Platel, 
          Oliver Pybus, Tim Vaughan, Chieh-Hsi Wu, Walter Xie
                                    
                               Thanks to:
          Roald Forsberg, Beth Shapiro and Korbinian Strimmer

Random number seed: 1678999079778

File: sim.28.xml seed: 1678999079778 threads: 1
Loading package BEAST.base v2.7.3 MASTER v7.0.0 BEAST.app v2.7.3    
Assembling model...
Setting up populations... done.
Setting up reactions... Extinction... Extinction... Extinction... Extirpation... Extirpation... Extirpation... Extirpation... Extirpation... Extirpation... Extirpation... Extirpation... Extirpation... WithinRegionSpeciation... WithinRegionSpeciation... WithinRegionSpeciation... WithinRegionSpeciation... WithinRegionSpeciation... WithinRegionSpeciation... WithinRegionSpeciation... WithinRegionSpeciation... WithinRegionSpeciation... WithinRegionSpeciation... WithinRegionSpeciation... WithinRegionSpeciation... Dispersal... Dispersal... Dispersal... Dispersal... Dispersal... Dispersal... Dispersal... Dispersal... Dispersal... BetweenRegionSpeciation... BetweenRegionSpeciation... BetweenRegionSpeciation... BetweenRegionSpeciation... BetweenRegionSpeciation... BetweenRegionSpeciation... done.
Model assembled.
Generating inheritance trajectory 1 of 1
Simulation arrived at time 0.0
Simulation arrived at time 1.8743060693890634
Simulation arrived at time 2.2887402517325834
Simulation arrived at time 2.5942751363705328
Simulation arrived at time 2.8487278113030388
Simulation arrived at time 2.9165997800831613
Simulation arrived at time 3.4987152143129308
Simulation arrived at time 4.5441175404083385
Simulation arrived at time 5.141099782198733
Simulation arrived at time 9.346215476825247
Simulation arrived at time 9.739571532290881
Simulation arrived at time 9.789796575583624
Simulation arrived at time 9.978478405425383
Post-simulation rejection condition met.
Simulation arrived at time 0.0
Simulation arrived at time 0.056397984764986024
Simulation arrived at time 0.14542105375964928
Simulation arrived at time 0.3327858195183744
Simulation arrived at time 0.4155158841657438
Simulation arrived at time 1.4993211461267586
Simulation arrived at time 1.6711146742322185
Simulation arrived at time 1.7543272416268747
Simulation arrived at time 1.9297266977815934
Simulation arrived at time 1.9768997728384667
Simulation arrived at time 2.2809807535441524
Simulation arrived at time 2.467733209279889
Simulation arrived at time 2.7023059745638545
Simulation arrived at time 2.7426547333019826
Simulation arrived at time 2.7688206778977054
Simulation arrived at time 3.1789231887320275
Simulation arrived at time 4.0306888523803845
Simulation arrived at time 4.186601895422323
Simulation arrived at time 4.341883150893297
Simulation arrived at time 4.38832199454166
Simulation arrived at time 4.496355803531357
Simulation arrived at time 4.562101326523278
Simulation arrived at time 4.568819063485986
Simulation arrived at time 4.647101437467642
Simulation arrived at time 4.7218270094242705
Simulation arrived at time 5.016563271441706
Simulation arrived at time 5.056284105592332
Simulation arrived at time 5.347177046591786
Simulation arrived at time 5.954595945603139
Simulation arrived at time 5.991553327203766
Simulation arrived at time 6.384691326182795
Simulation arrived at time 6.467303656526716
Simulation arrived at time 6.6315928848714085
Simulation arrived at time 6.785397077445257
Simulation arrived at time 6.792549736870369
Simulation arrived at time 6.873021402934119
Simulation arrived at time 6.955380662656814
Simulation arrived at time 7.078620569990886
Simulation arrived at time 7.263353063261828
Simulation arrived at time 7.400747416829388
Simulation arrived at time 7.67805601370932
Simulation arrived at time 7.689399943234995
Simulation arrived at time 7.741303009501662
Simulation arrived at time 7.911948251528857
Simulation arrived at time 8.116130403380025
Simulation arrived at time 8.181300462449586
Simulation arrived at time 8.307319147335965
Simulation arrived at time 8.687667536099744
Simulation arrived at time 8.77285050084835
Simulation arrived at time 8.934389161859581
Simulation arrived at time 8.954675615337552
Simulation arrived at time 9.25159145867612
Simulation arrived at time 9.48300489646011
Simulation arrived at time 9.51240266227611
Simulation arrived at time 9.58348338731601
Simulation arrived at time 9.831880321448764
Simulation arrived at time 9.919076823834619
Writing Newick output...
Writing NEXUS output...
Writing JSON output...
Done.
Done!
