
                        BEAST v2.7.3, 2002-2022
             Bayesian Evolutionary Analysis Sampling Trees
                       Designed and developed by
 Remco Bouckaert, Alexei J. Drummond, Andrew Rambaut & Marc A. Suchard
                                    
                   Centre for Computational Evolution
                         University of Auckland
                       r.bouckaert@auckland.ac.nz
                        alexei@cs.auckland.ac.nz
                                    
                   Institute of Evolutionary Biology
                        University of Edinburgh
                           a.rambaut@ed.ac.uk
                                    
                    David Geffen School of Medicine
                 University of California, Los Angeles
                           msuchard@ucla.edu
                                    
                      Downloads, Help & Resources:
                           http://beast2.org/
                                    
  Source code distributed under the GNU Lesser General Public License:
                   http://github.com/CompEvol/beast2
                                    
                           BEAST developers:
   Alex Alekseyenko, Trevor Bedford, Erik Bloomquist, Joseph Heled, 
 Sebastian Hoehna, Denise Kuehnert, Philippe Lemey, Wai Lok Sibon Li, 
Gerton Lunter, Sidney Markowitz, Vladimir Minin, Michael Defoin Platel, 
          Oliver Pybus, Tim Vaughan, Chieh-Hsi Wu, Walter Xie
                                    
                               Thanks to:
          Roald Forsberg, Beth Shapiro and Korbinian Strimmer

Random number seed: 1678999097639

File: sim.58.xml seed: 1678999097639 threads: 1
Loading package BEAST.base v2.7.3 MASTER v7.0.0 BEAST.app v2.7.3    
Assembling model...
Setting up populations... done.
Setting up reactions... Extinction... Extinction... Extinction... Extirpation... Extirpation... Extirpation... Extirpation... Extirpation... Extirpation... Extirpation... Extirpation... Extirpation... WithinRegionSpeciation... WithinRegionSpeciation... WithinRegionSpeciation... WithinRegionSpeciation... WithinRegionSpeciation... WithinRegionSpeciation... WithinRegionSpeciation... WithinRegionSpeciation... WithinRegionSpeciation... WithinRegionSpeciation... WithinRegionSpeciation... WithinRegionSpeciation... Dispersal... Dispersal... Dispersal... Dispersal... Dispersal... Dispersal... Dispersal... Dispersal... Dispersal... BetweenRegionSpeciation... BetweenRegionSpeciation... BetweenRegionSpeciation... BetweenRegionSpeciation... BetweenRegionSpeciation... BetweenRegionSpeciation... done.
Model assembled.
Generating inheritance trajectory 1 of 1
Simulation arrived at time 0.0
Simulation arrived at time 2.366669937647332
Simulation arrived at time 3.3646787486046037
Simulation arrived at time 3.393614715092228
Simulation arrived at time 3.498823811675643
Simulation arrived at time 3.5453912026295544
Simulation arrived at time 3.622707011953814
Simulation arrived at time 4.338964296760813
Simulation arrived at time 4.788072297016564
Simulation arrived at time 5.101101934904425
Simulation arrived at time 5.3999350670435105
Simulation arrived at time 5.45580724819347
Simulation arrived at time 5.480243196699778
Simulation arrived at time 5.699044307787653
Simulation arrived at time 5.712296993598842
Simulation arrived at time 6.013229706782488
Simulation arrived at time 6.023077085535608
Simulation arrived at time 6.225181517219416
Simulation arrived at time 6.352843801605139
Simulation arrived at time 6.389823806469583
Simulation arrived at time 6.412252409181736
Simulation arrived at time 6.477650427427915
Simulation arrived at time 6.568166580558249
Simulation arrived at time 6.570363962856295
Simulation arrived at time 6.75349543553011
Simulation arrived at time 6.756975046503851
Simulation arrived at time 6.895646322394543
Simulation arrived at time 7.009383731565415
Simulation arrived at time 7.119845813578065
Simulation arrived at time 7.181589058970091
Simulation arrived at time 7.596283348690122
Simulation arrived at time 7.720596159207421
Simulation arrived at time 7.727397913912948
Simulation arrived at time 7.923886336560908
Simulation arrived at time 7.945363220674468
Simulation arrived at time 7.948447337806718
Simulation arrived at time 7.955077160886229
Simulation arrived at time 8.02574793167384
Simulation arrived at time 8.169074338967265
Simulation arrived at time 8.383527471756116
Simulation arrived at time 8.384474235933446
Simulation arrived at time 8.39151609014666
Simulation arrived at time 8.590334061024146
Simulation arrived at time 8.626516104124688
Simulation arrived at time 8.722173585646063
Simulation arrived at time 8.746744847094922
Simulation arrived at time 8.82906846277945
Simulation arrived at time 8.906591283963898
Simulation arrived at time 8.937069489910714
Simulation arrived at time 9.03588543534876
Simulation arrived at time 9.053148626333485
Simulation arrived at time 9.125377353548926
Simulation arrived at time 9.137458458376598
Simulation arrived at time 9.159519314410884
Simulation arrived at time 9.217196703369371
Simulation arrived at time 9.268856176081929
Simulation arrived at time 9.29607770856904
Simulation arrived at time 9.321161876847256
Simulation arrived at time 9.396373078866212
Simulation arrived at time 9.487669691362436
Simulation arrived at time 9.563837999616121
Simulation arrived at time 9.623982793912019
Simulation arrived at time 9.672756164670641
Simulation arrived at time 9.673326822149477
Simulation arrived at time 9.749927518338998
Simulation arrived at time 9.788926799384386
Simulation arrived at time 9.827552927868394
Simulation arrived at time 9.908769435793092
Simulation arrived at time 9.951267551738177
Writing Newick output...
Writing NEXUS output...
Writing JSON output...
Done.
Done!
