
                        BEAST v2.7.3, 2002-2022
             Bayesian Evolutionary Analysis Sampling Trees
                       Designed and developed by
 Remco Bouckaert, Alexei J. Drummond, Andrew Rambaut & Marc A. Suchard
                                    
                   Centre for Computational Evolution
                         University of Auckland
                       r.bouckaert@auckland.ac.nz
                        alexei@cs.auckland.ac.nz
                                    
                   Institute of Evolutionary Biology
                        University of Edinburgh
                           a.rambaut@ed.ac.uk
                                    
                    David Geffen School of Medicine
                 University of California, Los Angeles
                           msuchard@ucla.edu
                                    
                      Downloads, Help & Resources:
                           http://beast2.org/
                                    
  Source code distributed under the GNU Lesser General Public License:
                   http://github.com/CompEvol/beast2
                                    
                           BEAST developers:
   Alex Alekseyenko, Trevor Bedford, Erik Bloomquist, Joseph Heled, 
 Sebastian Hoehna, Denise Kuehnert, Philippe Lemey, Wai Lok Sibon Li, 
Gerton Lunter, Sidney Markowitz, Vladimir Minin, Michael Defoin Platel, 
          Oliver Pybus, Tim Vaughan, Chieh-Hsi Wu, Walter Xie
                                    
                               Thanks to:
          Roald Forsberg, Beth Shapiro and Korbinian Strimmer

Random number seed: 1678999089431

File: sim.44.xml seed: 1678999089431 threads: 1
Loading package BEAST.base v2.7.3 MASTER v7.0.0 BEAST.app v2.7.3    
Assembling model...
Setting up populations... done.
Setting up reactions... Extinction... Extinction... Extinction... Extirpation... Extirpation... Extirpation... Extirpation... Extirpation... Extirpation... Extirpation... Extirpation... Extirpation... WithinRegionSpeciation... WithinRegionSpeciation... WithinRegionSpeciation... WithinRegionSpeciation... WithinRegionSpeciation... WithinRegionSpeciation... WithinRegionSpeciation... WithinRegionSpeciation... WithinRegionSpeciation... WithinRegionSpeciation... WithinRegionSpeciation... WithinRegionSpeciation... Dispersal... Dispersal... Dispersal... Dispersal... Dispersal... Dispersal... Dispersal... Dispersal... Dispersal... BetweenRegionSpeciation... BetweenRegionSpeciation... BetweenRegionSpeciation... BetweenRegionSpeciation... BetweenRegionSpeciation... BetweenRegionSpeciation... done.
Model assembled.
Generating inheritance trajectory 1 of 1
Simulation arrived at time 0.0
Simulation arrived at time 0.8465559076251001
Simulation arrived at time 1.1258830000141644
Simulation arrived at time 1.3115734389527829
Simulation arrived at time 1.8635953097983167
Simulation arrived at time 2.085493523571593
Simulation arrived at time 2.398220886805151
Simulation arrived at time 2.4460341671119226
Simulation arrived at time 2.8777505841081092
Simulation arrived at time 2.939927291026612
Simulation arrived at time 3.4811169871971384
Simulation arrived at time 3.5752165167903116
Simulation arrived at time 3.66495028886821
Simulation arrived at time 3.8304024765657965
Simulation arrived at time 4.163288953014911
Simulation arrived at time 4.4395665974151965
Simulation arrived at time 4.58469725581659
Simulation arrived at time 4.829292164284984
Simulation arrived at time 4.863531597094507
Simulation arrived at time 5.204570279708978
Simulation arrived at time 5.39668138527348
Simulation arrived at time 5.496094466874388
Simulation arrived at time 5.562463198694761
Simulation arrived at time 5.8619444644869985
Simulation arrived at time 6.045172010533222
Simulation arrived at time 6.125959099934105
Simulation arrived at time 6.218675186708729
Simulation arrived at time 6.28854728868282
Simulation arrived at time 6.312931031817287
Simulation arrived at time 6.434976804982964
Simulation arrived at time 6.810889357778615
Simulation arrived at time 6.872273180323241
Simulation arrived at time 7.102620169055511
Simulation arrived at time 7.2973240033940145
Simulation arrived at time 7.470317206571109
Simulation arrived at time 7.62430574145338
Simulation arrived at time 7.673588913871565
Simulation arrived at time 7.711156453278494
Simulation arrived at time 8.14729282422728
Simulation arrived at time 8.27330972026963
Simulation arrived at time 8.48709852370682
Simulation arrived at time 8.78964474672603
Simulation arrived at time 8.898278497082764
Simulation arrived at time 9.037005513373336
Simulation arrived at time 9.128845814113324
Simulation arrived at time 9.254250754000175
Simulation arrived at time 9.398151551354308
Simulation arrived at time 9.681232347629564
Simulation arrived at time 9.905907266852429
Simulation arrived at time 9.975061336374054
Writing Newick output...
Writing NEXUS output...
Writing JSON output...
Done.
Done!
