
                        BEAST v2.7.3, 2002-2022
             Bayesian Evolutionary Analysis Sampling Trees
                       Designed and developed by
 Remco Bouckaert, Alexei J. Drummond, Andrew Rambaut & Marc A. Suchard
                                    
                   Centre for Computational Evolution
                         University of Auckland
                       r.bouckaert@auckland.ac.nz
                        alexei@cs.auckland.ac.nz
                                    
                   Institute of Evolutionary Biology
                        University of Edinburgh
                           a.rambaut@ed.ac.uk
                                    
                    David Geffen School of Medicine
                 University of California, Los Angeles
                           msuchard@ucla.edu
                                    
                      Downloads, Help & Resources:
                           http://beast2.org/
                                    
  Source code distributed under the GNU Lesser General Public License:
                   http://github.com/CompEvol/beast2
                                    
                           BEAST developers:
   Alex Alekseyenko, Trevor Bedford, Erik Bloomquist, Joseph Heled, 
 Sebastian Hoehna, Denise Kuehnert, Philippe Lemey, Wai Lok Sibon Li, 
Gerton Lunter, Sidney Markowitz, Vladimir Minin, Michael Defoin Platel, 
          Oliver Pybus, Tim Vaughan, Chieh-Hsi Wu, Walter Xie
                                    
                               Thanks to:
          Roald Forsberg, Beth Shapiro and Korbinian Strimmer

Random number seed: 1678999111911

File: sim.83.xml seed: 1678999111911 threads: 1
Loading package BEAST.base v2.7.3 MASTER v7.0.0 BEAST.app v2.7.3    
Assembling model...
Setting up populations... done.
Setting up reactions... Extinction... Extinction... Extinction... Extirpation... Extirpation... Extirpation... Extirpation... Extirpation... Extirpation... Extirpation... Extirpation... Extirpation... WithinRegionSpeciation... WithinRegionSpeciation... WithinRegionSpeciation... WithinRegionSpeciation... WithinRegionSpeciation... WithinRegionSpeciation... WithinRegionSpeciation... WithinRegionSpeciation... WithinRegionSpeciation... WithinRegionSpeciation... WithinRegionSpeciation... WithinRegionSpeciation... Dispersal... Dispersal... Dispersal... Dispersal... Dispersal... Dispersal... Dispersal... Dispersal... Dispersal... BetweenRegionSpeciation... BetweenRegionSpeciation... BetweenRegionSpeciation... BetweenRegionSpeciation... BetweenRegionSpeciation... BetweenRegionSpeciation... done.
Model assembled.
Generating inheritance trajectory 1 of 1
Simulation arrived at time 0.0
Simulation arrived at time 1.8621595930204937
Simulation arrived at time 2.5854461449137953
Simulation arrived at time 3.404801941790083
Simulation arrived at time 3.4603385957631003
Simulation arrived at time 3.6986648898878713
Simulation arrived at time 4.201016342118831
Simulation arrived at time 4.545089829247245
Simulation arrived at time 4.5817664620404726
Simulation arrived at time 5.34947887661554
Simulation arrived at time 9.950676371455604
Post-simulation rejection condition met.
Simulation arrived at time 0.0
Simulation arrived at time 0.8740795222586799
Simulation arrived at time 2.401788474877493
Simulation arrived at time 2.990935741806089
Simulation arrived at time 3.4873620635899494
Simulation arrived at time 3.670483891093628
Simulation arrived at time 3.6828001800238526
Simulation arrived at time 4.032003294616797
Simulation arrived at time 4.597740397368629
Simulation arrived at time 4.864054503588718
Simulation arrived at time 5.774553460433106
Simulation arrived at time 5.8648374559919825
Simulation arrived at time 6.036531667193403
Simulation arrived at time 6.360489319180639
Simulation arrived at time 6.368901846596796
Simulation arrived at time 6.519362115018748
Simulation arrived at time 6.73374650658393
Simulation arrived at time 6.996620026758526
Simulation arrived at time 7.053910279389176
Simulation arrived at time 7.121239878231163
Simulation arrived at time 7.190354043202831
Simulation arrived at time 7.197033601699639
Simulation arrived at time 7.40824895012334
Simulation arrived at time 7.84161849072051
Simulation arrived at time 7.947053560620657
Simulation arrived at time 8.210835092693664
Simulation arrived at time 8.770559662202459
Simulation arrived at time 8.83072180816158
Simulation arrived at time 8.845479502430637
Simulation arrived at time 8.954203746267469
Simulation arrived at time 9.008601241980914
Simulation arrived at time 9.039809445172978
Simulation arrived at time 9.064667443892684
Simulation arrived at time 9.252404287995065
Simulation arrived at time 9.590936399889602
Simulation arrived at time 9.680651113098602
Simulation arrived at time 9.731856178020523
Simulation arrived at time 9.744101873929491
Writing Newick output...
Writing NEXUS output...
Writing JSON output...
Done.
Done!
