
                        BEAST v2.7.3, 2002-2022
             Bayesian Evolutionary Analysis Sampling Trees
                       Designed and developed by
 Remco Bouckaert, Alexei J. Drummond, Andrew Rambaut & Marc A. Suchard
                                    
                   Centre for Computational Evolution
                         University of Auckland
                       r.bouckaert@auckland.ac.nz
                        alexei@cs.auckland.ac.nz
                                    
                   Institute of Evolutionary Biology
                        University of Edinburgh
                           a.rambaut@ed.ac.uk
                                    
                    David Geffen School of Medicine
                 University of California, Los Angeles
                           msuchard@ucla.edu
                                    
                      Downloads, Help & Resources:
                           http://beast2.org/
                                    
  Source code distributed under the GNU Lesser General Public License:
                   http://github.com/CompEvol/beast2
                                    
                           BEAST developers:
   Alex Alekseyenko, Trevor Bedford, Erik Bloomquist, Joseph Heled, 
 Sebastian Hoehna, Denise Kuehnert, Philippe Lemey, Wai Lok Sibon Li, 
Gerton Lunter, Sidney Markowitz, Vladimir Minin, Michael Defoin Platel, 
          Oliver Pybus, Tim Vaughan, Chieh-Hsi Wu, Walter Xie
                                    
                               Thanks to:
          Roald Forsberg, Beth Shapiro and Korbinian Strimmer

Random number seed: 1678999096388

File: sim.56.xml seed: 1678999096388 threads: 1
Loading package BEAST.base v2.7.3 MASTER v7.0.0 BEAST.app v2.7.3    
Assembling model...
Setting up populations... done.
Setting up reactions... Extinction... Extinction... Extinction... Extirpation... Extirpation... Extirpation... Extirpation... Extirpation... Extirpation... Extirpation... Extirpation... Extirpation... WithinRegionSpeciation... WithinRegionSpeciation... WithinRegionSpeciation... WithinRegionSpeciation... WithinRegionSpeciation... WithinRegionSpeciation... WithinRegionSpeciation... WithinRegionSpeciation... WithinRegionSpeciation... WithinRegionSpeciation... WithinRegionSpeciation... WithinRegionSpeciation... Dispersal... Dispersal... Dispersal... Dispersal... Dispersal... Dispersal... Dispersal... Dispersal... Dispersal... BetweenRegionSpeciation... BetweenRegionSpeciation... BetweenRegionSpeciation... BetweenRegionSpeciation... BetweenRegionSpeciation... BetweenRegionSpeciation... done.
Model assembled.
Generating inheritance trajectory 1 of 1
Simulation arrived at time 0.0
Simulation arrived at time 0.11416135244871464
Simulation arrived at time 2.1112172981678814
Simulation arrived at time 3.286215077171904
Simulation arrived at time 4.408478251769957
Simulation arrived at time 5.820217925075713
Simulation arrived at time 6.115579790360754
Simulation arrived at time 6.338868828293604
Simulation arrived at time 6.55126168807922
Simulation arrived at time 6.636344213788192
Simulation arrived at time 7.389941890723994
Simulation arrived at time 7.671361513588785
Simulation arrived at time 7.847090113370382
Simulation arrived at time 8.251502949959962
Simulation arrived at time 8.26793105791241
Simulation arrived at time 8.340699249896426
Simulation arrived at time 8.345152670740884
Simulation arrived at time 8.449106860405104
Simulation arrived at time 8.941026806401174
Simulation arrived at time 9.23747270247339
Simulation arrived at time 9.281778376900586
Simulation arrived at time 9.417355193752961
Simulation arrived at time 9.429546349450986
Simulation arrived at time 9.839700142187496
Simulation arrived at time 9.90073211539514
Writing Newick output...
Writing NEXUS output...
Writing JSON output...
Done.
Done!
