
                        BEAST v2.7.3, 2002-2022
             Bayesian Evolutionary Analysis Sampling Trees
                       Designed and developed by
 Remco Bouckaert, Alexei J. Drummond, Andrew Rambaut & Marc A. Suchard
                                    
                   Centre for Computational Evolution
                         University of Auckland
                       r.bouckaert@auckland.ac.nz
                        alexei@cs.auckland.ac.nz
                                    
                   Institute of Evolutionary Biology
                        University of Edinburgh
                           a.rambaut@ed.ac.uk
                                    
                    David Geffen School of Medicine
                 University of California, Los Angeles
                           msuchard@ucla.edu
                                    
                      Downloads, Help & Resources:
                           http://beast2.org/
                                    
  Source code distributed under the GNU Lesser General Public License:
                   http://github.com/CompEvol/beast2
                                    
                           BEAST developers:
   Alex Alekseyenko, Trevor Bedford, Erik Bloomquist, Joseph Heled, 
 Sebastian Hoehna, Denise Kuehnert, Philippe Lemey, Wai Lok Sibon Li, 
Gerton Lunter, Sidney Markowitz, Vladimir Minin, Michael Defoin Platel, 
          Oliver Pybus, Tim Vaughan, Chieh-Hsi Wu, Walter Xie
                                    
                               Thanks to:
          Roald Forsberg, Beth Shapiro and Korbinian Strimmer

Random number seed: 1678999107814

File: sim.76.xml seed: 1678999107814 threads: 1
Loading package BEAST.base v2.7.3 MASTER v7.0.0 BEAST.app v2.7.3    
Assembling model...
Setting up populations... done.
Setting up reactions... Extinction... Extinction... Extinction... Extirpation... Extirpation... Extirpation... Extirpation... Extirpation... Extirpation... Extirpation... Extirpation... Extirpation... WithinRegionSpeciation... WithinRegionSpeciation... WithinRegionSpeciation... WithinRegionSpeciation... WithinRegionSpeciation... WithinRegionSpeciation... WithinRegionSpeciation... WithinRegionSpeciation... WithinRegionSpeciation... WithinRegionSpeciation... WithinRegionSpeciation... WithinRegionSpeciation... Dispersal... Dispersal... Dispersal... Dispersal... Dispersal... Dispersal... Dispersal... Dispersal... Dispersal... BetweenRegionSpeciation... BetweenRegionSpeciation... BetweenRegionSpeciation... BetweenRegionSpeciation... BetweenRegionSpeciation... BetweenRegionSpeciation... done.
Model assembled.
Generating inheritance trajectory 1 of 1
Simulation arrived at time 0.0
Simulation arrived at time 1.0923909346575027
Simulation arrived at time 1.3061594851863183
Simulation arrived at time 1.3482119663559677
Simulation arrived at time 1.4367164016040854
Simulation arrived at time 1.6435484751668215
Simulation arrived at time 1.795192618551874
Simulation arrived at time 1.9135880754683607
Simulation arrived at time 2.0259719740398587
Simulation arrived at time 2.139978164239115
Simulation arrived at time 2.146025258635031
Simulation arrived at time 2.1757556476949738
Simulation arrived at time 2.3158453217074717
Simulation arrived at time 2.4235158351141077
Simulation arrived at time 2.849425935574916
Simulation arrived at time 3.0780583706921605
Simulation arrived at time 3.082881419830458
Simulation arrived at time 3.150166824314052
Simulation arrived at time 3.1867008077757935
Simulation arrived at time 3.2392966770642913
Simulation arrived at time 3.300469062225909
Simulation arrived at time 3.300591190759693
Simulation arrived at time 3.4594953064066645
Simulation arrived at time 3.5215484589280353
Simulation arrived at time 3.616681294454619
Simulation arrived at time 3.696098799670615
Simulation arrived at time 3.7235625788422104
Simulation arrived at time 3.857993296723918
Simulation arrived at time 3.8949435119893407
Simulation arrived at time 3.89556345987921
Simulation arrived at time 3.9254086157872585
Simulation arrived at time 3.9863780670974283
Simulation arrived at time 4.023916035282302
Simulation arrived at time 4.061008079252878
Simulation arrived at time 4.146640954190208
Simulation arrived at time 4.209805705063562
Simulation arrived at time 4.2614337023505895
Simulation arrived at time 4.4776533530869544
Simulation arrived at time 4.572865885531181
Simulation arrived at time 4.58160378485404
Simulation arrived at time 4.582334050859253
Simulation arrived at time 4.610571176722068
Simulation arrived at time 4.611233139128855
Simulation arrived at time 4.652503533224437
Simulation arrived at time 4.661072546083102
Simulation arrived at time 4.684105201729336
Simulation arrived at time 4.74757122689795
Simulation arrived at time 4.800069336283638
Simulation arrived at time 4.89785316032491
Simulation arrived at time 4.933097261168242
Simulation arrived at time 4.937314651558511
Simulation arrived at time 5.2094156374081955
Simulation arrived at time 5.220801339639261
Simulation arrived at time 5.361069122988985
Simulation arrived at time 5.588069062654771
Simulation arrived at time 5.646346906493234
Simulation arrived at time 5.6615068321821775
Simulation arrived at time 5.7007420515605345
Simulation arrived at time 5.79150723383366
Simulation arrived at time 5.849484162911132
Simulation arrived at time 5.97394712142398
Simulation arrived at time 5.975562773071882
Simulation arrived at time 5.993580050616761
Simulation arrived at time 6.027586010110829
Simulation arrived at time 6.028976460159223
Simulation arrived at time 6.049391352541822
Simulation arrived at time 6.068040626860411
Simulation arrived at time 6.116765181249953
Simulation arrived at time 6.12972689224504
Simulation arrived at time 6.176078563327002
Simulation arrived at time 6.257192944407502
Simulation arrived at time 6.330676609712739
Simulation arrived at time 6.373994703215704
Simulation arrived at time 6.3853626437378415
Simulation arrived at time 6.455634709005811
Simulation arrived at time 6.528217857039583
Simulation arrived at time 6.5612772574241145
Simulation arrived at time 6.662453003065465
Simulation arrived at time 6.760945601189999
Simulation arrived at time 6.8681169576776915
Simulation arrived at time 6.938817466582725
Simulation arrived at time 6.950348803759197
Simulation arrived at time 6.960181513213237
Simulation arrived at time 6.974045650707224
Simulation arrived at time 6.980923158918532
Simulation arrived at time 7.014700413781666
Simulation arrived at time 7.0268131952212745
Simulation arrived at time 7.036895219152416
Simulation arrived at time 7.044924223975805
Simulation arrived at time 7.110164623504643
Simulation arrived at time 7.1618940776102535
Simulation arrived at time 7.1668481596358475
Simulation arrived at time 7.1922833936045
Simulation arrived at time 7.1957198405068885
Simulation arrived at time 7.20349548152913
Simulation arrived at time 7.224787015669428
Simulation arrived at time 7.251470992855077
Simulation arrived at time 7.305773818013919
Simulation arrived at time 7.307080338528527
Simulation arrived at time 7.313685330545648
Simulation arrived at time 7.3781451656043595
Simulation arrived at time 7.4012507464937505
Simulation arrived at time 7.4040932363941785
Simulation arrived at time 7.449352773958289
Simulation arrived at time 7.574136510359848
Simulation arrived at time 7.5818725945338254
Simulation arrived at time 7.589214354548203
Simulation arrived at time 7.6529445674395795
Simulation arrived at time 7.665601048163035
Simulation arrived at time 7.749114552883509
Simulation arrived at time 7.751404923921245
Simulation arrived at time 7.765031256696417
Simulation arrived at time 7.788460632331476
Simulation arrived at time 7.7900525785158825
Simulation arrived at time 7.793197978306736
Simulation arrived at time 7.812029411645923
Simulation arrived at time 7.814559809287433
Simulation arrived at time 7.8380563643342684
Simulation arrived at time 7.8457605452668435
Simulation arrived at time 7.89088770536461
Simulation arrived at time 7.892208813311534
Simulation arrived at time 7.900729674535783
Simulation arrived at time 7.904570552431956
Simulation arrived at time 7.908114532364317
Simulation arrived at time 7.921945845561371
Simulation arrived at time 7.938387823893926
Simulation arrived at time 7.945666099340655
Simulation arrived at time 7.959879562636101
Simulation arrived at time 7.962807973311705
Simulation arrived at time 7.972403098507856
Simulation arrived at time 7.988514471149882
Simulation arrived at time 8.034404672320816
Simulation arrived at time 8.044811252974249
Simulation arrived at time 8.067871631884342
Simulation arrived at time 8.115037431317061
Simulation arrived at time 8.121823679284493
Simulation arrived at time 8.175629654599922
Simulation arrived at time 8.17571058671984
Simulation arrived at time 8.181588602813683
Simulation arrived at time 8.210444686080514
Simulation arrived at time 8.242340960088036
Simulation arrived at time 8.24905774192492
Simulation arrived at time 8.273543856002226
Simulation arrived at time 8.279753903416054
Simulation arrived at time 8.336045540220669
Simulation arrived at time 8.372855220760334
Simulation arrived at time 8.399834671248744
Simulation arrived at time 8.412499879067843
Simulation arrived at time 8.418628512454394
Simulation arrived at time 8.442006024160598
Simulation arrived at time 8.442043772792331
Simulation arrived at time 8.450957237271263
Simulation arrived at time 8.464944280931771
Simulation arrived at time 8.46523287830487
Simulation arrived at time 8.474905441331382
Simulation arrived at time 8.497966031503346
Simulation arrived at time 8.502569740851438
Simulation arrived at time 8.597453014879482
Simulation arrived at time 8.607614749788858
Simulation arrived at time 8.615315325101557
Simulation arrived at time 8.626976286355896
Simulation arrived at time 8.63057317859786
Simulation arrived at time 8.631059639286251
Simulation arrived at time 8.634469904890418
Simulation arrived at time 8.638606539244357
Simulation arrived at time 8.642987342813113
Simulation arrived at time 8.643835633669891
Simulation arrived at time 8.646851109237595
Simulation arrived at time 8.687749328105749
Simulation arrived at time 8.688253737291078
Simulation arrived at time 8.688688285591622
Simulation arrived at time 8.696427257620883
Simulation arrived at time 8.717196579872958
Simulation arrived at time 8.740160180115563
Simulation arrived at time 8.754465361752098
Simulation arrived at time 8.758958147773196
Simulation arrived at time 8.762767110177514
Simulation arrived at time 8.768091359415381
Simulation arrived at time 8.772254653899125
Simulation arrived at time 8.787715595553971
Simulation arrived at time 8.788001150830352
Simulation arrived at time 8.803074663882727
Simulation arrived at time 8.803125585779577
Simulation arrived at time 8.811541516058544
Simulation arrived at time 8.818983047760904
Simulation arrived at time 8.820258036239851
Simulation arrived at time 8.839371038315173
Simulation arrived at time 8.850709686156328
Simulation arrived at time 8.8528792846752
Simulation arrived at time 8.86304568906929
Simulation arrived at time 8.865488237787758
Simulation arrived at time 8.876656953476187
Simulation arrived at time 8.889922625194027
Simulation arrived at time 8.899187673667235
Simulation arrived at time 8.915667185874232
Simulation arrived at time 8.91777305586009
Simulation arrived at time 8.92209565400807
Simulation arrived at time 8.922744514205027
Simulation arrived at time 8.933083948814978
Simulation arrived at time 8.947741251480965
Simulation arrived at time 8.950917549740257
Simulation arrived at time 8.953428834585809
Simulation arrived at time 8.956288998752727
Simulation arrived at time 8.962147283003807
Simulation arrived at time 8.972755130786608
Simulation arrived at time 8.98900915550133
Simulation arrived at time 8.990273855430319
Simulation arrived at time 9.029067728120918
Simulation arrived at time 9.030532009551434
Simulation arrived at time 9.038872429936376
Simulation arrived at time 9.05251331249987
Simulation arrived at time 9.064244094105073
Simulation arrived at time 9.097454402403034
Simulation arrived at time 9.098349974735294
Simulation arrived at time 9.11778205680839
Simulation arrived at time 9.154241217665696
Simulation arrived at time 9.158249825029149
Simulation arrived at time 9.161081166031767
Simulation arrived at time 9.189697147389419
Simulation arrived at time 9.192518966605062
Simulation arrived at time 9.200124028026268
Simulation arrived at time 9.211886186921673
Simulation arrived at time 9.21209429268559
Simulation arrived at time 9.22158084260353
Simulation arrived at time 9.222160946461528
Simulation arrived at time 9.229022953171317
Simulation arrived at time 9.23549263503447
Simulation arrived at time 9.239824153770202
Simulation arrived at time 9.243983161238418
Simulation arrived at time 9.251204416181114
Simulation arrived at time 9.25398126964421
Simulation arrived at time 9.261524798490981
Simulation arrived at time 9.277504092920204
Simulation arrived at time 9.283129366664461
Simulation arrived at time 9.295496236806127
Simulation arrived at time 9.299652753264331
Simulation arrived at time 9.310366173692888
Simulation arrived at time 9.311145062293244
Simulation arrived at time 9.346897309888169
Simulation arrived at time 9.351863675374124
Simulation arrived at time 9.352169063261583
Simulation arrived at time 9.352680022910496
Simulation arrived at time 9.368962162315642
Simulation arrived at time 9.37023795477306
Simulation arrived at time 9.380534901227081
Simulation arrived at time 9.412221822248778
Simulation arrived at time 9.417207821564622
Simulation arrived at time 9.421283267849896
Simulation arrived at time 9.423008482538666
Simulation arrived at time 9.441343964922734
Simulation arrived at time 9.463669541052782
Simulation arrived at time 9.463964668409735
Simulation arrived at time 9.465185707252312
Simulation arrived at time 9.468413769643409
Simulation arrived at time 9.469002791765348
Simulation arrived at time 9.472019732304314
Simulation arrived at time 9.47446637302247
Simulation arrived at time 9.504520411060636
Simulation arrived at time 9.504903293105345
Simulation arrived at time 9.508429374354533
Simulation arrived at time 9.512630255204764
Simulation arrived at time 9.526021494573547
Simulation arrived at time 9.536536191563123
Simulation arrived at time 9.550170161966777
Simulation arrived at time 9.562186456204595
Simulation arrived at time 9.572685274003048
Simulation arrived at time 9.580978623948939
Simulation arrived at time 9.584645457154043
Simulation arrived at time 9.58748498603123
Simulation arrived at time 9.594363596821239
Simulation arrived at time 9.597221603037239
Simulation arrived at time 9.60238966556658
Simulation arrived at time 9.630229747731356
Simulation arrived at time 9.673862934591225
Simulation arrived at time 9.681489343681251
Simulation arrived at time 9.692083139803671
Simulation arrived at time 9.693491513542348
Simulation arrived at time 9.69806164025275
Simulation arrived at time 9.70046717981671
Simulation arrived at time 9.709039588527544
Simulation arrived at time 9.715900939489542
Simulation arrived at time 9.720981952730408
Simulation arrived at time 9.726910538037481
Simulation arrived at time 9.73116973273287
Simulation arrived at time 9.737673097441121
Simulation arrived at time 9.758374324705622
Simulation arrived at time 9.75908309824651
Simulation arrived at time 9.781236596589968
Simulation arrived at time 9.7853927134044
Simulation arrived at time 9.792878565819093
Simulation arrived at time 9.796365996816641
Simulation arrived at time 9.816758374676427
Simulation arrived at time 9.818563600590755
Simulation arrived at time 9.820763434414195
Simulation arrived at time 9.83397619599379
Simulation arrived at time 9.835751897406071
Simulation arrived at time 9.84442073681356
Simulation arrived at time 9.848243967809724
Simulation arrived at time 9.852371201322347
Simulation arrived at time 9.85254826439125
Simulation arrived at time 9.863799273428794
Simulation arrived at time 9.871517724669067
Simulation arrived at time 9.877628296702122
Simulation arrived at time 9.889660545776065
Simulation arrived at time 9.892480903560184
Simulation arrived at time 9.922617344041539
Simulation arrived at time 9.923629879297927
Simulation arrived at time 9.942986917851385
Simulation arrived at time 9.961222237202715
Simulation arrived at time 9.972190938942974
Simulation arrived at time 9.976220476332644
Writing Newick output...
Writing NEXUS output...
Writing JSON output...
Done.
Done!
