
                        BEAST v2.7.3, 2002-2022
             Bayesian Evolutionary Analysis Sampling Trees
                       Designed and developed by
 Remco Bouckaert, Alexei J. Drummond, Andrew Rambaut & Marc A. Suchard
                                    
                   Centre for Computational Evolution
                         University of Auckland
                       r.bouckaert@auckland.ac.nz
                        alexei@cs.auckland.ac.nz
                                    
                   Institute of Evolutionary Biology
                        University of Edinburgh
                           a.rambaut@ed.ac.uk
                                    
                    David Geffen School of Medicine
                 University of California, Los Angeles
                           msuchard@ucla.edu
                                    
                      Downloads, Help & Resources:
                           http://beast2.org/
                                    
  Source code distributed under the GNU Lesser General Public License:
                   http://github.com/CompEvol/beast2
                                    
                           BEAST developers:
   Alex Alekseyenko, Trevor Bedford, Erik Bloomquist, Joseph Heled, 
 Sebastian Hoehna, Denise Kuehnert, Philippe Lemey, Wai Lok Sibon Li, 
Gerton Lunter, Sidney Markowitz, Vladimir Minin, Michael Defoin Platel, 
          Oliver Pybus, Tim Vaughan, Chieh-Hsi Wu, Walter Xie
                                    
                               Thanks to:
          Roald Forsberg, Beth Shapiro and Korbinian Strimmer

Random number seed: 1678999086357

File: sim.39.xml seed: 1678999086357 threads: 1
Loading package BEAST.base v2.7.3 MASTER v7.0.0 BEAST.app v2.7.3    
Assembling model...
Setting up populations... done.
Setting up reactions... Extinction... Extinction... Extinction... Extirpation... Extirpation... Extirpation... Extirpation... Extirpation... Extirpation... Extirpation... Extirpation... Extirpation... WithinRegionSpeciation... WithinRegionSpeciation... WithinRegionSpeciation... WithinRegionSpeciation... WithinRegionSpeciation... WithinRegionSpeciation... WithinRegionSpeciation... WithinRegionSpeciation... WithinRegionSpeciation... WithinRegionSpeciation... WithinRegionSpeciation... WithinRegionSpeciation... Dispersal... Dispersal... Dispersal... Dispersal... Dispersal... Dispersal... Dispersal... Dispersal... Dispersal... BetweenRegionSpeciation... BetweenRegionSpeciation... BetweenRegionSpeciation... BetweenRegionSpeciation... BetweenRegionSpeciation... BetweenRegionSpeciation... done.
Model assembled.
Generating inheritance trajectory 1 of 1
Simulation arrived at time 0.0
Simulation arrived at time 1.8602718143646961
Simulation arrived at time 1.977046013491705
Simulation arrived at time 2.0035743516005953
Simulation arrived at time 2.9980997418825805
Simulation arrived at time 3.518715605055869
Simulation arrived at time 4.2332167313428934
Simulation arrived at time 5.471720180312995
Simulation arrived at time 5.711112868903388
Simulation arrived at time 5.735079734810902
Simulation arrived at time 5.969441033634955
Simulation arrived at time 5.98079804370249
Simulation arrived at time 5.987829299584451
Simulation arrived at time 6.060445326288965
Simulation arrived at time 6.138862610482991
Simulation arrived at time 6.266881870520632
Simulation arrived at time 6.933397236330913
Simulation arrived at time 7.03397621668898
Simulation arrived at time 7.241431500197981
Simulation arrived at time 7.62183212407823
Simulation arrived at time 8.084528978086908
Simulation arrived at time 8.642876911147175
Simulation arrived at time 8.958417288324918
Simulation arrived at time 9.078479426923455
Simulation arrived at time 9.084485683686845
Simulation arrived at time 9.140919280250834
Simulation arrived at time 9.155614156814256
Simulation arrived at time 9.593789191154919
Simulation arrived at time 9.647371872816496
Simulation arrived at time 9.69267593323395
Simulation arrived at time 9.700079240076928
Writing Newick output...
Writing NEXUS output...
Writing JSON output...
Done.
Done!
