
                        BEAST v2.7.3, 2002-2022
             Bayesian Evolutionary Analysis Sampling Trees
                       Designed and developed by
 Remco Bouckaert, Alexei J. Drummond, Andrew Rambaut & Marc A. Suchard
                                    
                   Centre for Computational Evolution
                         University of Auckland
                       r.bouckaert@auckland.ac.nz
                        alexei@cs.auckland.ac.nz
                                    
                   Institute of Evolutionary Biology
                        University of Edinburgh
                           a.rambaut@ed.ac.uk
                                    
                    David Geffen School of Medicine
                 University of California, Los Angeles
                           msuchard@ucla.edu
                                    
                      Downloads, Help & Resources:
                           http://beast2.org/
                                    
  Source code distributed under the GNU Lesser General Public License:
                   http://github.com/CompEvol/beast2
                                    
                           BEAST developers:
   Alex Alekseyenko, Trevor Bedford, Erik Bloomquist, Joseph Heled, 
 Sebastian Hoehna, Denise Kuehnert, Philippe Lemey, Wai Lok Sibon Li, 
Gerton Lunter, Sidney Markowitz, Vladimir Minin, Michael Defoin Platel, 
          Oliver Pybus, Tim Vaughan, Chieh-Hsi Wu, Walter Xie
                                    
                               Thanks to:
          Roald Forsberg, Beth Shapiro and Korbinian Strimmer

Random number seed: 1678999090610

File: sim.46.xml seed: 1678999090610 threads: 1
Loading package BEAST.base v2.7.3 MASTER v7.0.0 BEAST.app v2.7.3    
Assembling model...
Setting up populations... done.
Setting up reactions... Extinction... Extinction... Extinction... Extirpation... Extirpation... Extirpation... Extirpation... Extirpation... Extirpation... Extirpation... Extirpation... Extirpation... WithinRegionSpeciation... WithinRegionSpeciation... WithinRegionSpeciation... WithinRegionSpeciation... WithinRegionSpeciation... WithinRegionSpeciation... WithinRegionSpeciation... WithinRegionSpeciation... WithinRegionSpeciation... WithinRegionSpeciation... WithinRegionSpeciation... WithinRegionSpeciation... Dispersal... Dispersal... Dispersal... Dispersal... Dispersal... Dispersal... Dispersal... Dispersal... Dispersal... BetweenRegionSpeciation... BetweenRegionSpeciation... BetweenRegionSpeciation... BetweenRegionSpeciation... BetweenRegionSpeciation... BetweenRegionSpeciation... done.
Model assembled.
Generating inheritance trajectory 1 of 1
Simulation arrived at time 0.0
Simulation arrived at time 0.3049196439286061
Simulation arrived at time 0.34567672350002837
Simulation arrived at time 0.8620381521660221
Simulation arrived at time 1.5027300789999947
Simulation arrived at time 2.0344776898826993
Simulation arrived at time 2.5257834311580174
Simulation arrived at time 3.1691466191430697
Simulation arrived at time 3.293941765028208
Simulation arrived at time 3.3491474835960777
Simulation arrived at time 3.62958771371063
Simulation arrived at time 3.779549201590815
Simulation arrived at time 3.8495324954699277
Simulation arrived at time 4.353318791367528
Simulation arrived at time 4.433771318793517
Simulation arrived at time 4.55682218073235
Simulation arrived at time 4.592808220120443
Simulation arrived at time 5.202074119085162
Simulation arrived at time 5.2165140134036045
Simulation arrived at time 5.227764565064312
Simulation arrived at time 5.313183083862551
Simulation arrived at time 5.7032978563343235
Simulation arrived at time 6.09697352831805
Simulation arrived at time 6.116092400051186
Simulation arrived at time 6.198868768314854
Simulation arrived at time 6.384529955440806
Simulation arrived at time 6.497192032260354
Simulation arrived at time 6.7645674587079725
Simulation arrived at time 7.188829159802817
Simulation arrived at time 7.326115520091768
Simulation arrived at time 7.350216898373369
Simulation arrived at time 7.688150194447333
Simulation arrived at time 7.83356904214572
Simulation arrived at time 7.929615780009717
Simulation arrived at time 8.039751558023237
Simulation arrived at time 8.088831047071487
Simulation arrived at time 8.094603492800351
Simulation arrived at time 8.124266071419669
Simulation arrived at time 8.164706297631636
Simulation arrived at time 8.2833639777377
Simulation arrived at time 8.333181744927431
Simulation arrived at time 8.341997548574001
Simulation arrived at time 8.488176284090258
Simulation arrived at time 8.52465595335848
Simulation arrived at time 8.565342692994372
Simulation arrived at time 8.570602919288131
Simulation arrived at time 8.602379854437691
Simulation arrived at time 8.757952093097463
Simulation arrived at time 8.860441504830886
Simulation arrived at time 8.88695051076528
Simulation arrived at time 8.892827890419289
Simulation arrived at time 8.92223399332769
Simulation arrived at time 8.974718336973051
Simulation arrived at time 9.167923340650423
Simulation arrived at time 9.180876118631877
Simulation arrived at time 9.198566503735792
Simulation arrived at time 9.207654721295658
Simulation arrived at time 9.237774142300053
Simulation arrived at time 9.247770954962999
Simulation arrived at time 9.373157435824824
Simulation arrived at time 9.385899126042922
Simulation arrived at time 9.389453510845916
Simulation arrived at time 9.408655457889267
Simulation arrived at time 9.422540241431388
Simulation arrived at time 9.439047709679455
Simulation arrived at time 9.51450885866196
Simulation arrived at time 9.53892643536714
Simulation arrived at time 9.697448801876716
Simulation arrived at time 9.73867254809466
Simulation arrived at time 9.741176244417343
Simulation arrived at time 9.766714457523896
Simulation arrived at time 9.829451813773192
Simulation arrived at time 9.857497333707549
Simulation arrived at time 9.871438312841816
Simulation arrived at time 9.883731117872077
Simulation arrived at time 9.892080608883271
Simulation arrived at time 9.897105676381397
Simulation arrived at time 9.910251728651774
Simulation arrived at time 9.938751339206636
Simulation arrived at time 9.952923906918958
Simulation arrived at time 9.964370334788173
Writing Newick output...
Writing NEXUS output...
Writing JSON output...
Done.
Done!
