
                        BEAST v2.7.3, 2002-2022
             Bayesian Evolutionary Analysis Sampling Trees
                       Designed and developed by
 Remco Bouckaert, Alexei J. Drummond, Andrew Rambaut & Marc A. Suchard
                                    
                   Centre for Computational Evolution
                         University of Auckland
                       r.bouckaert@auckland.ac.nz
                        alexei@cs.auckland.ac.nz
                                    
                   Institute of Evolutionary Biology
                        University of Edinburgh
                           a.rambaut@ed.ac.uk
                                    
                    David Geffen School of Medicine
                 University of California, Los Angeles
                           msuchard@ucla.edu
                                    
                      Downloads, Help & Resources:
                           http://beast2.org/
                                    
  Source code distributed under the GNU Lesser General Public License:
                   http://github.com/CompEvol/beast2
                                    
                           BEAST developers:
   Alex Alekseyenko, Trevor Bedford, Erik Bloomquist, Joseph Heled, 
 Sebastian Hoehna, Denise Kuehnert, Philippe Lemey, Wai Lok Sibon Li, 
Gerton Lunter, Sidney Markowitz, Vladimir Minin, Michael Defoin Platel, 
          Oliver Pybus, Tim Vaughan, Chieh-Hsi Wu, Walter Xie
                                    
                               Thanks to:
          Roald Forsberg, Beth Shapiro and Korbinian Strimmer

Random number seed: 1678999113831

File: sim.86.xml seed: 1678999113831 threads: 1
Loading package BEAST.base v2.7.3 MASTER v7.0.0 BEAST.app v2.7.3    
Assembling model...
Setting up populations... done.
Setting up reactions... Extinction... Extinction... Extinction... Extirpation... Extirpation... Extirpation... Extirpation... Extirpation... Extirpation... Extirpation... Extirpation... Extirpation... WithinRegionSpeciation... WithinRegionSpeciation... WithinRegionSpeciation... WithinRegionSpeciation... WithinRegionSpeciation... WithinRegionSpeciation... WithinRegionSpeciation... WithinRegionSpeciation... WithinRegionSpeciation... WithinRegionSpeciation... WithinRegionSpeciation... WithinRegionSpeciation... Dispersal... Dispersal... Dispersal... Dispersal... Dispersal... Dispersal... Dispersal... Dispersal... Dispersal... BetweenRegionSpeciation... BetweenRegionSpeciation... BetweenRegionSpeciation... BetweenRegionSpeciation... BetweenRegionSpeciation... BetweenRegionSpeciation... done.
Model assembled.
Generating inheritance trajectory 1 of 1
Simulation arrived at time 0.0
Simulation arrived at time 0.53352115431168
Simulation arrived at time 0.7416798711936802
Simulation arrived at time 1.1603742974417233
Simulation arrived at time 1.241759326993765
Simulation arrived at time 1.4180395179815095
Simulation arrived at time 1.5436403322154941
Simulation arrived at time 1.7475953633728498
Simulation arrived at time 1.814946905118723
Simulation arrived at time 1.859358737651917
Simulation arrived at time 2.2471153296312067
Simulation arrived at time 2.5527056807373443
Simulation arrived at time 2.8144196297993243
Simulation arrived at time 2.8172769706769945
Simulation arrived at time 3.2610388854520123
Simulation arrived at time 3.319304596359936
Simulation arrived at time 3.446195260005423
Simulation arrived at time 3.6524692314329523
Simulation arrived at time 3.728094368875515
Simulation arrived at time 3.8063198568667915
Simulation arrived at time 3.9388551971600085
Simulation arrived at time 3.955915136861616
Simulation arrived at time 3.9955364689018307
Simulation arrived at time 4.007052541758243
Simulation arrived at time 4.02257976205851
Simulation arrived at time 4.151332502021568
Simulation arrived at time 4.234681940842219
Simulation arrived at time 4.349616398456138
Simulation arrived at time 4.363826282214975
Simulation arrived at time 4.458945887508171
Simulation arrived at time 4.574578276084238
Simulation arrived at time 4.577164214760586
Simulation arrived at time 4.622928351871296
Simulation arrived at time 4.642018490873931
Simulation arrived at time 4.687685447607933
Simulation arrived at time 4.754136384328308
Simulation arrived at time 4.789576897840264
Simulation arrived at time 4.900683907321117
Simulation arrived at time 4.9526575799324055
Simulation arrived at time 4.956377637075295
Simulation arrived at time 4.967701089049665
Simulation arrived at time 5.077320819787096
Simulation arrived at time 5.0822337562460955
Simulation arrived at time 5.108594409012495
Simulation arrived at time 5.195085971107397
Simulation arrived at time 5.222129333796142
Simulation arrived at time 5.437307083334723
Simulation arrived at time 5.464041723037985
Simulation arrived at time 5.4774093410411835
Simulation arrived at time 5.565382677819364
Simulation arrived at time 5.616578106247522
Simulation arrived at time 5.628188721065384
Simulation arrived at time 5.671475182555757
Simulation arrived at time 5.674593207050425
Simulation arrived at time 5.696626091034636
Simulation arrived at time 5.716206085537061
Simulation arrived at time 5.751048689805038
Simulation arrived at time 5.764191019392466
Simulation arrived at time 5.907361284740512
Simulation arrived at time 5.913460552342698
Simulation arrived at time 5.9392659225916775
Simulation arrived at time 5.995301582277587
Simulation arrived at time 6.016813984219188
Simulation arrived at time 6.107854372933186
Simulation arrived at time 6.190616932674436
Simulation arrived at time 6.198806292552166
Simulation arrived at time 6.230761547969943
Simulation arrived at time 6.252986005408838
Simulation arrived at time 6.271866434815335
Simulation arrived at time 6.304188052372595
Simulation arrived at time 6.308623411321993
Simulation arrived at time 6.3520589995298025
Simulation arrived at time 6.394549711823117
Simulation arrived at time 6.436650927367399
Simulation arrived at time 6.467815432610305
Simulation arrived at time 6.4836424468893865
Simulation arrived at time 6.491832028988163
Simulation arrived at time 6.52122210370119
Simulation arrived at time 6.528105308696123
Simulation arrived at time 6.576816861332108
Simulation arrived at time 6.577455471262093
Simulation arrived at time 6.623074911286693
Simulation arrived at time 6.64030888939277
Simulation arrived at time 6.6748581266400535
Simulation arrived at time 6.682442489023413
Simulation arrived at time 6.694674028411241
Simulation arrived at time 6.6956027997716365
Simulation arrived at time 6.696642517501245
Simulation arrived at time 6.701333590308747
Simulation arrived at time 6.744842513464384
Simulation arrived at time 6.751854088414767
Simulation arrived at time 6.77084735042152
Simulation arrived at time 6.807045244714325
Simulation arrived at time 6.814960898625054
Simulation arrived at time 6.821423552313787
Simulation arrived at time 6.830518948770373
Simulation arrived at time 6.935797376579502
Simulation arrived at time 6.9456392618784495
Simulation arrived at time 6.954548501426622
Simulation arrived at time 6.977064248484069
Simulation arrived at time 6.98022147692856
Simulation arrived at time 7.012071094229599
Simulation arrived at time 7.020347973262344
Simulation arrived at time 7.043935553399893
Simulation arrived at time 7.111687680823886
Simulation arrived at time 7.113942977441851
Simulation arrived at time 7.1418827031477825
Simulation arrived at time 7.181472726025013
Simulation arrived at time 7.196868486558683
Simulation arrived at time 7.2017941873008775
Simulation arrived at time 7.256746511568352
Simulation arrived at time 7.267488796697443
Simulation arrived at time 7.298091925924732
Simulation arrived at time 7.3019924286807365
Simulation arrived at time 7.310656775654901
Simulation arrived at time 7.319644822256353
Simulation arrived at time 7.331668667713867
Simulation arrived at time 7.361898558394441
Simulation arrived at time 7.373049752063787
Simulation arrived at time 7.381280600210943
Simulation arrived at time 7.3874830830700455
Simulation arrived at time 7.415497734036903
Simulation arrived at time 7.430616658071264
Simulation arrived at time 7.43065479122838
Simulation arrived at time 7.453132331942848
Simulation arrived at time 7.468641462003864
Simulation arrived at time 7.496712726420917
Simulation arrived at time 7.516132980915582
Simulation arrived at time 7.531902802374694
Simulation arrived at time 7.532903651201321
Simulation arrived at time 7.550120433328407
Simulation arrived at time 7.551219216008574
Simulation arrived at time 7.552789680483954
Simulation arrived at time 7.556146851439586
Simulation arrived at time 7.558653136158794
Simulation arrived at time 7.569849487487953
Simulation arrived at time 7.615209567611344
Simulation arrived at time 7.620526894159734
Simulation arrived at time 7.6625230988837725
Simulation arrived at time 7.66965312332597
Simulation arrived at time 7.70585688352558
Simulation arrived at time 7.739878127789911
Simulation arrived at time 7.759072171910509
Simulation arrived at time 7.769812565985652
Simulation arrived at time 7.771786166115302
Simulation arrived at time 7.805625152569712
Simulation arrived at time 7.8266895059893615
Simulation arrived at time 7.830094394047286
Simulation arrived at time 7.861920763372189
Simulation arrived at time 7.86340110083118
Simulation arrived at time 7.9093316846622574
Simulation arrived at time 7.9339575866058984
Simulation arrived at time 7.958101432955122
Simulation arrived at time 7.96032060369831
Simulation arrived at time 7.967620110338684
Simulation arrived at time 7.969658146903864
Simulation arrived at time 7.971520664963216
Simulation arrived at time 7.977824952960463
Simulation arrived at time 7.979537144165212
Simulation arrived at time 7.9798550320428125
Simulation arrived at time 7.984444945537078
Simulation arrived at time 7.989080349518319
Simulation arrived at time 7.9894936364951645
Simulation arrived at time 7.999966245990985
Simulation arrived at time 8.0016577348742
Simulation arrived at time 8.002788903204916
Simulation arrived at time 8.035883593284765
Simulation arrived at time 8.041714809775723
Simulation arrived at time 8.053950488622563
Simulation arrived at time 8.070978261180139
Simulation arrived at time 8.081518189360649
Simulation arrived at time 8.09553720716635
Simulation arrived at time 8.098278496234235
Simulation arrived at time 8.138337897608572
Simulation arrived at time 8.149600242800368
Simulation arrived at time 8.151272338616973
Simulation arrived at time 8.16923618240487
Simulation arrived at time 8.170290779311356
Simulation arrived at time 8.176832499351006
Simulation arrived at time 8.185879287177544
Simulation arrived at time 8.201704439741254
Simulation arrived at time 8.217401297481914
Simulation arrived at time 8.26423880812169
Simulation arrived at time 8.271922835508832
Simulation arrived at time 8.290175176665237
Simulation arrived at time 8.296366792192687
Simulation arrived at time 8.306113742648458
Simulation arrived at time 8.306904868143924
Simulation arrived at time 8.35190051395554
Simulation arrived at time 8.364760469074856
Simulation arrived at time 8.36732107053441
Simulation arrived at time 8.371987029662929
Simulation arrived at time 8.372548849733457
Simulation arrived at time 8.385594047495498
Simulation arrived at time 8.390114837360265
Simulation arrived at time 8.403901227759276
Simulation arrived at time 8.409330864768739
Simulation arrived at time 8.423451426427125
Simulation arrived at time 8.43137824432347
Simulation arrived at time 8.444797543257348
Simulation arrived at time 8.466408441984298
Simulation arrived at time 8.478187223192199
Simulation arrived at time 8.493795608342792
Simulation arrived at time 8.496639832307055
Simulation arrived at time 8.500125017106308
Simulation arrived at time 8.514458628069194
Simulation arrived at time 8.524893109592053
Simulation arrived at time 8.534453783769461
Simulation arrived at time 8.540615285097061
Simulation arrived at time 8.559440536653938
Simulation arrived at time 8.560088460702794
Simulation arrived at time 8.575425462039913
Simulation arrived at time 8.57841466930036
Simulation arrived at time 8.580863503900485
Simulation arrived at time 8.585007213892732
Simulation arrived at time 8.596448969876821
Simulation arrived at time 8.604379240524008
Simulation arrived at time 8.607895928102499
Simulation arrived at time 8.61485393598738
Simulation arrived at time 8.622300792635476
Simulation arrived at time 8.626674284546539
Simulation arrived at time 8.627232979757212
Simulation arrived at time 8.635807651278729
Simulation arrived at time 8.64021795772601
Simulation arrived at time 8.649235592355216
Simulation arrived at time 8.661099181556292
Simulation arrived at time 8.666151823653431
Simulation arrived at time 8.668814804900682
Simulation arrived at time 8.690492676148763
Simulation arrived at time 8.698437117534022
Simulation arrived at time 8.700362702276825
Simulation arrived at time 8.719627082203775
Simulation arrived at time 8.749265358839324
Simulation arrived at time 8.751555924038643
Simulation arrived at time 8.766751201394074
Simulation arrived at time 8.774024279565857
Simulation arrived at time 8.785780819595107
Simulation arrived at time 8.797142564876518
Simulation arrived at time 8.801118761092129
Simulation arrived at time 8.801695763095712
Simulation arrived at time 8.816349113475678
Simulation arrived at time 8.82409647630736
Simulation arrived at time 8.825381885560166
Simulation arrived at time 8.826159029973617
Simulation arrived at time 8.835546857295054
Simulation arrived at time 8.85043851523272
Simulation arrived at time 8.857084007363175
Simulation arrived at time 8.86840169229752
Simulation arrived at time 8.876033102742179
Simulation arrived at time 8.889602163412231
Simulation arrived at time 8.900218392874526
Simulation arrived at time 8.904973355767485
Simulation arrived at time 8.911330122459372
Simulation arrived at time 8.916530493542089
Simulation arrived at time 8.916880823327267
Simulation arrived at time 8.918237078929028
Simulation arrived at time 8.924188627817745
Simulation arrived at time 8.927735878516769
Simulation arrived at time 8.933173595315901
Simulation arrived at time 8.942530710981476
Simulation arrived at time 8.945472046938729
Simulation arrived at time 8.954328862685534
Simulation arrived at time 8.959075020261515
Simulation arrived at time 8.977840645147527
Simulation arrived at time 8.990996028367592
Simulation arrived at time 9.007615208356352
Simulation arrived at time 9.010804450525107
Simulation arrived at time 9.029170675805776
Simulation arrived at time 9.031479030849555
Simulation arrived at time 9.032798014520347
Simulation arrived at time 9.051566355439334
Simulation arrived at time 9.051757247675356
Simulation arrived at time 9.106640989537967
Simulation arrived at time 9.110431676508318
Simulation arrived at time 9.117803095387206
Simulation arrived at time 9.127880403656444
Simulation arrived at time 9.128732321874063
Simulation arrived at time 9.138237057045082
Simulation arrived at time 9.165325908423416
Simulation arrived at time 9.174665597473856
Simulation arrived at time 9.19158690301458
Simulation arrived at time 9.192751428079124
Simulation arrived at time 9.195043374652732
Simulation arrived at time 9.202906689263786
Simulation arrived at time 9.210385219911979
Simulation arrived at time 9.222803142546216
Simulation arrived at time 9.228345900649243
Simulation arrived at time 9.231995882536397
Simulation arrived at time 9.249761639545527
Simulation arrived at time 9.264062431582893
Simulation arrived at time 9.266186879778163
Simulation arrived at time 9.269265374836037
Simulation arrived at time 9.277289438324605
Simulation arrived at time 9.280671650861184
Simulation arrived at time 9.293613399700195
Simulation arrived at time 9.307799285595047
Simulation arrived at time 9.31298710642155
Simulation arrived at time 9.313433668683668
Simulation arrived at time 9.315649120742533
Simulation arrived at time 9.318661434476995
Simulation arrived at time 9.326540920641955
Simulation arrived at time 9.338736033817357
Simulation arrived at time 9.345117830698463
Simulation arrived at time 9.348427303896724
Simulation arrived at time 9.358004082257132
Simulation arrived at time 9.370910020563445
Simulation arrived at time 9.373607100866918
Simulation arrived at time 9.373925570556823
Simulation arrived at time 9.380810103428473
Simulation arrived at time 9.383388683741066
Simulation arrived at time 9.390398071461757
Simulation arrived at time 9.391038904472653
Simulation arrived at time 9.398492030053271
Simulation arrived at time 9.409026430539859
Simulation arrived at time 9.411639395859046
Simulation arrived at time 9.434174960204862
Simulation arrived at time 9.435659544558183
Simulation arrived at time 9.458128811431655
Simulation arrived at time 9.462231995654744
Simulation arrived at time 9.46862494277979
Simulation arrived at time 9.470401779381756
Simulation arrived at time 9.48219336944188
Simulation arrived at time 9.48996066753713
Simulation arrived at time 9.499575629489003
Simulation arrived at time 9.503160971948764
Simulation arrived at time 9.504440973228988
Simulation arrived at time 9.504493615370057
Simulation arrived at time 9.514970185540223
Simulation arrived at time 9.51754802996806
Simulation arrived at time 9.535679217021988
Simulation arrived at time 9.545928162406339
Simulation arrived at time 9.5606576782942
Simulation arrived at time 9.561907137363937
Simulation arrived at time 9.591620299952774
Simulation arrived at time 9.598065118971066
Simulation arrived at time 9.599403463045315
Simulation arrived at time 9.615961480457006
Simulation arrived at time 9.618342035164172
Simulation arrived at time 9.621381418022304
Simulation arrived at time 9.628602170818507
Simulation arrived at time 9.64969050987689
Simulation arrived at time 9.650783952130652
Simulation arrived at time 9.658557906952545
Simulation arrived at time 9.659317380524831
Simulation arrived at time 9.674349321747798
Simulation arrived at time 9.677712925537467
Simulation arrived at time 9.678570923822875
Simulation arrived at time 9.683939799459512
Simulation arrived at time 9.68912158395796
Simulation arrived at time 9.69122497219734
Simulation arrived at time 9.695580195935468
Simulation arrived at time 9.710133562755123
Simulation arrived at time 9.710824364580612
Simulation arrived at time 9.717031549870908
Simulation arrived at time 9.731027001749109
Simulation arrived at time 9.742905800821461
Simulation arrived at time 9.749380055145323
Simulation arrived at time 9.770179882144145
Simulation arrived at time 9.790094566724845
Simulation arrived at time 9.791119830050752
Simulation arrived at time 9.810329638532638
Simulation arrived at time 9.821294307633623
Simulation arrived at time 9.824145795608583
Simulation arrived at time 9.83050452603486
Simulation arrived at time 9.8474203759924
Simulation arrived at time 9.851158478181688
Simulation arrived at time 9.85156530895277
Simulation arrived at time 9.855076981030704
Simulation arrived at time 9.858236625240448
Simulation arrived at time 9.861905918421732
Simulation arrived at time 9.864562005438215
Simulation arrived at time 9.868700259363669
Simulation arrived at time 9.886428579580944
Simulation arrived at time 9.89023838688966
Simulation arrived at time 9.893393500383434
Simulation arrived at time 9.901337451570887
Simulation arrived at time 9.904870586552253
Simulation arrived at time 9.918407908380507
Simulation arrived at time 9.924353912717411
Simulation arrived at time 9.951528496608335
Simulation arrived at time 9.952270563707913
Simulation arrived at time 9.953264847829344
Simulation arrived at time 9.955403830996547
Simulation arrived at time 9.967579424712584
Simulation arrived at time 9.972954846309456
Simulation arrived at time 9.973318843624767
Simulation arrived at time 9.975015403869795
Simulation arrived at time 9.990173512736861
Writing Newick output...
Writing NEXUS output...
Writing JSON output...
Done.
Done!
