
                        BEAST v2.7.3, 2002-2022
             Bayesian Evolutionary Analysis Sampling Trees
                       Designed and developed by
 Remco Bouckaert, Alexei J. Drummond, Andrew Rambaut & Marc A. Suchard
                                    
                   Centre for Computational Evolution
                         University of Auckland
                       r.bouckaert@auckland.ac.nz
                        alexei@cs.auckland.ac.nz
                                    
                   Institute of Evolutionary Biology
                        University of Edinburgh
                           a.rambaut@ed.ac.uk
                                    
                    David Geffen School of Medicine
                 University of California, Los Angeles
                           msuchard@ucla.edu
                                    
                      Downloads, Help & Resources:
                           http://beast2.org/
                                    
  Source code distributed under the GNU Lesser General Public License:
                   http://github.com/CompEvol/beast2
                                    
                           BEAST developers:
   Alex Alekseyenko, Trevor Bedford, Erik Bloomquist, Joseph Heled, 
 Sebastian Hoehna, Denise Kuehnert, Philippe Lemey, Wai Lok Sibon Li, 
Gerton Lunter, Sidney Markowitz, Vladimir Minin, Michael Defoin Platel, 
          Oliver Pybus, Tim Vaughan, Chieh-Hsi Wu, Walter Xie
                                    
                               Thanks to:
          Roald Forsberg, Beth Shapiro and Korbinian Strimmer

Random number seed: 1678999076811

File: sim.23.xml seed: 1678999076811 threads: 1
Loading package BEAST.base v2.7.3 MASTER v7.0.0 BEAST.app v2.7.3    
Assembling model...
Setting up populations... done.
Setting up reactions... Extinction... Extinction... Extinction... Extirpation... Extirpation... Extirpation... Extirpation... Extirpation... Extirpation... Extirpation... Extirpation... Extirpation... WithinRegionSpeciation... WithinRegionSpeciation... WithinRegionSpeciation... WithinRegionSpeciation... WithinRegionSpeciation... WithinRegionSpeciation... WithinRegionSpeciation... WithinRegionSpeciation... WithinRegionSpeciation... WithinRegionSpeciation... WithinRegionSpeciation... WithinRegionSpeciation... Dispersal... Dispersal... Dispersal... Dispersal... Dispersal... Dispersal... Dispersal... Dispersal... Dispersal... BetweenRegionSpeciation... BetweenRegionSpeciation... BetweenRegionSpeciation... BetweenRegionSpeciation... BetweenRegionSpeciation... BetweenRegionSpeciation... done.
Model assembled.
Generating inheritance trajectory 1 of 1
Simulation arrived at time 0.0
Simulation arrived at time 0.6156829352150841
Simulation arrived at time 0.7170406159429181
Simulation arrived at time 0.9265204748250765
Simulation arrived at time 1.441987623048833
Simulation arrived at time 2.5580427473110934
Simulation arrived at time 3.560350689764895
Simulation arrived at time 4.646763905022408
Simulation arrived at time 6.178064484408628
Simulation arrived at time 6.545340739945198
Simulation arrived at time 6.823529167471872
Simulation arrived at time 7.109680614593268
Simulation arrived at time 7.274327275603162
Simulation arrived at time 7.644548461707397
Simulation arrived at time 7.95565282789447
Simulation arrived at time 8.39756761586519
Simulation arrived at time 8.47697345333699
Simulation arrived at time 8.500492471454125
Simulation arrived at time 8.599384818014144
Simulation arrived at time 8.61534037772522
Simulation arrived at time 8.705365253945553
Simulation arrived at time 8.802215781026222
Simulation arrived at time 8.882192771695818
Simulation arrived at time 9.167270655767753
Simulation arrived at time 9.466565478098248
Simulation arrived at time 9.520282375059216
Simulation arrived at time 9.528416617113265
Simulation arrived at time 9.581042968422091
Simulation arrived at time 9.725434665487008
Simulation arrived at time 9.897059795000487
Writing Newick output...
Writing NEXUS output...
Writing JSON output...
Done.
Done!
