
                        BEAST v2.7.3, 2002-2022
             Bayesian Evolutionary Analysis Sampling Trees
                       Designed and developed by
 Remco Bouckaert, Alexei J. Drummond, Andrew Rambaut & Marc A. Suchard
                                    
                   Centre for Computational Evolution
                         University of Auckland
                       r.bouckaert@auckland.ac.nz
                        alexei@cs.auckland.ac.nz
                                    
                   Institute of Evolutionary Biology
                        University of Edinburgh
                           a.rambaut@ed.ac.uk
                                    
                    David Geffen School of Medicine
                 University of California, Los Angeles
                           msuchard@ucla.edu
                                    
                      Downloads, Help & Resources:
                           http://beast2.org/
                                    
  Source code distributed under the GNU Lesser General Public License:
                   http://github.com/CompEvol/beast2
                                    
                           BEAST developers:
   Alex Alekseyenko, Trevor Bedford, Erik Bloomquist, Joseph Heled, 
 Sebastian Hoehna, Denise Kuehnert, Philippe Lemey, Wai Lok Sibon Li, 
Gerton Lunter, Sidney Markowitz, Vladimir Minin, Michael Defoin Platel, 
          Oliver Pybus, Tim Vaughan, Chieh-Hsi Wu, Walter Xie
                                    
                               Thanks to:
          Roald Forsberg, Beth Shapiro and Korbinian Strimmer

Random number seed: 1678999064565

File: sim.2.xml seed: 1678999064565 threads: 1
Loading package BEAST.base v2.7.3 MASTER v7.0.0 BEAST.app v2.7.3    
Assembling model...
Setting up populations... done.
Setting up reactions... Extinction... Extinction... Extinction... Extirpation... Extirpation... Extirpation... Extirpation... Extirpation... Extirpation... Extirpation... Extirpation... Extirpation... WithinRegionSpeciation... WithinRegionSpeciation... WithinRegionSpeciation... WithinRegionSpeciation... WithinRegionSpeciation... WithinRegionSpeciation... WithinRegionSpeciation... WithinRegionSpeciation... WithinRegionSpeciation... WithinRegionSpeciation... WithinRegionSpeciation... WithinRegionSpeciation... Dispersal... Dispersal... Dispersal... Dispersal... Dispersal... Dispersal... Dispersal... Dispersal... Dispersal... BetweenRegionSpeciation... BetweenRegionSpeciation... BetweenRegionSpeciation... BetweenRegionSpeciation... BetweenRegionSpeciation... BetweenRegionSpeciation... done.
Model assembled.
Generating inheritance trajectory 1 of 1
Simulation arrived at time 0.0
Simulation arrived at time 0.27226281282219156
Simulation arrived at time 0.7520802273894605
Simulation arrived at time 1.0708274426301756
Simulation arrived at time 1.858075960380606
Simulation arrived at time 2.053380882670529
Simulation arrived at time 2.0610218143104504
Simulation arrived at time 2.2627763476424354
Simulation arrived at time 2.640131532297778
Simulation arrived at time 2.6871045756093723
Simulation arrived at time 2.8422753977465134
Simulation arrived at time 2.8874309266824394
Simulation arrived at time 2.916588080565145
Simulation arrived at time 3.159359734477851
Simulation arrived at time 3.2162724980588733
Simulation arrived at time 3.4706789264052613
Simulation arrived at time 3.576795793302971
Simulation arrived at time 3.5996606358562135
Simulation arrived at time 3.6947095971774533
Simulation arrived at time 3.780651774288247
Simulation arrived at time 4.335634727028528
Simulation arrived at time 4.4392195588095325
Simulation arrived at time 4.673631699718806
Simulation arrived at time 4.74902757365909
Simulation arrived at time 4.943702256031579
Simulation arrived at time 4.944225980689515
Simulation arrived at time 5.08267367133803
Simulation arrived at time 5.167814716570041
Simulation arrived at time 5.2550948546814675
Simulation arrived at time 5.301834758965572
Simulation arrived at time 5.303784416098736
Simulation arrived at time 5.4417053344373
Simulation arrived at time 5.577553628175491
Simulation arrived at time 5.679294370953147
Simulation arrived at time 5.735705867145173
Simulation arrived at time 5.791190626098314
Simulation arrived at time 5.795164986273174
Simulation arrived at time 5.904966011213803
Simulation arrived at time 6.023742344784441
Simulation arrived at time 6.115411969400127
Simulation arrived at time 6.139050964374687
Simulation arrived at time 6.401398326396005
Simulation arrived at time 6.44255416783975
Simulation arrived at time 6.515492081524364
Simulation arrived at time 6.519601374842073
Simulation arrived at time 6.5936122867437
Simulation arrived at time 6.690548052199679
Simulation arrived at time 6.74855862886793
Simulation arrived at time 6.801975771882789
Simulation arrived at time 6.920901027349985
Simulation arrived at time 6.928254924400141
Simulation arrived at time 6.951369966008657
Simulation arrived at time 6.9798392905555815
Simulation arrived at time 7.011929807645299
Simulation arrived at time 7.013119016465563
Simulation arrived at time 7.048274804392018
Simulation arrived at time 7.078732476327132
Simulation arrived at time 7.173288200590188
Simulation arrived at time 7.202479315412691
Simulation arrived at time 7.286025008542305
Simulation arrived at time 7.305687239134211
Simulation arrived at time 7.368690811959994
Simulation arrived at time 7.387041036541694
Simulation arrived at time 7.4227420031028695
Simulation arrived at time 7.457736401974172
Simulation arrived at time 7.4660019512772315
Simulation arrived at time 7.505567069249684
Simulation arrived at time 7.511310117557326
Simulation arrived at time 7.565645285889003
Simulation arrived at time 7.573567024448991
Simulation arrived at time 7.58489960571932
Simulation arrived at time 7.617598415303589
Simulation arrived at time 7.740297577832783
Simulation arrived at time 7.7991381696029425
Simulation arrived at time 7.825990340701117
Simulation arrived at time 7.830948641085233
Simulation arrived at time 7.840033231103202
Simulation arrived at time 7.845847946801336
Simulation arrived at time 8.09257508947311
Simulation arrived at time 8.11468572983764
Simulation arrived at time 8.144967882773315
Simulation arrived at time 8.186196871694088
Simulation arrived at time 8.240137254280834
Simulation arrived at time 8.24404172582632
Simulation arrived at time 8.271525887454978
Simulation arrived at time 8.391679514469175
Simulation arrived at time 8.521207929494928
Simulation arrived at time 8.52844405837942
Simulation arrived at time 8.548805457954154
Simulation arrived at time 8.567614715628492
Simulation arrived at time 8.590891430575253
Simulation arrived at time 8.62456208924034
Simulation arrived at time 8.674899388661144
Simulation arrived at time 8.67992305928601
Simulation arrived at time 8.686888842061146
Simulation arrived at time 8.691175414021018
Simulation arrived at time 8.70303794803282
Simulation arrived at time 8.790620234727452
Simulation arrived at time 8.793253697246538
Simulation arrived at time 8.79569254172641
Simulation arrived at time 8.800541379199315
Simulation arrived at time 8.800856554256235
Simulation arrived at time 8.809697752642798
Simulation arrived at time 8.81229735784683
Simulation arrived at time 8.826838049418486
Simulation arrived at time 8.839164897899028
Simulation arrived at time 8.85035007305062
Simulation arrived at time 8.850418458921933
Simulation arrived at time 8.896183829527358
Simulation arrived at time 8.958632283002109
Simulation arrived at time 8.964985391177747
Simulation arrived at time 8.977681854202043
Simulation arrived at time 9.00383562829382
Simulation arrived at time 9.068698894586166
Simulation arrived at time 9.069873504199478
Simulation arrived at time 9.094251834814909
Simulation arrived at time 9.108992123148456
Simulation arrived at time 9.111827661408329
Simulation arrived at time 9.116289465767261
Simulation arrived at time 9.117108248665053
Simulation arrived at time 9.174705570101784
Simulation arrived at time 9.194384529009726
Simulation arrived at time 9.236631538958397
Simulation arrived at time 9.24808593771323
Simulation arrived at time 9.271730565352815
Simulation arrived at time 9.310631403129436
Simulation arrived at time 9.315160027008703
Simulation arrived at time 9.346785164899222
Simulation arrived at time 9.348330418691877
Simulation arrived at time 9.368080725654563
Simulation arrived at time 9.390179495872433
Simulation arrived at time 9.406675366309022
Simulation arrived at time 9.40822824502863
Simulation arrived at time 9.415259695313107
Simulation arrived at time 9.43469070394653
Simulation arrived at time 9.443188634804418
Simulation arrived at time 9.446985467402412
Simulation arrived at time 9.46385401085191
Simulation arrived at time 9.466332717227052
Simulation arrived at time 9.475302386282209
Simulation arrived at time 9.498850489597134
Simulation arrived at time 9.50204334011666
Simulation arrived at time 9.526611197997306
Simulation arrived at time 9.53082213001762
Simulation arrived at time 9.558151773142837
Simulation arrived at time 9.595437312314012
Simulation arrived at time 9.609482019030574
Simulation arrived at time 9.63290637058507
Simulation arrived at time 9.633545660553864
Simulation arrived at time 9.640554930523033
Simulation arrived at time 9.688025935909577
Simulation arrived at time 9.730735053752351
Simulation arrived at time 9.758653514584317
Simulation arrived at time 9.759421358727666
Simulation arrived at time 9.759499797975403
Simulation arrived at time 9.763164119144651
Simulation arrived at time 9.771847769655054
Simulation arrived at time 9.804559420956256
Simulation arrived at time 9.83149905125114
Simulation arrived at time 9.833128422505897
Simulation arrived at time 9.83439816527628
Simulation arrived at time 9.844154774405487
Simulation arrived at time 9.858828001609753
Simulation arrived at time 9.896804910563121
Simulation arrived at time 9.95138446381677
Simulation arrived at time 9.970892267714325
Simulation arrived at time 9.98430038916699
Simulation arrived at time 9.990426450965646
Simulation arrived at time 9.995622535099587
Writing Newick output...
Writing NEXUS output...
Writing JSON output...
Done.
Done!
