
                        BEAST v2.7.3, 2002-2022
             Bayesian Evolutionary Analysis Sampling Trees
                       Designed and developed by
 Remco Bouckaert, Alexei J. Drummond, Andrew Rambaut & Marc A. Suchard
                                    
                   Centre for Computational Evolution
                         University of Auckland
                       r.bouckaert@auckland.ac.nz
                        alexei@cs.auckland.ac.nz
                                    
                   Institute of Evolutionary Biology
                        University of Edinburgh
                           a.rambaut@ed.ac.uk
                                    
                    David Geffen School of Medicine
                 University of California, Los Angeles
                           msuchard@ucla.edu
                                    
                      Downloads, Help & Resources:
                           http://beast2.org/
                                    
  Source code distributed under the GNU Lesser General Public License:
                   http://github.com/CompEvol/beast2
                                    
                           BEAST developers:
   Alex Alekseyenko, Trevor Bedford, Erik Bloomquist, Joseph Heled, 
 Sebastian Hoehna, Denise Kuehnert, Philippe Lemey, Wai Lok Sibon Li, 
Gerton Lunter, Sidney Markowitz, Vladimir Minin, Michael Defoin Platel, 
          Oliver Pybus, Tim Vaughan, Chieh-Hsi Wu, Walter Xie
                                    
                               Thanks to:
          Roald Forsberg, Beth Shapiro and Korbinian Strimmer

Random number seed: 1678999085755

File: sim.38.xml seed: 1678999085755 threads: 1
Loading package BEAST.base v2.7.3 MASTER v7.0.0 BEAST.app v2.7.3    
Assembling model...
Setting up populations... done.
Setting up reactions... Extinction... Extinction... Extinction... Extirpation... Extirpation... Extirpation... Extirpation... Extirpation... Extirpation... Extirpation... Extirpation... Extirpation... WithinRegionSpeciation... WithinRegionSpeciation... WithinRegionSpeciation... WithinRegionSpeciation... WithinRegionSpeciation... WithinRegionSpeciation... WithinRegionSpeciation... WithinRegionSpeciation... WithinRegionSpeciation... WithinRegionSpeciation... WithinRegionSpeciation... WithinRegionSpeciation... Dispersal... Dispersal... Dispersal... Dispersal... Dispersal... Dispersal... Dispersal... Dispersal... Dispersal... BetweenRegionSpeciation... BetweenRegionSpeciation... BetweenRegionSpeciation... BetweenRegionSpeciation... BetweenRegionSpeciation... BetweenRegionSpeciation... done.
Model assembled.
Generating inheritance trajectory 1 of 1
Simulation arrived at time 0.0
Simulation arrived at time 0.42352249930956937
Simulation arrived at time 2.0203597847466055
Simulation arrived at time 2.1270443376235404
Simulation arrived at time 3.4628371146344232
Simulation arrived at time 3.946421992845628
Simulation arrived at time 4.095508538454849
Simulation arrived at time 4.237794533999122
Simulation arrived at time 4.596857963424715
Simulation arrived at time 5.099652137797196
Simulation arrived at time 5.189615317658754
Simulation arrived at time 5.9489287988374935
Simulation arrived at time 6.812570555894388
Simulation arrived at time 7.390607946441711
Simulation arrived at time 7.870066835583777
Simulation arrived at time 8.974605527108695
Simulation arrived at time 9.118731707286843
Simulation arrived at time 9.181435799870753
Simulation arrived at time 9.413567850795246
Simulation arrived at time 9.465547623773078
Simulation arrived at time 9.663494180076583
Simulation arrived at time 9.671630796450227
Simulation arrived at time 9.71718962115009
Simulation arrived at time 9.840467552293802
Writing Newick output...
Writing NEXUS output...
Writing JSON output...
Done.
Done!
