
                        BEAST v2.7.3, 2002-2022
             Bayesian Evolutionary Analysis Sampling Trees
                       Designed and developed by
 Remco Bouckaert, Alexei J. Drummond, Andrew Rambaut & Marc A. Suchard
                                    
                   Centre for Computational Evolution
                         University of Auckland
                       r.bouckaert@auckland.ac.nz
                        alexei@cs.auckland.ac.nz
                                    
                   Institute of Evolutionary Biology
                        University of Edinburgh
                           a.rambaut@ed.ac.uk
                                    
                    David Geffen School of Medicine
                 University of California, Los Angeles
                           msuchard@ucla.edu
                                    
                      Downloads, Help & Resources:
                           http://beast2.org/
                                    
  Source code distributed under the GNU Lesser General Public License:
                   http://github.com/CompEvol/beast2
                                    
                           BEAST developers:
   Alex Alekseyenko, Trevor Bedford, Erik Bloomquist, Joseph Heled, 
 Sebastian Hoehna, Denise Kuehnert, Philippe Lemey, Wai Lok Sibon Li, 
Gerton Lunter, Sidney Markowitz, Vladimir Minin, Michael Defoin Platel, 
          Oliver Pybus, Tim Vaughan, Chieh-Hsi Wu, Walter Xie
                                    
                               Thanks to:
          Roald Forsberg, Beth Shapiro and Korbinian Strimmer

Random number seed: 1678999072141

File: sim.15.xml seed: 1678999072141 threads: 1
Loading package BEAST.base v2.7.3 MASTER v7.0.0 BEAST.app v2.7.3    
Assembling model...
Setting up populations... done.
Setting up reactions... Extinction... Extinction... Extinction... Extirpation... Extirpation... Extirpation... Extirpation... Extirpation... Extirpation... Extirpation... Extirpation... Extirpation... WithinRegionSpeciation... WithinRegionSpeciation... WithinRegionSpeciation... WithinRegionSpeciation... WithinRegionSpeciation... WithinRegionSpeciation... WithinRegionSpeciation... WithinRegionSpeciation... WithinRegionSpeciation... WithinRegionSpeciation... WithinRegionSpeciation... WithinRegionSpeciation... Dispersal... Dispersal... Dispersal... Dispersal... Dispersal... Dispersal... Dispersal... Dispersal... Dispersal... BetweenRegionSpeciation... BetweenRegionSpeciation... BetweenRegionSpeciation... BetweenRegionSpeciation... BetweenRegionSpeciation... BetweenRegionSpeciation... done.
Model assembled.
Generating inheritance trajectory 1 of 1
Simulation arrived at time 0.0
Simulation arrived at time 0.31198879424841297
Simulation arrived at time 1.272730128638777
Simulation arrived at time 2.987673936911049
Simulation arrived at time 3.0962947640623977
Simulation arrived at time 3.132378887641882
Simulation arrived at time 3.4566216123147484
Simulation arrived at time 3.5517414307020796
Simulation arrived at time 4.033000279436459
Simulation arrived at time 4.104312730679655
Simulation arrived at time 4.208975496121376
Simulation arrived at time 5.165823501030088
Simulation arrived at time 5.236009138089777
Simulation arrived at time 5.81746493326137
Simulation arrived at time 6.974577834350041
Simulation arrived at time 7.579097833313198
Post-simulation rejection condition met.
Simulation arrived at time 0.0
Simulation arrived at time 0.2843165529967593
Simulation arrived at time 2.447339797197011
Simulation arrived at time 2.8310704992212186
Simulation arrived at time 2.9266623475431297
Simulation arrived at time 3.3442299061990473
Simulation arrived at time 3.3673308118702763
Simulation arrived at time 3.630774832271147
Simulation arrived at time 3.9418553326642916
Simulation arrived at time 5.09445349685626
Simulation arrived at time 8.12422155098717
Simulation arrived at time 8.304838222221452
Simulation arrived at time 9.068764964049121
Simulation arrived at time 9.33417668029098
Simulation arrived at time 9.646097758619959
Post-simulation rejection condition met.
Maximum number of post-simulation condition rejections exceeded.  Skipping simulation.
Writing Newick output...
Writing NEXUS output...
Writing JSON output...
Done.
Done!
