
                        BEAST v2.7.3, 2002-2022
             Bayesian Evolutionary Analysis Sampling Trees
                       Designed and developed by
 Remco Bouckaert, Alexei J. Drummond, Andrew Rambaut & Marc A. Suchard
                                    
                   Centre for Computational Evolution
                         University of Auckland
                       r.bouckaert@auckland.ac.nz
                        alexei@cs.auckland.ac.nz
                                    
                   Institute of Evolutionary Biology
                        University of Edinburgh
                           a.rambaut@ed.ac.uk
                                    
                    David Geffen School of Medicine
                 University of California, Los Angeles
                           msuchard@ucla.edu
                                    
                      Downloads, Help & Resources:
                           http://beast2.org/
                                    
  Source code distributed under the GNU Lesser General Public License:
                   http://github.com/CompEvol/beast2
                                    
                           BEAST developers:
   Alex Alekseyenko, Trevor Bedford, Erik Bloomquist, Joseph Heled, 
 Sebastian Hoehna, Denise Kuehnert, Philippe Lemey, Wai Lok Sibon Li, 
Gerton Lunter, Sidney Markowitz, Vladimir Minin, Michael Defoin Platel, 
          Oliver Pybus, Tim Vaughan, Chieh-Hsi Wu, Walter Xie
                                    
                               Thanks to:
          Roald Forsberg, Beth Shapiro and Korbinian Strimmer

Random number seed: 1678999109058

File: sim.78.xml seed: 1678999109058 threads: 1
Loading package BEAST.base v2.7.3 MASTER v7.0.0 BEAST.app v2.7.3    
Assembling model...
Setting up populations... done.
Setting up reactions... Extinction... Extinction... Extinction... Extirpation... Extirpation... Extirpation... Extirpation... Extirpation... Extirpation... Extirpation... Extirpation... Extirpation... WithinRegionSpeciation... WithinRegionSpeciation... WithinRegionSpeciation... WithinRegionSpeciation... WithinRegionSpeciation... WithinRegionSpeciation... WithinRegionSpeciation... WithinRegionSpeciation... WithinRegionSpeciation... WithinRegionSpeciation... WithinRegionSpeciation... WithinRegionSpeciation... Dispersal... Dispersal... Dispersal... Dispersal... Dispersal... Dispersal... Dispersal... Dispersal... Dispersal... BetweenRegionSpeciation... BetweenRegionSpeciation... BetweenRegionSpeciation... BetweenRegionSpeciation... BetweenRegionSpeciation... BetweenRegionSpeciation... done.
Model assembled.
Generating inheritance trajectory 1 of 1
Simulation arrived at time 0.0
Simulation arrived at time 0.38260099508800965
Simulation arrived at time 1.1632466910505477
Simulation arrived at time 1.1800362865733893
Simulation arrived at time 1.2541585676472675
Simulation arrived at time 1.3828385573823818
Simulation arrived at time 1.4318748122953486
Simulation arrived at time 2.1360897067060214
Simulation arrived at time 3.1895141913753955
Simulation arrived at time 4.064147799541583
Simulation arrived at time 4.126647240560538
Simulation arrived at time 4.274844762350054
Simulation arrived at time 4.309009795772762
Simulation arrived at time 4.464394242069785
Simulation arrived at time 5.293893804803602
Simulation arrived at time 5.572722514273259
Simulation arrived at time 5.773075520878673
Simulation arrived at time 5.957073669949543
Simulation arrived at time 6.110776572621578
Simulation arrived at time 6.524535234529127
Simulation arrived at time 7.169819822021141
Simulation arrived at time 7.251134612607603
Simulation arrived at time 7.324168122955874
Simulation arrived at time 7.365957054164912
Simulation arrived at time 7.417433185903273
Simulation arrived at time 7.888690363520205
Simulation arrived at time 8.447070088846301
Simulation arrived at time 8.45787079848498
Simulation arrived at time 8.506589654501022
Simulation arrived at time 8.65516079974907
Simulation arrived at time 8.698750526458676
Simulation arrived at time 8.715171486226884
Simulation arrived at time 8.716922976464906
Simulation arrived at time 8.718606318829886
Simulation arrived at time 8.857360062896825
Simulation arrived at time 8.993027450271278
Simulation arrived at time 9.219121615161429
Simulation arrived at time 9.22851371137632
Simulation arrived at time 9.237128096192562
Simulation arrived at time 9.400326696750556
Simulation arrived at time 9.530431263521354
Simulation arrived at time 9.539717002168208
Writing Newick output...
Writing NEXUS output...
Writing JSON output...
Done.
Done!
