
                        BEAST v2.7.3, 2002-2022
             Bayesian Evolutionary Analysis Sampling Trees
                       Designed and developed by
 Remco Bouckaert, Alexei J. Drummond, Andrew Rambaut & Marc A. Suchard
                                    
                   Centre for Computational Evolution
                         University of Auckland
                       r.bouckaert@auckland.ac.nz
                        alexei@cs.auckland.ac.nz
                                    
                   Institute of Evolutionary Biology
                        University of Edinburgh
                           a.rambaut@ed.ac.uk
                                    
                    David Geffen School of Medicine
                 University of California, Los Angeles
                           msuchard@ucla.edu
                                    
                      Downloads, Help & Resources:
                           http://beast2.org/
                                    
  Source code distributed under the GNU Lesser General Public License:
                   http://github.com/CompEvol/beast2
                                    
                           BEAST developers:
   Alex Alekseyenko, Trevor Bedford, Erik Bloomquist, Joseph Heled, 
 Sebastian Hoehna, Denise Kuehnert, Philippe Lemey, Wai Lok Sibon Li, 
Gerton Lunter, Sidney Markowitz, Vladimir Minin, Michael Defoin Platel, 
          Oliver Pybus, Tim Vaughan, Chieh-Hsi Wu, Walter Xie
                                    
                               Thanks to:
          Roald Forsberg, Beth Shapiro and Korbinian Strimmer

Random number seed: 1678999080986

File: sim.30.xml seed: 1678999080986 threads: 1
Loading package BEAST.base v2.7.3 MASTER v7.0.0 BEAST.app v2.7.3    
Assembling model...
Setting up populations... done.
Setting up reactions... Extinction... Extinction... Extinction... Extirpation... Extirpation... Extirpation... Extirpation... Extirpation... Extirpation... Extirpation... Extirpation... Extirpation... WithinRegionSpeciation... WithinRegionSpeciation... WithinRegionSpeciation... WithinRegionSpeciation... WithinRegionSpeciation... WithinRegionSpeciation... WithinRegionSpeciation... WithinRegionSpeciation... WithinRegionSpeciation... WithinRegionSpeciation... WithinRegionSpeciation... WithinRegionSpeciation... Dispersal... Dispersal... Dispersal... Dispersal... Dispersal... Dispersal... Dispersal... Dispersal... Dispersal... BetweenRegionSpeciation... BetweenRegionSpeciation... BetweenRegionSpeciation... BetweenRegionSpeciation... BetweenRegionSpeciation... BetweenRegionSpeciation... done.
Model assembled.
Generating inheritance trajectory 1 of 1
Simulation arrived at time 0.0
Simulation arrived at time 0.14682693739269276
Simulation arrived at time 1.0533087438684217
Simulation arrived at time 1.0579507364544103
Simulation arrived at time 1.4652228269367018
Simulation arrived at time 1.669557324995489
Simulation arrived at time 1.8811460274935963
Simulation arrived at time 2.3450119896356703
Simulation arrived at time 2.773347138250477
Simulation arrived at time 4.001459421660944
Simulation arrived at time 4.296263524483079
Simulation arrived at time 4.826180993419788
Simulation arrived at time 5.066336315541529
Simulation arrived at time 6.123114450868688
Simulation arrived at time 6.17510729900927
Simulation arrived at time 6.527300649781076
Simulation arrived at time 6.543524264371795
Simulation arrived at time 6.756952093460586
Simulation arrived at time 7.030286120089387
Simulation arrived at time 7.168382644232186
Simulation arrived at time 7.1975377194789525
Simulation arrived at time 7.435705089852614
Simulation arrived at time 7.5925888432761415
Simulation arrived at time 7.712900973053453
Simulation arrived at time 7.780244669360184
Simulation arrived at time 7.957024300912833
Simulation arrived at time 8.01265495345525
Simulation arrived at time 8.16428105185875
Simulation arrived at time 8.351052020871702
Simulation arrived at time 8.528347222833387
Simulation arrived at time 8.720233821723632
Simulation arrived at time 8.91846975895191
Simulation arrived at time 9.029814678429245
Simulation arrived at time 9.298443688405793
Simulation arrived at time 9.321105638819652
Simulation arrived at time 9.568676963415284
Simulation arrived at time 9.628366887015913
Simulation arrived at time 9.630990527720414
Simulation arrived at time 9.791868727538436
Simulation arrived at time 9.84155692981996
Simulation arrived at time 9.910715867415236
Simulation arrived at time 9.920350513731435
Simulation arrived at time 9.9901535765495
Writing Newick output...
Writing NEXUS output...
Writing JSON output...
Done.
Done!
