
                        BEAST v2.7.3, 2002-2022
             Bayesian Evolutionary Analysis Sampling Trees
                       Designed and developed by
 Remco Bouckaert, Alexei J. Drummond, Andrew Rambaut & Marc A. Suchard
                                    
                   Centre for Computational Evolution
                         University of Auckland
                       r.bouckaert@auckland.ac.nz
                        alexei@cs.auckland.ac.nz
                                    
                   Institute of Evolutionary Biology
                        University of Edinburgh
                           a.rambaut@ed.ac.uk
                                    
                    David Geffen School of Medicine
                 University of California, Los Angeles
                           msuchard@ucla.edu
                                    
                      Downloads, Help & Resources:
                           http://beast2.org/
                                    
  Source code distributed under the GNU Lesser General Public License:
                   http://github.com/CompEvol/beast2
                                    
                           BEAST developers:
   Alex Alekseyenko, Trevor Bedford, Erik Bloomquist, Joseph Heled, 
 Sebastian Hoehna, Denise Kuehnert, Philippe Lemey, Wai Lok Sibon Li, 
Gerton Lunter, Sidney Markowitz, Vladimir Minin, Michael Defoin Platel, 
          Oliver Pybus, Tim Vaughan, Chieh-Hsi Wu, Walter Xie
                                    
                               Thanks to:
          Roald Forsberg, Beth Shapiro and Korbinian Strimmer

Random number seed: 1678999100529

File: sim.63.xml seed: 1678999100529 threads: 1
Loading package BEAST.base v2.7.3 MASTER v7.0.0 BEAST.app v2.7.3    
Assembling model...
Setting up populations... done.
Setting up reactions... Extinction... Extinction... Extinction... Extirpation... Extirpation... Extirpation... Extirpation... Extirpation... Extirpation... Extirpation... Extirpation... Extirpation... WithinRegionSpeciation... WithinRegionSpeciation... WithinRegionSpeciation... WithinRegionSpeciation... WithinRegionSpeciation... WithinRegionSpeciation... WithinRegionSpeciation... WithinRegionSpeciation... WithinRegionSpeciation... WithinRegionSpeciation... WithinRegionSpeciation... WithinRegionSpeciation... Dispersal... Dispersal... Dispersal... Dispersal... Dispersal... Dispersal... Dispersal... Dispersal... Dispersal... BetweenRegionSpeciation... BetweenRegionSpeciation... BetweenRegionSpeciation... BetweenRegionSpeciation... BetweenRegionSpeciation... BetweenRegionSpeciation... done.
Model assembled.
Generating inheritance trajectory 1 of 1
Simulation arrived at time 0.0
Simulation arrived at time 1.4383751223864258
Simulation arrived at time 6.249522958816356
Simulation arrived at time 6.5776516412217205
Post-simulation rejection condition met.
Simulation arrived at time 0.0
Simulation arrived at time 0.9327073636835446
Simulation arrived at time 0.9891047756450235
Simulation arrived at time 2.838315854800895
Simulation arrived at time 3.616547048319126
Simulation arrived at time 3.957448194877114
Simulation arrived at time 4.9464722443323295
Simulation arrived at time 5.860091582481716
Simulation arrived at time 7.346170501069322
Simulation arrived at time 7.819853367149831
Simulation arrived at time 8.506994893416355
Simulation arrived at time 9.46246345265398
Simulation arrived at time 9.684467195535051
Simulation arrived at time 9.941553840455637
Simulation arrived at time 9.991833731372445
Post-simulation rejection condition met.
Maximum number of post-simulation condition rejections exceeded.  Skipping simulation.
Writing Newick output...
Writing NEXUS output...
Writing JSON output...
Done.
Done!
