
                        BEAST v2.7.3, 2002-2022
             Bayesian Evolutionary Analysis Sampling Trees
                       Designed and developed by
 Remco Bouckaert, Alexei J. Drummond, Andrew Rambaut & Marc A. Suchard
                                    
                   Centre for Computational Evolution
                         University of Auckland
                       r.bouckaert@auckland.ac.nz
                        alexei@cs.auckland.ac.nz
                                    
                   Institute of Evolutionary Biology
                        University of Edinburgh
                           a.rambaut@ed.ac.uk
                                    
                    David Geffen School of Medicine
                 University of California, Los Angeles
                           msuchard@ucla.edu
                                    
                      Downloads, Help & Resources:
                           http://beast2.org/
                                    
  Source code distributed under the GNU Lesser General Public License:
                   http://github.com/CompEvol/beast2
                                    
                           BEAST developers:
   Alex Alekseyenko, Trevor Bedford, Erik Bloomquist, Joseph Heled, 
 Sebastian Hoehna, Denise Kuehnert, Philippe Lemey, Wai Lok Sibon Li, 
Gerton Lunter, Sidney Markowitz, Vladimir Minin, Michael Defoin Platel, 
          Oliver Pybus, Tim Vaughan, Chieh-Hsi Wu, Walter Xie
                                    
                               Thanks to:
          Roald Forsberg, Beth Shapiro and Korbinian Strimmer

Random number seed: 1678999086961

File: sim.40.xml seed: 1678999086961 threads: 1
Loading package BEAST.base v2.7.3 MASTER v7.0.0 BEAST.app v2.7.3    
Assembling model...
Setting up populations... done.
Setting up reactions... Extinction... Extinction... Extinction... Extirpation... Extirpation... Extirpation... Extirpation... Extirpation... Extirpation... Extirpation... Extirpation... Extirpation... WithinRegionSpeciation... WithinRegionSpeciation... WithinRegionSpeciation... WithinRegionSpeciation... WithinRegionSpeciation... WithinRegionSpeciation... WithinRegionSpeciation... WithinRegionSpeciation... WithinRegionSpeciation... WithinRegionSpeciation... WithinRegionSpeciation... WithinRegionSpeciation... Dispersal... Dispersal... Dispersal... Dispersal... Dispersal... Dispersal... Dispersal... Dispersal... Dispersal... BetweenRegionSpeciation... BetweenRegionSpeciation... BetweenRegionSpeciation... BetweenRegionSpeciation... BetweenRegionSpeciation... BetweenRegionSpeciation... done.
Model assembled.
Generating inheritance trajectory 1 of 1
Simulation arrived at time 0.0
Simulation arrived at time 0.7741147104017613
Simulation arrived at time 0.993214363687889
Simulation arrived at time 1.0404609295309952
Simulation arrived at time 1.2128113770824112
Simulation arrived at time 2.04905190245172
Simulation arrived at time 2.4650197773028935
Simulation arrived at time 3.231935829554998
Simulation arrived at time 4.671635067779599
Simulation arrived at time 4.702418253071382
Simulation arrived at time 4.8282272758982625
Simulation arrived at time 5.01740845045028
Simulation arrived at time 5.023601570476515
Simulation arrived at time 5.069084648015457
Simulation arrived at time 5.105742824215004
Simulation arrived at time 5.267720271777496
Simulation arrived at time 5.3019650196597
Simulation arrived at time 5.363448481618014
Simulation arrived at time 5.3880176000537015
Simulation arrived at time 5.428150203037742
Simulation arrived at time 5.472296111731139
Simulation arrived at time 5.478118266450098
Simulation arrived at time 5.642216583195792
Simulation arrived at time 5.686440017476026
Simulation arrived at time 5.693056471180887
Simulation arrived at time 5.774502715841083
Simulation arrived at time 5.838454909212838
Simulation arrived at time 5.896138144928601
Simulation arrived at time 5.968904488615077
Simulation arrived at time 5.969960958250465
Simulation arrived at time 5.993496642183395
Simulation arrived at time 5.995910507046072
Simulation arrived at time 6.138171173428379
Simulation arrived at time 6.222490880456203
Simulation arrived at time 6.225100329547855
Simulation arrived at time 6.225590018112736
Simulation arrived at time 6.285122490582849
Simulation arrived at time 6.3000830221639355
Simulation arrived at time 6.4187875693081535
Simulation arrived at time 6.480170389101851
Simulation arrived at time 6.488408474021682
Simulation arrived at time 6.490729287312635
Simulation arrived at time 6.492975597220296
Simulation arrived at time 6.515832499331969
Simulation arrived at time 6.55426387876946
Simulation arrived at time 6.5563756081865625
Simulation arrived at time 6.59156176037282
Simulation arrived at time 6.633299216152646
Simulation arrived at time 6.652395952177778
Simulation arrived at time 6.666341937487264
Simulation arrived at time 6.768992734025994
Simulation arrived at time 6.778433850320758
Simulation arrived at time 6.794013980812262
Simulation arrived at time 6.844079512147766
Simulation arrived at time 6.876703221765373
Simulation arrived at time 6.892304640635506
Simulation arrived at time 6.907933129984702
Simulation arrived at time 6.945219607629848
Simulation arrived at time 6.947143234624396
Simulation arrived at time 6.94944861212237
Simulation arrived at time 7.003847809260919
Simulation arrived at time 7.0049727232708365
Simulation arrived at time 7.0152539818469055
Simulation arrived at time 7.1313607382206685
Simulation arrived at time 7.136142938900853
Simulation arrived at time 7.177767678086237
Simulation arrived at time 7.185471779914312
Simulation arrived at time 7.221275694986355
Simulation arrived at time 7.22789250732263
Simulation arrived at time 7.23346192683058
Simulation arrived at time 7.241032058012609
Simulation arrived at time 7.256241077271631
Simulation arrived at time 7.3047988841277265
Simulation arrived at time 7.309312982815214
Simulation arrived at time 7.3296476856592845
Simulation arrived at time 7.35141134406626
Simulation arrived at time 7.392591190012709
Simulation arrived at time 7.406928148756827
Simulation arrived at time 7.411663806056589
Simulation arrived at time 7.438669126011854
Simulation arrived at time 7.452284795641059
Simulation arrived at time 7.460851507729166
Simulation arrived at time 7.4680646683397836
Simulation arrived at time 7.468840183604665
Simulation arrived at time 7.475463037273002
Simulation arrived at time 7.494218991089519
Simulation arrived at time 7.521228925450582
Simulation arrived at time 7.523758085264685
Simulation arrived at time 7.524798060144322
Simulation arrived at time 7.528521256067224
Simulation arrived at time 7.5404599323360495
Simulation arrived at time 7.6061662600248985
Simulation arrived at time 7.609619709158429
Simulation arrived at time 7.614569487513514
Simulation arrived at time 7.6179798588332055
Simulation arrived at time 7.646052805446265
Simulation arrived at time 7.655637744189344
Simulation arrived at time 7.66645058328676
Simulation arrived at time 7.673361324604556
Simulation arrived at time 7.708149406598911
Simulation arrived at time 7.7100118454707145
Simulation arrived at time 7.7340851623801665
Simulation arrived at time 7.751206039811301
Simulation arrived at time 7.789492448309574
Simulation arrived at time 7.800707339545606
Simulation arrived at time 7.814648871763019
Simulation arrived at time 7.818166602513777
Simulation arrived at time 7.850177956631911
Simulation arrived at time 7.851357895257238
Simulation arrived at time 7.855253920129904
Simulation arrived at time 7.866985214117361
Simulation arrived at time 7.8770369473481265
Simulation arrived at time 7.877700803194565
Simulation arrived at time 7.905136410835332
Simulation arrived at time 7.925249563473413
Simulation arrived at time 7.940777803023242
Simulation arrived at time 7.947031073824537
Simulation arrived at time 7.949296125903369
Simulation arrived at time 7.960665434261766
Simulation arrived at time 7.964834814592694
Simulation arrived at time 7.973716261019933
Simulation arrived at time 7.976186775160399
Simulation arrived at time 7.982256168890977
Simulation arrived at time 7.994959020039382
Simulation arrived at time 7.99838798789867
Simulation arrived at time 7.999139986335566
Simulation arrived at time 8.016211827881916
Simulation arrived at time 8.023979959189944
Simulation arrived at time 8.043992794150755
Simulation arrived at time 8.044458352931933
Simulation arrived at time 8.098984042081007
Simulation arrived at time 8.10787863134166
Simulation arrived at time 8.133845845608622
Simulation arrived at time 8.140402290330757
Simulation arrived at time 8.174978508778437
Simulation arrived at time 8.177117389909895
Simulation arrived at time 8.184236604327753
Simulation arrived at time 8.208371860269247
Simulation arrived at time 8.210559345452111
Simulation arrived at time 8.21618929410856
Simulation arrived at time 8.244863040944075
Simulation arrived at time 8.262431795468657
Simulation arrived at time 8.26777762731626
Simulation arrived at time 8.270227467185
Simulation arrived at time 8.279164365246952
Simulation arrived at time 8.288579157685843
Simulation arrived at time 8.312533129866981
Simulation arrived at time 8.32613771804345
Simulation arrived at time 8.336485991141098
Simulation arrived at time 8.351444958489855
Simulation arrived at time 8.355087530633005
Simulation arrived at time 8.355503649329991
Simulation arrived at time 8.37027500977927
Simulation arrived at time 8.372662336755369
Simulation arrived at time 8.38324074984303
Simulation arrived at time 8.385144624970023
Simulation arrived at time 8.385673398525642
Simulation arrived at time 8.395874454803073
Simulation arrived at time 8.399998594663355
Simulation arrived at time 8.415893707864027
Simulation arrived at time 8.431357689726116
Simulation arrived at time 8.435929237581806
Simulation arrived at time 8.441756015866215
Simulation arrived at time 8.45141850684196
Simulation arrived at time 8.453188368414619
Simulation arrived at time 8.458658680847536
Simulation arrived at time 8.471072328656138
Simulation arrived at time 8.486442635109118
Simulation arrived at time 8.4868332230656
Simulation arrived at time 8.488015550834355
Simulation arrived at time 8.498119689605737
Simulation arrived at time 8.50075380264268
Simulation arrived at time 8.50542607188843
Simulation arrived at time 8.524276454348234
Simulation arrived at time 8.525823144352106
Simulation arrived at time 8.527494310611736
Simulation arrived at time 8.53009940310841
Simulation arrived at time 8.545252155630413
Simulation arrived at time 8.5485229942209
Simulation arrived at time 8.555215310899461
Simulation arrived at time 8.564345796738461
Simulation arrived at time 8.594607905378144
Simulation arrived at time 8.594896906202557
Simulation arrived at time 8.610992955950936
Simulation arrived at time 8.61415485876825
Simulation arrived at time 8.619308227448087
Simulation arrived at time 8.62301885248596
Simulation arrived at time 8.646589508170981
Simulation arrived at time 8.653006939828645
Simulation arrived at time 8.667974301393627
Simulation arrived at time 8.67900792423412
Simulation arrived at time 8.6900675469396
Simulation arrived at time 8.695640126499299
Simulation arrived at time 8.699352855702859
Simulation arrived at time 8.705711180561327
Simulation arrived at time 8.72385784605707
Simulation arrived at time 8.736062756064703
Simulation arrived at time 8.740702227697653
Simulation arrived at time 8.75330365854953
Simulation arrived at time 8.754900814087975
Simulation arrived at time 8.770453871613515
Simulation arrived at time 8.775733801874445
Simulation arrived at time 8.776446598793374
Simulation arrived at time 8.786905151434755
Simulation arrived at time 8.800381663854967
Simulation arrived at time 8.821109712389422
Simulation arrived at time 8.834898918384406
Simulation arrived at time 8.841059379013945
Simulation arrived at time 8.842709215621852
Simulation arrived at time 8.844375209282468
Simulation arrived at time 8.85212049633331
Simulation arrived at time 8.859619072665728
Simulation arrived at time 8.860930162276157
Simulation arrived at time 8.865768838466188
Simulation arrived at time 8.888878099802263
Simulation arrived at time 8.889041098618776
Simulation arrived at time 8.90464198543668
Simulation arrived at time 8.915279531852544
Simulation arrived at time 8.920510105106972
Simulation arrived at time 8.957848816470616
Simulation arrived at time 8.960237050861199
Simulation arrived at time 8.962760961917267
Simulation arrived at time 8.965561591116693
Simulation arrived at time 8.966732704528017
Simulation arrived at time 8.973990374766958
Simulation arrived at time 8.97492329635157
Simulation arrived at time 8.982009211654539
Simulation arrived at time 8.983550586008715
Simulation arrived at time 8.986537427756225
Simulation arrived at time 8.993423352380976
Simulation arrived at time 8.994420219639805
Simulation arrived at time 9.013878708266658
Simulation arrived at time 9.018983101721515
Simulation arrived at time 9.0273951432205
Simulation arrived at time 9.041036804547423
Simulation arrived at time 9.049093771365861
Simulation arrived at time 9.066650173805218
Simulation arrived at time 9.068484456097844
Simulation arrived at time 9.071160852639027
Simulation arrived at time 9.073736876318545
Simulation arrived at time 9.079239669409368
Simulation arrived at time 9.080933361418548
Simulation arrived at time 9.0822068856699
Simulation arrived at time 9.089999740256074
Simulation arrived at time 9.092417824963256
Simulation arrived at time 9.09262288210155
Simulation arrived at time 9.096118487904494
Simulation arrived at time 9.099981849643287
Simulation arrived at time 9.104871694802755
Simulation arrived at time 9.107834116286279
Simulation arrived at time 9.118349016113589
Simulation arrived at time 9.12151594578731
Simulation arrived at time 9.129777239615649
Simulation arrived at time 9.133582768476579
Simulation arrived at time 9.137007241494532
Simulation arrived at time 9.139426675090334
Simulation arrived at time 9.140175884834694
Simulation arrived at time 9.141904049571782
Simulation arrived at time 9.145915220848357
Simulation arrived at time 9.15766371758929
Simulation arrived at time 9.164863984258332
Simulation arrived at time 9.16589122939349
Simulation arrived at time 9.17582592014464
Simulation arrived at time 9.177893362343847
Simulation arrived at time 9.185136643043355
Simulation arrived at time 9.190126064668794
Simulation arrived at time 9.190502567587716
Simulation arrived at time 9.196736277064382
Simulation arrived at time 9.202125364433225
Simulation arrived at time 9.202916577112424
Simulation arrived at time 9.207876201240492
Simulation arrived at time 9.218992534820206
Simulation arrived at time 9.22757656176949
Simulation arrived at time 9.243344238325728
Simulation arrived at time 9.254880560428022
Simulation arrived at time 9.256571426715787
Simulation arrived at time 9.259339795755745
Simulation arrived at time 9.261507978710988
Simulation arrived at time 9.269482441290457
Simulation arrived at time 9.275271610543511
Simulation arrived at time 9.275759205270209
Simulation arrived at time 9.281465972928274
Simulation arrived at time 9.30124367701589
Simulation arrived at time 9.305399679052432
Simulation arrived at time 9.3069318913768
Simulation arrived at time 9.314074234912598
Simulation arrived at time 9.317538942552122
Simulation arrived at time 9.326342790567496
Simulation arrived at time 9.335449783687569
Simulation arrived at time 9.338620603288147
Simulation arrived at time 9.350584043910455
Simulation arrived at time 9.353547319953458
Simulation arrived at time 9.367670930245986
Simulation arrived at time 9.371585705412619
Simulation arrived at time 9.374514628218435
Simulation arrived at time 9.383928997532017
Simulation arrived at time 9.386980906567668
Simulation arrived at time 9.390610997527103
Simulation arrived at time 9.390640133413617
Simulation arrived at time 9.391200018964097
Simulation arrived at time 9.395144525264682
Simulation arrived at time 9.395887232710479
Simulation arrived at time 9.396315700454336
Simulation arrived at time 9.400019365089275
Simulation arrived at time 9.402206076931066
Simulation arrived at time 9.413901073053129
Simulation arrived at time 9.418414400283218
Simulation arrived at time 9.421752243581636
Simulation arrived at time 9.42275940670948
Simulation arrived at time 9.432180668133663
Simulation arrived at time 9.445810425303401
Simulation arrived at time 9.455525189250194
Simulation arrived at time 9.458362240393742
Simulation arrived at time 9.461603575302577
Simulation arrived at time 9.467194622575581
Simulation arrived at time 9.47522565620206
Simulation arrived at time 9.475869015973188
Simulation arrived at time 9.480334167327555
Simulation arrived at time 9.48112124105501
Simulation arrived at time 9.491679983672599
Simulation arrived at time 9.502726171130668
Simulation arrived at time 9.506663450863394
Simulation arrived at time 9.506795640224357
Simulation arrived at time 9.510954655782275
Simulation arrived at time 9.51107809964923
Simulation arrived at time 9.515650370912798
Simulation arrived at time 9.516854066805138
Simulation arrived at time 9.518960865633913
Simulation arrived at time 9.533721396157532
Simulation arrived at time 9.534244397244137
Simulation arrived at time 9.53577199214247
Simulation arrived at time 9.535916853997957
Simulation arrived at time 9.540786185531937
Simulation arrived at time 9.542024148112935
Simulation arrived at time 9.549464239842433
Simulation arrived at time 9.551713208128309
Simulation arrived at time 9.553646536508767
Simulation arrived at time 9.561689442193323
Simulation arrived at time 9.564815428221761
Simulation arrived at time 9.568208310938674
Simulation arrived at time 9.569877523744058
Simulation arrived at time 9.572047313621459
Simulation arrived at time 9.574286282683273
Simulation arrived at time 9.581392069667212
Simulation arrived at time 9.589200795371283
Simulation arrived at time 9.589600296853284
Simulation arrived at time 9.590985532416124
Simulation arrived at time 9.601162240221324
Simulation arrived at time 9.605364301166226
Simulation arrived at time 9.610517908767871
Simulation arrived at time 9.613710166576283
Simulation arrived at time 9.615517153259193
Simulation arrived at time 9.623737009795432
Simulation arrived at time 9.631226631033952
Simulation arrived at time 9.640949658355629
Simulation arrived at time 9.641034302845746
Simulation arrived at time 9.6533658176574
Simulation arrived at time 9.65773087163134
Simulation arrived at time 9.66631738988312
Simulation arrived at time 9.67246097915396
Simulation arrived at time 9.676288287071735
Simulation arrived at time 9.68448727428288
Simulation arrived at time 9.685225328025519
Simulation arrived at time 9.685376909836545
Simulation arrived at time 9.695413026534979
Simulation arrived at time 9.700787207494955
Simulation arrived at time 9.702775682960054
Simulation arrived at time 9.705227707339874
Simulation arrived at time 9.709091446292001
Simulation arrived at time 9.713792162923244
Simulation arrived at time 9.71794749031156
Simulation arrived at time 9.724765457218156
Simulation arrived at time 9.725968592471915
Simulation arrived at time 9.727776884163166
Simulation arrived at time 9.729251860293035
Simulation arrived at time 9.736898507661962
Simulation arrived at time 9.739759054675012
Simulation arrived at time 9.743244877428921
Simulation arrived at time 9.746968404001434
Simulation arrived at time 9.752766916754855
Simulation arrived at time 9.753139858763397
Simulation arrived at time 9.75648104453311
Simulation arrived at time 9.758454827806702
Simulation arrived at time 9.770105433111276
Simulation arrived at time 9.770532319892814
Simulation arrived at time 9.772314225711273
Simulation arrived at time 9.776872755689066
Simulation arrived at time 9.785689425975004
Simulation arrived at time 9.79291477361789
Simulation arrived at time 9.794379274632146
Simulation arrived at time 9.794460151858166
Simulation arrived at time 9.803037258610226
Simulation arrived at time 9.806965270848528
Simulation arrived at time 9.81499168439806
Simulation arrived at time 9.815941383287868
Simulation arrived at time 9.819410410678115
Simulation arrived at time 9.820110106466242
Simulation arrived at time 9.823488626323597
Simulation arrived at time 9.824358502440312
Simulation arrived at time 9.826282286486602
Simulation arrived at time 9.829309093862896
Simulation arrived at time 9.830330217961283
Simulation arrived at time 9.832027247075331
Simulation arrived at time 9.839463584891456
Simulation arrived at time 9.84510985682286
Simulation arrived at time 9.845403370476772
Simulation arrived at time 9.846674383558351
Simulation arrived at time 9.85181801869162
Simulation arrived at time 9.855609366783035
Simulation arrived at time 9.85607170632618
Simulation arrived at time 9.866458094959365
Simulation arrived at time 9.87404821754381
Simulation arrived at time 9.874865136117213
Simulation arrived at time 9.880762087250758
Simulation arrived at time 9.88196360636513
Simulation arrived at time 9.886486444643866
Simulation arrived at time 9.889159962376127
Simulation arrived at time 9.89170141268022
Simulation arrived at time 9.891727899948423
Simulation arrived at time 9.896488208856953
Simulation arrived at time 9.904559127493904
Simulation arrived at time 9.905263038401658
Simulation arrived at time 9.911637579176633
Simulation arrived at time 9.922157969915045
Simulation arrived at time 9.923273339589
Simulation arrived at time 9.928203280110024
Simulation arrived at time 9.934278872531847
Simulation arrived at time 9.936265308271912
Simulation arrived at time 9.939386261196429
Simulation arrived at time 9.943904768426586
Simulation arrived at time 9.951297473709776
Simulation arrived at time 9.955075365732936
Simulation arrived at time 9.955270333815662
Simulation arrived at time 9.956613493319702
Simulation arrived at time 9.957124278519176
Simulation arrived at time 9.958925372532358
Simulation arrived at time 9.962902750320206
Simulation arrived at time 9.968544137137087
Simulation arrived at time 9.988330417385264
Simulation arrived at time 9.98994100174329
Simulation arrived at time 9.990776523937411
Simulation arrived at time 9.991488776227914
Simulation arrived at time 9.99392303541168
Simulation arrived at time 9.994388097639655
Simulation arrived at time 9.996054259140442
Simulation arrived at time 9.996902967296846
Simulation arrived at time 9.997350152862738
Simulation arrived at time 9.998655684244314
Writing Newick output...
Writing NEXUS output...
Writing JSON output...
Done.
Done!
