
                        BEAST v2.7.3, 2002-2022
             Bayesian Evolutionary Analysis Sampling Trees
                       Designed and developed by
 Remco Bouckaert, Alexei J. Drummond, Andrew Rambaut & Marc A. Suchard
                                    
                   Centre for Computational Evolution
                         University of Auckland
                       r.bouckaert@auckland.ac.nz
                        alexei@cs.auckland.ac.nz
                                    
                   Institute of Evolutionary Biology
                        University of Edinburgh
                           a.rambaut@ed.ac.uk
                                    
                    David Geffen School of Medicine
                 University of California, Los Angeles
                           msuchard@ucla.edu
                                    
                      Downloads, Help & Resources:
                           http://beast2.org/
                                    
  Source code distributed under the GNU Lesser General Public License:
                   http://github.com/CompEvol/beast2
                                    
                           BEAST developers:
   Alex Alekseyenko, Trevor Bedford, Erik Bloomquist, Joseph Heled, 
 Sebastian Hoehna, Denise Kuehnert, Philippe Lemey, Wai Lok Sibon Li, 
Gerton Lunter, Sidney Markowitz, Vladimir Minin, Michael Defoin Platel, 
          Oliver Pybus, Tim Vaughan, Chieh-Hsi Wu, Walter Xie
                                    
                               Thanks to:
          Roald Forsberg, Beth Shapiro and Korbinian Strimmer

Random number seed: 1678999109651

File: sim.79.xml seed: 1678999109651 threads: 1
Loading package BEAST.base v2.7.3 MASTER v7.0.0 BEAST.app v2.7.3    
Assembling model...
Setting up populations... done.
Setting up reactions... Extinction... Extinction... Extinction... Extirpation... Extirpation... Extirpation... Extirpation... Extirpation... Extirpation... Extirpation... Extirpation... Extirpation... WithinRegionSpeciation... WithinRegionSpeciation... WithinRegionSpeciation... WithinRegionSpeciation... WithinRegionSpeciation... WithinRegionSpeciation... WithinRegionSpeciation... WithinRegionSpeciation... WithinRegionSpeciation... WithinRegionSpeciation... WithinRegionSpeciation... WithinRegionSpeciation... Dispersal... Dispersal... Dispersal... Dispersal... Dispersal... Dispersal... Dispersal... Dispersal... Dispersal... BetweenRegionSpeciation... BetweenRegionSpeciation... BetweenRegionSpeciation... BetweenRegionSpeciation... BetweenRegionSpeciation... BetweenRegionSpeciation... done.
Model assembled.
Generating inheritance trajectory 1 of 1
Simulation arrived at time 0.0
Simulation arrived at time 2.7184870623998236
Simulation arrived at time 3.4826204881472917
Simulation arrived at time 5.53213455915799
Simulation arrived at time 5.902956131843415
Simulation arrived at time 6.104348510434641
Simulation arrived at time 6.122476181055598
Simulation arrived at time 6.590913706097912
Simulation arrived at time 6.917629300114649
Simulation arrived at time 6.933029555396069
Simulation arrived at time 6.970623413062262
Simulation arrived at time 7.173267355311367
Simulation arrived at time 7.747357870220364
Simulation arrived at time 7.780209660894024
Simulation arrived at time 7.950382372593976
Simulation arrived at time 8.096078378565924
Simulation arrived at time 8.486246781076003
Simulation arrived at time 8.560979104947977
Simulation arrived at time 9.207722763943911
Simulation arrived at time 9.38241763158651
Simulation arrived at time 9.900825630989784
Writing Newick output...
Writing NEXUS output...
Writing JSON output...
Done.
Done!
